[ 2016-08-22T18:38:49+08:00 ] ::1 /boke/TP/
INFO: [ app_init ] --START--
INFO: Run Behavior\BuildLiteBehavior [ RunTime:0.000029s ]
INFO: [ app_init ] --END-- [ RunTime:0.001922s ]
INFO: [ app_begin ] --START--
INFO: Run Behavior\ReadHtmlCacheBehavior [ RunTime:0.003472s ]
INFO: [ app_begin ] --END-- [ RunTime:0.003731s ]
NOTIC: [2] session_start() [<a href='function.session-start'>function.session-start</a>]: open(C:\Windows\sess_bv87f93mfamnnliuv2ki13hah6, O_RDWR) failed: Permission denied (13) D:\WWW\boke\TP\ThinkPHP\Common\functions.php 第 1263 行.
SQL: SHOW COLUMNS FROM `book_errasy` [ RunTime:0.0562s ]
SQL: SELECT * FROM `book_errasy` INNER JOIN book_errasy_fb on book_errasy.s_id=book_errasy_fb.s_id  ORDER BY id desc LIMIT 6   [ RunTime:0.0510s ]
SQL: SELECT * FROM `book_errasy` INNER JOIN book_errasy_fb on book_errasy.s_id=book_errasy_fb.s_id  ORDER BY id desc LIMIT 6   [ RunTime:0.0060s ]
SQL: SELECT * FROM `book_errasy` WHERE ( id in(7,8,9,10,11) )  [ RunTime:0.0004s ]
SQL: SELECT * FROM `book_errasy` ORDER BY id desc LIMIT 5   [ RunTime:0.0004s ]
SQL: SELECT * FROM `book_errasy` ORDER BY rand() LIMIT 5   [ RunTime:0.0067s ]
INFO: [ view_parse ] --START--
INFO: [ template_filter ] --START--
INFO: Run Behavior\ContentReplaceBehavior [ RunTime:0.000067s ]
INFO: [ template_filter ] --END-- [ RunTime:0.000136s ]
INFO: Run Behavior\ParseTemplateBehavior [ RunTime:0.121531s ]
INFO: [ view_parse ] --END-- [ RunTime:0.121605s ]
INFO: [ view_filter ] --START--
INFO: Run Behavior\WriteHtmlCacheBehavior [ RunTime:0.016683s ]
INFO: [ view_filter ] --END-- [ RunTime:0.016750s ]
INFO: [ app_end ] --START--
INFO: Run Behavior\ShowPageTraceBehavior [ RunTime:0.009438s ]
INFO: [ app_end ] --END-- [ RunTime:0.009528s ]

