[ 2016-04-01T08:23:36+08:00 ] ::1 /boke/TP/index.php
INFO: [ app_init ] --START--
INFO: Run Behavior\BuildLiteBehavior [ RunTime:0.000129s ]
INFO: [ app_init ] --END-- [ RunTime:0.000726s ]
INFO: [ app_begin ] --START--
INFO: Run Behavior\ReadHtmlCacheBehavior [ RunTime:0.002289s ]
INFO: [ app_begin ] --END-- [ RunTime:0.002514s ]
INFO: [ view_parse ] --START--
INFO: [ template_filter ] --START--
INFO: Run Behavior\ContentReplaceBehavior [ RunTime:0.000127s ]
INFO: [ template_filter ] --END-- [ RunTime:0.000329s ]
INFO: Run Behavior\ParseTemplateBehavior [ RunTime:0.018271s ]
INFO: [ view_parse ] --END-- [ RunTime:0.018504s ]
INFO: [ view_filter ] --START--
INFO: Run Behavior\WriteHtmlCacheBehavior [ RunTime:0.001766s ]
INFO: [ view_filter ] --END-- [ RunTime:0.001953s ]
INFO: [ app_end ] --START--
INFO: Run Behavior\ShowPageTraceBehavior [ RunTime:0.002295s ]
INFO: [ app_end ] --END-- [ RunTime:0.002601s ]

[ 2016-04-01T08:28:07+08:00 ] ::1 /boke/TP/index.php
INFO: [ app_init ] --START--
INFO: Run Behavior\BuildLiteBehavior [ RunTime:0.000054s ]
INFO: [ app_init ] --END-- [ RunTime:0.001589s ]
INFO: [ app_begin ] --START--
INFO: Run Behavior\ReadHtmlCacheBehavior [ RunTime:0.002265s ]
INFO: [ app_begin ] --END-- [ RunTime:0.002488s ]
INFO: [ view_parse ] --START--
INFO: [ template_filter ] --START--
INFO: Run Behavior\ContentReplaceBehavior [ RunTime:0.000245s ]
INFO: [ template_filter ] --END-- [ RunTime:0.000493s ]
INFO: Run Behavior\ParseTemplateBehavior [ RunTime:0.028263s ]
INFO: [ view_parse ] --END-- [ RunTime:0.028555s ]
INFO: [ view_filter ] --START--
INFO: Run Behavior\WriteHtmlCacheBehavior [ RunTime:0.001558s ]
INFO: [ view_filter ] --END-- [ RunTime:0.001774s ]
INFO: [ app_end ] --START--
INFO: Run Behavior\ShowPageTraceBehavior [ RunTime:0.003255s ]
INFO: [ app_end ] --END-- [ RunTime:0.003704s ]

[ 2016-04-01T08:36:45+08:00 ] ::1 /boke/TP/index.php
INFO: [ app_init ] --START--
INFO: Run Behavior\BuildLiteBehavior [ RunTime:0.000061s ]
INFO: [ app_init ] --END-- [ RunTime:0.001806s ]
INFO: [ app_begin ] --START--
INFO: Run Behavior\ReadHtmlCacheBehavior [ RunTime:0.002553s ]
INFO: [ app_begin ] --END-- [ RunTime:0.002882s ]
INFO: [ view_parse ] --START--
INFO: [ template_filter ] --START--
INFO: Run Behavior\ContentReplaceBehavior [ RunTime:0.000275s ]
INFO: [ template_filter ] --END-- [ RunTime:0.000489s ]
INFO: Run Behavior\ParseTemplateBehavior [ RunTime:0.027593s ]
INFO: [ view_parse ] --END-- [ RunTime:0.027897s ]
INFO: [ view_filter ] --START--
INFO: Run Behavior\WriteHtmlCacheBehavior [ RunTime:0.001846s ]
INFO: [ view_filter ] --END-- [ RunTime:0.002092s ]
INFO: [ app_end ] --START--
INFO: Run Behavior\ShowPageTraceBehavior [ RunTime:0.004750s ]
INFO: [ app_end ] --END-- [ RunTime:0.005087s ]

[ 2016-04-01T08:37:52+08:00 ] ::1 /boke/TP/index.php
INFO: [ app_init ] --START--
INFO: Run Behavior\BuildLiteBehavior [ RunTime:0.000084s ]
INFO: [ app_init ] --END-- [ RunTime:0.002017s ]
INFO: [ app_begin ] --START--
INFO: Run Behavior\ReadHtmlCacheBehavior [ RunTime:0.006249s ]
INFO: [ app_begin ] --END-- [ RunTime:0.006665s ]
INFO: [ view_parse ] --START--
INFO: [ template_filter ] --START--
INFO: Run Behavior\ContentReplaceBehavior [ RunTime:0.000572s ]
INFO: [ template_filter ] --END-- [ RunTime:0.000896s ]
INFO: Run Behavior\ParseTemplateBehavior [ RunTime:0.038234s ]
INFO: [ view_parse ] --END-- [ RunTime:0.038709s ]
INFO: [ view_filter ] --START--
INFO: Run Behavior\WriteHtmlCacheBehavior [ RunTime:0.002119s ]
INFO: [ view_filter ] --END-- [ RunTime:0.002447s ]
INFO: [ app_end ] --START--
INFO: Run Behavior\ShowPageTraceBehavior [ RunTime:0.015949s ]
INFO: [ app_end ] --END-- [ RunTime:0.016423s ]

[ 2016-04-01T14:17:16+08:00 ] ::1 /boke/TP/index.php
INFO: [ app_init ] --START--
INFO: Run Behavior\BuildLiteBehavior [ RunTime:0.000061s ]
INFO: [ app_init ] --END-- [ RunTime:0.001753s ]
INFO: [ app_begin ] --START--
INFO: Run Behavior\ReadHtmlCacheBehavior [ RunTime:0.002330s ]
INFO: [ app_begin ] --END-- [ RunTime:0.002567s ]
INFO: [ view_parse ] --START--
INFO: [ template_filter ] --START--
INFO: Run Behavior\ContentReplaceBehavior [ RunTime:0.000291s ]
INFO: [ template_filter ] --END-- [ RunTime:0.000528s ]
INFO: Run Behavior\ParseTemplateBehavior [ RunTime:0.028745s ]
INFO: [ view_parse ] --END-- [ RunTime:0.029048s ]
INFO: [ view_filter ] --START--
INFO: Run Behavior\WriteHtmlCacheBehavior [ RunTime:0.002073s ]
INFO: [ view_filter ] --END-- [ RunTime:0.002321s ]
INFO: [ app_end ] --START--
INFO: Run Behavior\ShowPageTraceBehavior [ RunTime:0.006316s ]
INFO: [ app_end ] --END-- [ RunTime:0.008764s ]

[ 2016-04-01T14:17:33+08:00 ] ::1 /boke/TP/index.php
INFO: [ app_init ] --START--
INFO: Run Behavior\BuildLiteBehavior [ RunTime:0.000050s ]
INFO: [ app_init ] --END-- [ RunTime:0.001450s ]
INFO: [ app_begin ] --START--
INFO: Run Behavior\ReadHtmlCacheBehavior [ RunTime:0.002168s ]
INFO: [ app_begin ] --END-- [ RunTime:0.002397s ]
INFO: [ view_parse ] --START--
INFO: [ template_filter ] --START--
INFO: Run Behavior\ContentReplaceBehavior [ RunTime:0.000295s ]
INFO: [ template_filter ] --END-- [ RunTime:0.000524s ]
INFO: Run Behavior\ParseTemplateBehavior [ RunTime:0.027854s ]
INFO: [ view_parse ] --END-- [ RunTime:0.028113s ]
INFO: [ view_filter ] --START--
INFO: Run Behavior\WriteHtmlCacheBehavior [ RunTime:0.001126s ]
INFO: [ view_filter ] --END-- [ RunTime:0.001304s ]
INFO: [ app_end ] --START--
INFO: Run Behavior\ShowPageTraceBehavior [ RunTime:0.009889s ]
INFO: [ app_end ] --END-- [ RunTime:0.010251s ]

[ 2016-04-01T14:17:49+08:00 ] ::1 /boke/TP/index.php
INFO: [ app_init ] --START--
INFO: Run Behavior\BuildLiteBehavior [ RunTime:0.000050s ]
INFO: [ app_init ] --END-- [ RunTime:0.001550s ]
INFO: [ app_begin ] --START--
INFO: Run Behavior\ReadHtmlCacheBehavior [ RunTime:0.002098s ]
INFO: [ app_begin ] --END-- [ RunTime:0.002320s ]
INFO: [ view_parse ] --START--
INFO: [ template_filter ] --START--
INFO: Run Behavior\ContentReplaceBehavior [ RunTime:0.000291s ]
INFO: [ template_filter ] --END-- [ RunTime:0.000533s ]
INFO: Run Behavior\ParseTemplateBehavior [ RunTime:0.028433s ]
INFO: [ view_parse ] --END-- [ RunTime:0.028687s ]
INFO: [ view_filter ] --START--
INFO: Run Behavior\WriteHtmlCacheBehavior [ RunTime:0.001232s ]
INFO: [ view_filter ] --END-- [ RunTime:0.001422s ]
INFO: [ app_end ] --START--
INFO: Run Behavior\ShowPageTraceBehavior [ RunTime:0.002982s ]
INFO: [ app_end ] --END-- [ RunTime:0.003395s ]

[ 2016-04-01T14:18:22+08:00 ] ::1 /boke/TP/index.php
INFO: [ app_init ] --START--
INFO: Run Behavior\BuildLiteBehavior [ RunTime:0.000051s ]
INFO: [ app_init ] --END-- [ RunTime:0.001602s ]
INFO: [ app_begin ] --START--
INFO: Run Behavior\ReadHtmlCacheBehavior [ RunTime:0.002325s ]
INFO: [ app_begin ] --END-- [ RunTime:0.002572s ]
INFO: [ view_parse ] --START--
INFO: [ template_filter ] --START--
INFO: Run Behavior\ContentReplaceBehavior [ RunTime:0.000295s ]
INFO: [ template_filter ] --END-- [ RunTime:0.000535s ]
INFO: Run Behavior\ParseTemplateBehavior [ RunTime:0.025886s ]
INFO: [ view_parse ] --END-- [ RunTime:0.026279s ]
INFO: [ view_filter ] --START--
INFO: Run Behavior\WriteHtmlCacheBehavior [ RunTime:0.001888s ]
INFO: [ view_filter ] --END-- [ RunTime:0.002161s ]
INFO: [ app_end ] --START--
INFO: Run Behavior\ShowPageTraceBehavior [ RunTime:0.003406s ]
INFO: [ app_end ] --END-- [ RunTime:0.003758s ]

[ 2016-04-01T14:18:30+08:00 ] ::1 /boke/TP/index.php
INFO: [ app_init ] --START--
INFO: Run Behavior\BuildLiteBehavior [ RunTime:0.000083s ]
INFO: [ app_init ] --END-- [ RunTime:0.001713s ]
INFO: [ app_begin ] --START--
INFO: Run Behavior\ReadHtmlCacheBehavior [ RunTime:0.002067s ]
INFO: [ app_begin ] --END-- [ RunTime:0.002281s ]
INFO: [ view_parse ] --START--
INFO: [ template_filter ] --START--
INFO: Run Behavior\ContentReplaceBehavior [ RunTime:0.000555s ]
INFO: [ template_filter ] --END-- [ RunTime:0.001021s ]
INFO: Run Behavior\ParseTemplateBehavior [ RunTime:0.034546s ]
INFO: [ view_parse ] --END-- [ RunTime:0.034862s ]
INFO: [ view_filter ] --START--
INFO: Run Behavior\WriteHtmlCacheBehavior [ RunTime:0.001865s ]
INFO: [ view_filter ] --END-- [ RunTime:0.002131s ]
INFO: [ app_end ] --START--
INFO: Run Behavior\ShowPageTraceBehavior [ RunTime:0.003389s ]
INFO: [ app_end ] --END-- [ RunTime:0.003807s ]

[ 2016-04-01T14:18:36+08:00 ] ::1 /boke/TP/index.php
INFO: [ app_init ] --START--
INFO: Run Behavior\BuildLiteBehavior [ RunTime:0.000076s ]
INFO: [ app_init ] --END-- [ RunTime:0.002069s ]
INFO: [ app_begin ] --START--
INFO: Run Behavior\ReadHtmlCacheBehavior [ RunTime:0.002162s ]
INFO: [ app_begin ] --END-- [ RunTime:0.002423s ]
INFO: [ view_parse ] --START--
INFO: [ template_filter ] --START--
INFO: Run Behavior\ContentReplaceBehavior [ RunTime:0.000292s ]
INFO: [ template_filter ] --END-- [ RunTime:0.000507s ]
INFO: Run Behavior\ParseTemplateBehavior [ RunTime:0.028052s ]
INFO: [ view_parse ] --END-- [ RunTime:0.029049s ]
INFO: [ view_filter ] --START--
INFO: Run Behavior\WriteHtmlCacheBehavior [ RunTime:0.002062s ]
INFO: [ view_filter ] --END-- [ RunTime:0.002394s ]
INFO: [ app_end ] --START--
INFO: Run Behavior\ShowPageTraceBehavior [ RunTime:0.002987s ]
INFO: [ app_end ] --END-- [ RunTime:0.003442s ]

[ 2016-04-01T14:18:50+08:00 ] ::1 /boke/TP/index.php
INFO: [ app_init ] --START--
INFO: Run Behavior\BuildLiteBehavior [ RunTime:0.000521s ]
INFO: [ app_init ] --END-- [ RunTime:0.003260s ]
INFO: [ app_begin ] --START--
INFO: Run Behavior\ReadHtmlCacheBehavior [ RunTime:0.002295s ]
INFO: [ app_begin ] --END-- [ RunTime:0.002537s ]
INFO: [ view_parse ] --START--
INFO: [ template_filter ] --START--
INFO: Run Behavior\ContentReplaceBehavior [ RunTime:0.000290s ]
INFO: [ template_filter ] --END-- [ RunTime:0.000513s ]
INFO: Run Behavior\ParseTemplateBehavior [ RunTime:0.029118s ]
INFO: [ view_parse ] --END-- [ RunTime:0.029439s ]
INFO: [ view_filter ] --START--
INFO: Run Behavior\WriteHtmlCacheBehavior [ RunTime:0.001069s ]
INFO: [ view_filter ] --END-- [ RunTime:0.001246s ]
INFO: [ app_end ] --START--
INFO: Run Behavior\ShowPageTraceBehavior [ RunTime:0.003194s ]
INFO: [ app_end ] --END-- [ RunTime:0.003551s ]

[ 2016-04-01T14:19:02+08:00 ] ::1 /boke/TP/index.php
INFO: [ app_init ] --START--
INFO: Run Behavior\BuildLiteBehavior [ RunTime:0.000048s ]
INFO: [ app_init ] --END-- [ RunTime:0.001387s ]
INFO: [ app_begin ] --START--
INFO: Run Behavior\ReadHtmlCacheBehavior [ RunTime:0.001975s ]
INFO: [ app_begin ] --END-- [ RunTime:0.002187s ]
INFO: [ view_parse ] --START--
INFO: [ template_filter ] --START--
INFO: Run Behavior\ContentReplaceBehavior [ RunTime:0.000294s ]
INFO: [ template_filter ] --END-- [ RunTime:0.000566s ]
INFO: Run Behavior\ParseTemplateBehavior [ RunTime:0.034231s ]
INFO: [ view_parse ] --END-- [ RunTime:0.034764s ]
INFO: [ view_filter ] --START--
INFO: Run Behavior\WriteHtmlCacheBehavior [ RunTime:0.001649s ]
INFO: [ view_filter ] --END-- [ RunTime:0.002071s ]
INFO: [ app_end ] --START--
INFO: Run Behavior\ShowPageTraceBehavior [ RunTime:0.003124s ]
INFO: [ app_end ] --END-- [ RunTime:0.003517s ]

[ 2016-04-01T14:19:17+08:00 ] ::1 /boke/TP/index.php
INFO: [ app_init ] --START--
INFO: Run Behavior\BuildLiteBehavior [ RunTime:0.000050s ]
INFO: [ app_init ] --END-- [ RunTime:0.001517s ]
INFO: [ app_begin ] --START--
INFO: Run Behavior\ReadHtmlCacheBehavior [ RunTime:0.002870s ]
INFO: [ app_begin ] --END-- [ RunTime:0.003203s ]
INFO: [ view_parse ] --START--
INFO: [ template_filter ] --START--
INFO: Run Behavior\ContentReplaceBehavior [ RunTime:0.000292s ]
INFO: [ template_filter ] --END-- [ RunTime:0.000515s ]
INFO: Run Behavior\ParseTemplateBehavior [ RunTime:0.027116s ]
INFO: [ view_parse ] --END-- [ RunTime:0.027483s ]
INFO: [ view_filter ] --START--
INFO: Run Behavior\WriteHtmlCacheBehavior [ RunTime:0.002196s ]
INFO: [ view_filter ] --END-- [ RunTime:0.002535s ]
INFO: [ app_end ] --START--
INFO: Run Behavior\ShowPageTraceBehavior [ RunTime:0.003435s ]
INFO: [ app_end ] --END-- [ RunTime:0.003805s ]

[ 2016-04-01T14:22:59+08:00 ] ::1 /boke/TP/index.php
INFO: [ app_init ] --START--
INFO: Run Behavior\BuildLiteBehavior [ RunTime:0.000066s ]
INFO: [ app_init ] --END-- [ RunTime:0.001656s ]
INFO: [ app_begin ] --START--
INFO: Run Behavior\ReadHtmlCacheBehavior [ RunTime:0.002478s ]
INFO: [ app_begin ] --END-- [ RunTime:0.002832s ]
INFO: [ view_parse ] --START--
INFO: [ template_filter ] --START--
INFO: Run Behavior\ContentReplaceBehavior [ RunTime:0.000289s ]
INFO: [ template_filter ] --END-- [ RunTime:0.000519s ]
INFO: Run Behavior\ParseTemplateBehavior [ RunTime:0.026040s ]
INFO: [ view_parse ] --END-- [ RunTime:0.026336s ]
INFO: [ view_filter ] --START--
INFO: Run Behavior\WriteHtmlCacheBehavior [ RunTime:0.002427s ]
INFO: [ view_filter ] --END-- [ RunTime:0.002848s ]
INFO: [ app_end ] --START--
INFO: Run Behavior\ShowPageTraceBehavior [ RunTime:0.003844s ]
INFO: [ app_end ] --END-- [ RunTime:0.004224s ]

[ 2016-04-01T14:23:13+08:00 ] ::1 /boke/TP/index.php
INFO: [ app_init ] --START--
INFO: Run Behavior\BuildLiteBehavior [ RunTime:0.000067s ]
INFO: [ app_init ] --END-- [ RunTime:0.001595s ]
INFO: [ app_begin ] --START--
INFO: Run Behavior\ReadHtmlCacheBehavior [ RunTime:0.002339s ]
INFO: [ app_begin ] --END-- [ RunTime:0.002700s ]
INFO: [ view_parse ] --START--
INFO: [ template_filter ] --START--
INFO: Run Behavior\ContentReplaceBehavior [ RunTime:0.001172s ]
INFO: [ template_filter ] --END-- [ RunTime:0.001624s ]
INFO: Run Behavior\ParseTemplateBehavior [ RunTime:0.031389s ]
INFO: [ view_parse ] --END-- [ RunTime:0.031880s ]
INFO: [ view_filter ] --START--
INFO: Run Behavior\WriteHtmlCacheBehavior [ RunTime:0.002074s ]
INFO: [ view_filter ] --END-- [ RunTime:0.002515s ]
INFO: [ app_end ] --START--
INFO: Run Behavior\ShowPageTraceBehavior [ RunTime:0.002908s ]
INFO: [ app_end ] --END-- [ RunTime:0.003313s ]

[ 2016-04-01T14:23:27+08:00 ] ::1 /boke/TP/index.php
INFO: [ app_init ] --START--
INFO: Run Behavior\BuildLiteBehavior [ RunTime:0.000051s ]
INFO: [ app_init ] --END-- [ RunTime:0.001373s ]
INFO: [ app_begin ] --START--
INFO: Run Behavior\ReadHtmlCacheBehavior [ RunTime:0.001596s ]
INFO: [ app_begin ] --END-- [ RunTime:0.001798s ]
INFO: [ view_parse ] --START--
INFO: [ template_filter ] --START--
INFO: Run Behavior\ContentReplaceBehavior [ RunTime:0.000474s ]
INFO: [ template_filter ] --END-- [ RunTime:0.000816s ]
INFO: Run Behavior\ParseTemplateBehavior [ RunTime:0.030394s ]
INFO: [ view_parse ] --END-- [ RunTime:0.030712s ]
INFO: [ view_filter ] --START--
INFO: Run Behavior\WriteHtmlCacheBehavior [ RunTime:0.001535s ]
INFO: [ view_filter ] --END-- [ RunTime:0.001843s ]
INFO: [ app_end ] --START--
INFO: Run Behavior\ShowPageTraceBehavior [ RunTime:0.003779s ]
INFO: [ app_end ] --END-- [ RunTime:0.004531s ]

[ 2016-04-01T14:24:49+08:00 ] ::1 /boke/TP/index.php
INFO: [ app_init ] --START--
INFO: Run Behavior\BuildLiteBehavior [ RunTime:0.000050s ]
INFO: [ app_init ] --END-- [ RunTime:0.001381s ]
INFO: [ app_begin ] --START--
INFO: Run Behavior\ReadHtmlCacheBehavior [ RunTime:0.001848s ]
INFO: [ app_begin ] --END-- [ RunTime:0.002069s ]
INFO: [ view_parse ] --START--
INFO: [ template_filter ] --START--
INFO: Run Behavior\ContentReplaceBehavior [ RunTime:0.000293s ]
INFO: [ template_filter ] --END-- [ RunTime:0.000531s ]
INFO: Run Behavior\ParseTemplateBehavior [ RunTime:0.025497s ]
INFO: [ view_parse ] --END-- [ RunTime:0.025810s ]
INFO: [ view_filter ] --START--
INFO: Run Behavior\WriteHtmlCacheBehavior [ RunTime:0.001388s ]
INFO: [ view_filter ] --END-- [ RunTime:0.001631s ]
INFO: [ app_end ] --START--
INFO: Run Behavior\ShowPageTraceBehavior [ RunTime:0.002894s ]
INFO: [ app_end ] --END-- [ RunTime:0.003220s ]

[ 2016-04-01T14:25:02+08:00 ] ::1 /boke/TP/index.php
INFO: [ app_init ] --START--
INFO: Run Behavior\BuildLiteBehavior [ RunTime:0.000084s ]
INFO: [ app_init ] --END-- [ RunTime:0.002736s ]
INFO: [ app_begin ] --START--
INFO: Run Behavior\ReadHtmlCacheBehavior [ RunTime:0.004150s ]
INFO: [ app_begin ] --END-- [ RunTime:0.004638s ]
INFO: [ view_parse ] --START--
INFO: [ template_filter ] --START--
INFO: Run Behavior\ContentReplaceBehavior [ RunTime:0.000296s ]
INFO: [ template_filter ] --END-- [ RunTime:0.000521s ]
INFO: Run Behavior\ParseTemplateBehavior [ RunTime:0.037628s ]
INFO: [ view_parse ] --END-- [ RunTime:0.038002s ]
INFO: [ view_filter ] --START--
INFO: Run Behavior\WriteHtmlCacheBehavior [ RunTime:0.002010s ]
INFO: [ view_filter ] --END-- [ RunTime:0.002307s ]
INFO: [ app_end ] --START--
INFO: Run Behavior\ShowPageTraceBehavior [ RunTime:0.007434s ]
INFO: [ app_end ] --END-- [ RunTime:0.007877s ]

[ 2016-04-01T14:26:31+08:00 ] ::1 /boke/TP/index.php
INFO: [ app_init ] --START--
INFO: Run Behavior\BuildLiteBehavior [ RunTime:0.000049s ]
INFO: [ app_init ] --END-- [ RunTime:0.001426s ]
INFO: [ app_begin ] --START--
INFO: Run Behavior\ReadHtmlCacheBehavior [ RunTime:0.002006s ]
INFO: [ app_begin ] --END-- [ RunTime:0.002221s ]
INFO: [ view_parse ] --START--
INFO: [ template_filter ] --START--
INFO: Run Behavior\ContentReplaceBehavior [ RunTime:0.000464s ]
INFO: [ template_filter ] --END-- [ RunTime:0.000715s ]
INFO: Run Behavior\ParseTemplateBehavior [ RunTime:0.027779s ]
INFO: [ view_parse ] --END-- [ RunTime:0.028058s ]
INFO: [ view_filter ] --START--
INFO: Run Behavior\WriteHtmlCacheBehavior [ RunTime:0.001785s ]
INFO: [ view_filter ] --END-- [ RunTime:0.002028s ]
INFO: [ app_end ] --START--
INFO: Run Behavior\ShowPageTraceBehavior [ RunTime:0.003238s ]
INFO: [ app_end ] --END-- [ RunTime:0.003552s ]

