[ 2016-04-19T08:27:46+08:00 ] 127.0.0.1 /boke/TP/
INFO: [ app_init ] --START--
INFO: Run Behavior\BuildLiteBehavior [ RunTime:0.000063s ]
INFO: [ app_init ] --END-- [ RunTime:0.015840s ]
INFO: [ app_begin ] --START--
INFO: Run Behavior\ReadHtmlCacheBehavior [ RunTime:0.003769s ]
INFO: [ app_begin ] --END-- [ RunTime:0.003998s ]
SQL: SHOW COLUMNS FROM `book_errasy` [ RunTime:0.0462s ]
SQL: SELECT * FROM `book_errasy` INNER JOIN book_errasy_fb on book_errasy.s_id=book_errasy_fb.s_id  ORDER BY id desc LIMIT 6   [ RunTime:0.0478s ]
SQL: SELECT * FROM `book_errasy` INNER JOIN book_errasy_fb on book_errasy.s_id=book_errasy_fb.s_id  ORDER BY id desc LIMIT 6   [ RunTime:0.0106s ]
SQL: SELECT * FROM `book_errasy` WHERE ( id in(7,8,9,10,11) )  [ RunTime:0.0015s ]
SQL: SELECT * FROM `book_errasy` ORDER BY id desc LIMIT 5   [ RunTime:0.0015s ]
SQL: SELECT * FROM `book_errasy` ORDER BY rand() LIMIT 5   [ RunTime:0.0109s ]
INFO: [ view_parse ] --START--
INFO: [ template_filter ] --START--
INFO: Run Behavior\ContentReplaceBehavior [ RunTime:0.000214s ]
INFO: [ template_filter ] --END-- [ RunTime:0.000434s ]
INFO: Run Behavior\ParseTemplateBehavior [ RunTime:0.110238s ]
INFO: [ view_parse ] --END-- [ RunTime:0.110490s ]
INFO: [ view_filter ] --START--
INFO: Run Behavior\WriteHtmlCacheBehavior [ RunTime:0.003392s ]
INFO: [ view_filter ] --END-- [ RunTime:0.003741s ]
INFO: [ app_end ] --START--
INFO: Run Behavior\ShowPageTraceBehavior [ RunTime:0.009534s ]
INFO: [ app_end ] --END-- [ RunTime:0.010075s ]

[ 2016-04-19T08:27:56+08:00 ] 127.0.0.1 /boke/TP/index.php/
INFO: [ app_init ] --START--
INFO: Run Behavior\BuildLiteBehavior [ RunTime:0.000071s ]
INFO: [ app_init ] --END-- [ RunTime:0.002615s ]
INFO: [ app_begin ] --START--
INFO: Run Behavior\ReadHtmlCacheBehavior [ RunTime:0.001730s ]
INFO: [ app_begin ] --END-- [ RunTime:0.001990s ]
SQL: SHOW COLUMNS FROM `book_errasy` [ RunTime:0.0096s ]
SQL: SELECT * FROM `book_errasy` INNER JOIN book_errasy_fb on book_errasy.s_id=book_errasy_fb.s_id  ORDER BY id desc LIMIT 6   [ RunTime:0.0108s ]
SQL: SELECT * FROM `book_errasy` INNER JOIN book_errasy_fb on book_errasy.s_id=book_errasy_fb.s_id  ORDER BY id desc LIMIT 6   [ RunTime:0.0113s ]
SQL: SELECT * FROM `book_errasy` WHERE ( id in(7,8,9,10,11) )  [ RunTime:0.0012s ]
SQL: SELECT * FROM `book_errasy` ORDER BY id desc LIMIT 5   [ RunTime:0.0009s ]
SQL: SELECT * FROM `book_errasy` ORDER BY rand() LIMIT 5   [ RunTime:0.0111s ]
INFO: [ view_parse ] --START--
INFO: [ template_filter ] --START--
INFO: Run Behavior\ContentReplaceBehavior [ RunTime:0.000215s ]
INFO: [ template_filter ] --END-- [ RunTime:0.000434s ]
INFO: Run Behavior\ParseTemplateBehavior [ RunTime:0.039479s ]
INFO: [ view_parse ] --END-- [ RunTime:0.039724s ]
INFO: [ view_filter ] --START--
INFO: Run Behavior\WriteHtmlCacheBehavior [ RunTime:0.001647s ]
INFO: [ view_filter ] --END-- [ RunTime:0.001862s ]
INFO: [ app_end ] --START--
INFO: Run Behavior\ShowPageTraceBehavior [ RunTime:0.003983s ]
INFO: [ app_end ] --END-- [ RunTime:0.004263s ]

[ 2016-04-19T18:44:18+08:00 ] ::1 /boke/TP/
INFO: [ app_init ] --START--
INFO: Run Behavior\BuildLiteBehavior [ RunTime:0.000126s ]
INFO: [ app_init ] --END-- [ RunTime:0.013225s ]
INFO: [ app_begin ] --START--
INFO: Run Behavior\ReadHtmlCacheBehavior [ RunTime:0.004975s ]
INFO: [ app_begin ] --END-- [ RunTime:0.005346s ]
SQL: SHOW COLUMNS FROM `book_errasy` [ RunTime:0.0924s ]
SQL: SELECT * FROM `book_errasy` INNER JOIN book_errasy_fb on book_errasy.s_id=book_errasy_fb.s_id  ORDER BY id desc LIMIT 6   [ RunTime:0.0576s ]
SQL: SELECT * FROM `book_errasy` INNER JOIN book_errasy_fb on book_errasy.s_id=book_errasy_fb.s_id  ORDER BY id desc LIMIT 6   [ RunTime:0.0093s ]
SQL: SELECT * FROM `book_errasy` WHERE ( id in(7,8,9,10,11) )  [ RunTime:0.0010s ]
SQL: SELECT * FROM `book_errasy` ORDER BY id desc LIMIT 5   [ RunTime:0.0010s ]
SQL: SELECT * FROM `book_errasy` ORDER BY rand() LIMIT 5   [ RunTime:0.0117s ]
INFO: [ view_parse ] --START--
INFO: [ template_filter ] --START--
INFO: Run Behavior\ContentReplaceBehavior [ RunTime:0.000375s ]
INFO: [ template_filter ] --END-- [ RunTime:0.000791s ]
INFO: Run Behavior\ParseTemplateBehavior [ RunTime:0.108272s ]
INFO: [ view_parse ] --END-- [ RunTime:0.108540s ]
INFO: [ view_filter ] --START--
INFO: Run Behavior\WriteHtmlCacheBehavior [ RunTime:0.013514s ]
INFO: [ view_filter ] --END-- [ RunTime:0.013708s ]
INFO: [ app_end ] --START--
INFO: Run Behavior\ShowPageTraceBehavior [ RunTime:0.003926s ]
INFO: [ app_end ] --END-- [ RunTime:0.004177s ]

[ 2016-04-19T21:27:37+08:00 ] ::1 /boke/TP/index.php
INFO: [ app_init ] --START--
INFO: Run Behavior\BuildLiteBehavior [ RunTime:0.000075s ]
INFO: [ app_init ] --END-- [ RunTime:0.012037s ]
INFO: [ app_begin ] --START--
INFO: Run Behavior\ReadHtmlCacheBehavior [ RunTime:0.012178s ]
INFO: [ app_begin ] --END-- [ RunTime:0.013454s ]
SQL: SHOW COLUMNS FROM `book_errasy` [ RunTime:0.0106s ]
SQL: SELECT * FROM `book_errasy` INNER JOIN book_errasy_fb on book_errasy.s_id=book_errasy_fb.s_id  ORDER BY id desc LIMIT 6   [ RunTime:0.0286s ]
SQL: SELECT * FROM `book_errasy` INNER JOIN book_errasy_fb on book_errasy.s_id=book_errasy_fb.s_id  ORDER BY id desc LIMIT 6   [ RunTime:0.0075s ]
SQL: SELECT * FROM `book_errasy` WHERE ( id in(7,8,9,10,11) )  [ RunTime:0.0010s ]
SQL: SELECT * FROM `book_errasy` ORDER BY id desc LIMIT 5   [ RunTime:0.0009s ]
SQL: SELECT * FROM `book_errasy` ORDER BY rand() LIMIT 5   [ RunTime:0.0064s ]
INFO: [ view_parse ] --START--
INFO: [ template_filter ] --START--
INFO: Run Behavior\ContentReplaceBehavior [ RunTime:0.000153s ]
INFO: [ template_filter ] --END-- [ RunTime:0.000309s ]
INFO: Run Behavior\ParseTemplateBehavior [ RunTime:0.035820s ]
INFO: [ view_parse ] --END-- [ RunTime:0.036040s ]
INFO: [ view_filter ] --START--
INFO: Run Behavior\WriteHtmlCacheBehavior [ RunTime:0.001495s ]
INFO: [ view_filter ] --END-- [ RunTime:0.001654s ]
INFO: [ app_end ] --START--
INFO: Run Behavior\ShowPageTraceBehavior [ RunTime:0.002869s ]
INFO: [ app_end ] --END-- [ RunTime:0.003125s ]

