[ 2016-04-14T07:46:16+08:00 ] ::1 /boke/TP/index.php
INFO: [ app_init ] --START--
INFO: Run Behavior\BuildLiteBehavior [ RunTime:0.000017s ]
INFO: [ app_init ] --END-- [ RunTime:0.000476s ]
INFO: [ app_begin ] --START--
INFO: Run Behavior\ReadHtmlCacheBehavior [ RunTime:0.000612s ]
INFO: [ app_begin ] --END-- [ RunTime:0.000698s ]
SQL: SHOW COLUMNS FROM `book_errasy` [ RunTime:0.0298s ]
NOTIC: [2] Missing argument 1 for Think\Model::where(), called in D:\WWW\boke\TP\Application\Home\Controller\IndexController.class.php on line 10 and defined D:\WWW\boke\TP\ThinkPHP\Library\Think\Model.class.php 第 1777 行.
NOTIC: [8] Undefined variable: where D:\WWW\boke\TP\ThinkPHP\Library\Think\Model.class.php 第 1785 行.
NOTIC: [8] Undefined variable: where D:\WWW\boke\TP\ThinkPHP\Library\Think\Model.class.php 第 1788 行.
NOTIC: [8] Undefined variable: where D:\WWW\boke\TP\ThinkPHP\Library\Think\Model.class.php 第 1796 行.
NOTIC: [8] Undefined offset: 0 D:\WWW\boke\TP\ThinkPHP\Library\Think\Model.class.php 第 222 行.
SQL: SELECT * FROM `book_errasy` INNER JOIN book_errasy_fb on book_errasy.s_id=book_errasy_fb.s_id  LIMIT 0,5   [ RunTime:0.0116s ]
NOTIC: [2] Missing argument 1 for Think\Model::where(), called in D:\WWW\boke\TP\Application\Home\Controller\IndexController.class.php on line 13 and defined D:\WWW\boke\TP\ThinkPHP\Library\Think\Model.class.php 第 1777 行.
NOTIC: [8] Undefined variable: where D:\WWW\boke\TP\ThinkPHP\Library\Think\Model.class.php 第 1785 行.
NOTIC: [8] Undefined variable: where D:\WWW\boke\TP\ThinkPHP\Library\Think\Model.class.php 第 1788 行.
NOTIC: [8] Undefined variable: where D:\WWW\boke\TP\ThinkPHP\Library\Think\Model.class.php 第 1796 行.
SQL: SELECT COUNT(*) AS tp_count FROM `book_errasy` LIMIT 1   [ RunTime:0.0004s ]
INFO: [ view_parse ] --START--
INFO: [ template_filter ] --START--
INFO: Run Behavior\ContentReplaceBehavior [ RunTime:0.000163s ]
INFO: [ template_filter ] --END-- [ RunTime:0.000315s ]
INFO: Run Behavior\ParseTemplateBehavior [ RunTime:0.020126s ]
INFO: [ view_parse ] --END-- [ RunTime:0.020285s ]
INFO: [ view_filter ] --START--
INFO: Run Behavior\WriteHtmlCacheBehavior [ RunTime:0.000751s ]
INFO: [ view_filter ] --END-- [ RunTime:0.000872s ]
INFO: [ app_end ] --START--
INFO: Run Behavior\ShowPageTraceBehavior [ RunTime:0.001525s ]
INFO: [ app_end ] --END-- [ RunTime:0.001705s ]

[ 2016-04-14T07:46:23+08:00 ] ::1 /boke/TP/index.php?Admin
INFO: [ app_init ] --START--
INFO: Run Behavior\BuildLiteBehavior [ RunTime:0.000017s ]
INFO: [ app_init ] --END-- [ RunTime:0.000398s ]
INFO: [ app_begin ] --START--
INFO: Run Behavior\ReadHtmlCacheBehavior [ RunTime:0.000636s ]
INFO: [ app_begin ] --END-- [ RunTime:0.000711s ]
SQL: SHOW COLUMNS FROM `book_errasy` [ RunTime:0.0045s ]
NOTIC: [2] Missing argument 1 for Think\Model::where(), called in D:\WWW\boke\TP\Application\Home\Controller\IndexController.class.php on line 10 and defined D:\WWW\boke\TP\ThinkPHP\Library\Think\Model.class.php 第 1777 行.
NOTIC: [8] Undefined variable: where D:\WWW\boke\TP\ThinkPHP\Library\Think\Model.class.php 第 1785 行.
NOTIC: [8] Undefined variable: where D:\WWW\boke\TP\ThinkPHP\Library\Think\Model.class.php 第 1788 行.
NOTIC: [8] Undefined variable: where D:\WWW\boke\TP\ThinkPHP\Library\Think\Model.class.php 第 1796 行.
NOTIC: [8] Undefined offset: 0 D:\WWW\boke\TP\ThinkPHP\Library\Think\Model.class.php 第 222 行.
SQL: SELECT * FROM `book_errasy` INNER JOIN book_errasy_fb on book_errasy.s_id=book_errasy_fb.s_id  LIMIT 0,5   [ RunTime:0.0007s ]
NOTIC: [2] Missing argument 1 for Think\Model::where(), called in D:\WWW\boke\TP\Application\Home\Controller\IndexController.class.php on line 13 and defined D:\WWW\boke\TP\ThinkPHP\Library\Think\Model.class.php 第 1777 行.
NOTIC: [8] Undefined variable: where D:\WWW\boke\TP\ThinkPHP\Library\Think\Model.class.php 第 1785 行.
NOTIC: [8] Undefined variable: where D:\WWW\boke\TP\ThinkPHP\Library\Think\Model.class.php 第 1788 行.
NOTIC: [8] Undefined variable: where D:\WWW\boke\TP\ThinkPHP\Library\Think\Model.class.php 第 1796 行.
SQL: SELECT COUNT(*) AS tp_count FROM `book_errasy` LIMIT 1   [ RunTime:0.0004s ]
INFO: [ view_parse ] --START--
INFO: [ template_filter ] --START--
INFO: Run Behavior\ContentReplaceBehavior [ RunTime:0.000126s ]
INFO: [ template_filter ] --END-- [ RunTime:0.000252s ]
INFO: Run Behavior\ParseTemplateBehavior [ RunTime:0.015362s ]
INFO: [ view_parse ] --END-- [ RunTime:0.015496s ]
INFO: [ view_filter ] --START--
INFO: Run Behavior\WriteHtmlCacheBehavior [ RunTime:0.000610s ]
INFO: [ view_filter ] --END-- [ RunTime:0.000705s ]
INFO: [ app_end ] --START--
INFO: Run Behavior\ShowPageTraceBehavior [ RunTime:0.001090s ]
INFO: [ app_end ] --END-- [ RunTime:0.001206s ]

[ 2016-04-14T14:25:04+08:00 ] ::1 /boke/TP/index.php
INFO: [ app_init ] --START--
INFO: Run Behavior\BuildLiteBehavior [ RunTime:0.000016s ]
INFO: [ app_init ] --END-- [ RunTime:0.000374s ]
INFO: [ app_begin ] --START--
INFO: Run Behavior\ReadHtmlCacheBehavior [ RunTime:0.000552s ]
INFO: [ app_begin ] --END-- [ RunTime:0.000622s ]
SQL: SHOW COLUMNS FROM `book_errasy` [ RunTime:0.0103s ]
NOTIC: [2] Missing argument 1 for Think\Model::where(), called in D:\WWW\boke\TP\Application\Home\Controller\IndexController.class.php on line 10 and defined D:\WWW\boke\TP\ThinkPHP\Library\Think\Model.class.php 第 1777 行.
NOTIC: [8] Undefined variable: where D:\WWW\boke\TP\ThinkPHP\Library\Think\Model.class.php 第 1785 行.
NOTIC: [8] Undefined variable: where D:\WWW\boke\TP\ThinkPHP\Library\Think\Model.class.php 第 1788 行.
NOTIC: [8] Undefined variable: where D:\WWW\boke\TP\ThinkPHP\Library\Think\Model.class.php 第 1796 行.
NOTIC: [8] Undefined offset: 0 D:\WWW\boke\TP\ThinkPHP\Library\Think\Model.class.php 第 222 行.
SQL: SELECT * FROM `book_errasy` INNER JOIN book_errasy_fb on book_errasy.s_id=book_errasy_fb.s_id  LIMIT 0,5   [ RunTime:0.0028s ]
NOTIC: [2] Missing argument 1 for Think\Model::where(), called in D:\WWW\boke\TP\Application\Home\Controller\IndexController.class.php on line 13 and defined D:\WWW\boke\TP\ThinkPHP\Library\Think\Model.class.php 第 1777 行.
NOTIC: [8] Undefined variable: where D:\WWW\boke\TP\ThinkPHP\Library\Think\Model.class.php 第 1785 行.
NOTIC: [8] Undefined variable: where D:\WWW\boke\TP\ThinkPHP\Library\Think\Model.class.php 第 1788 行.
NOTIC: [8] Undefined variable: where D:\WWW\boke\TP\ThinkPHP\Library\Think\Model.class.php 第 1796 行.
SQL: SELECT COUNT(*) AS tp_count FROM `book_errasy` LIMIT 1   [ RunTime:0.0006s ]
INFO: [ view_parse ] --START--
INFO: [ template_filter ] --START--
INFO: Run Behavior\ContentReplaceBehavior [ RunTime:0.000137s ]
INFO: [ template_filter ] --END-- [ RunTime:0.000283s ]
INFO: Run Behavior\ParseTemplateBehavior [ RunTime:0.025708s ]
INFO: [ view_parse ] --END-- [ RunTime:0.025868s ]
INFO: [ view_filter ] --START--
INFO: Run Behavior\WriteHtmlCacheBehavior [ RunTime:0.000562s ]
INFO: [ view_filter ] --END-- [ RunTime:0.000654s ]
INFO: [ app_end ] --START--
INFO: Run Behavior\ShowPageTraceBehavior [ RunTime:0.001514s ]
INFO: [ app_end ] --END-- [ RunTime:0.001682s ]

[ 2016-04-14T22:55:14+08:00 ] ::1 /boke/TP/index.php
INFO: [ app_init ] --START--
INFO: Run Behavior\BuildLiteBehavior [ RunTime:0.000066s ]
INFO: [ app_init ] --END-- [ RunTime:0.001541s ]
INFO: [ app_begin ] --START--
INFO: Run Behavior\ReadHtmlCacheBehavior [ RunTime:0.001420s ]
INFO: [ app_begin ] --END-- [ RunTime:0.001598s ]
SQL: SHOW COLUMNS FROM `book_errasy` [ RunTime:0.0086s ]
NOTIC: [2] Missing argument 1 for Think\Model::where(), called in D:\WWW\boke\TP\Application\Home\Controller\IndexController.class.php on line 10 and defined D:\WWW\boke\TP\ThinkPHP\Library\Think\Model.class.php 第 1777 行.
NOTIC: [8] Undefined variable: where D:\WWW\boke\TP\ThinkPHP\Library\Think\Model.class.php 第 1785 行.
NOTIC: [8] Undefined variable: where D:\WWW\boke\TP\ThinkPHP\Library\Think\Model.class.php 第 1788 行.
NOTIC: [8] Undefined variable: where D:\WWW\boke\TP\ThinkPHP\Library\Think\Model.class.php 第 1796 行.
NOTIC: [8] Undefined offset: 0 D:\WWW\boke\TP\ThinkPHP\Library\Think\Model.class.php 第 222 行.
SQL: SELECT * FROM `book_errasy` INNER JOIN book_errasy_fb on book_errasy.s_id=book_errasy_fb.s_id  LIMIT 0,5   [ RunTime:0.0016s ]
NOTIC: [2] Missing argument 1 for Think\Model::where(), called in D:\WWW\boke\TP\Application\Home\Controller\IndexController.class.php on line 13 and defined D:\WWW\boke\TP\ThinkPHP\Library\Think\Model.class.php 第 1777 行.
NOTIC: [8] Undefined variable: where D:\WWW\boke\TP\ThinkPHP\Library\Think\Model.class.php 第 1785 行.
NOTIC: [8] Undefined variable: where D:\WWW\boke\TP\ThinkPHP\Library\Think\Model.class.php 第 1788 行.
NOTIC: [8] Undefined variable: where D:\WWW\boke\TP\ThinkPHP\Library\Think\Model.class.php 第 1796 行.
SQL: SELECT COUNT(*) AS tp_count FROM `book_errasy` LIMIT 1   [ RunTime:0.0005s ]
INFO: [ view_parse ] --START--
INFO: [ template_filter ] --START--
INFO: Run Behavior\ContentReplaceBehavior [ RunTime:0.000229s ]
INFO: [ template_filter ] --END-- [ RunTime:0.000458s ]
INFO: Run Behavior\ParseTemplateBehavior [ RunTime:0.021065s ]
INFO: [ view_parse ] --END-- [ RunTime:0.021235s ]
INFO: [ view_filter ] --START--
INFO: Run Behavior\WriteHtmlCacheBehavior [ RunTime:0.000788s ]
INFO: [ view_filter ] --END-- [ RunTime:0.000914s ]
INFO: [ app_end ] --START--
INFO: Run Behavior\ShowPageTraceBehavior [ RunTime:0.001491s ]
INFO: [ app_end ] --END-- [ RunTime:0.001659s ]

[ 2016-04-14T22:55:27+08:00 ] ::1 /boke/TP/index.php/Home/Index/about.html
INFO: [ app_init ] --START--
INFO: Run Behavior\BuildLiteBehavior [ RunTime:0.000020s ]
INFO: [ app_init ] --END-- [ RunTime:0.000432s ]
INFO: [ app_begin ] --START--
INFO: Run Behavior\ReadHtmlCacheBehavior [ RunTime:0.000871s ]
INFO: [ app_begin ] --END-- [ RunTime:0.000969s ]
SQL: SHOW COLUMNS FROM `book_news` [ RunTime:0.0268s ]
SQL: SELECT * FROM `book_news`  [ RunTime:0.0046s ]
INFO: [ view_parse ] --START--
INFO: [ template_filter ] --START--
INFO: Run Behavior\ContentReplaceBehavior [ RunTime:0.000228s ]
INFO: [ template_filter ] --END-- [ RunTime:0.000450s ]
INFO: Run Behavior\ParseTemplateBehavior [ RunTime:0.042407s ]
INFO: [ view_parse ] --END-- [ RunTime:0.042716s ]
INFO: [ view_filter ] --START--
INFO: Run Behavior\WriteHtmlCacheBehavior [ RunTime:0.001034s ]
INFO: [ view_filter ] --END-- [ RunTime:0.001197s ]
INFO: [ app_end ] --START--
INFO: Run Behavior\ShowPageTraceBehavior [ RunTime:0.001939s ]
INFO: [ app_end ] --END-- [ RunTime:0.002131s ]

[ 2016-04-14T22:55:30+08:00 ] ::1 /boke/TP/index.php/Home/Index/shuo.html
INFO: [ app_init ] --START--
INFO: Run Behavior\BuildLiteBehavior [ RunTime:0.000032s ]
INFO: [ app_init ] --END-- [ RunTime:0.000565s ]
INFO: [ app_begin ] --START--
INFO: Run Behavior\ReadHtmlCacheBehavior [ RunTime:0.000658s ]
INFO: [ app_begin ] --END-- [ RunTime:0.000775s ]
SQL: SHOW COLUMNS FROM `book_shuoshuo` [ RunTime:0.0096s ]
SQL: SELECT * FROM `book_shuoshuo`  [ RunTime:0.0012s ]
INFO: [ view_parse ] --START--
INFO: [ template_filter ] --START--
INFO: Run Behavior\ContentReplaceBehavior [ RunTime:0.000155s ]
INFO: [ template_filter ] --END-- [ RunTime:0.000372s ]
NOTIC: [8] Undefined index: nr D:\WWW\boke\TP\Application\Runtime\Cache\Home\baa1a3ef49dbc0bba4654d1553261bfa.php 第 43 行.
NOTIC: [8] Undefined index: nr D:\WWW\boke\TP\Application\Runtime\Cache\Home\baa1a3ef49dbc0bba4654d1553261bfa.php 第 43 行.
NOTIC: [8] Undefined index: nr D:\WWW\boke\TP\Application\Runtime\Cache\Home\baa1a3ef49dbc0bba4654d1553261bfa.php 第 43 行.
NOTIC: [8] Undefined index: nr D:\WWW\boke\TP\Application\Runtime\Cache\Home\baa1a3ef49dbc0bba4654d1553261bfa.php 第 43 行.
NOTIC: [8] Undefined index: nr D:\WWW\boke\TP\Application\Runtime\Cache\Home\baa1a3ef49dbc0bba4654d1553261bfa.php 第 43 行.
NOTIC: [8] Undefined index: nr D:\WWW\boke\TP\Application\Runtime\Cache\Home\baa1a3ef49dbc0bba4654d1553261bfa.php 第 43 行.
INFO: Run Behavior\ParseTemplateBehavior [ RunTime:0.051301s ]
INFO: [ view_parse ] --END-- [ RunTime:0.051613s ]
INFO: [ view_filter ] --START--
INFO: Run Behavior\WriteHtmlCacheBehavior [ RunTime:0.000712s ]
INFO: [ view_filter ] --END-- [ RunTime:0.000866s ]
INFO: [ app_end ] --START--
INFO: Run Behavior\ShowPageTraceBehavior [ RunTime:0.001442s ]
INFO: [ app_end ] --END-- [ RunTime:0.001619s ]

[ 2016-04-14T22:55:36+08:00 ] ::1 /boke/TP/index.php/Home/Diary/riji.html
INFO: [ app_init ] --START--
INFO: Run Behavior\BuildLiteBehavior [ RunTime:0.000017s ]
INFO: [ app_init ] --END-- [ RunTime:0.000353s ]
INFO: [ app_begin ] --START--
INFO: Run Behavior\ReadHtmlCacheBehavior [ RunTime:0.000492s ]
INFO: [ app_begin ] --END-- [ RunTime:0.000565s ]
SQL: SHOW COLUMNS FROM `book_shuoshuo` [ RunTime:0.0084s ]
NOTIC: [2] Missing argument 1 for Think\Model::where(), called in D:\WWW\boke\TP\Application\Home\Controller\DiaryController.class.php on line 12 and defined D:\WWW\boke\TP\ThinkPHP\Library\Think\Model.class.php 第 1777 行.
NOTIC: [8] Undefined variable: where D:\WWW\boke\TP\ThinkPHP\Library\Think\Model.class.php 第 1785 行.
NOTIC: [8] Undefined variable: where D:\WWW\boke\TP\ThinkPHP\Library\Think\Model.class.php 第 1788 行.
NOTIC: [8] Undefined variable: where D:\WWW\boke\TP\ThinkPHP\Library\Think\Model.class.php 第 1796 行.
NOTIC: [8] Undefined offset: 0 D:\WWW\boke\TP\ThinkPHP\Library\Think\Model.class.php 第 222 行.
SQL: SELECT * FROM `book_shuoshuo` LIMIT 0,5   [ RunTime:0.0009s ]
NOTIC: [2] Missing argument 1 for Think\Model::where(), called in D:\WWW\boke\TP\Application\Home\Controller\DiaryController.class.php on line 15 and defined D:\WWW\boke\TP\ThinkPHP\Library\Think\Model.class.php 第 1777 行.
NOTIC: [8] Undefined variable: where D:\WWW\boke\TP\ThinkPHP\Library\Think\Model.class.php 第 1785 行.
NOTIC: [8] Undefined variable: where D:\WWW\boke\TP\ThinkPHP\Library\Think\Model.class.php 第 1788 行.
NOTIC: [8] Undefined variable: where D:\WWW\boke\TP\ThinkPHP\Library\Think\Model.class.php 第 1796 行.
SQL: SELECT COUNT(*) AS tp_count FROM `book_shuoshuo` LIMIT 1   [ RunTime:0.0006s ]
INFO: [ view_parse ] --START--
INFO: [ template_filter ] --START--
INFO: Run Behavior\ContentReplaceBehavior [ RunTime:0.000212s ]
INFO: [ template_filter ] --END-- [ RunTime:0.000413s ]
INFO: Run Behavior\ParseTemplateBehavior [ RunTime:0.068810s ]
INFO: [ view_parse ] --END-- [ RunTime:0.069094s ]
INFO: [ view_filter ] --START--
INFO: Run Behavior\WriteHtmlCacheBehavior [ RunTime:0.001054s ]
INFO: [ view_filter ] --END-- [ RunTime:0.001319s ]
INFO: [ app_end ] --START--
INFO: Run Behavior\ShowPageTraceBehavior [ RunTime:0.001987s ]
INFO: [ app_end ] --END-- [ RunTime:0.002234s ]

[ 2016-04-14T22:55:39+08:00 ] ::1 /boke/TP/index.php/Home/Photo/xc.html
INFO: [ app_init ] --START--
INFO: Run Behavior\BuildLiteBehavior [ RunTime:0.000019s ]
INFO: [ app_init ] --END-- [ RunTime:0.000387s ]
INFO: [ app_begin ] --START--
INFO: Run Behavior\ReadHtmlCacheBehavior [ RunTime:0.000504s ]
INFO: [ app_begin ] --END-- [ RunTime:0.000579s ]
INFO: [ view_parse ] --START--
INFO: [ template_filter ] --START--
INFO: Run Behavior\ContentReplaceBehavior [ RunTime:0.000207s ]
INFO: [ template_filter ] --END-- [ RunTime:0.000363s ]
INFO: Run Behavior\ParseTemplateBehavior [ RunTime:0.026240s ]
INFO: [ view_parse ] --END-- [ RunTime:0.026367s ]
INFO: [ view_filter ] --START--
INFO: Run Behavior\WriteHtmlCacheBehavior [ RunTime:0.000494s ]
INFO: [ view_filter ] --END-- [ RunTime:0.000638s ]
INFO: [ app_end ] --START--
INFO: Run Behavior\ShowPageTraceBehavior [ RunTime:0.001023s ]
INFO: [ app_end ] --END-- [ RunTime:0.001207s ]

[ 2016-04-14T22:55:41+08:00 ] ::1 /boke/TP/index.php/Home/Photo/learn.html
INFO: [ app_init ] --START--
INFO: Run Behavior\BuildLiteBehavior [ RunTime:0.000019s ]
INFO: [ app_init ] --END-- [ RunTime:0.000423s ]
INFO: [ app_begin ] --START--
INFO: Run Behavior\ReadHtmlCacheBehavior [ RunTime:0.000655s ]
INFO: [ app_begin ] --END-- [ RunTime:0.000758s ]
ERR: 非法操作:learn

[ 2016-04-14T22:55:46+08:00 ] ::1 /boke/TP/index.php/Home/Leave/leave.html
INFO: [ app_init ] --START--
INFO: Run Behavior\BuildLiteBehavior [ RunTime:0.000019s ]
INFO: [ app_init ] --END-- [ RunTime:0.000386s ]
INFO: [ app_begin ] --START--
INFO: Run Behavior\ReadHtmlCacheBehavior [ RunTime:0.000477s ]
INFO: [ app_begin ] --END-- [ RunTime:0.000550s ]
SQL: SHOW COLUMNS FROM `book_leave` [ RunTime:0.0106s ]
SQL: SELECT `id` FROM `book_leave` ORDER BY id desc LIMIT 10   [ RunTime:0.0012s ]
SQL: SELECT * FROM `book_leave` WHERE ( id in(55,54,53,51,46,45,35,28,27,26) ) ORDER BY id asc  [ RunTime:0.0368s ]
INFO: [ view_parse ] --START--
INFO: [ template_filter ] --START--
INFO: Run Behavior\ContentReplaceBehavior [ RunTime:0.000247s ]
INFO: [ template_filter ] --END-- [ RunTime:0.000476s ]
INFO: Run Behavior\ParseTemplateBehavior [ RunTime:0.051290s ]
INFO: [ view_parse ] --END-- [ RunTime:0.051628s ]
INFO: [ view_filter ] --START--
INFO: Run Behavior\WriteHtmlCacheBehavior [ RunTime:0.000808s ]
INFO: [ view_filter ] --END-- [ RunTime:0.000973s ]
INFO: [ app_end ] --START--
INFO: Run Behavior\ShowPageTraceBehavior [ RunTime:0.004072s ]
INFO: [ app_end ] --END-- [ RunTime:0.004555s ]

[ 2016-04-14T22:55:53+08:00 ] ::1 /boke/TP/index.php/Home/Diary/riji.html
INFO: [ app_init ] --START--
INFO: Run Behavior\BuildLiteBehavior [ RunTime:0.000017s ]
INFO: [ app_init ] --END-- [ RunTime:0.000356s ]
INFO: [ app_begin ] --START--
INFO: Run Behavior\ReadHtmlCacheBehavior [ RunTime:0.000481s ]
INFO: [ app_begin ] --END-- [ RunTime:0.000555s ]
SQL: SHOW COLUMNS FROM `book_shuoshuo` [ RunTime:0.0091s ]
NOTIC: [2] Missing argument 1 for Think\Model::where(), called in D:\WWW\boke\TP\Application\Home\Controller\DiaryController.class.php on line 12 and defined D:\WWW\boke\TP\ThinkPHP\Library\Think\Model.class.php 第 1777 行.
NOTIC: [8] Undefined variable: where D:\WWW\boke\TP\ThinkPHP\Library\Think\Model.class.php 第 1785 行.
NOTIC: [8] Undefined variable: where D:\WWW\boke\TP\ThinkPHP\Library\Think\Model.class.php 第 1788 行.
NOTIC: [8] Undefined variable: where D:\WWW\boke\TP\ThinkPHP\Library\Think\Model.class.php 第 1796 行.
NOTIC: [8] Undefined offset: 0 D:\WWW\boke\TP\ThinkPHP\Library\Think\Model.class.php 第 222 行.
SQL: SELECT * FROM `book_shuoshuo` LIMIT 0,5   [ RunTime:0.0009s ]
NOTIC: [2] Missing argument 1 for Think\Model::where(), called in D:\WWW\boke\TP\Application\Home\Controller\DiaryController.class.php on line 15 and defined D:\WWW\boke\TP\ThinkPHP\Library\Think\Model.class.php 第 1777 行.
NOTIC: [8] Undefined variable: where D:\WWW\boke\TP\ThinkPHP\Library\Think\Model.class.php 第 1785 行.
NOTIC: [8] Undefined variable: where D:\WWW\boke\TP\ThinkPHP\Library\Think\Model.class.php 第 1788 行.
NOTIC: [8] Undefined variable: where D:\WWW\boke\TP\ThinkPHP\Library\Think\Model.class.php 第 1796 行.
SQL: SELECT COUNT(*) AS tp_count FROM `book_shuoshuo` LIMIT 1   [ RunTime:0.0005s ]
INFO: [ view_parse ] --START--
INFO: [ template_filter ] --START--
INFO: Run Behavior\ContentReplaceBehavior [ RunTime:0.000192s ]
INFO: [ template_filter ] --END-- [ RunTime:0.000407s ]
INFO: Run Behavior\ParseTemplateBehavior [ RunTime:0.028868s ]
INFO: [ view_parse ] --END-- [ RunTime:0.029122s ]
INFO: [ view_filter ] --START--
INFO: Run Behavior\WriteHtmlCacheBehavior [ RunTime:0.000823s ]
INFO: [ view_filter ] --END-- [ RunTime:0.001003s ]
INFO: [ app_end ] --START--
INFO: Run Behavior\ShowPageTraceBehavior [ RunTime:0.002335s ]
INFO: [ app_end ] --END-- [ RunTime:0.002727s ]

[ 2016-04-14T22:56:05+08:00 ] ::1 /boke/TP/index.php/Home/Index/shuo.html
INFO: [ app_init ] --START--
INFO: Run Behavior\BuildLiteBehavior [ RunTime:0.000017s ]
INFO: [ app_init ] --END-- [ RunTime:0.000380s ]
INFO: [ app_begin ] --START--
INFO: Run Behavior\ReadHtmlCacheBehavior [ RunTime:0.000995s ]
INFO: [ app_begin ] --END-- [ RunTime:0.001177s ]
SQL: SHOW COLUMNS FROM `book_shuoshuo` [ RunTime:0.0088s ]
SQL: SELECT * FROM `book_shuoshuo`  [ RunTime:0.0010s ]
INFO: [ view_parse ] --START--
INFO: [ template_filter ] --START--
INFO: Run Behavior\ContentReplaceBehavior [ RunTime:0.000167s ]
INFO: [ template_filter ] --END-- [ RunTime:0.000410s ]
NOTIC: [8] Undefined index: nr D:\WWW\boke\TP\Application\Runtime\Cache\Home\baa1a3ef49dbc0bba4654d1553261bfa.php 第 43 行.
NOTIC: [8] Undefined index: nr D:\WWW\boke\TP\Application\Runtime\Cache\Home\baa1a3ef49dbc0bba4654d1553261bfa.php 第 43 行.
NOTIC: [8] Undefined index: nr D:\WWW\boke\TP\Application\Runtime\Cache\Home\baa1a3ef49dbc0bba4654d1553261bfa.php 第 43 行.
NOTIC: [8] Undefined index: nr D:\WWW\boke\TP\Application\Runtime\Cache\Home\baa1a3ef49dbc0bba4654d1553261bfa.php 第 43 行.
NOTIC: [8] Undefined index: nr D:\WWW\boke\TP\Application\Runtime\Cache\Home\baa1a3ef49dbc0bba4654d1553261bfa.php 第 43 行.
NOTIC: [8] Undefined index: nr D:\WWW\boke\TP\Application\Runtime\Cache\Home\baa1a3ef49dbc0bba4654d1553261bfa.php 第 43 行.
INFO: Run Behavior\ParseTemplateBehavior [ RunTime:0.026433s ]
INFO: [ view_parse ] --END-- [ RunTime:0.026633s ]
INFO: [ view_filter ] --START--
INFO: Run Behavior\WriteHtmlCacheBehavior [ RunTime:0.001419s ]
INFO: [ view_filter ] --END-- [ RunTime:0.001620s ]
INFO: [ app_end ] --START--
INFO: Run Behavior\ShowPageTraceBehavior [ RunTime:0.001638s ]
INFO: [ app_end ] --END-- [ RunTime:0.001851s ]

[ 2016-04-14T23:00:25+08:00 ] ::1 /boke/TP/index.php/Home/Index/shuo.html
INFO: [ app_init ] --START--
INFO: Run Behavior\BuildLiteBehavior [ RunTime:0.000038s ]
INFO: [ app_init ] --END-- [ RunTime:0.000734s ]
INFO: [ app_begin ] --START--
INFO: Run Behavior\ReadHtmlCacheBehavior [ RunTime:0.001048s ]
INFO: [ app_begin ] --END-- [ RunTime:0.001184s ]
INFO: [ view_parse ] --START--
INFO: [ template_filter ] --START--
INFO: Run Behavior\ContentReplaceBehavior [ RunTime:0.000091s ]
INFO: [ template_filter ] --END-- [ RunTime:0.000219s ]
NOTIC: [8] Undefined variable: res D:\WWW\boke\TP\Application\Runtime\Cache\Home\baa1a3ef49dbc0bba4654d1553261bfa.php 第 41 行.
INFO: Run Behavior\ParseTemplateBehavior [ RunTime:0.015033s ]
INFO: [ view_parse ] --END-- [ RunTime:0.015158s ]
INFO: [ view_filter ] --START--
INFO: Run Behavior\WriteHtmlCacheBehavior [ RunTime:0.000609s ]
INFO: [ view_filter ] --END-- [ RunTime:0.000708s ]
INFO: [ app_end ] --START--
INFO: Run Behavior\ShowPageTraceBehavior [ RunTime:0.001004s ]
INFO: [ app_end ] --END-- [ RunTime:0.001115s ]

[ 2016-04-14T23:00:27+08:00 ] ::1 /boke/TP/index.php/Home/Index/shuo.html
INFO: [ app_init ] --START--
INFO: Run Behavior\BuildLiteBehavior [ RunTime:0.000042s ]
INFO: [ app_init ] --END-- [ RunTime:0.000931s ]
INFO: [ app_begin ] --START--
INFO: Run Behavior\ReadHtmlCacheBehavior [ RunTime:0.000921s ]
INFO: [ app_begin ] --END-- [ RunTime:0.001113s ]
INFO: [ view_parse ] --START--
INFO: [ template_filter ] --START--
INFO: Run Behavior\ContentReplaceBehavior [ RunTime:0.000091s ]
INFO: [ template_filter ] --END-- [ RunTime:0.000217s ]
NOTIC: [8] Undefined variable: res D:\WWW\boke\TP\Application\Runtime\Cache\Home\baa1a3ef49dbc0bba4654d1553261bfa.php 第 41 行.
INFO: Run Behavior\ParseTemplateBehavior [ RunTime:0.014031s ]
INFO: [ view_parse ] --END-- [ RunTime:0.014197s ]
INFO: [ view_filter ] --START--
INFO: Run Behavior\WriteHtmlCacheBehavior [ RunTime:0.000432s ]
INFO: [ view_filter ] --END-- [ RunTime:0.000531s ]
INFO: [ app_end ] --START--
INFO: Run Behavior\ShowPageTraceBehavior [ RunTime:0.001122s ]
INFO: [ app_end ] --END-- [ RunTime:0.001282s ]

[ 2016-04-14T23:00:28+08:00 ] ::1 /boke/TP/index.php/Home/Index/shuo.html
INFO: [ app_init ] --START--
INFO: Run Behavior\BuildLiteBehavior [ RunTime:0.000024s ]
INFO: [ app_init ] --END-- [ RunTime:0.000376s ]
INFO: [ app_begin ] --START--
INFO: Run Behavior\ReadHtmlCacheBehavior [ RunTime:0.000698s ]
INFO: [ app_begin ] --END-- [ RunTime:0.000804s ]
INFO: [ view_parse ] --START--
INFO: [ template_filter ] --START--
INFO: Run Behavior\ContentReplaceBehavior [ RunTime:0.000083s ]
INFO: [ template_filter ] --END-- [ RunTime:0.000194s ]
NOTIC: [8] Undefined variable: res D:\WWW\boke\TP\Application\Runtime\Cache\Home\baa1a3ef49dbc0bba4654d1553261bfa.php 第 41 行.
INFO: Run Behavior\ParseTemplateBehavior [ RunTime:0.011482s ]
INFO: [ view_parse ] --END-- [ RunTime:0.011600s ]
INFO: [ view_filter ] --START--
INFO: Run Behavior\WriteHtmlCacheBehavior [ RunTime:0.000361s ]
INFO: [ view_filter ] --END-- [ RunTime:0.000440s ]
INFO: [ app_end ] --START--
INFO: Run Behavior\ShowPageTraceBehavior [ RunTime:0.000691s ]
INFO: [ app_end ] --END-- [ RunTime:0.000773s ]

[ 2016-04-14T23:00:43+08:00 ] ::1 /boke/TP/index.php/Home/Index/index.html
INFO: [ app_init ] --START--
INFO: Run Behavior\BuildLiteBehavior [ RunTime:0.000022s ]
INFO: [ app_init ] --END-- [ RunTime:0.000412s ]
INFO: [ app_begin ] --START--
INFO: Run Behavior\ReadHtmlCacheBehavior [ RunTime:0.000938s ]
INFO: [ app_begin ] --END-- [ RunTime:0.001060s ]
SQL: SHOW COLUMNS FROM `book_errasy` [ RunTime:0.0100s ]
NOTIC: [2] Missing argument 1 for Think\Model::where(), called in D:\WWW\boke\TP\Application\Home\Controller\IndexController.class.php on line 10 and defined D:\WWW\boke\TP\ThinkPHP\Library\Think\Model.class.php 第 1777 行.
NOTIC: [8] Undefined variable: where D:\WWW\boke\TP\ThinkPHP\Library\Think\Model.class.php 第 1785 行.
NOTIC: [8] Undefined variable: where D:\WWW\boke\TP\ThinkPHP\Library\Think\Model.class.php 第 1788 行.
NOTIC: [8] Undefined variable: where D:\WWW\boke\TP\ThinkPHP\Library\Think\Model.class.php 第 1796 行.
NOTIC: [8] Undefined offset: 0 D:\WWW\boke\TP\ThinkPHP\Library\Think\Model.class.php 第 222 行.
SQL: SELECT * FROM `book_errasy` INNER JOIN book_errasy_fb on book_errasy.s_id=book_errasy_fb.s_id  LIMIT 0,5   [ RunTime:0.0013s ]
NOTIC: [2] Missing argument 1 for Think\Model::where(), called in D:\WWW\boke\TP\Application\Home\Controller\IndexController.class.php on line 13 and defined D:\WWW\boke\TP\ThinkPHP\Library\Think\Model.class.php 第 1777 行.
NOTIC: [8] Undefined variable: where D:\WWW\boke\TP\ThinkPHP\Library\Think\Model.class.php 第 1785 行.
NOTIC: [8] Undefined variable: where D:\WWW\boke\TP\ThinkPHP\Library\Think\Model.class.php 第 1788 行.
NOTIC: [8] Undefined variable: where D:\WWW\boke\TP\ThinkPHP\Library\Think\Model.class.php 第 1796 行.
SQL: SELECT COUNT(*) AS tp_count FROM `book_errasy` LIMIT 1   [ RunTime:0.0006s ]
INFO: [ view_parse ] --START--
INFO: [ template_filter ] --START--
INFO: Run Behavior\ContentReplaceBehavior [ RunTime:0.000282s ]
INFO: [ template_filter ] --END-- [ RunTime:0.000582s ]
INFO: Run Behavior\ParseTemplateBehavior [ RunTime:0.029432s ]
INFO: [ view_parse ] --END-- [ RunTime:0.029724s ]
INFO: [ view_filter ] --START--
INFO: Run Behavior\WriteHtmlCacheBehavior [ RunTime:0.000680s ]
INFO: [ view_filter ] --END-- [ RunTime:0.000895s ]
INFO: [ app_end ] --START--
INFO: Run Behavior\ShowPageTraceBehavior [ RunTime:0.004032s ]
INFO: [ app_end ] --END-- [ RunTime:0.004476s ]

[ 2016-04-14T23:00:45+08:00 ] ::1 /boke/TP/index.php/Home/Leave/shuo.html
INFO: [ app_init ] --START--
INFO: Run Behavior\BuildLiteBehavior [ RunTime:0.000030s ]
INFO: [ app_init ] --END-- [ RunTime:0.000572s ]
INFO: [ app_begin ] --START--
INFO: Run Behavior\ReadHtmlCacheBehavior [ RunTime:0.000691s ]
INFO: [ app_begin ] --END-- [ RunTime:0.000814s ]
SQL: SHOW COLUMNS FROM `book_leave` [ RunTime:0.0091s ]
SQL: SELECT * FROM `book_leave`  [ RunTime:0.0009s ]
ERR: 模板不存在:./Application/Home/View/Leave/shuo.html

[ 2016-04-14T23:01:12+08:00 ] ::1 /boke/TP/index.php/Home/Leave/shuo.html
INFO: [ app_init ] --START--
INFO: Run Behavior\BuildLiteBehavior [ RunTime:0.000018s ]
INFO: [ app_init ] --END-- [ RunTime:0.000360s ]
INFO: [ app_begin ] --START--
INFO: Run Behavior\ReadHtmlCacheBehavior [ RunTime:0.000925s ]
INFO: [ app_begin ] --END-- [ RunTime:0.001056s ]
SQL: SHOW COLUMNS FROM `book_leave` [ RunTime:0.0108s ]
SQL: SELECT * FROM `book_leave`  [ RunTime:0.0010s ]
INFO: [ view_parse ] --START--
INFO: [ template_filter ] --START--
INFO: Run Behavior\ContentReplaceBehavior [ RunTime:0.000152s ]
INFO: [ template_filter ] --END-- [ RunTime:0.000412s ]
INFO: Run Behavior\ParseTemplateBehavior [ RunTime:0.022797s ]
INFO: [ view_parse ] --END-- [ RunTime:0.023042s ]
INFO: [ view_filter ] --START--
INFO: Run Behavior\WriteHtmlCacheBehavior [ RunTime:0.000779s ]
INFO: [ view_filter ] --END-- [ RunTime:0.000955s ]
INFO: [ app_end ] --START--
INFO: Run Behavior\ShowPageTraceBehavior [ RunTime:0.001430s ]
INFO: [ app_end ] --END-- [ RunTime:0.001644s ]

[ 2016-04-14T23:03:46+08:00 ] ::1 /boke/TP/index.php/Home/Leave/shuo.html
INFO: [ app_init ] --START--
INFO: Run Behavior\BuildLiteBehavior [ RunTime:0.000033s ]
INFO: [ app_init ] --END-- [ RunTime:0.000728s ]
INFO: [ app_begin ] --START--
INFO: Run Behavior\ReadHtmlCacheBehavior [ RunTime:0.001027s ]
INFO: [ app_begin ] --END-- [ RunTime:0.001156s ]
SQL: SHOW COLUMNS FROM `book_leave` [ RunTime:0.0112s ]
SQL: SELECT * FROM `book_leave`  [ RunTime:0.0009s ]
INFO: [ view_parse ] --START--
INFO: [ template_filter ] --START--
INFO: Run Behavior\ContentReplaceBehavior [ RunTime:0.000182s ]
INFO: [ template_filter ] --END-- [ RunTime:0.000382s ]
INFO: Run Behavior\ParseTemplateBehavior [ RunTime:0.024029s ]
INFO: [ view_parse ] --END-- [ RunTime:0.024292s ]
INFO: [ view_filter ] --START--
INFO: Run Behavior\WriteHtmlCacheBehavior [ RunTime:0.000988s ]
INFO: [ view_filter ] --END-- [ RunTime:0.001149s ]
INFO: [ app_end ] --START--
INFO: Run Behavior\ShowPageTraceBehavior [ RunTime:0.002087s ]
INFO: [ app_end ] --END-- [ RunTime:0.002291s ]

[ 2016-04-14T23:05:07+08:00 ] ::1 /boke/TP/index.php/Home/Leave/shuo.html
INFO: [ app_init ] --START--
INFO: Run Behavior\BuildLiteBehavior [ RunTime:0.000017s ]
INFO: [ app_init ] --END-- [ RunTime:0.000398s ]
INFO: [ app_begin ] --START--
INFO: Run Behavior\ReadHtmlCacheBehavior [ RunTime:0.000699s ]
INFO: [ app_begin ] --END-- [ RunTime:0.000875s ]
SQL: SHOW COLUMNS FROM `book_leave` [ RunTime:0.0090s ]
SQL: SELECT * FROM `book_leave`  [ RunTime:0.0009s ]
INFO: [ view_parse ] --START--
INFO: [ template_filter ] --START--
INFO: Run Behavior\ContentReplaceBehavior [ RunTime:0.000275s ]
INFO: [ template_filter ] --END-- [ RunTime:0.000694s ]
INFO: Run Behavior\ParseTemplateBehavior [ RunTime:0.027205s ]
INFO: [ view_parse ] --END-- [ RunTime:0.027431s ]
INFO: [ view_filter ] --START--
INFO: Run Behavior\WriteHtmlCacheBehavior [ RunTime:0.000961s ]
INFO: [ view_filter ] --END-- [ RunTime:0.001125s ]
INFO: [ app_end ] --START--
INFO: Run Behavior\ShowPageTraceBehavior [ RunTime:0.001673s ]
INFO: [ app_end ] --END-- [ RunTime:0.001848s ]

[ 2016-04-14T23:05:58+08:00 ] ::1 /boke/TP/index.php/Home/Leave/shuo.html
INFO: [ app_init ] --START--
INFO: Run Behavior\BuildLiteBehavior [ RunTime:0.000048s ]
INFO: [ app_init ] --END-- [ RunTime:0.001131s ]
INFO: [ app_begin ] --START--
INFO: Run Behavior\ReadHtmlCacheBehavior [ RunTime:0.002304s ]
INFO: [ app_begin ] --END-- [ RunTime:0.002570s ]
SQL: SHOW COLUMNS FROM `book_leave` [ RunTime:0.0129s ]
SQL: SELECT * FROM `book_leave`  [ RunTime:0.0011s ]
INFO: [ view_parse ] --START--
INFO: [ template_filter ] --START--
INFO: Run Behavior\ContentReplaceBehavior [ RunTime:0.000150s ]
INFO: [ template_filter ] --END-- [ RunTime:0.000353s ]
INFO: Run Behavior\ParseTemplateBehavior [ RunTime:0.023872s ]
INFO: [ view_parse ] --END-- [ RunTime:0.024157s ]
INFO: [ view_filter ] --START--
INFO: Run Behavior\WriteHtmlCacheBehavior [ RunTime:0.001097s ]
INFO: [ view_filter ] --END-- [ RunTime:0.001293s ]
INFO: [ app_end ] --START--
INFO: Run Behavior\ShowPageTraceBehavior [ RunTime:0.001678s ]
INFO: [ app_end ] --END-- [ RunTime:0.001890s ]

[ 2016-04-14T23:07:03+08:00 ] ::1 /boke/TP/index.php/Home/Leave/shuo.html
INFO: [ app_init ] --START--
INFO: Run Behavior\BuildLiteBehavior [ RunTime:0.000047s ]
INFO: [ app_init ] --END-- [ RunTime:0.001187s ]
INFO: [ app_begin ] --START--
INFO: Run Behavior\ReadHtmlCacheBehavior [ RunTime:0.001935s ]
INFO: [ app_begin ] --END-- [ RunTime:0.002299s ]
SQL: SHOW COLUMNS FROM `book_leave` [ RunTime:0.0087s ]
SQL: SELECT * FROM `book_leave`  [ RunTime:0.0009s ]
INFO: [ view_parse ] --START--
INFO: [ template_filter ] --START--
INFO: Run Behavior\ContentReplaceBehavior [ RunTime:0.000174s ]
INFO: [ template_filter ] --END-- [ RunTime:0.000425s ]
INFO: Run Behavior\ParseTemplateBehavior [ RunTime:0.025075s ]
INFO: [ view_parse ] --END-- [ RunTime:0.025289s ]
INFO: [ view_filter ] --START--
INFO: Run Behavior\WriteHtmlCacheBehavior [ RunTime:0.000930s ]
INFO: [ view_filter ] --END-- [ RunTime:0.001105s ]
INFO: [ app_end ] --START--
INFO: Run Behavior\ShowPageTraceBehavior [ RunTime:0.001994s ]
INFO: [ app_end ] --END-- [ RunTime:0.002291s ]

[ 2016-04-14T23:07:06+08:00 ] ::1 /boke/TP/index.php/Home/Index/index.html
INFO: [ app_init ] --START--
INFO: Run Behavior\BuildLiteBehavior [ RunTime:0.000016s ]
INFO: [ app_init ] --END-- [ RunTime:0.000369s ]
INFO: [ app_begin ] --START--
INFO: Run Behavior\ReadHtmlCacheBehavior [ RunTime:0.000527s ]
INFO: [ app_begin ] --END-- [ RunTime:0.000605s ]
SQL: SHOW COLUMNS FROM `book_errasy` [ RunTime:0.0092s ]
NOTIC: [2] Missing argument 1 for Think\Model::where(), called in D:\WWW\boke\TP\Application\Home\Controller\IndexController.class.php on line 10 and defined D:\WWW\boke\TP\ThinkPHP\Library\Think\Model.class.php 第 1777 行.
NOTIC: [8] Undefined variable: where D:\WWW\boke\TP\ThinkPHP\Library\Think\Model.class.php 第 1785 行.
NOTIC: [8] Undefined variable: where D:\WWW\boke\TP\ThinkPHP\Library\Think\Model.class.php 第 1788 行.
NOTIC: [8] Undefined variable: where D:\WWW\boke\TP\ThinkPHP\Library\Think\Model.class.php 第 1796 行.
NOTIC: [8] Undefined offset: 0 D:\WWW\boke\TP\ThinkPHP\Library\Think\Model.class.php 第 222 行.
SQL: SELECT * FROM `book_errasy` INNER JOIN book_errasy_fb on book_errasy.s_id=book_errasy_fb.s_id  LIMIT 0,5   [ RunTime:0.0013s ]
NOTIC: [2] Missing argument 1 for Think\Model::where(), called in D:\WWW\boke\TP\Application\Home\Controller\IndexController.class.php on line 13 and defined D:\WWW\boke\TP\ThinkPHP\Library\Think\Model.class.php 第 1777 行.
NOTIC: [8] Undefined variable: where D:\WWW\boke\TP\ThinkPHP\Library\Think\Model.class.php 第 1785 行.
NOTIC: [8] Undefined variable: where D:\WWW\boke\TP\ThinkPHP\Library\Think\Model.class.php 第 1788 行.
NOTIC: [8] Undefined variable: where D:\WWW\boke\TP\ThinkPHP\Library\Think\Model.class.php 第 1796 行.
SQL: SELECT COUNT(*) AS tp_count FROM `book_errasy` LIMIT 1   [ RunTime:0.0005s ]
INFO: [ view_parse ] --START--
INFO: [ template_filter ] --START--
INFO: Run Behavior\ContentReplaceBehavior [ RunTime:0.000332s ]
INFO: [ template_filter ] --END-- [ RunTime:0.000711s ]
INFO: Run Behavior\ParseTemplateBehavior [ RunTime:0.026960s ]
INFO: [ view_parse ] --END-- [ RunTime:0.027191s ]
INFO: [ view_filter ] --START--
INFO: Run Behavior\WriteHtmlCacheBehavior [ RunTime:0.000925s ]
INFO: [ view_filter ] --END-- [ RunTime:0.001085s ]
INFO: [ app_end ] --START--
INFO: Run Behavior\ShowPageTraceBehavior [ RunTime:0.001724s ]
INFO: [ app_end ] --END-- [ RunTime:0.001969s ]

[ 2016-04-14T23:07:09+08:00 ] ::1 /boke/TP/index.php/Home/Leave/shuo.html
INFO: [ app_init ] --START--
INFO: Run Behavior\BuildLiteBehavior [ RunTime:0.000017s ]
INFO: [ app_init ] --END-- [ RunTime:0.000350s ]
INFO: [ app_begin ] --START--
INFO: Run Behavior\ReadHtmlCacheBehavior [ RunTime:0.000694s ]
INFO: [ app_begin ] --END-- [ RunTime:0.000827s ]
SQL: SHOW COLUMNS FROM `book_leave` [ RunTime:0.0088s ]
SQL: SELECT * FROM `book_leave`  [ RunTime:0.0012s ]
INFO: [ view_parse ] --START--
INFO: [ template_filter ] --START--
INFO: Run Behavior\ContentReplaceBehavior [ RunTime:0.000149s ]
INFO: [ template_filter ] --END-- [ RunTime:0.000353s ]
INFO: Run Behavior\ParseTemplateBehavior [ RunTime:0.020690s ]
INFO: [ view_parse ] --END-- [ RunTime:0.020908s ]
INFO: [ view_filter ] --START--
INFO: Run Behavior\WriteHtmlCacheBehavior [ RunTime:0.000827s ]
INFO: [ view_filter ] --END-- [ RunTime:0.000989s ]
INFO: [ app_end ] --START--
INFO: Run Behavior\ShowPageTraceBehavior [ RunTime:0.001389s ]
INFO: [ app_end ] --END-- [ RunTime:0.001562s ]

[ 2016-04-14T23:07:49+08:00 ] ::1 /boke/TP/index.php
INFO: [ app_init ] --START--
INFO: Run Behavior\BuildLiteBehavior [ RunTime:0.000018s ]
INFO: [ app_init ] --END-- [ RunTime:0.000352s ]
INFO: [ app_begin ] --START--
INFO: Run Behavior\ReadHtmlCacheBehavior [ RunTime:0.000474s ]
INFO: [ app_begin ] --END-- [ RunTime:0.000545s ]
SQL: SHOW COLUMNS FROM `book_errasy` [ RunTime:0.0093s ]
NOTIC: [2] Missing argument 1 for Think\Model::where(), called in D:\WWW\boke\TP\Application\Home\Controller\IndexController.class.php on line 10 and defined D:\WWW\boke\TP\ThinkPHP\Library\Think\Model.class.php 第 1777 行.
NOTIC: [8] Undefined variable: where D:\WWW\boke\TP\ThinkPHP\Library\Think\Model.class.php 第 1785 行.
NOTIC: [8] Undefined variable: where D:\WWW\boke\TP\ThinkPHP\Library\Think\Model.class.php 第 1788 行.
NOTIC: [8] Undefined variable: where D:\WWW\boke\TP\ThinkPHP\Library\Think\Model.class.php 第 1796 行.
NOTIC: [8] Undefined offset: 0 D:\WWW\boke\TP\ThinkPHP\Library\Think\Model.class.php 第 222 行.
SQL: SELECT * FROM `book_errasy` INNER JOIN book_errasy_fb on book_errasy.s_id=book_errasy_fb.s_id  LIMIT 0,5   [ RunTime:0.0012s ]
NOTIC: [2] Missing argument 1 for Think\Model::where(), called in D:\WWW\boke\TP\Application\Home\Controller\IndexController.class.php on line 13 and defined D:\WWW\boke\TP\ThinkPHP\Library\Think\Model.class.php 第 1777 行.
NOTIC: [8] Undefined variable: where D:\WWW\boke\TP\ThinkPHP\Library\Think\Model.class.php 第 1785 行.
NOTIC: [8] Undefined variable: where D:\WWW\boke\TP\ThinkPHP\Library\Think\Model.class.php 第 1788 行.
NOTIC: [8] Undefined variable: where D:\WWW\boke\TP\ThinkPHP\Library\Think\Model.class.php 第 1796 行.
SQL: SELECT COUNT(*) AS tp_count FROM `book_errasy` LIMIT 1   [ RunTime:0.0009s ]
INFO: [ view_parse ] --START--
INFO: [ template_filter ] --START--
INFO: Run Behavior\ContentReplaceBehavior [ RunTime:0.000208s ]
INFO: [ template_filter ] --END-- [ RunTime:0.000408s ]
INFO: Run Behavior\ParseTemplateBehavior [ RunTime:0.027780s ]
INFO: [ view_parse ] --END-- [ RunTime:0.028199s ]
INFO: [ view_filter ] --START--
INFO: Run Behavior\WriteHtmlCacheBehavior [ RunTime:0.001709s ]
INFO: [ view_filter ] --END-- [ RunTime:0.002023s ]
INFO: [ app_end ] --START--
INFO: Run Behavior\ShowPageTraceBehavior [ RunTime:0.001210s ]
INFO: [ app_end ] --END-- [ RunTime:0.001409s ]

[ 2016-04-14T23:07:51+08:00 ] ::1 /boke/TP/index.php/Home/Leave/shuo.html
INFO: [ app_init ] --START--
INFO: Run Behavior\BuildLiteBehavior [ RunTime:0.000017s ]
INFO: [ app_init ] --END-- [ RunTime:0.000347s ]
INFO: [ app_begin ] --START--
INFO: Run Behavior\ReadHtmlCacheBehavior [ RunTime:0.000549s ]
INFO: [ app_begin ] --END-- [ RunTime:0.000642s ]
SQL: SHOW COLUMNS FROM `book_leave` [ RunTime:0.0096s ]
SQL: SELECT * FROM `book_leave`  [ RunTime:0.0009s ]
INFO: [ view_parse ] --START--
INFO: [ template_filter ] --START--
INFO: Run Behavior\ContentReplaceBehavior [ RunTime:0.000146s ]
INFO: [ template_filter ] --END-- [ RunTime:0.000365s ]
INFO: Run Behavior\ParseTemplateBehavior [ RunTime:0.021039s ]
INFO: [ view_parse ] --END-- [ RunTime:0.021255s ]
INFO: [ view_filter ] --START--
INFO: Run Behavior\WriteHtmlCacheBehavior [ RunTime:0.000803s ]
INFO: [ view_filter ] --END-- [ RunTime:0.000969s ]
INFO: [ app_end ] --START--
INFO: Run Behavior\ShowPageTraceBehavior [ RunTime:0.001424s ]
INFO: [ app_end ] --END-- [ RunTime:0.001666s ]

[ 2016-04-14T23:33:50+08:00 ] ::1 /boke/TP/index.php
INFO: [ app_init ] --START--
INFO: Run Behavior\BuildLiteBehavior [ RunTime:0.000018s ]
INFO: [ app_init ] --END-- [ RunTime:0.000439s ]
INFO: [ app_begin ] --START--
INFO: Run Behavior\ReadHtmlCacheBehavior [ RunTime:0.000599s ]
INFO: [ app_begin ] --END-- [ RunTime:0.000676s ]
SQL: SHOW COLUMNS FROM `book_errasy` [ RunTime:0.0122s ]
NOTIC: [2] Missing argument 1 for Think\Model::where(), called in D:\WWW\boke\TP\Application\Home\Controller\IndexController.class.php on line 10 and defined D:\WWW\boke\TP\ThinkPHP\Library\Think\Model.class.php 第 1777 行.
NOTIC: [8] Undefined variable: where D:\WWW\boke\TP\ThinkPHP\Library\Think\Model.class.php 第 1785 行.
NOTIC: [8] Undefined variable: where D:\WWW\boke\TP\ThinkPHP\Library\Think\Model.class.php 第 1788 行.
NOTIC: [8] Undefined variable: where D:\WWW\boke\TP\ThinkPHP\Library\Think\Model.class.php 第 1796 行.
NOTIC: [8] Undefined offset: 0 D:\WWW\boke\TP\ThinkPHP\Library\Think\Model.class.php 第 222 行.
SQL: SELECT * FROM `book_errasy` INNER JOIN book_errasy_fb on book_errasy.s_id=book_errasy_fb.s_id  LIMIT 0,5   [ RunTime:0.0031s ]
NOTIC: [2] Missing argument 1 for Think\Model::where(), called in D:\WWW\boke\TP\Application\Home\Controller\IndexController.class.php on line 13 and defined D:\WWW\boke\TP\ThinkPHP\Library\Think\Model.class.php 第 1777 行.
NOTIC: [8] Undefined variable: where D:\WWW\boke\TP\ThinkPHP\Library\Think\Model.class.php 第 1785 行.
NOTIC: [8] Undefined variable: where D:\WWW\boke\TP\ThinkPHP\Library\Think\Model.class.php 第 1788 行.
NOTIC: [8] Undefined variable: where D:\WWW\boke\TP\ThinkPHP\Library\Think\Model.class.php 第 1796 行.
SQL: SELECT COUNT(*) AS tp_count FROM `book_errasy` LIMIT 1   [ RunTime:0.0008s ]
INFO: [ view_parse ] --START--
INFO: [ template_filter ] --START--
INFO: Run Behavior\ContentReplaceBehavior [ RunTime:0.000215s ]
INFO: [ template_filter ] --END-- [ RunTime:0.000418s ]
INFO: Run Behavior\ParseTemplateBehavior [ RunTime:0.033726s ]
INFO: [ view_parse ] --END-- [ RunTime:0.033990s ]
INFO: [ view_filter ] --START--
INFO: Run Behavior\WriteHtmlCacheBehavior [ RunTime:0.000948s ]
INFO: [ view_filter ] --END-- [ RunTime:0.001124s ]
INFO: [ app_end ] --START--
INFO: Run Behavior\ShowPageTraceBehavior [ RunTime:0.003123s ]
INFO: [ app_end ] --END-- [ RunTime:0.003513s ]

[ 2016-04-14T23:33:53+08:00 ] ::1 /boke/TP/index.php/Home/Leave/shuo.html
INFO: [ app_init ] --START--
INFO: Run Behavior\BuildLiteBehavior [ RunTime:0.000025s ]
INFO: [ app_init ] --END-- [ RunTime:0.000662s ]
INFO: [ app_begin ] --START--
INFO: Run Behavior\ReadHtmlCacheBehavior [ RunTime:0.000711s ]
INFO: [ app_begin ] --END-- [ RunTime:0.000822s ]
SQL: SHOW COLUMNS FROM `book_leave` [ RunTime:0.0043s ]
SQL: SELECT * FROM `book_leave`  [ RunTime:0.0005s ]
INFO: [ view_parse ] --START--
INFO: [ template_filter ] --START--
INFO: Run Behavior\ContentReplaceBehavior [ RunTime:0.000144s ]
INFO: [ template_filter ] --END-- [ RunTime:0.000337s ]
INFO: Run Behavior\ParseTemplateBehavior [ RunTime:0.023259s ]
INFO: [ view_parse ] --END-- [ RunTime:0.023436s ]
INFO: [ view_filter ] --START--
INFO: Run Behavior\WriteHtmlCacheBehavior [ RunTime:0.001178s ]
INFO: [ view_filter ] --END-- [ RunTime:0.001401s ]
INFO: [ app_end ] --START--
INFO: Run Behavior\ShowPageTraceBehavior [ RunTime:0.001694s ]
INFO: [ app_end ] --END-- [ RunTime:0.001906s ]

[ 2016-04-14T23:34:21+08:00 ] ::1 /boke/TP/index.php/Home/Leave/shuo.html
INFO: [ app_init ] --START--
INFO: Run Behavior\BuildLiteBehavior [ RunTime:0.000049s ]
INFO: [ app_init ] --END-- [ RunTime:0.001190s ]
INFO: [ app_begin ] --START--
INFO: Run Behavior\ReadHtmlCacheBehavior [ RunTime:0.001361s ]
INFO: [ app_begin ] --END-- [ RunTime:0.001571s ]
SQL: SHOW COLUMNS FROM `book_leave` [ RunTime:0.0084s ]
SQL: SELECT * FROM `book_leave`  [ RunTime:0.0009s ]
INFO: [ view_parse ] --START--
INFO: [ template_filter ] --START--
INFO: Run Behavior\ContentReplaceBehavior [ RunTime:0.000146s ]
INFO: [ template_filter ] --END-- [ RunTime:0.000342s ]
INFO: Run Behavior\ParseTemplateBehavior [ RunTime:0.023993s ]
INFO: [ view_parse ] --END-- [ RunTime:0.024255s ]
INFO: [ view_filter ] --START--
INFO: Run Behavior\WriteHtmlCacheBehavior [ RunTime:0.001574s ]
INFO: [ view_filter ] --END-- [ RunTime:0.001803s ]
INFO: [ app_end ] --START--
INFO: Run Behavior\ShowPageTraceBehavior [ RunTime:0.001954s ]
INFO: [ app_end ] --END-- [ RunTime:0.002288s ]

[ 2016-04-14T23:35:11+08:00 ] ::1 /boke/TP/index.php/Home/Leave/shuo.html
INFO: [ app_init ] --START--
INFO: Run Behavior\BuildLiteBehavior [ RunTime:0.000039s ]
INFO: [ app_init ] --END-- [ RunTime:0.001009s ]
INFO: [ app_begin ] --START--
INFO: Run Behavior\ReadHtmlCacheBehavior [ RunTime:0.001034s ]
INFO: [ app_begin ] --END-- [ RunTime:0.001168s ]
SQL: SHOW COLUMNS FROM `book_leave` [ RunTime:0.0080s ]
SQL: SELECT * FROM `book_leave`  [ RunTime:0.0023s ]
INFO: [ view_parse ] --START--
INFO: [ template_filter ] --START--
INFO: Run Behavior\ContentReplaceBehavior [ RunTime:0.000149s ]
INFO: [ template_filter ] --END-- [ RunTime:0.000349s ]
INFO: Run Behavior\ParseTemplateBehavior [ RunTime:0.029144s ]
INFO: [ view_parse ] --END-- [ RunTime:0.029417s ]
INFO: [ view_filter ] --START--
INFO: Run Behavior\WriteHtmlCacheBehavior [ RunTime:0.001289s ]
INFO: [ view_filter ] --END-- [ RunTime:0.001506s ]
INFO: [ app_end ] --START--
INFO: Run Behavior\ShowPageTraceBehavior [ RunTime:0.001783s ]
INFO: [ app_end ] --END-- [ RunTime:0.001970s ]

[ 2016-04-14T23:35:50+08:00 ] ::1 /boke/TP/index.php/Home/Leave/shuo.html
INFO: [ app_init ] --START--
INFO: Run Behavior\BuildLiteBehavior [ RunTime:0.000048s ]
INFO: [ app_init ] --END-- [ RunTime:0.001271s ]
INFO: [ app_begin ] --START--
INFO: Run Behavior\ReadHtmlCacheBehavior [ RunTime:0.001840s ]
INFO: [ app_begin ] --END-- [ RunTime:0.002107s ]
SQL: SHOW COLUMNS FROM `book_leave` [ RunTime:0.0087s ]
SQL: SELECT * FROM `book_leave`  [ RunTime:0.0011s ]
INFO: [ view_parse ] --START--
INFO: [ template_filter ] --START--
INFO: Run Behavior\ContentReplaceBehavior [ RunTime:0.000163s ]
INFO: [ template_filter ] --END-- [ RunTime:0.000367s ]
INFO: Run Behavior\ParseTemplateBehavior [ RunTime:0.023749s ]
INFO: [ view_parse ] --END-- [ RunTime:0.023970s ]
INFO: [ view_filter ] --START--
INFO: Run Behavior\WriteHtmlCacheBehavior [ RunTime:0.000975s ]
INFO: [ view_filter ] --END-- [ RunTime:0.001136s ]
INFO: [ app_end ] --START--
INFO: Run Behavior\ShowPageTraceBehavior [ RunTime:0.001706s ]
INFO: [ app_end ] --END-- [ RunTime:0.001884s ]

[ 2016-04-14T23:41:03+08:00 ] ::1 /boke/TP/index.php/Home/Leave/shuo.html
INFO: [ app_init ] --START--
INFO: Run Behavior\BuildLiteBehavior [ RunTime:0.000062s ]
INFO: [ app_init ] --END-- [ RunTime:0.001574s ]
INFO: [ app_begin ] --START--
INFO: Run Behavior\ReadHtmlCacheBehavior [ RunTime:0.001733s ]
INFO: [ app_begin ] --END-- [ RunTime:0.001949s ]
SQL: SHOW COLUMNS FROM `book_leave` [ RunTime:0.0108s ]
NOTIC: [2] Missing argument 1 for Think\Model::where(), called in D:\WWW\boke\TP\Application\Home\Controller\LeaveController.class.php on line 41 and defined D:\WWW\boke\TP\ThinkPHP\Library\Think\Model.class.php 第 1777 行.
NOTIC: [8] Undefined variable: where D:\WWW\boke\TP\ThinkPHP\Library\Think\Model.class.php 第 1785 行.
NOTIC: [8] Undefined variable: where D:\WWW\boke\TP\ThinkPHP\Library\Think\Model.class.php 第 1788 行.
NOTIC: [8] Undefined variable: where D:\WWW\boke\TP\ThinkPHP\Library\Think\Model.class.php 第 1796 行.
SQL: SELECT COUNT(*) AS tp_count FROM `book_leave` LIMIT 1   [ RunTime:0.0007s ]
NOTIC: [2] Missing argument 1 for Think\Model::where(), called in D:\WWW\boke\TP\Application\Home\Controller\LeaveController.class.php on line 44 and defined D:\WWW\boke\TP\ThinkPHP\Library\Think\Model.class.php 第 1777 行.
NOTIC: [8] Undefined variable: where D:\WWW\boke\TP\ThinkPHP\Library\Think\Model.class.php 第 1785 行.
NOTIC: [8] Undefined variable: where D:\WWW\boke\TP\ThinkPHP\Library\Think\Model.class.php 第 1788 行.
NOTIC: [8] Undefined variable: where D:\WWW\boke\TP\ThinkPHP\Library\Think\Model.class.php 第 1796 行.
NOTIC: [8] Undefined offset: 0 D:\WWW\boke\TP\ThinkPHP\Library\Think\Model.class.php 第 222 行.
SQL: SELECT * FROM `book_leave` LIMIT 0,6   [ RunTime:0.0010s ]
INFO: [ view_parse ] --START--
INFO: [ template_filter ] --START--
INFO: Run Behavior\ContentReplaceBehavior [ RunTime:0.000145s ]
INFO: [ template_filter ] --END-- [ RunTime:0.000342s ]
INFO: Run Behavior\ParseTemplateBehavior [ RunTime:0.025609s ]
INFO: [ view_parse ] --END-- [ RunTime:0.025943s ]
INFO: [ view_filter ] --START--
INFO: Run Behavior\WriteHtmlCacheBehavior [ RunTime:0.001268s ]
INFO: [ view_filter ] --END-- [ RunTime:0.001465s ]
INFO: [ app_end ] --START--
INFO: Run Behavior\ShowPageTraceBehavior [ RunTime:0.001790s ]
INFO: [ app_end ] --END-- [ RunTime:0.001970s ]

[ 2016-04-14T23:41:16+08:00 ] ::1 /boke/TP/index.php/Home/Index/index.html
INFO: [ app_init ] --START--
INFO: Run Behavior\BuildLiteBehavior [ RunTime:0.000018s ]
INFO: [ app_init ] --END-- [ RunTime:0.000394s ]
INFO: [ app_begin ] --START--
INFO: Run Behavior\ReadHtmlCacheBehavior [ RunTime:0.000660s ]
INFO: [ app_begin ] --END-- [ RunTime:0.000762s ]
SQL: SHOW COLUMNS FROM `book_errasy` [ RunTime:0.0135s ]
NOTIC: [2] Missing argument 1 for Think\Model::where(), called in D:\WWW\boke\TP\Application\Home\Controller\IndexController.class.php on line 10 and defined D:\WWW\boke\TP\ThinkPHP\Library\Think\Model.class.php 第 1777 行.
NOTIC: [8] Undefined variable: where D:\WWW\boke\TP\ThinkPHP\Library\Think\Model.class.php 第 1785 行.
NOTIC: [8] Undefined variable: where D:\WWW\boke\TP\ThinkPHP\Library\Think\Model.class.php 第 1788 行.
NOTIC: [8] Undefined variable: where D:\WWW\boke\TP\ThinkPHP\Library\Think\Model.class.php 第 1796 行.
NOTIC: [8] Undefined offset: 0 D:\WWW\boke\TP\ThinkPHP\Library\Think\Model.class.php 第 222 行.
SQL: SELECT * FROM `book_errasy` INNER JOIN book_errasy_fb on book_errasy.s_id=book_errasy_fb.s_id  LIMIT 0,5   [ RunTime:0.0014s ]
NOTIC: [2] Missing argument 1 for Think\Model::where(), called in D:\WWW\boke\TP\Application\Home\Controller\IndexController.class.php on line 13 and defined D:\WWW\boke\TP\ThinkPHP\Library\Think\Model.class.php 第 1777 行.
NOTIC: [8] Undefined variable: where D:\WWW\boke\TP\ThinkPHP\Library\Think\Model.class.php 第 1785 行.
NOTIC: [8] Undefined variable: where D:\WWW\boke\TP\ThinkPHP\Library\Think\Model.class.php 第 1788 行.
NOTIC: [8] Undefined variable: where D:\WWW\boke\TP\ThinkPHP\Library\Think\Model.class.php 第 1796 行.
SQL: SELECT COUNT(*) AS tp_count FROM `book_errasy` LIMIT 1   [ RunTime:0.0007s ]
INFO: [ view_parse ] --START--
INFO: [ template_filter ] --START--
INFO: Run Behavior\ContentReplaceBehavior [ RunTime:0.000301s ]
INFO: [ template_filter ] --END-- [ RunTime:0.000862s ]
INFO: Run Behavior\ParseTemplateBehavior [ RunTime:0.035977s ]
INFO: [ view_parse ] --END-- [ RunTime:0.036163s ]
INFO: [ view_filter ] --START--
INFO: Run Behavior\WriteHtmlCacheBehavior [ RunTime:0.000988s ]
INFO: [ view_filter ] --END-- [ RunTime:0.001113s ]
INFO: [ app_end ] --START--
INFO: Run Behavior\ShowPageTraceBehavior [ RunTime:0.001550s ]
INFO: [ app_end ] --END-- [ RunTime:0.001722s ]

[ 2016-04-14T23:42:02+08:00 ] ::1 /boke/TP/index.php/Home/Leave/shuo.html
INFO: [ app_init ] --START--
INFO: Run Behavior\BuildLiteBehavior [ RunTime:0.000019s ]
INFO: [ app_init ] --END-- [ RunTime:0.000427s ]
INFO: [ app_begin ] --START--
INFO: Run Behavior\ReadHtmlCacheBehavior [ RunTime:0.000504s ]
INFO: [ app_begin ] --END-- [ RunTime:0.000578s ]
SQL: SHOW COLUMNS FROM `book_leave` [ RunTime:0.0094s ]
NOTIC: [2] Missing argument 1 for Think\Model::where(), called in D:\WWW\boke\TP\Application\Home\Controller\LeaveController.class.php on line 41 and defined D:\WWW\boke\TP\ThinkPHP\Library\Think\Model.class.php 第 1777 行.
NOTIC: [8] Undefined variable: where D:\WWW\boke\TP\ThinkPHP\Library\Think\Model.class.php 第 1785 行.
NOTIC: [8] Undefined variable: where D:\WWW\boke\TP\ThinkPHP\Library\Think\Model.class.php 第 1788 行.
NOTIC: [8] Undefined variable: where D:\WWW\boke\TP\ThinkPHP\Library\Think\Model.class.php 第 1796 行.
SQL: SELECT COUNT(*) AS tp_count FROM `book_leave` LIMIT 1   [ RunTime:0.0006s ]
NOTIC: [2] Missing argument 1 for Think\Model::where(), called in D:\WWW\boke\TP\Application\Home\Controller\LeaveController.class.php on line 44 and defined D:\WWW\boke\TP\ThinkPHP\Library\Think\Model.class.php 第 1777 行.
NOTIC: [8] Undefined variable: where D:\WWW\boke\TP\ThinkPHP\Library\Think\Model.class.php 第 1785 行.
NOTIC: [8] Undefined variable: where D:\WWW\boke\TP\ThinkPHP\Library\Think\Model.class.php 第 1788 行.
NOTIC: [8] Undefined variable: where D:\WWW\boke\TP\ThinkPHP\Library\Think\Model.class.php 第 1796 行.
NOTIC: [8] Undefined offset: 0 D:\WWW\boke\TP\ThinkPHP\Library\Think\Model.class.php 第 222 行.
SQL: SELECT * FROM `book_leave` LIMIT 0,6   [ RunTime:0.0008s ]
INFO: [ view_parse ] --START--
INFO: [ template_filter ] --START--
INFO: Run Behavior\ContentReplaceBehavior [ RunTime:0.000258s ]
INFO: [ template_filter ] --END-- [ RunTime:0.000590s ]
INFO: Run Behavior\ParseTemplateBehavior [ RunTime:0.025544s ]
INFO: [ view_parse ] --END-- [ RunTime:0.025793s ]
INFO: [ view_filter ] --START--
INFO: Run Behavior\WriteHtmlCacheBehavior [ RunTime:0.001168s ]
INFO: [ view_filter ] --END-- [ RunTime:0.001454s ]
INFO: [ app_end ] --START--
INFO: Run Behavior\ShowPageTraceBehavior [ RunTime:0.001995s ]
INFO: [ app_end ] --END-- [ RunTime:0.003344s ]

[ 2016-04-14T23:42:34+08:00 ] ::1 /boke/TP/index.php/Home/Leave/shuo.html
INFO: [ app_init ] --START--
INFO: Run Behavior\BuildLiteBehavior [ RunTime:0.000048s ]
INFO: [ app_init ] --END-- [ RunTime:0.001204s ]
INFO: [ app_begin ] --START--
INFO: Run Behavior\ReadHtmlCacheBehavior [ RunTime:0.001710s ]
INFO: [ app_begin ] --END-- [ RunTime:0.001932s ]
SQL: SHOW COLUMNS FROM `book_leave` [ RunTime:0.0125s ]
NOTIC: [2] Missing argument 1 for Think\Model::where(), called in D:\WWW\boke\TP\Application\Home\Controller\LeaveController.class.php on line 41 and defined D:\WWW\boke\TP\ThinkPHP\Library\Think\Model.class.php 第 1777 行.
NOTIC: [8] Undefined variable: where D:\WWW\boke\TP\ThinkPHP\Library\Think\Model.class.php 第 1785 行.
NOTIC: [8] Undefined variable: where D:\WWW\boke\TP\ThinkPHP\Library\Think\Model.class.php 第 1788 行.
NOTIC: [8] Undefined variable: where D:\WWW\boke\TP\ThinkPHP\Library\Think\Model.class.php 第 1796 行.
SQL: SELECT COUNT(*) AS tp_count FROM `book_leave` LIMIT 1   [ RunTime:0.0010s ]
NOTIC: [2] Missing argument 1 for Think\Model::where(), called in D:\WWW\boke\TP\Application\Home\Controller\LeaveController.class.php on line 44 and defined D:\WWW\boke\TP\ThinkPHP\Library\Think\Model.class.php 第 1777 行.
NOTIC: [8] Undefined variable: where D:\WWW\boke\TP\ThinkPHP\Library\Think\Model.class.php 第 1785 行.
NOTIC: [8] Undefined variable: where D:\WWW\boke\TP\ThinkPHP\Library\Think\Model.class.php 第 1788 行.
NOTIC: [8] Undefined variable: where D:\WWW\boke\TP\ThinkPHP\Library\Think\Model.class.php 第 1796 行.
NOTIC: [8] Undefined offset: 0 D:\WWW\boke\TP\ThinkPHP\Library\Think\Model.class.php 第 222 行.
SQL: SELECT * FROM `book_leave` LIMIT 0,6   [ RunTime:0.0015s ]
INFO: [ view_parse ] --START--
INFO: [ template_filter ] --START--
INFO: Run Behavior\ContentReplaceBehavior [ RunTime:0.000511s ]
INFO: [ template_filter ] --END-- [ RunTime:0.000878s ]
INFO: Run Behavior\ParseTemplateBehavior [ RunTime:0.042660s ]
INFO: [ view_parse ] --END-- [ RunTime:0.043089s ]
INFO: [ view_filter ] --START--
INFO: Run Behavior\WriteHtmlCacheBehavior [ RunTime:0.001909s ]
INFO: [ view_filter ] --END-- [ RunTime:0.002154s ]
INFO: [ app_end ] --START--
INFO: Run Behavior\ShowPageTraceBehavior [ RunTime:0.001612s ]
INFO: [ app_end ] --END-- [ RunTime:0.001791s ]

[ 2016-04-14T23:42:37+08:00 ] ::1 /boke/TP/index.php/Home/Leave/shuo/p/2.html
INFO: [ app_init ] --START--
INFO: Run Behavior\BuildLiteBehavior [ RunTime:0.000018s ]
INFO: [ app_init ] --END-- [ RunTime:0.000378s ]
INFO: [ app_begin ] --START--
INFO: Run Behavior\ReadHtmlCacheBehavior [ RunTime:0.000818s ]
INFO: [ app_begin ] --END-- [ RunTime:0.000913s ]
SQL: SHOW COLUMNS FROM `book_leave` [ RunTime:0.0100s ]
NOTIC: [2] Missing argument 1 for Think\Model::where(), called in D:\WWW\boke\TP\Application\Home\Controller\LeaveController.class.php on line 41 and defined D:\WWW\boke\TP\ThinkPHP\Library\Think\Model.class.php 第 1777 行.
NOTIC: [8] Undefined variable: where D:\WWW\boke\TP\ThinkPHP\Library\Think\Model.class.php 第 1785 行.
NOTIC: [8] Undefined variable: where D:\WWW\boke\TP\ThinkPHP\Library\Think\Model.class.php 第 1788 行.
NOTIC: [8] Undefined variable: where D:\WWW\boke\TP\ThinkPHP\Library\Think\Model.class.php 第 1796 行.
SQL: SELECT COUNT(*) AS tp_count FROM `book_leave` LIMIT 1   [ RunTime:0.0006s ]
NOTIC: [2] Missing argument 1 for Think\Model::where(), called in D:\WWW\boke\TP\Application\Home\Controller\LeaveController.class.php on line 44 and defined D:\WWW\boke\TP\ThinkPHP\Library\Think\Model.class.php 第 1777 行.
NOTIC: [8] Undefined variable: where D:\WWW\boke\TP\ThinkPHP\Library\Think\Model.class.php 第 1785 行.
NOTIC: [8] Undefined variable: where D:\WWW\boke\TP\ThinkPHP\Library\Think\Model.class.php 第 1788 行.
NOTIC: [8] Undefined variable: where D:\WWW\boke\TP\ThinkPHP\Library\Think\Model.class.php 第 1796 行.
NOTIC: [8] Undefined offset: 0 D:\WWW\boke\TP\ThinkPHP\Library\Think\Model.class.php 第 222 行.
SQL: SELECT * FROM `book_leave` LIMIT 6,6   [ RunTime:0.0010s ]
INFO: [ view_parse ] --START--
INFO: [ template_filter ] --START--
INFO: Run Behavior\ContentReplaceBehavior [ RunTime:0.000150s ]
INFO: [ template_filter ] --END-- [ RunTime:0.000350s ]
INFO: Run Behavior\ParseTemplateBehavior [ RunTime:0.022844s ]
INFO: [ view_parse ] --END-- [ RunTime:0.023059s ]
INFO: [ view_filter ] --START--
INFO: Run Behavior\WriteHtmlCacheBehavior [ RunTime:0.000754s ]
INFO: [ view_filter ] --END-- [ RunTime:0.000939s ]
INFO: [ app_end ] --START--
INFO: Run Behavior\ShowPageTraceBehavior [ RunTime:0.001358s ]
INFO: [ app_end ] --END-- [ RunTime:0.001532s ]

[ 2016-04-14T23:42:40+08:00 ] ::1 /boke/TP/index.php/Home/Leave/shuo/p/1.html
INFO: [ app_init ] --START--
INFO: Run Behavior\BuildLiteBehavior [ RunTime:0.000017s ]
INFO: [ app_init ] --END-- [ RunTime:0.000352s ]
INFO: [ app_begin ] --START--
INFO: Run Behavior\ReadHtmlCacheBehavior [ RunTime:0.000471s ]
INFO: [ app_begin ] --END-- [ RunTime:0.000543s ]
SQL: SHOW COLUMNS FROM `book_leave` [ RunTime:0.0117s ]
NOTIC: [2] Missing argument 1 for Think\Model::where(), called in D:\WWW\boke\TP\Application\Home\Controller\LeaveController.class.php on line 41 and defined D:\WWW\boke\TP\ThinkPHP\Library\Think\Model.class.php 第 1777 行.
NOTIC: [8] Undefined variable: where D:\WWW\boke\TP\ThinkPHP\Library\Think\Model.class.php 第 1785 行.
NOTIC: [8] Undefined variable: where D:\WWW\boke\TP\ThinkPHP\Library\Think\Model.class.php 第 1788 行.
NOTIC: [8] Undefined variable: where D:\WWW\boke\TP\ThinkPHP\Library\Think\Model.class.php 第 1796 行.
SQL: SELECT COUNT(*) AS tp_count FROM `book_leave` LIMIT 1   [ RunTime:0.0010s ]
NOTIC: [2] Missing argument 1 for Think\Model::where(), called in D:\WWW\boke\TP\Application\Home\Controller\LeaveController.class.php on line 44 and defined D:\WWW\boke\TP\ThinkPHP\Library\Think\Model.class.php 第 1777 行.
NOTIC: [8] Undefined variable: where D:\WWW\boke\TP\ThinkPHP\Library\Think\Model.class.php 第 1785 行.
NOTIC: [8] Undefined variable: where D:\WWW\boke\TP\ThinkPHP\Library\Think\Model.class.php 第 1788 行.
NOTIC: [8] Undefined variable: where D:\WWW\boke\TP\ThinkPHP\Library\Think\Model.class.php 第 1796 行.
NOTIC: [8] Undefined offset: 0 D:\WWW\boke\TP\ThinkPHP\Library\Think\Model.class.php 第 222 行.
SQL: SELECT * FROM `book_leave` LIMIT 0,6   [ RunTime:0.0014s ]
INFO: [ view_parse ] --START--
INFO: [ template_filter ] --START--
INFO: Run Behavior\ContentReplaceBehavior [ RunTime:0.000860s ]
INFO: [ template_filter ] --END-- [ RunTime:0.001277s ]
INFO: Run Behavior\ParseTemplateBehavior [ RunTime:0.028582s ]
INFO: [ view_parse ] --END-- [ RunTime:0.028885s ]
INFO: [ view_filter ] --START--
INFO: Run Behavior\WriteHtmlCacheBehavior [ RunTime:0.001026s ]
INFO: [ view_filter ] --END-- [ RunTime:0.001209s ]
INFO: [ app_end ] --START--
INFO: Run Behavior\ShowPageTraceBehavior [ RunTime:0.001995s ]
INFO: [ app_end ] --END-- [ RunTime:0.002201s ]

[ 2016-04-14T23:42:44+08:00 ] ::1 /boke/TP/index.php/Home/Index/shuo.html
INFO: [ app_init ] --START--
INFO: Run Behavior\BuildLiteBehavior [ RunTime:0.000017s ]
INFO: [ app_init ] --END-- [ RunTime:0.000345s ]
INFO: [ app_begin ] --START--
INFO: Run Behavior\ReadHtmlCacheBehavior [ RunTime:0.000504s ]
INFO: [ app_begin ] --END-- [ RunTime:0.000577s ]
INFO: [ view_parse ] --START--
INFO: [ template_filter ] --START--
INFO: Run Behavior\ContentReplaceBehavior [ RunTime:0.000064s ]
INFO: [ template_filter ] --END-- [ RunTime:0.000140s ]
NOTIC: [8] Undefined variable: res D:\WWW\boke\TP\Application\Runtime\Cache\Home\baa1a3ef49dbc0bba4654d1553261bfa.php 第 41 行.
INFO: Run Behavior\ParseTemplateBehavior [ RunTime:0.008664s ]
INFO: [ view_parse ] --END-- [ RunTime:0.008735s ]
INFO: [ view_filter ] --START--
INFO: Run Behavior\WriteHtmlCacheBehavior [ RunTime:0.000248s ]
INFO: [ view_filter ] --END-- [ RunTime:0.000303s ]
INFO: [ app_end ] --START--
INFO: Run Behavior\ShowPageTraceBehavior [ RunTime:0.000687s ]
INFO: [ app_end ] --END-- [ RunTime:0.000789s ]

[ 2016-04-14T23:42:45+08:00 ] ::1 /boke/TP/index.php/Home/Index/shuo.html
INFO: [ app_init ] --START--
INFO: Run Behavior\BuildLiteBehavior [ RunTime:0.000033s ]
INFO: [ app_init ] --END-- [ RunTime:0.000557s ]
INFO: [ app_begin ] --START--
INFO: Run Behavior\ReadHtmlCacheBehavior [ RunTime:0.000847s ]
INFO: [ app_begin ] --END-- [ RunTime:0.001000s ]
INFO: [ view_parse ] --START--
INFO: [ template_filter ] --START--
INFO: Run Behavior\ContentReplaceBehavior [ RunTime:0.000136s ]
INFO: [ template_filter ] --END-- [ RunTime:0.000313s ]
NOTIC: [8] Undefined variable: res D:\WWW\boke\TP\Application\Runtime\Cache\Home\baa1a3ef49dbc0bba4654d1553261bfa.php 第 41 行.
INFO: Run Behavior\ParseTemplateBehavior [ RunTime:0.012076s ]
INFO: [ view_parse ] --END-- [ RunTime:0.012183s ]
INFO: [ view_filter ] --START--
INFO: Run Behavior\WriteHtmlCacheBehavior [ RunTime:0.000380s ]
INFO: [ view_filter ] --END-- [ RunTime:0.000483s ]
INFO: [ app_end ] --START--
INFO: Run Behavior\ShowPageTraceBehavior [ RunTime:0.000787s ]
INFO: [ app_end ] --END-- [ RunTime:0.000899s ]

[ 2016-04-14T23:42:46+08:00 ] ::1 /boke/TP/index.php/Home/Index/shuo.html
INFO: [ app_init ] --START--
INFO: Run Behavior\BuildLiteBehavior [ RunTime:0.000020s ]
INFO: [ app_init ] --END-- [ RunTime:0.000455s ]
INFO: [ app_begin ] --START--
INFO: Run Behavior\ReadHtmlCacheBehavior [ RunTime:0.000563s ]
INFO: [ app_begin ] --END-- [ RunTime:0.000652s ]
INFO: [ view_parse ] --START--
INFO: [ template_filter ] --START--
INFO: Run Behavior\ContentReplaceBehavior [ RunTime:0.000069s ]
INFO: [ template_filter ] --END-- [ RunTime:0.000162s ]
NOTIC: [8] Undefined variable: res D:\WWW\boke\TP\Application\Runtime\Cache\Home\baa1a3ef49dbc0bba4654d1553261bfa.php 第 41 行.
INFO: Run Behavior\ParseTemplateBehavior [ RunTime:0.009134s ]
INFO: [ view_parse ] --END-- [ RunTime:0.009212s ]
INFO: [ view_filter ] --START--
INFO: Run Behavior\WriteHtmlCacheBehavior [ RunTime:0.000276s ]
INFO: [ view_filter ] --END-- [ RunTime:0.000333s ]
INFO: [ app_end ] --START--
INFO: Run Behavior\ShowPageTraceBehavior [ RunTime:0.000482s ]
INFO: [ app_end ] --END-- [ RunTime:0.000544s ]

[ 2016-04-14T23:42:47+08:00 ] ::1 /boke/TP/index.php/Home/Index/shuo.html
INFO: [ app_init ] --START--
INFO: Run Behavior\BuildLiteBehavior [ RunTime:0.000032s ]
INFO: [ app_init ] --END-- [ RunTime:0.000623s ]
INFO: [ app_begin ] --START--
INFO: Run Behavior\ReadHtmlCacheBehavior [ RunTime:0.000847s ]
INFO: [ app_begin ] --END-- [ RunTime:0.000983s ]
INFO: [ view_parse ] --START--
INFO: [ template_filter ] --START--
INFO: Run Behavior\ContentReplaceBehavior [ RunTime:0.000067s ]
INFO: [ template_filter ] --END-- [ RunTime:0.000151s ]
NOTIC: [8] Undefined variable: res D:\WWW\boke\TP\Application\Runtime\Cache\Home\baa1a3ef49dbc0bba4654d1553261bfa.php 第 41 行.
INFO: Run Behavior\ParseTemplateBehavior [ RunTime:0.011158s ]
INFO: [ view_parse ] --END-- [ RunTime:0.011262s ]
INFO: [ view_filter ] --START--
INFO: Run Behavior\WriteHtmlCacheBehavior [ RunTime:0.000445s ]
INFO: [ view_filter ] --END-- [ RunTime:0.000521s ]
INFO: [ app_end ] --START--
INFO: Run Behavior\ShowPageTraceBehavior [ RunTime:0.000638s ]
INFO: [ app_end ] --END-- [ RunTime:0.000709s ]

[ 2016-04-14T23:44:07+08:00 ] ::1 /boke/TP/index.php/Home/Index/shuo.html
INFO: [ app_init ] --START--
INFO: Run Behavior\BuildLiteBehavior [ RunTime:0.000021s ]
INFO: [ app_init ] --END-- [ RunTime:0.000436s ]
INFO: [ app_begin ] --START--
INFO: Run Behavior\ReadHtmlCacheBehavior [ RunTime:0.000506s ]
INFO: [ app_begin ] --END-- [ RunTime:0.000580s ]
INFO: [ view_parse ] --START--
INFO: [ template_filter ] --START--
INFO: Run Behavior\ContentReplaceBehavior [ RunTime:0.000082s ]
INFO: [ template_filter ] --END-- [ RunTime:0.000160s ]
NOTIC: [8] Undefined variable: res D:\WWW\boke\TP\Application\Runtime\Cache\Home\baa1a3ef49dbc0bba4654d1553261bfa.php 第 41 行.
INFO: Run Behavior\ParseTemplateBehavior [ RunTime:0.007792s ]
INFO: [ view_parse ] --END-- [ RunTime:0.007864s ]
INFO: [ view_filter ] --START--
INFO: Run Behavior\WriteHtmlCacheBehavior [ RunTime:0.000244s ]
INFO: [ view_filter ] --END-- [ RunTime:0.000300s ]
INFO: [ app_end ] --START--
INFO: Run Behavior\ShowPageTraceBehavior [ RunTime:0.000498s ]
INFO: [ app_end ] --END-- [ RunTime:0.000560s ]

[ 2016-04-14T23:44:09+08:00 ] ::1 /boke/TP/index.php/Home/Index/shuo.html
INFO: [ app_init ] --START--
INFO: Run Behavior\BuildLiteBehavior [ RunTime:0.000017s ]
INFO: [ app_init ] --END-- [ RunTime:0.000368s ]
INFO: [ app_begin ] --START--
INFO: Run Behavior\ReadHtmlCacheBehavior [ RunTime:0.000484s ]
INFO: [ app_begin ] --END-- [ RunTime:0.000555s ]
INFO: [ view_parse ] --START--
INFO: [ template_filter ] --START--
INFO: Run Behavior\ContentReplaceBehavior [ RunTime:0.000082s ]
INFO: [ template_filter ] --END-- [ RunTime:0.000166s ]
NOTIC: [8] Undefined variable: res D:\WWW\boke\TP\Application\Runtime\Cache\Home\baa1a3ef49dbc0bba4654d1553261bfa.php 第 41 行.
INFO: Run Behavior\ParseTemplateBehavior [ RunTime:0.008825s ]
INFO: [ view_parse ] --END-- [ RunTime:0.008898s ]
INFO: [ view_filter ] --START--
INFO: Run Behavior\WriteHtmlCacheBehavior [ RunTime:0.000301s ]
INFO: [ view_filter ] --END-- [ RunTime:0.000380s ]
INFO: [ app_end ] --START--
INFO: Run Behavior\ShowPageTraceBehavior [ RunTime:0.000517s ]
INFO: [ app_end ] --END-- [ RunTime:0.000590s ]

[ 2016-04-14T23:44:11+08:00 ] ::1 /boke/TP/index.php/Home/Index/shuo.html
INFO: [ app_init ] --START--
INFO: Run Behavior\BuildLiteBehavior [ RunTime:0.000018s ]
INFO: [ app_init ] --END-- [ RunTime:0.000349s ]
INFO: [ app_begin ] --START--
INFO: Run Behavior\ReadHtmlCacheBehavior [ RunTime:0.000472s ]
INFO: [ app_begin ] --END-- [ RunTime:0.000542s ]
INFO: [ view_parse ] --START--
INFO: [ template_filter ] --START--
INFO: Run Behavior\ContentReplaceBehavior [ RunTime:0.000065s ]
INFO: [ template_filter ] --END-- [ RunTime:0.000140s ]
NOTIC: [8] Undefined variable: res D:\WWW\boke\TP\Application\Runtime\Cache\Home\baa1a3ef49dbc0bba4654d1553261bfa.php 第 41 行.
INFO: Run Behavior\ParseTemplateBehavior [ RunTime:0.008488s ]
INFO: [ view_parse ] --END-- [ RunTime:0.008562s ]
INFO: [ view_filter ] --START--
INFO: Run Behavior\WriteHtmlCacheBehavior [ RunTime:0.000282s ]
INFO: [ view_filter ] --END-- [ RunTime:0.000353s ]
INFO: [ app_end ] --START--
INFO: Run Behavior\ShowPageTraceBehavior [ RunTime:0.000498s ]
INFO: [ app_end ] --END-- [ RunTime:0.000561s ]

[ 2016-04-14T23:44:13+08:00 ] ::1 /boke/TP/index.php/Home/Index/shuo.html
INFO: [ app_init ] --START--
INFO: Run Behavior\BuildLiteBehavior [ RunTime:0.000024s ]
INFO: [ app_init ] --END-- [ RunTime:0.000520s ]
INFO: [ app_begin ] --START--
INFO: Run Behavior\ReadHtmlCacheBehavior [ RunTime:0.000568s ]
INFO: [ app_begin ] --END-- [ RunTime:0.000681s ]
INFO: [ view_parse ] --START--
INFO: [ template_filter ] --START--
INFO: Run Behavior\ContentReplaceBehavior [ RunTime:0.000068s ]
INFO: [ template_filter ] --END-- [ RunTime:0.000143s ]
NOTIC: [8] Undefined variable: res D:\WWW\boke\TP\Application\Runtime\Cache\Home\baa1a3ef49dbc0bba4654d1553261bfa.php 第 41 行.
INFO: Run Behavior\ParseTemplateBehavior [ RunTime:0.008157s ]
INFO: [ view_parse ] --END-- [ RunTime:0.008359s ]
INFO: [ view_filter ] --START--
INFO: Run Behavior\WriteHtmlCacheBehavior [ RunTime:0.000968s ]
INFO: [ view_filter ] --END-- [ RunTime:0.001180s ]
INFO: [ app_end ] --START--
INFO: Run Behavior\ShowPageTraceBehavior [ RunTime:0.000517s ]
INFO: [ app_end ] --END-- [ RunTime:0.000583s ]

[ 2016-04-14T23:44:18+08:00 ] ::1 /boke/TP/index.php/Home/Index/shuo.html
INFO: [ app_init ] --START--
INFO: Run Behavior\BuildLiteBehavior [ RunTime:0.000017s ]
INFO: [ app_init ] --END-- [ RunTime:0.000346s ]
INFO: [ app_begin ] --START--
INFO: Run Behavior\ReadHtmlCacheBehavior [ RunTime:0.000523s ]
INFO: [ app_begin ] --END-- [ RunTime:0.000616s ]
INFO: [ view_parse ] --START--
INFO: [ template_filter ] --START--
INFO: Run Behavior\ContentReplaceBehavior [ RunTime:0.000072s ]
INFO: [ template_filter ] --END-- [ RunTime:0.000164s ]
NOTIC: [8] Undefined variable: res D:\WWW\boke\TP\Application\Runtime\Cache\Home\baa1a3ef49dbc0bba4654d1553261bfa.php 第 41 行.
INFO: Run Behavior\ParseTemplateBehavior [ RunTime:0.007925s ]
INFO: [ view_parse ] --END-- [ RunTime:0.008005s ]
INFO: [ view_filter ] --START--
INFO: Run Behavior\WriteHtmlCacheBehavior [ RunTime:0.000247s ]
INFO: [ view_filter ] --END-- [ RunTime:0.000304s ]
INFO: [ app_end ] --START--
INFO: Run Behavior\ShowPageTraceBehavior [ RunTime:0.000492s ]
INFO: [ app_end ] --END-- [ RunTime:0.000555s ]

[ 2016-04-14T23:46:00+08:00 ] ::1 /boke/TP/index.php/Home/Index/shuo.html
INFO: [ app_init ] --START--
INFO: Run Behavior\BuildLiteBehavior [ RunTime:0.000022s ]
INFO: [ app_init ] --END-- [ RunTime:0.000446s ]
INFO: [ app_begin ] --START--
INFO: Run Behavior\ReadHtmlCacheBehavior [ RunTime:0.000587s ]
INFO: [ app_begin ] --END-- [ RunTime:0.000663s ]
INFO: [ view_parse ] --START--
INFO: [ template_filter ] --START--
INFO: Run Behavior\ContentReplaceBehavior [ RunTime:0.000065s ]
INFO: [ template_filter ] --END-- [ RunTime:0.000140s ]
NOTIC: [8] Undefined variable: res D:\WWW\boke\TP\Application\Runtime\Cache\Home\baa1a3ef49dbc0bba4654d1553261bfa.php 第 41 行.
INFO: Run Behavior\ParseTemplateBehavior [ RunTime:0.009644s ]
INFO: [ view_parse ] --END-- [ RunTime:0.009724s ]
INFO: [ view_filter ] --START--
INFO: Run Behavior\WriteHtmlCacheBehavior [ RunTime:0.000337s ]
INFO: [ view_filter ] --END-- [ RunTime:0.000394s ]
INFO: [ app_end ] --START--
INFO: Run Behavior\ShowPageTraceBehavior [ RunTime:0.000621s ]
INFO: [ app_end ] --END-- [ RunTime:0.000686s ]

[ 2016-04-14T23:46:03+08:00 ] ::1 /boke/TP/index.php/Home/Leave/shuo.html
INFO: [ app_init ] --START--
INFO: Run Behavior\BuildLiteBehavior [ RunTime:0.000027s ]
INFO: [ app_init ] --END-- [ RunTime:0.000541s ]
INFO: [ app_begin ] --START--
INFO: Run Behavior\ReadHtmlCacheBehavior [ RunTime:0.000489s ]
INFO: [ app_begin ] --END-- [ RunTime:0.000563s ]
SQL: SHOW COLUMNS FROM `book_leave` [ RunTime:0.0083s ]
NOTIC: [2] Missing argument 1 for Think\Model::where(), called in D:\WWW\boke\TP\Application\Home\Controller\LeaveController.class.php on line 41 and defined D:\WWW\boke\TP\ThinkPHP\Library\Think\Model.class.php 第 1777 行.
NOTIC: [8] Undefined variable: where D:\WWW\boke\TP\ThinkPHP\Library\Think\Model.class.php 第 1785 行.
NOTIC: [8] Undefined variable: where D:\WWW\boke\TP\ThinkPHP\Library\Think\Model.class.php 第 1788 行.
NOTIC: [8] Undefined variable: where D:\WWW\boke\TP\ThinkPHP\Library\Think\Model.class.php 第 1796 行.
SQL: SELECT COUNT(*) AS tp_count FROM `book_leave` LIMIT 1   [ RunTime:0.0009s ]
NOTIC: [2] Missing argument 1 for Think\Model::where(), called in D:\WWW\boke\TP\Application\Home\Controller\LeaveController.class.php on line 44 and defined D:\WWW\boke\TP\ThinkPHP\Library\Think\Model.class.php 第 1777 行.
NOTIC: [8] Undefined variable: where D:\WWW\boke\TP\ThinkPHP\Library\Think\Model.class.php 第 1785 行.
NOTIC: [8] Undefined variable: where D:\WWW\boke\TP\ThinkPHP\Library\Think\Model.class.php 第 1788 行.
NOTIC: [8] Undefined variable: where D:\WWW\boke\TP\ThinkPHP\Library\Think\Model.class.php 第 1796 行.
NOTIC: [8] Undefined offset: 0 D:\WWW\boke\TP\ThinkPHP\Library\Think\Model.class.php 第 222 行.
SQL: SELECT * FROM `book_leave` LIMIT 0,6   [ RunTime:0.0011s ]
INFO: [ view_parse ] --START--
INFO: [ template_filter ] --START--
INFO: Run Behavior\ContentReplaceBehavior [ RunTime:0.000150s ]
INFO: [ template_filter ] --END-- [ RunTime:0.000342s ]
INFO: Run Behavior\ParseTemplateBehavior [ RunTime:0.020980s ]
INFO: [ view_parse ] --END-- [ RunTime:0.021238s ]
INFO: [ view_filter ] --START--
INFO: Run Behavior\WriteHtmlCacheBehavior [ RunTime:0.000690s ]
INFO: [ view_filter ] --END-- [ RunTime:0.000850s ]
INFO: [ app_end ] --START--
INFO: Run Behavior\ShowPageTraceBehavior [ RunTime:0.001550s ]
INFO: [ app_end ] --END-- [ RunTime:0.001735s ]

[ 2016-04-14T23:46:07+08:00 ] ::1 /boke/TP/index.php/Home/Diary/riji.html
INFO: [ app_init ] --START--
INFO: Run Behavior\BuildLiteBehavior [ RunTime:0.000019s ]
INFO: [ app_init ] --END-- [ RunTime:0.000369s ]
INFO: [ app_begin ] --START--
INFO: Run Behavior\ReadHtmlCacheBehavior [ RunTime:0.000506s ]
INFO: [ app_begin ] --END-- [ RunTime:0.000584s ]
SQL: SHOW COLUMNS FROM `book_shuoshuo` [ RunTime:0.0110s ]
NOTIC: [2] Missing argument 1 for Think\Model::where(), called in D:\WWW\boke\TP\Application\Home\Controller\DiaryController.class.php on line 12 and defined D:\WWW\boke\TP\ThinkPHP\Library\Think\Model.class.php 第 1777 行.
NOTIC: [8] Undefined variable: where D:\WWW\boke\TP\ThinkPHP\Library\Think\Model.class.php 第 1785 行.
NOTIC: [8] Undefined variable: where D:\WWW\boke\TP\ThinkPHP\Library\Think\Model.class.php 第 1788 行.
NOTIC: [8] Undefined variable: where D:\WWW\boke\TP\ThinkPHP\Library\Think\Model.class.php 第 1796 行.
NOTIC: [8] Undefined offset: 0 D:\WWW\boke\TP\ThinkPHP\Library\Think\Model.class.php 第 222 行.
SQL: SELECT * FROM `book_shuoshuo` LIMIT 0,5   [ RunTime:0.0011s ]
NOTIC: [2] Missing argument 1 for Think\Model::where(), called in D:\WWW\boke\TP\Application\Home\Controller\DiaryController.class.php on line 15 and defined D:\WWW\boke\TP\ThinkPHP\Library\Think\Model.class.php 第 1777 行.
NOTIC: [8] Undefined variable: where D:\WWW\boke\TP\ThinkPHP\Library\Think\Model.class.php 第 1785 行.
NOTIC: [8] Undefined variable: where D:\WWW\boke\TP\ThinkPHP\Library\Think\Model.class.php 第 1788 行.
NOTIC: [8] Undefined variable: where D:\WWW\boke\TP\ThinkPHP\Library\Think\Model.class.php 第 1796 行.
SQL: SELECT COUNT(*) AS tp_count FROM `book_shuoshuo` LIMIT 1   [ RunTime:0.0006s ]
INFO: [ view_parse ] --START--
INFO: [ template_filter ] --START--
INFO: Run Behavior\ContentReplaceBehavior [ RunTime:0.000195s ]
INFO: [ template_filter ] --END-- [ RunTime:0.000409s ]
INFO: Run Behavior\ParseTemplateBehavior [ RunTime:0.025964s ]
INFO: [ view_parse ] --END-- [ RunTime:0.026165s ]
INFO: [ view_filter ] --START--
INFO: Run Behavior\WriteHtmlCacheBehavior [ RunTime:0.000476s ]
INFO: [ view_filter ] --END-- [ RunTime:0.000573s ]
INFO: [ app_end ] --START--
INFO: Run Behavior\ShowPageTraceBehavior [ RunTime:0.000981s ]
INFO: [ app_end ] --END-- [ RunTime:0.001105s ]

[ 2016-04-14T23:46:11+08:00 ] ::1 /boke/TP/index.php/Home/Photo/xc.html
INFO: [ app_init ] --START--
INFO: Run Behavior\BuildLiteBehavior [ RunTime:0.000018s ]
INFO: [ app_init ] --END-- [ RunTime:0.000361s ]
INFO: [ app_begin ] --START--
INFO: Run Behavior\ReadHtmlCacheBehavior [ RunTime:0.000491s ]
INFO: [ app_begin ] --END-- [ RunTime:0.000565s ]
INFO: [ view_parse ] --START--
INFO: [ template_filter ] --START--
INFO: Run Behavior\ContentReplaceBehavior [ RunTime:0.000114s ]
INFO: [ template_filter ] --END-- [ RunTime:0.000191s ]
INFO: Run Behavior\ParseTemplateBehavior [ RunTime:0.007579s ]
INFO: [ view_parse ] --END-- [ RunTime:0.007658s ]
INFO: [ view_filter ] --START--
INFO: Run Behavior\WriteHtmlCacheBehavior [ RunTime:0.000293s ]
INFO: [ view_filter ] --END-- [ RunTime:0.000356s ]
INFO: [ app_end ] --START--
INFO: Run Behavior\ShowPageTraceBehavior [ RunTime:0.000783s ]
INFO: [ app_end ] --END-- [ RunTime:0.000885s ]

[ 2016-04-14T23:46:56+08:00 ] ::1 /boke/TP/index.php/Home/Photo/xc.html
INFO: [ app_init ] --START--
INFO: Run Behavior\BuildLiteBehavior [ RunTime:0.000063s ]
INFO: [ app_init ] --END-- [ RunTime:0.001275s ]
INFO: [ app_begin ] --START--
INFO: Run Behavior\ReadHtmlCacheBehavior [ RunTime:0.000719s ]
INFO: [ app_begin ] --END-- [ RunTime:0.000814s ]
INFO: [ view_parse ] --START--
INFO: [ template_filter ] --START--
INFO: Run Behavior\ContentReplaceBehavior [ RunTime:0.000106s ]
INFO: [ template_filter ] --END-- [ RunTime:0.000187s ]
INFO: Run Behavior\ParseTemplateBehavior [ RunTime:0.008570s ]
INFO: [ view_parse ] --END-- [ RunTime:0.008662s ]
INFO: [ view_filter ] --START--
INFO: Run Behavior\WriteHtmlCacheBehavior [ RunTime:0.000334s ]
INFO: [ view_filter ] --END-- [ RunTime:0.000394s ]
INFO: [ app_end ] --START--
INFO: Run Behavior\ShowPageTraceBehavior [ RunTime:0.001090s ]
INFO: [ app_end ] --END-- [ RunTime:0.002686s ]

[ 2016-04-14T23:47:39+08:00 ] ::1 /boke/TP/index.php/Home/Photo/learn.html
INFO: [ app_init ] --START--
INFO: Run Behavior\BuildLiteBehavior [ RunTime:0.000017s ]
INFO: [ app_init ] --END-- [ RunTime:0.000401s ]
INFO: [ app_begin ] --START--
INFO: Run Behavior\ReadHtmlCacheBehavior [ RunTime:0.000486s ]
INFO: [ app_begin ] --END-- [ RunTime:0.000571s ]
ERR: 非法操作:learn

[ 2016-04-14T23:47:42+08:00 ] ::1 /boke/TP/index.php/Home/Photo/images/photo/8.jpg
INFO: [ app_init ] --START--
INFO: Run Behavior\BuildLiteBehavior [ RunTime:0.000030s ]
INFO: [ app_init ] --END-- [ RunTime:0.000622s ]

[ 2016-04-14T23:47:50+08:00 ] ::1 /boke/TP/index.php/Home/Index/index.html
INFO: [ app_init ] --START--
INFO: Run Behavior\BuildLiteBehavior [ RunTime:0.000020s ]
INFO: [ app_init ] --END-- [ RunTime:0.000412s ]
INFO: [ app_begin ] --START--
INFO: Run Behavior\ReadHtmlCacheBehavior [ RunTime:0.000581s ]
INFO: [ app_begin ] --END-- [ RunTime:0.000681s ]
SQL: SHOW COLUMNS FROM `book_errasy` [ RunTime:0.0083s ]
NOTIC: [2] Missing argument 1 for Think\Model::where(), called in D:\WWW\boke\TP\Application\Home\Controller\IndexController.class.php on line 10 and defined D:\WWW\boke\TP\ThinkPHP\Library\Think\Model.class.php 第 1777 行.
NOTIC: [8] Undefined variable: where D:\WWW\boke\TP\ThinkPHP\Library\Think\Model.class.php 第 1785 行.
NOTIC: [8] Undefined variable: where D:\WWW\boke\TP\ThinkPHP\Library\Think\Model.class.php 第 1788 行.
NOTIC: [8] Undefined variable: where D:\WWW\boke\TP\ThinkPHP\Library\Think\Model.class.php 第 1796 行.
NOTIC: [8] Undefined offset: 0 D:\WWW\boke\TP\ThinkPHP\Library\Think\Model.class.php 第 222 行.
SQL: SELECT * FROM `book_errasy` INNER JOIN book_errasy_fb on book_errasy.s_id=book_errasy_fb.s_id  LIMIT 0,5   [ RunTime:0.0027s ]
NOTIC: [2] Missing argument 1 for Think\Model::where(), called in D:\WWW\boke\TP\Application\Home\Controller\IndexController.class.php on line 13 and defined D:\WWW\boke\TP\ThinkPHP\Library\Think\Model.class.php 第 1777 行.
NOTIC: [8] Undefined variable: where D:\WWW\boke\TP\ThinkPHP\Library\Think\Model.class.php 第 1785 行.
NOTIC: [8] Undefined variable: where D:\WWW\boke\TP\ThinkPHP\Library\Think\Model.class.php 第 1788 行.
NOTIC: [8] Undefined variable: where D:\WWW\boke\TP\ThinkPHP\Library\Think\Model.class.php 第 1796 行.
SQL: SELECT COUNT(*) AS tp_count FROM `book_errasy` LIMIT 1   [ RunTime:0.0007s ]
INFO: [ view_parse ] --START--
INFO: [ template_filter ] --START--
INFO: Run Behavior\ContentReplaceBehavior [ RunTime:0.000216s ]
INFO: [ template_filter ] --END-- [ RunTime:0.000418s ]
INFO: Run Behavior\ParseTemplateBehavior [ RunTime:0.026706s ]
INFO: [ view_parse ] --END-- [ RunTime:0.026926s ]
INFO: [ view_filter ] --START--
INFO: Run Behavior\WriteHtmlCacheBehavior [ RunTime:0.001035s ]
INFO: [ view_filter ] --END-- [ RunTime:0.001180s ]
INFO: [ app_end ] --START--
INFO: Run Behavior\ShowPageTraceBehavior [ RunTime:0.001521s ]
INFO: [ app_end ] --END-- [ RunTime:0.001876s ]

[ 2016-04-14T23:58:48+08:00 ] ::1 /boke/TP/index.php
INFO: [ app_init ] --START--
INFO: Run Behavior\BuildLiteBehavior [ RunTime:0.000030s ]
INFO: [ app_init ] --END-- [ RunTime:0.000637s ]
INFO: [ app_begin ] --START--
INFO: Run Behavior\ReadHtmlCacheBehavior [ RunTime:0.000605s ]
INFO: [ app_begin ] --END-- [ RunTime:0.000678s ]
SQL: SHOW COLUMNS FROM `book_errasy` [ RunTime:0.0134s ]
NOTIC: [2] Missing argument 1 for Think\Model::where(), called in D:\WWW\boke\TP\Application\Home\Controller\IndexController.class.php on line 10 and defined D:\WWW\boke\TP\ThinkPHP\Library\Think\Model.class.php 第 1777 行.
NOTIC: [8] Undefined variable: where D:\WWW\boke\TP\ThinkPHP\Library\Think\Model.class.php 第 1785 行.
NOTIC: [8] Undefined variable: where D:\WWW\boke\TP\ThinkPHP\Library\Think\Model.class.php 第 1788 行.
NOTIC: [8] Undefined variable: where D:\WWW\boke\TP\ThinkPHP\Library\Think\Model.class.php 第 1796 行.
NOTIC: [8] Undefined offset: 0 D:\WWW\boke\TP\ThinkPHP\Library\Think\Model.class.php 第 222 行.
SQL: SELECT * FROM `book_errasy` INNER JOIN book_errasy_fb on book_errasy.s_id=book_errasy_fb.s_id  LIMIT 0,5   [ RunTime:0.0029s ]
NOTIC: [2] Missing argument 1 for Think\Model::where(), called in D:\WWW\boke\TP\Application\Home\Controller\IndexController.class.php on line 13 and defined D:\WWW\boke\TP\ThinkPHP\Library\Think\Model.class.php 第 1777 行.
NOTIC: [8] Undefined variable: where D:\WWW\boke\TP\ThinkPHP\Library\Think\Model.class.php 第 1785 行.
NOTIC: [8] Undefined variable: where D:\WWW\boke\TP\ThinkPHP\Library\Think\Model.class.php 第 1788 行.
NOTIC: [8] Undefined variable: where D:\WWW\boke\TP\ThinkPHP\Library\Think\Model.class.php 第 1796 行.
SQL: SELECT COUNT(*) AS tp_count FROM `book_errasy` LIMIT 1   [ RunTime:0.0009s ]
INFO: [ view_parse ] --START--
INFO: [ template_filter ] --START--
INFO: Run Behavior\ContentReplaceBehavior [ RunTime:0.000126s ]
INFO: [ template_filter ] --END-- [ RunTime:0.000247s ]
INFO: Run Behavior\ParseTemplateBehavior [ RunTime:0.036053s ]
INFO: [ view_parse ] --END-- [ RunTime:0.036306s ]
INFO: [ view_filter ] --START--
INFO: Run Behavior\WriteHtmlCacheBehavior [ RunTime:0.000808s ]
INFO: [ view_filter ] --END-- [ RunTime:0.000961s ]
INFO: [ app_end ] --START--
INFO: Run Behavior\ShowPageTraceBehavior [ RunTime:0.001684s ]
INFO: [ app_end ] --END-- [ RunTime:0.001875s ]

[ 2016-04-14T23:58:51+08:00 ] ::1 /boke/TP/index.php/Home/Diary/riji.html
INFO: [ app_init ] --START--
INFO: Run Behavior\BuildLiteBehavior [ RunTime:0.000028s ]
INFO: [ app_init ] --END-- [ RunTime:0.000556s ]
INFO: [ app_begin ] --START--
INFO: Run Behavior\ReadHtmlCacheBehavior [ RunTime:0.000538s ]
INFO: [ app_begin ] --END-- [ RunTime:0.000620s ]
SQL: SHOW COLUMNS FROM `book_shuoshuo` [ RunTime:0.0098s ]
NOTIC: [2] Missing argument 1 for Think\Model::where(), called in D:\WWW\boke\TP\Application\Home\Controller\DiaryController.class.php on line 12 and defined D:\WWW\boke\TP\ThinkPHP\Library\Think\Model.class.php 第 1777 行.
NOTIC: [8] Undefined variable: where D:\WWW\boke\TP\ThinkPHP\Library\Think\Model.class.php 第 1785 行.
NOTIC: [8] Undefined variable: where D:\WWW\boke\TP\ThinkPHP\Library\Think\Model.class.php 第 1788 行.
NOTIC: [8] Undefined variable: where D:\WWW\boke\TP\ThinkPHP\Library\Think\Model.class.php 第 1796 行.
NOTIC: [8] Undefined offset: 0 D:\WWW\boke\TP\ThinkPHP\Library\Think\Model.class.php 第 222 行.
SQL: SELECT * FROM `book_shuoshuo` LIMIT 0,5   [ RunTime:0.0012s ]
NOTIC: [2] Missing argument 1 for Think\Model::where(), called in D:\WWW\boke\TP\Application\Home\Controller\DiaryController.class.php on line 15 and defined D:\WWW\boke\TP\ThinkPHP\Library\Think\Model.class.php 第 1777 行.
NOTIC: [8] Undefined variable: where D:\WWW\boke\TP\ThinkPHP\Library\Think\Model.class.php 第 1785 行.
NOTIC: [8] Undefined variable: where D:\WWW\boke\TP\ThinkPHP\Library\Think\Model.class.php 第 1788 行.
NOTIC: [8] Undefined variable: where D:\WWW\boke\TP\ThinkPHP\Library\Think\Model.class.php 第 1796 行.
SQL: SELECT COUNT(*) AS tp_count FROM `book_shuoshuo` LIMIT 1   [ RunTime:0.0009s ]
INFO: [ view_parse ] --START--
INFO: [ template_filter ] --START--
INFO: Run Behavior\ContentReplaceBehavior [ RunTime:0.000116s ]
INFO: [ template_filter ] --END-- [ RunTime:0.000240s ]
INFO: Run Behavior\ParseTemplateBehavior [ RunTime:0.018042s ]
INFO: [ view_parse ] --END-- [ RunTime:0.018256s ]
INFO: [ view_filter ] --START--
INFO: Run Behavior\WriteHtmlCacheBehavior [ RunTime:0.000468s ]
INFO: [ view_filter ] --END-- [ RunTime:0.000570s ]
INFO: [ app_end ] --START--
INFO: Run Behavior\ShowPageTraceBehavior [ RunTime:0.001310s ]
INFO: [ app_end ] --END-- [ RunTime:0.001479s ]

[ 2016-04-14T23:58:52+08:00 ] ::1 /boke/TP/index.php/Home/Photo/xc.html
INFO: [ app_init ] --START--
INFO: Run Behavior\BuildLiteBehavior [ RunTime:0.000028s ]
INFO: [ app_init ] --END-- [ RunTime:0.001274s ]
INFO: [ app_begin ] --START--
INFO: Run Behavior\ReadHtmlCacheBehavior [ RunTime:0.000919s ]
INFO: [ app_begin ] --END-- [ RunTime:0.001077s ]
INFO: [ view_parse ] --START--
INFO: [ template_filter ] --START--
INFO: Run Behavior\ContentReplaceBehavior [ RunTime:0.000107s ]
INFO: [ template_filter ] --END-- [ RunTime:0.000204s ]
INFO: Run Behavior\ParseTemplateBehavior [ RunTime:0.011572s ]
INFO: [ view_parse ] --END-- [ RunTime:0.011676s ]
INFO: [ view_filter ] --START--
INFO: Run Behavior\WriteHtmlCacheBehavior [ RunTime:0.000264s ]
INFO: [ view_filter ] --END-- [ RunTime:0.000318s ]
INFO: [ app_end ] --START--
INFO: Run Behavior\ShowPageTraceBehavior [ RunTime:0.000570s ]
INFO: [ app_end ] --END-- [ RunTime:0.000651s ]

[ 2016-04-14T23:58:53+08:00 ] ::1 /boke/TP/index.php/Home/Photo/learn.html
INFO: [ app_init ] --START--
INFO: Run Behavior\BuildLiteBehavior [ RunTime:0.000018s ]
INFO: [ app_init ] --END-- [ RunTime:0.000443s ]
INFO: [ app_begin ] --START--
INFO: Run Behavior\ReadHtmlCacheBehavior [ RunTime:0.000779s ]
INFO: [ app_begin ] --END-- [ RunTime:0.000908s ]
ERR: 非法操作:learn

[ 2016-04-14T23:59:07+08:00 ] ::1 /boke/TP/index.php/Home/Leave/leave.html
INFO: [ app_init ] --START--
INFO: Run Behavior\BuildLiteBehavior [ RunTime:0.000017s ]
INFO: [ app_init ] --END-- [ RunTime:0.000362s ]
INFO: [ app_begin ] --START--
INFO: Run Behavior\ReadHtmlCacheBehavior [ RunTime:0.001417s ]
INFO: [ app_begin ] --END-- [ RunTime:0.001578s ]
SQL: SHOW COLUMNS FROM `book_leave` [ RunTime:0.0098s ]
SQL: SELECT `id` FROM `book_leave` ORDER BY id desc LIMIT 10   [ RunTime:0.0010s ]
SQL: SELECT * FROM `book_leave` WHERE ( id in(55,54,53,51,46,45,35,28,27,26) ) ORDER BY id asc  [ RunTime:0.0020s ]
INFO: [ view_parse ] --START--
INFO: [ template_filter ] --START--
INFO: Run Behavior\ContentReplaceBehavior [ RunTime:0.000231s ]
INFO: [ template_filter ] --END-- [ RunTime:0.000500s ]
INFO: Run Behavior\ParseTemplateBehavior [ RunTime:0.029388s ]
INFO: [ view_parse ] --END-- [ RunTime:0.029626s ]
INFO: [ view_filter ] --START--
INFO: Run Behavior\WriteHtmlCacheBehavior [ RunTime:0.000702s ]
INFO: [ view_filter ] --END-- [ RunTime:0.000874s ]
INFO: [ app_end ] --START--
INFO: Run Behavior\ShowPageTraceBehavior [ RunTime:0.001495s ]
INFO: [ app_end ] --END-- [ RunTime:0.001709s ]

[ 2016-04-14T23:59:13+08:00 ] ::1 /boke/TP/index.php/Home/Leave/leave_cha.html
INFO: [ app_init ] --START--
INFO: Run Behavior\BuildLiteBehavior [ RunTime:0.000022s ]
INFO: [ app_init ] --END-- [ RunTime:0.000369s ]
INFO: [ app_begin ] --START--
INFO: Run Behavior\ReadHtmlCacheBehavior [ RunTime:0.000477s ]
INFO: [ app_begin ] --END-- [ RunTime:0.000542s ]
SQL: SHOW COLUMNS FROM `book_leave` [ RunTime:0.0078s ]
NOTIC: [8] Use of undefined constant 游客 - assumed '游客' D:\WWW\boke\TP\Application\Home\Controller\LeaveController.class.php 第 26 行.
SQL: INSERT INTO `book_leave` (`name`,`nr`,`time`) VALUES ('游客','请问发给崔','2016-04-14 23:59:13') [ RunTime:0.0020s ]
INFO: [ app_end ] --START--
INFO: Run Behavior\ShowPageTraceBehavior [ RunTime:0.004153s ]
INFO: [ app_end ] --END-- [ RunTime:0.004412s ]

[ 2016-04-14T23:59:18+08:00 ] ::1 /boke/TP/index.php/Home/Leave/leave.html
INFO: [ app_init ] --START--
INFO: Run Behavior\BuildLiteBehavior [ RunTime:0.000046s ]
INFO: [ app_init ] --END-- [ RunTime:0.001008s ]
INFO: [ app_begin ] --START--
INFO: Run Behavior\ReadHtmlCacheBehavior [ RunTime:0.001393s ]
INFO: [ app_begin ] --END-- [ RunTime:0.001658s ]
SQL: SHOW COLUMNS FROM `book_leave` [ RunTime:0.0085s ]
SQL: SELECT `id` FROM `book_leave` ORDER BY id desc LIMIT 10   [ RunTime:0.0008s ]
SQL: SELECT * FROM `book_leave` WHERE ( id in(56,55,54,53,51,46,45,35,28,27) ) ORDER BY id asc  [ RunTime:0.0012s ]
INFO: [ view_parse ] --START--
INFO: [ template_filter ] --START--
INFO: Run Behavior\ContentReplaceBehavior [ RunTime:0.000248s ]
INFO: [ template_filter ] --END-- [ RunTime:0.000460s ]
INFO: Run Behavior\ParseTemplateBehavior [ RunTime:0.030707s ]
INFO: [ view_parse ] --END-- [ RunTime:0.030943s ]
INFO: [ view_filter ] --START--
INFO: Run Behavior\WriteHtmlCacheBehavior [ RunTime:0.000680s ]
INFO: [ view_filter ] --END-- [ RunTime:0.000883s ]
INFO: [ app_end ] --START--
INFO: Run Behavior\ShowPageTraceBehavior [ RunTime:0.001704s ]
INFO: [ app_end ] --END-- [ RunTime:0.001995s ]

