[ 2016-05-14T17:07:24+08:00 ] ::1 /RJGC/boke/TP/
INFO: [ app_init ] --START--
INFO: Run Behavior\BuildLiteBehavior [ RunTime:0.000063s ]
INFO: [ app_init ] --END-- [ RunTime:0.020995s ]
INFO: [ app_begin ] --START--
INFO: Run Behavior\ReadHtmlCacheBehavior [ RunTime:0.018970s ]
INFO: [ app_begin ] --END-- [ RunTime:0.019497s ]
SQL: SHOW COLUMNS FROM `book_errasy` [ RunTime:0.0508s ]
SQL: SELECT * FROM `book_errasy` INNER JOIN book_errasy_fb on book_errasy.s_id=book_errasy_fb.s_id  ORDER BY id desc LIMIT 6   [ RunTime:0.0558s ]
SQL: SELECT * FROM `book_errasy` INNER JOIN book_errasy_fb on book_errasy.s_id=book_errasy_fb.s_id  ORDER BY id desc LIMIT 6   [ RunTime:0.0037s ]
SQL: SELECT * FROM `book_errasy` WHERE ( id in(7,8,9,10,11) )  [ RunTime:0.0302s ]
SQL: SELECT * FROM `book_errasy` ORDER BY id desc LIMIT 5   [ RunTime:0.0005s ]
SQL: SELECT * FROM `book_errasy` ORDER BY rand() LIMIT 5   [ RunTime:0.0100s ]
INFO: [ view_parse ] --START--
INFO: [ template_filter ] --START--
INFO: Run Behavior\ContentReplaceBehavior [ RunTime:0.000125s ]
INFO: [ template_filter ] --END-- [ RunTime:0.000240s ]
INFO: Run Behavior\ParseTemplateBehavior [ RunTime:0.146834s ]
INFO: [ view_parse ] --END-- [ RunTime:0.147215s ]
INFO: [ view_filter ] --START--
INFO: Run Behavior\WriteHtmlCacheBehavior [ RunTime:0.019238s ]
INFO: [ view_filter ] --END-- [ RunTime:0.019569s ]
INFO: [ app_end ] --START--
INFO: Run Behavior\ShowPageTraceBehavior [ RunTime:0.005163s ]
INFO: [ app_end ] --END-- [ RunTime:0.005497s ]

[ 2016-05-14T17:08:30+08:00 ] ::1 /RJGC/boke/TP/
INFO: [ app_init ] --START--
INFO: Run Behavior\BuildLiteBehavior [ RunTime:0.000018s ]
INFO: [ app_init ] --END-- [ RunTime:0.000426s ]
INFO: [ app_begin ] --START--
INFO: Run Behavior\ReadHtmlCacheBehavior [ RunTime:0.000569s ]
INFO: [ app_begin ] --END-- [ RunTime:0.000645s ]
SQL: SHOW COLUMNS FROM `book_errasy` [ RunTime:0.0110s ]
SQL: SELECT * FROM `book_errasy` INNER JOIN book_errasy_fb on book_errasy.s_id=book_errasy_fb.s_id  ORDER BY id desc LIMIT 6   [ RunTime:0.0129s ]
SQL: SELECT * FROM `book_errasy` INNER JOIN book_errasy_fb on book_errasy.s_id=book_errasy_fb.s_id  ORDER BY id desc LIMIT 6   [ RunTime:0.0126s ]
SQL: SELECT * FROM `book_errasy` WHERE ( id in(7,8,9,10,11) )  [ RunTime:0.0011s ]
SQL: SELECT * FROM `book_errasy` ORDER BY id desc LIMIT 5   [ RunTime:0.0011s ]
SQL: SELECT * FROM `book_errasy` ORDER BY rand() LIMIT 5   [ RunTime:0.0127s ]
INFO: [ view_parse ] --START--
INFO: [ template_filter ] --START--
INFO: Run Behavior\ContentReplaceBehavior [ RunTime:0.000137s ]
INFO: [ template_filter ] --END-- [ RunTime:0.000262s ]
INFO: Run Behavior\ParseTemplateBehavior [ RunTime:0.043073s ]
INFO: [ view_parse ] --END-- [ RunTime:0.043309s ]
INFO: [ view_filter ] --START--
INFO: Run Behavior\WriteHtmlCacheBehavior [ RunTime:0.000983s ]
INFO: [ view_filter ] --END-- [ RunTime:0.001092s ]
INFO: [ app_end ] --START--
INFO: Run Behavior\ShowPageTraceBehavior [ RunTime:0.001836s ]
INFO: [ app_end ] --END-- [ RunTime:0.002263s ]

[ 2016-05-14T17:13:30+08:00 ] ::1 /RJGC/boke/TP/
INFO: [ app_init ] --START--
INFO: Run Behavior\BuildLiteBehavior [ RunTime:0.000017s ]
INFO: [ app_init ] --END-- [ RunTime:0.000479s ]
INFO: [ app_begin ] --START--
INFO: Run Behavior\ReadHtmlCacheBehavior [ RunTime:0.000696s ]
INFO: [ app_begin ] --END-- [ RunTime:0.000786s ]
SQL: SHOW COLUMNS FROM `book_errasy` [ RunTime:0.0091s ]
SQL: SELECT * FROM `book_errasy` INNER JOIN book_errasy_fb on book_errasy.s_id=book_errasy_fb.s_id  ORDER BY id desc LIMIT 6   [ RunTime:0.0144s ]
SQL: SELECT * FROM `book_errasy` INNER JOIN book_errasy_fb on book_errasy.s_id=book_errasy_fb.s_id  ORDER BY id desc LIMIT 6   [ RunTime:0.0121s ]
SQL: SELECT * FROM `book_errasy` WHERE ( id in(7,8,9,10,11) )  [ RunTime:0.0012s ]
SQL: SELECT * FROM `book_errasy` ORDER BY id desc LIMIT 5   [ RunTime:0.0010s ]
SQL: SELECT * FROM `book_errasy` ORDER BY rand() LIMIT 5   [ RunTime:0.0115s ]
INFO: [ view_parse ] --START--
INFO: [ template_filter ] --START--
INFO: Run Behavior\ContentReplaceBehavior [ RunTime:0.000232s ]
INFO: [ template_filter ] --END-- [ RunTime:0.000461s ]
INFO: Run Behavior\ParseTemplateBehavior [ RunTime:0.044169s ]
INFO: [ view_parse ] --END-- [ RunTime:0.044427s ]
INFO: [ view_filter ] --START--
INFO: Run Behavior\WriteHtmlCacheBehavior [ RunTime:0.001224s ]
INFO: [ view_filter ] --END-- [ RunTime:0.001417s ]
INFO: [ app_end ] --START--
INFO: Run Behavior\ShowPageTraceBehavior [ RunTime:0.001943s ]
INFO: [ app_end ] --END-- [ RunTime:0.002145s ]

[ 2016-05-14T17:13:47+08:00 ] ::1 /RJGC/boke/TP/index.php/Home/Index/student.html
INFO: [ app_init ] --START--
INFO: Run Behavior\BuildLiteBehavior [ RunTime:0.000019s ]
INFO: [ app_init ] --END-- [ RunTime:0.000470s ]
INFO: [ app_begin ] --START--
INFO: Run Behavior\ReadHtmlCacheBehavior [ RunTime:0.000709s ]
INFO: [ app_begin ] --END-- [ RunTime:0.000784s ]
SQL: SHOW COLUMNS FROM `book_errasy` [ RunTime:0.0104s ]
NOTIC: [2] Missing argument 1 for Think\Model::where(), called in D:\WWW\RJGC\boke\TP\Application\Home\Controller\IndexController.class.php on line 154 and defined D:\WWW\RJGC\boke\TP\ThinkPHP\Library\Think\Model.class.php 第 1777 行.
NOTIC: [8] Undefined variable: where D:\WWW\RJGC\boke\TP\ThinkPHP\Library\Think\Model.class.php 第 1785 行.
NOTIC: [8] Undefined variable: where D:\WWW\RJGC\boke\TP\ThinkPHP\Library\Think\Model.class.php 第 1788 行.
NOTIC: [8] Undefined variable: where D:\WWW\RJGC\boke\TP\ThinkPHP\Library\Think\Model.class.php 第 1796 行.
NOTIC: [8] Undefined offset: 0 D:\WWW\RJGC\boke\TP\ThinkPHP\Library\Think\Model.class.php 第 222 行.
SQL: SELECT * FROM `book_errasy` INNER JOIN book_errasy_fb on book_errasy.s_id=book_errasy_fb.s_id  LIMIT 0,5   [ RunTime:0.0023s ]
NOTIC: [2] Missing argument 1 for Think\Model::where(), called in D:\WWW\RJGC\boke\TP\Application\Home\Controller\IndexController.class.php on line 157 and defined D:\WWW\RJGC\boke\TP\ThinkPHP\Library\Think\Model.class.php 第 1777 行.
NOTIC: [8] Undefined variable: where D:\WWW\RJGC\boke\TP\ThinkPHP\Library\Think\Model.class.php 第 1785 行.
NOTIC: [8] Undefined variable: where D:\WWW\RJGC\boke\TP\ThinkPHP\Library\Think\Model.class.php 第 1788 行.
NOTIC: [8] Undefined variable: where D:\WWW\RJGC\boke\TP\ThinkPHP\Library\Think\Model.class.php 第 1796 行.
SQL: SELECT COUNT(*) AS tp_count FROM `book_errasy` LIMIT 1   [ RunTime:0.0009s ]
SQL: SELECT * FROM `book_errasy` INNER JOIN book_errasy_fb on book_errasy.s_id=book_errasy_fb.s_id  ORDER BY id desc LIMIT 6   [ RunTime:0.0123s ]
SQL: SELECT * FROM `book_errasy` WHERE ( id in(7,8,9,10,11) )  [ RunTime:0.0013s ]
SQL: SELECT * FROM `book_errasy` ORDER BY id desc LIMIT 5   [ RunTime:0.0010s ]
SQL: SELECT * FROM `book_errasy` ORDER BY rand() LIMIT 5   [ RunTime:0.0124s ]
INFO: [ view_parse ] --START--
INFO: [ template_filter ] --START--
INFO: Run Behavior\ContentReplaceBehavior [ RunTime:0.000224s ]
INFO: [ template_filter ] --END-- [ RunTime:0.000426s ]
INFO: Run Behavior\ParseTemplateBehavior [ RunTime:0.097946s ]
INFO: [ view_parse ] --END-- [ RunTime:0.098246s ]
INFO: [ view_filter ] --START--
INFO: Run Behavior\WriteHtmlCacheBehavior [ RunTime:0.001177s ]
INFO: [ view_filter ] --END-- [ RunTime:0.001338s ]
INFO: [ app_end ] --START--
INFO: Run Behavior\ShowPageTraceBehavior [ RunTime:0.001957s ]
INFO: [ app_end ] --END-- [ RunTime:0.002162s ]

[ 2016-05-14T17:13:56+08:00 ] ::1 /RJGC/boke/TP/index.php/Home/Index/student/p/2.html
INFO: [ app_init ] --START--
INFO: Run Behavior\BuildLiteBehavior [ RunTime:0.000019s ]
INFO: [ app_init ] --END-- [ RunTime:0.000474s ]
INFO: [ app_begin ] --START--
INFO: Run Behavior\ReadHtmlCacheBehavior [ RunTime:0.001442s ]
INFO: [ app_begin ] --END-- [ RunTime:0.001664s ]
SQL: SHOW COLUMNS FROM `book_errasy` [ RunTime:0.0061s ]
NOTIC: [2] Missing argument 1 for Think\Model::where(), called in D:\WWW\RJGC\boke\TP\Application\Home\Controller\IndexController.class.php on line 154 and defined D:\WWW\RJGC\boke\TP\ThinkPHP\Library\Think\Model.class.php 第 1777 行.
NOTIC: [8] Undefined variable: where D:\WWW\RJGC\boke\TP\ThinkPHP\Library\Think\Model.class.php 第 1785 行.
NOTIC: [8] Undefined variable: where D:\WWW\RJGC\boke\TP\ThinkPHP\Library\Think\Model.class.php 第 1788 行.
NOTIC: [8] Undefined variable: where D:\WWW\RJGC\boke\TP\ThinkPHP\Library\Think\Model.class.php 第 1796 行.
NOTIC: [8] Undefined offset: 0 D:\WWW\RJGC\boke\TP\ThinkPHP\Library\Think\Model.class.php 第 222 行.
SQL: SELECT * FROM `book_errasy` INNER JOIN book_errasy_fb on book_errasy.s_id=book_errasy_fb.s_id  LIMIT 5,5   [ RunTime:0.0011s ]
NOTIC: [2] Missing argument 1 for Think\Model::where(), called in D:\WWW\RJGC\boke\TP\Application\Home\Controller\IndexController.class.php on line 157 and defined D:\WWW\RJGC\boke\TP\ThinkPHP\Library\Think\Model.class.php 第 1777 行.
NOTIC: [8] Undefined variable: where D:\WWW\RJGC\boke\TP\ThinkPHP\Library\Think\Model.class.php 第 1785 行.
NOTIC: [8] Undefined variable: where D:\WWW\RJGC\boke\TP\ThinkPHP\Library\Think\Model.class.php 第 1788 行.
NOTIC: [8] Undefined variable: where D:\WWW\RJGC\boke\TP\ThinkPHP\Library\Think\Model.class.php 第 1796 行.
SQL: SELECT COUNT(*) AS tp_count FROM `book_errasy` LIMIT 1   [ RunTime:0.0004s ]
SQL: SELECT * FROM `book_errasy` INNER JOIN book_errasy_fb on book_errasy.s_id=book_errasy_fb.s_id  ORDER BY id desc LIMIT 6   [ RunTime:0.0059s ]
SQL: SELECT * FROM `book_errasy` WHERE ( id in(7,8,9,10,11) )  [ RunTime:0.0007s ]
SQL: SELECT * FROM `book_errasy` ORDER BY id desc LIMIT 5   [ RunTime:0.0009s ]
SQL: SELECT * FROM `book_errasy` ORDER BY rand() LIMIT 5   [ RunTime:0.0089s ]
INFO: [ view_parse ] --START--
INFO: [ template_filter ] --START--
INFO: Run Behavior\ContentReplaceBehavior [ RunTime:0.000146s ]
INFO: [ template_filter ] --END-- [ RunTime:0.000277s ]
INFO: Run Behavior\ParseTemplateBehavior [ RunTime:0.025321s ]
INFO: [ view_parse ] --END-- [ RunTime:0.025475s ]
INFO: [ view_filter ] --START--
INFO: Run Behavior\WriteHtmlCacheBehavior [ RunTime:0.000919s ]
INFO: [ view_filter ] --END-- [ RunTime:0.001027s ]
INFO: [ app_end ] --START--
INFO: Run Behavior\ShowPageTraceBehavior [ RunTime:0.001423s ]
INFO: [ app_end ] --END-- [ RunTime:0.001570s ]

[ 2016-05-14T17:14:03+08:00 ] ::1 /RJGC/boke/TP/index.php/Home/Index/student/p/3.html
INFO: [ app_init ] --START--
INFO: Run Behavior\BuildLiteBehavior [ RunTime:0.000197s ]
INFO: [ app_init ] --END-- [ RunTime:0.001585s ]
INFO: [ app_begin ] --START--
INFO: Run Behavior\ReadHtmlCacheBehavior [ RunTime:0.000792s ]
INFO: [ app_begin ] --END-- [ RunTime:0.000873s ]
SQL: SHOW COLUMNS FROM `book_errasy` [ RunTime:0.0096s ]
NOTIC: [2] Missing argument 1 for Think\Model::where(), called in D:\WWW\RJGC\boke\TP\Application\Home\Controller\IndexController.class.php on line 154 and defined D:\WWW\RJGC\boke\TP\ThinkPHP\Library\Think\Model.class.php 第 1777 行.
NOTIC: [8] Undefined variable: where D:\WWW\RJGC\boke\TP\ThinkPHP\Library\Think\Model.class.php 第 1785 行.
NOTIC: [8] Undefined variable: where D:\WWW\RJGC\boke\TP\ThinkPHP\Library\Think\Model.class.php 第 1788 行.
NOTIC: [8] Undefined variable: where D:\WWW\RJGC\boke\TP\ThinkPHP\Library\Think\Model.class.php 第 1796 行.
NOTIC: [8] Undefined offset: 0 D:\WWW\RJGC\boke\TP\ThinkPHP\Library\Think\Model.class.php 第 222 行.
SQL: SELECT * FROM `book_errasy` INNER JOIN book_errasy_fb on book_errasy.s_id=book_errasy_fb.s_id  LIMIT 10,5   [ RunTime:0.0016s ]
NOTIC: [2] Missing argument 1 for Think\Model::where(), called in D:\WWW\RJGC\boke\TP\Application\Home\Controller\IndexController.class.php on line 157 and defined D:\WWW\RJGC\boke\TP\ThinkPHP\Library\Think\Model.class.php 第 1777 行.
NOTIC: [8] Undefined variable: where D:\WWW\RJGC\boke\TP\ThinkPHP\Library\Think\Model.class.php 第 1785 行.
NOTIC: [8] Undefined variable: where D:\WWW\RJGC\boke\TP\ThinkPHP\Library\Think\Model.class.php 第 1788 行.
NOTIC: [8] Undefined variable: where D:\WWW\RJGC\boke\TP\ThinkPHP\Library\Think\Model.class.php 第 1796 行.
SQL: SELECT COUNT(*) AS tp_count FROM `book_errasy` LIMIT 1   [ RunTime:0.0008s ]
SQL: SELECT * FROM `book_errasy` INNER JOIN book_errasy_fb on book_errasy.s_id=book_errasy_fb.s_id  ORDER BY id desc LIMIT 6   [ RunTime:0.0110s ]
SQL: SELECT * FROM `book_errasy` WHERE ( id in(7,8,9,10,11) )  [ RunTime:0.0020s ]
SQL: SELECT * FROM `book_errasy` ORDER BY id desc LIMIT 5   [ RunTime:0.0016s ]
SQL: SELECT * FROM `book_errasy` ORDER BY rand() LIMIT 5   [ RunTime:0.0072s ]
INFO: [ view_parse ] --START--
INFO: [ template_filter ] --START--
INFO: Run Behavior\ContentReplaceBehavior [ RunTime:0.000144s ]
INFO: [ template_filter ] --END-- [ RunTime:0.000282s ]
INFO: Run Behavior\ParseTemplateBehavior [ RunTime:0.026200s ]
INFO: [ view_parse ] --END-- [ RunTime:0.026339s ]
INFO: [ view_filter ] --START--
INFO: Run Behavior\WriteHtmlCacheBehavior [ RunTime:0.000843s ]
INFO: [ view_filter ] --END-- [ RunTime:0.000971s ]
INFO: [ app_end ] --START--
INFO: Run Behavior\ShowPageTraceBehavior [ RunTime:0.001234s ]
INFO: [ app_end ] --END-- [ RunTime:0.001345s ]

[ 2016-05-14T17:14:08+08:00 ] ::1 /RJGC/boke/TP/index.php/Home/Index/student/p/1.html
INFO: [ app_init ] --START--
INFO: Run Behavior\BuildLiteBehavior [ RunTime:0.000057s ]
INFO: [ app_init ] --END-- [ RunTime:0.000860s ]
INFO: [ app_begin ] --START--
INFO: Run Behavior\ReadHtmlCacheBehavior [ RunTime:0.000821s ]
INFO: [ app_begin ] --END-- [ RunTime:0.000913s ]
SQL: SHOW COLUMNS FROM `book_errasy` [ RunTime:0.0149s ]
NOTIC: [2] Missing argument 1 for Think\Model::where(), called in D:\WWW\RJGC\boke\TP\Application\Home\Controller\IndexController.class.php on line 154 and defined D:\WWW\RJGC\boke\TP\ThinkPHP\Library\Think\Model.class.php 第 1777 行.
NOTIC: [8] Undefined variable: where D:\WWW\RJGC\boke\TP\ThinkPHP\Library\Think\Model.class.php 第 1785 行.
NOTIC: [8] Undefined variable: where D:\WWW\RJGC\boke\TP\ThinkPHP\Library\Think\Model.class.php 第 1788 行.
NOTIC: [8] Undefined variable: where D:\WWW\RJGC\boke\TP\ThinkPHP\Library\Think\Model.class.php 第 1796 行.
NOTIC: [8] Undefined offset: 0 D:\WWW\RJGC\boke\TP\ThinkPHP\Library\Think\Model.class.php 第 222 行.
SQL: SELECT * FROM `book_errasy` INNER JOIN book_errasy_fb on book_errasy.s_id=book_errasy_fb.s_id  LIMIT 0,5   [ RunTime:0.0017s ]
NOTIC: [2] Missing argument 1 for Think\Model::where(), called in D:\WWW\RJGC\boke\TP\Application\Home\Controller\IndexController.class.php on line 157 and defined D:\WWW\RJGC\boke\TP\ThinkPHP\Library\Think\Model.class.php 第 1777 行.
NOTIC: [8] Undefined variable: where D:\WWW\RJGC\boke\TP\ThinkPHP\Library\Think\Model.class.php 第 1785 行.
NOTIC: [8] Undefined variable: where D:\WWW\RJGC\boke\TP\ThinkPHP\Library\Think\Model.class.php 第 1788 行.
NOTIC: [8] Undefined variable: where D:\WWW\RJGC\boke\TP\ThinkPHP\Library\Think\Model.class.php 第 1796 行.
SQL: SELECT COUNT(*) AS tp_count FROM `book_errasy` LIMIT 1   [ RunTime:0.0004s ]
SQL: SELECT * FROM `book_errasy` INNER JOIN book_errasy_fb on book_errasy.s_id=book_errasy_fb.s_id  ORDER BY id desc LIMIT 6   [ RunTime:0.0069s ]
SQL: SELECT * FROM `book_errasy` WHERE ( id in(7,8,9,10,11) )  [ RunTime:0.0007s ]
SQL: SELECT * FROM `book_errasy` ORDER BY id desc LIMIT 5   [ RunTime:0.0006s ]
SQL: SELECT * FROM `book_errasy` ORDER BY rand() LIMIT 5   [ RunTime:0.0056s ]
INFO: [ view_parse ] --START--
INFO: [ template_filter ] --START--
INFO: Run Behavior\ContentReplaceBehavior [ RunTime:0.000151s ]
INFO: [ template_filter ] --END-- [ RunTime:0.000279s ]
INFO: Run Behavior\ParseTemplateBehavior [ RunTime:0.026371s ]
INFO: [ view_parse ] --END-- [ RunTime:0.026503s ]
INFO: [ view_filter ] --START--
INFO: Run Behavior\WriteHtmlCacheBehavior [ RunTime:0.000938s ]
INFO: [ view_filter ] --END-- [ RunTime:0.001047s ]
INFO: [ app_end ] --START--
INFO: Run Behavior\ShowPageTraceBehavior [ RunTime:0.001394s ]
INFO: [ app_end ] --END-- [ RunTime:0.001531s ]

[ 2016-05-14T17:14:20+08:00 ] ::1 /RJGC/boke/TP/index.php/Home/Index/student/p/3.html
INFO: [ app_init ] --START--
INFO: Run Behavior\BuildLiteBehavior [ RunTime:0.000018s ]
INFO: [ app_init ] --END-- [ RunTime:0.000463s ]
INFO: [ app_begin ] --START--
INFO: Run Behavior\ReadHtmlCacheBehavior [ RunTime:0.000714s ]
INFO: [ app_begin ] --END-- [ RunTime:0.000791s ]
SQL: SHOW COLUMNS FROM `book_errasy` [ RunTime:0.0127s ]
NOTIC: [2] Missing argument 1 for Think\Model::where(), called in D:\WWW\RJGC\boke\TP\Application\Home\Controller\IndexController.class.php on line 154 and defined D:\WWW\RJGC\boke\TP\ThinkPHP\Library\Think\Model.class.php 第 1777 行.
NOTIC: [8] Undefined variable: where D:\WWW\RJGC\boke\TP\ThinkPHP\Library\Think\Model.class.php 第 1785 行.
NOTIC: [8] Undefined variable: where D:\WWW\RJGC\boke\TP\ThinkPHP\Library\Think\Model.class.php 第 1788 行.
NOTIC: [8] Undefined variable: where D:\WWW\RJGC\boke\TP\ThinkPHP\Library\Think\Model.class.php 第 1796 行.
NOTIC: [8] Undefined offset: 0 D:\WWW\RJGC\boke\TP\ThinkPHP\Library\Think\Model.class.php 第 222 行.
SQL: SELECT * FROM `book_errasy` INNER JOIN book_errasy_fb on book_errasy.s_id=book_errasy_fb.s_id  LIMIT 10,5   [ RunTime:0.0014s ]
NOTIC: [2] Missing argument 1 for Think\Model::where(), called in D:\WWW\RJGC\boke\TP\Application\Home\Controller\IndexController.class.php on line 157 and defined D:\WWW\RJGC\boke\TP\ThinkPHP\Library\Think\Model.class.php 第 1777 行.
NOTIC: [8] Undefined variable: where D:\WWW\RJGC\boke\TP\ThinkPHP\Library\Think\Model.class.php 第 1785 行.
NOTIC: [8] Undefined variable: where D:\WWW\RJGC\boke\TP\ThinkPHP\Library\Think\Model.class.php 第 1788 行.
NOTIC: [8] Undefined variable: where D:\WWW\RJGC\boke\TP\ThinkPHP\Library\Think\Model.class.php 第 1796 行.
SQL: SELECT COUNT(*) AS tp_count FROM `book_errasy` LIMIT 1   [ RunTime:0.0007s ]
SQL: SELECT * FROM `book_errasy` INNER JOIN book_errasy_fb on book_errasy.s_id=book_errasy_fb.s_id  ORDER BY id desc LIMIT 6   [ RunTime:0.0122s ]
SQL: SELECT * FROM `book_errasy` WHERE ( id in(7,8,9,10,11) )  [ RunTime:0.0008s ]
SQL: SELECT * FROM `book_errasy` ORDER BY id desc LIMIT 5   [ RunTime:0.0006s ]
SQL: SELECT * FROM `book_errasy` ORDER BY rand() LIMIT 5   [ RunTime:0.0071s ]
INFO: [ view_parse ] --START--
INFO: [ template_filter ] --START--
INFO: Run Behavior\ContentReplaceBehavior [ RunTime:0.000140s ]
INFO: [ template_filter ] --END-- [ RunTime:0.000266s ]
INFO: Run Behavior\ParseTemplateBehavior [ RunTime:0.023970s ]
INFO: [ view_parse ] --END-- [ RunTime:0.024115s ]
INFO: [ view_filter ] --START--
INFO: Run Behavior\WriteHtmlCacheBehavior [ RunTime:0.000963s ]
INFO: [ view_filter ] --END-- [ RunTime:0.001079s ]
INFO: [ app_end ] --START--
INFO: Run Behavior\ShowPageTraceBehavior [ RunTime:0.001306s ]
INFO: [ app_end ] --END-- [ RunTime:0.001422s ]

[ 2016-05-14T17:14:25+08:00 ] ::1 /RJGC/boke/TP/index.php/Home/Index/student/p/1.html
INFO: [ app_init ] --START--
INFO: Run Behavior\BuildLiteBehavior [ RunTime:0.000085s ]
INFO: [ app_init ] --END-- [ RunTime:0.001545s ]
INFO: [ app_begin ] --START--
INFO: Run Behavior\ReadHtmlCacheBehavior [ RunTime:0.002184s ]
INFO: [ app_begin ] --END-- [ RunTime:0.002340s ]
SQL: SHOW COLUMNS FROM `book_errasy` [ RunTime:0.0131s ]
NOTIC: [2] Missing argument 1 for Think\Model::where(), called in D:\WWW\RJGC\boke\TP\Application\Home\Controller\IndexController.class.php on line 154 and defined D:\WWW\RJGC\boke\TP\ThinkPHP\Library\Think\Model.class.php 第 1777 行.
NOTIC: [8] Undefined variable: where D:\WWW\RJGC\boke\TP\ThinkPHP\Library\Think\Model.class.php 第 1785 行.
NOTIC: [8] Undefined variable: where D:\WWW\RJGC\boke\TP\ThinkPHP\Library\Think\Model.class.php 第 1788 行.
NOTIC: [8] Undefined variable: where D:\WWW\RJGC\boke\TP\ThinkPHP\Library\Think\Model.class.php 第 1796 行.
NOTIC: [8] Undefined offset: 0 D:\WWW\RJGC\boke\TP\ThinkPHP\Library\Think\Model.class.php 第 222 行.
SQL: SELECT * FROM `book_errasy` INNER JOIN book_errasy_fb on book_errasy.s_id=book_errasy_fb.s_id  LIMIT 0,5   [ RunTime:0.0016s ]
NOTIC: [2] Missing argument 1 for Think\Model::where(), called in D:\WWW\RJGC\boke\TP\Application\Home\Controller\IndexController.class.php on line 157 and defined D:\WWW\RJGC\boke\TP\ThinkPHP\Library\Think\Model.class.php 第 1777 行.
NOTIC: [8] Undefined variable: where D:\WWW\RJGC\boke\TP\ThinkPHP\Library\Think\Model.class.php 第 1785 行.
NOTIC: [8] Undefined variable: where D:\WWW\RJGC\boke\TP\ThinkPHP\Library\Think\Model.class.php 第 1788 行.
NOTIC: [8] Undefined variable: where D:\WWW\RJGC\boke\TP\ThinkPHP\Library\Think\Model.class.php 第 1796 行.
SQL: SELECT COUNT(*) AS tp_count FROM `book_errasy` LIMIT 1   [ RunTime:0.0020s ]
SQL: SELECT * FROM `book_errasy` INNER JOIN book_errasy_fb on book_errasy.s_id=book_errasy_fb.s_id  ORDER BY id desc LIMIT 6   [ RunTime:0.0106s ]
SQL: SELECT * FROM `book_errasy` WHERE ( id in(7,8,9,10,11) )  [ RunTime:0.0015s ]
SQL: SELECT * FROM `book_errasy` ORDER BY id desc LIMIT 5   [ RunTime:0.0010s ]
SQL: SELECT * FROM `book_errasy` ORDER BY rand() LIMIT 5   [ RunTime:0.0094s ]
INFO: [ view_parse ] --START--
INFO: [ template_filter ] --START--
INFO: Run Behavior\ContentReplaceBehavior [ RunTime:0.000228s ]
INFO: [ template_filter ] --END-- [ RunTime:0.000444s ]
INFO: Run Behavior\ParseTemplateBehavior [ RunTime:0.046651s ]
INFO: [ view_parse ] --END-- [ RunTime:0.046952s ]
INFO: [ view_filter ] --START--
INFO: Run Behavior\WriteHtmlCacheBehavior [ RunTime:0.001383s ]
INFO: [ view_filter ] --END-- [ RunTime:0.001561s ]
INFO: [ app_end ] --START--
INFO: Run Behavior\ShowPageTraceBehavior [ RunTime:0.004119s ]
INFO: [ app_end ] --END-- [ RunTime:0.004473s ]

[ 2016-05-14T17:14:38+08:00 ] ::1 /RJGC/boke/TP/index.php/Home/Index/read?id=1
INFO: [ app_init ] --START--
INFO: Run Behavior\BuildLiteBehavior [ RunTime:0.000037s ]
INFO: [ app_init ] --END-- [ RunTime:0.002797s ]
INFO: [ app_begin ] --START--
INFO: Run Behavior\ReadHtmlCacheBehavior [ RunTime:0.000794s ]
INFO: [ app_begin ] --END-- [ RunTime:0.000880s ]
SQL: SHOW COLUMNS FROM `book_comment` [ RunTime:0.0747s ]
SQL: SELECT `c_id` FROM `book_comment` WHERE ( c_id='1' ) ORDER BY c_id desc LIMIT 5   [ RunTime:0.0008s ]
SQL: SHOW COLUMNS FROM `book_errasy` [ RunTime:0.0093s ]
SQL: SELECT `click` FROM `book_errasy` WHERE ( id='1' ) LIMIT 1   [ RunTime:0.0010s ]
SQL: UPDATE `book_errasy` SET `click`='34' WHERE ( id='1' ) [ RunTime:0.0017s ]
SQL: SELECT * FROM `book_errasy` INNER JOIN book_errasy_fb on book_errasy.s_id=book_errasy_fb.s_id  WHERE ( id='1' ) LIMIT 1   [ RunTime:0.0017s ]
SQL: SELECT * FROM `book_comment` WHERE ( c_id in(1) ) ORDER BY c_id asc  [ RunTime:0.0145s ]
SQL: SELECT * FROM `book_errasy` INNER JOIN book_errasy_fb on book_errasy.s_id=book_errasy_fb.s_id  ORDER BY id desc LIMIT 6   [ RunTime:0.0121s ]
SQL: SELECT * FROM `book_errasy` WHERE ( id in(7,8,9,10,11) )  [ RunTime:0.0017s ]
SQL: SELECT * FROM `book_errasy` ORDER BY id desc LIMIT 5   [ RunTime:0.0012s ]
SQL: SELECT * FROM `book_errasy` ORDER BY rand() LIMIT 5   [ RunTime:0.0121s ]
INFO: [ view_parse ] --START--
INFO: [ template_filter ] --START--
INFO: Run Behavior\ContentReplaceBehavior [ RunTime:0.000135s ]
INFO: [ template_filter ] --END-- [ RunTime:0.000259s ]
INFO: Run Behavior\ParseTemplateBehavior [ RunTime:0.085534s ]
INFO: [ view_parse ] --END-- [ RunTime:0.085737s ]
INFO: [ view_filter ] --START--
INFO: Run Behavior\WriteHtmlCacheBehavior [ RunTime:0.000918s ]
INFO: [ view_filter ] --END-- [ RunTime:0.001027s ]
INFO: [ app_end ] --START--
INFO: Run Behavior\ShowPageTraceBehavior [ RunTime:0.001652s ]
INFO: [ app_end ] --END-- [ RunTime:0.003958s ]

[ 2016-05-14T17:14:46+08:00 ] ::1 /RJGC/boke/TP/index.php/Home/Index/read?id=6
INFO: [ app_init ] --START--
INFO: Run Behavior\BuildLiteBehavior [ RunTime:0.000019s ]
INFO: [ app_init ] --END-- [ RunTime:0.000567s ]
INFO: [ app_begin ] --START--
INFO: Run Behavior\ReadHtmlCacheBehavior [ RunTime:0.000780s ]
INFO: [ app_begin ] --END-- [ RunTime:0.000861s ]
SQL: SHOW COLUMNS FROM `book_comment` [ RunTime:0.0053s ]
SQL: SELECT `c_id` FROM `book_comment` WHERE ( c_id='6' ) ORDER BY c_id desc LIMIT 5   [ RunTime:0.0004s ]
SQL: SHOW COLUMNS FROM `book_errasy` [ RunTime:0.0051s ]
SQL: SELECT `click` FROM `book_errasy` WHERE ( id='6' ) LIMIT 1   [ RunTime:0.0005s ]
SQL: UPDATE `book_errasy` SET `click`='8' WHERE ( id='6' ) [ RunTime:0.0005s ]
SQL: SELECT * FROM `book_errasy` INNER JOIN book_errasy_fb on book_errasy.s_id=book_errasy_fb.s_id  WHERE ( id='6' ) LIMIT 1   [ RunTime:0.0006s ]
SQL: SELECT * FROM `book_comment` WHERE ( c_id in(6) ) ORDER BY c_id asc  [ RunTime:0.0004s ]
SQL: SELECT * FROM `book_errasy` INNER JOIN book_errasy_fb on book_errasy.s_id=book_errasy_fb.s_id  ORDER BY id desc LIMIT 6   [ RunTime:0.0063s ]
SQL: SELECT * FROM `book_errasy` WHERE ( id in(7,8,9,10,11) )  [ RunTime:0.0007s ]
SQL: SELECT * FROM `book_errasy` ORDER BY id desc LIMIT 5   [ RunTime:0.0007s ]
SQL: SELECT * FROM `book_errasy` ORDER BY rand() LIMIT 5   [ RunTime:0.0058s ]
INFO: [ view_parse ] --START--
INFO: [ template_filter ] --START--
INFO: Run Behavior\ContentReplaceBehavior [ RunTime:0.000120s ]
INFO: [ template_filter ] --END-- [ RunTime:0.000233s ]
INFO: Run Behavior\ParseTemplateBehavior [ RunTime:0.025892s ]
INFO: [ view_parse ] --END-- [ RunTime:0.026018s ]
INFO: [ view_filter ] --START--
INFO: Run Behavior\WriteHtmlCacheBehavior [ RunTime:0.000848s ]
INFO: [ view_filter ] --END-- [ RunTime:0.000946s ]
INFO: [ app_end ] --START--
INFO: Run Behavior\ShowPageTraceBehavior [ RunTime:0.001618s ]
INFO: [ app_end ] --END-- [ RunTime:0.001765s ]

[ 2016-05-14T17:15:00+08:00 ] ::1 /RJGC/boke/TP/index.php/Home/Index/read?id=11
INFO: [ app_init ] --START--
INFO: Run Behavior\BuildLiteBehavior [ RunTime:0.000018s ]
INFO: [ app_init ] --END-- [ RunTime:0.000467s ]
INFO: [ app_begin ] --START--
INFO: Run Behavior\ReadHtmlCacheBehavior [ RunTime:0.000749s ]
INFO: [ app_begin ] --END-- [ RunTime:0.000828s ]
SQL: SHOW COLUMNS FROM `book_comment` [ RunTime:0.0104s ]
SQL: SELECT `c_id` FROM `book_comment` WHERE ( c_id='11' ) ORDER BY c_id desc LIMIT 5   [ RunTime:0.0008s ]
SQL: SHOW COLUMNS FROM `book_errasy` [ RunTime:0.0130s ]
SQL: SELECT `click` FROM `book_errasy` WHERE ( id='11' ) LIMIT 1   [ RunTime:0.0014s ]
SQL: UPDATE `book_errasy` SET `click`='4' WHERE ( id='11' ) [ RunTime:0.0014s ]
SQL: SELECT * FROM `book_errasy` INNER JOIN book_errasy_fb on book_errasy.s_id=book_errasy_fb.s_id  WHERE ( id='11' ) LIMIT 1   [ RunTime:0.0013s ]
SQL: SELECT * FROM `book_comment` WHERE ( c_id in(11) ) ORDER BY c_id asc  [ RunTime:0.0005s ]
SQL: SELECT * FROM `book_errasy` INNER JOIN book_errasy_fb on book_errasy.s_id=book_errasy_fb.s_id  ORDER BY id desc LIMIT 6   [ RunTime:0.0073s ]
SQL: SELECT * FROM `book_errasy` WHERE ( id in(7,8,9,10,11) )  [ RunTime:0.0009s ]
SQL: SELECT * FROM `book_errasy` ORDER BY id desc LIMIT 5   [ RunTime:0.0007s ]
SQL: SELECT * FROM `book_errasy` ORDER BY rand() LIMIT 5   [ RunTime:0.0057s ]
INFO: [ view_parse ] --START--
INFO: [ template_filter ] --START--
INFO: Run Behavior\ContentReplaceBehavior [ RunTime:0.000208s ]
INFO: [ template_filter ] --END-- [ RunTime:0.000404s ]
INFO: Run Behavior\ParseTemplateBehavior [ RunTime:0.043091s ]
INFO: [ view_parse ] --END-- [ RunTime:0.043230s ]
INFO: [ view_filter ] --START--
INFO: Run Behavior\WriteHtmlCacheBehavior [ RunTime:0.000770s ]
INFO: [ view_filter ] --END-- [ RunTime:0.000874s ]
INFO: [ app_end ] --START--
INFO: Run Behavior\ShowPageTraceBehavior [ RunTime:0.001198s ]
INFO: [ app_end ] --END-- [ RunTime:0.001317s ]

[ 2016-05-14T17:15:12+08:00 ] ::1 /RJGC/boke/TP/index.php/Home/Diary/riji.html
INFO: [ app_init ] --START--
INFO: Run Behavior\BuildLiteBehavior [ RunTime:0.000019s ]
INFO: [ app_init ] --END-- [ RunTime:0.000551s ]
INFO: [ app_begin ] --START--
INFO: Run Behavior\ReadHtmlCacheBehavior [ RunTime:0.000758s ]
INFO: [ app_begin ] --END-- [ RunTime:0.000855s ]
SQL: SHOW COLUMNS FROM `book_shuoshuo` [ RunTime:0.0704s ]
NOTIC: [2] Missing argument 1 for Think\Model::where(), called in D:\WWW\RJGC\boke\TP\Application\Home\Controller\DiaryController.class.php on line 12 and defined D:\WWW\RJGC\boke\TP\ThinkPHP\Library\Think\Model.class.php 第 1777 行.
NOTIC: [8] Undefined variable: where D:\WWW\RJGC\boke\TP\ThinkPHP\Library\Think\Model.class.php 第 1785 行.
NOTIC: [8] Undefined variable: where D:\WWW\RJGC\boke\TP\ThinkPHP\Library\Think\Model.class.php 第 1788 行.
NOTIC: [8] Undefined variable: where D:\WWW\RJGC\boke\TP\ThinkPHP\Library\Think\Model.class.php 第 1796 行.
NOTIC: [8] Undefined offset: 0 D:\WWW\RJGC\boke\TP\ThinkPHP\Library\Think\Model.class.php 第 222 行.
SQL: SELECT * FROM `book_shuoshuo` LIMIT 0,5   [ RunTime:0.0008s ]
NOTIC: [2] Missing argument 1 for Think\Model::where(), called in D:\WWW\RJGC\boke\TP\Application\Home\Controller\DiaryController.class.php on line 15 and defined D:\WWW\RJGC\boke\TP\ThinkPHP\Library\Think\Model.class.php 第 1777 行.
NOTIC: [8] Undefined variable: where D:\WWW\RJGC\boke\TP\ThinkPHP\Library\Think\Model.class.php 第 1785 行.
NOTIC: [8] Undefined variable: where D:\WWW\RJGC\boke\TP\ThinkPHP\Library\Think\Model.class.php 第 1788 行.
NOTIC: [8] Undefined variable: where D:\WWW\RJGC\boke\TP\ThinkPHP\Library\Think\Model.class.php 第 1796 行.
SQL: SELECT COUNT(*) AS tp_count FROM `book_shuoshuo` LIMIT 1   [ RunTime:0.0004s ]
SQL: SHOW COLUMNS FROM `book_errasy` [ RunTime:0.0063s ]
SQL: SELECT * FROM `book_errasy` INNER JOIN book_errasy_fb on book_errasy.s_id=book_errasy_fb.s_id  ORDER BY id desc LIMIT 6   [ RunTime:0.0067s ]
SQL: SELECT * FROM `book_errasy` WHERE ( id in(7,8,9,10,11) )  [ RunTime:0.0007s ]
SQL: SELECT * FROM `book_errasy` ORDER BY id desc LIMIT 5   [ RunTime:0.0006s ]
SQL: SELECT * FROM `book_errasy` ORDER BY rand() LIMIT 5   [ RunTime:0.0057s ]
INFO: [ view_parse ] --START--
INFO: [ template_filter ] --START--
INFO: Run Behavior\ContentReplaceBehavior [ RunTime:0.000081s ]
INFO: [ template_filter ] --END-- [ RunTime:0.000159s ]
INFO: Run Behavior\ParseTemplateBehavior [ RunTime:0.021038s ]
INFO: [ view_parse ] --END-- [ RunTime:0.021177s ]
INFO: [ view_filter ] --START--
INFO: Run Behavior\WriteHtmlCacheBehavior [ RunTime:0.000627s ]
INFO: [ view_filter ] --END-- [ RunTime:0.000700s ]
INFO: [ app_end ] --START--
INFO: Run Behavior\ShowPageTraceBehavior [ RunTime:0.001146s ]
INFO: [ app_end ] --END-- [ RunTime:0.001254s ]

[ 2016-05-14T17:15:18+08:00 ] ::1 /RJGC/boke/TP/index.php/Home/Index/student.html
INFO: [ app_init ] --START--
INFO: Run Behavior\BuildLiteBehavior [ RunTime:0.000019s ]
INFO: [ app_init ] --END-- [ RunTime:0.000431s ]
INFO: [ app_begin ] --START--
INFO: Run Behavior\ReadHtmlCacheBehavior [ RunTime:0.000827s ]
INFO: [ app_begin ] --END-- [ RunTime:0.000905s ]
SQL: SHOW COLUMNS FROM `book_errasy` [ RunTime:0.0128s ]
NOTIC: [2] Missing argument 1 for Think\Model::where(), called in D:\WWW\RJGC\boke\TP\Application\Home\Controller\IndexController.class.php on line 154 and defined D:\WWW\RJGC\boke\TP\ThinkPHP\Library\Think\Model.class.php 第 1777 行.
NOTIC: [8] Undefined variable: where D:\WWW\RJGC\boke\TP\ThinkPHP\Library\Think\Model.class.php 第 1785 行.
NOTIC: [8] Undefined variable: where D:\WWW\RJGC\boke\TP\ThinkPHP\Library\Think\Model.class.php 第 1788 行.
NOTIC: [8] Undefined variable: where D:\WWW\RJGC\boke\TP\ThinkPHP\Library\Think\Model.class.php 第 1796 行.
NOTIC: [8] Undefined offset: 0 D:\WWW\RJGC\boke\TP\ThinkPHP\Library\Think\Model.class.php 第 222 行.
SQL: SELECT * FROM `book_errasy` INNER JOIN book_errasy_fb on book_errasy.s_id=book_errasy_fb.s_id  LIMIT 0,5   [ RunTime:0.0015s ]
NOTIC: [2] Missing argument 1 for Think\Model::where(), called in D:\WWW\RJGC\boke\TP\Application\Home\Controller\IndexController.class.php on line 157 and defined D:\WWW\RJGC\boke\TP\ThinkPHP\Library\Think\Model.class.php 第 1777 行.
NOTIC: [8] Undefined variable: where D:\WWW\RJGC\boke\TP\ThinkPHP\Library\Think\Model.class.php 第 1785 行.
NOTIC: [8] Undefined variable: where D:\WWW\RJGC\boke\TP\ThinkPHP\Library\Think\Model.class.php 第 1788 行.
NOTIC: [8] Undefined variable: where D:\WWW\RJGC\boke\TP\ThinkPHP\Library\Think\Model.class.php 第 1796 行.
SQL: SELECT COUNT(*) AS tp_count FROM `book_errasy` LIMIT 1   [ RunTime:0.0007s ]
SQL: SELECT * FROM `book_errasy` INNER JOIN book_errasy_fb on book_errasy.s_id=book_errasy_fb.s_id  ORDER BY id desc LIMIT 6   [ RunTime:0.0108s ]
SQL: SELECT * FROM `book_errasy` WHERE ( id in(7,8,9,10,11) )  [ RunTime:0.0012s ]
SQL: SELECT * FROM `book_errasy` ORDER BY id desc LIMIT 5   [ RunTime:0.0012s ]
SQL: SELECT * FROM `book_errasy` ORDER BY rand() LIMIT 5   [ RunTime:0.0147s ]
INFO: [ view_parse ] --START--
INFO: [ template_filter ] --START--
INFO: Run Behavior\ContentReplaceBehavior [ RunTime:0.000247s ]
INFO: [ template_filter ] --END-- [ RunTime:0.000477s ]
INFO: Run Behavior\ParseTemplateBehavior [ RunTime:0.047385s ]
INFO: [ view_parse ] --END-- [ RunTime:0.047608s ]
INFO: [ view_filter ] --START--
INFO: Run Behavior\WriteHtmlCacheBehavior [ RunTime:0.002275s ]
INFO: [ view_filter ] --END-- [ RunTime:0.002589s ]
INFO: [ app_end ] --START--
INFO: Run Behavior\ShowPageTraceBehavior [ RunTime:0.004046s ]
INFO: [ app_end ] --END-- [ RunTime:0.004394s ]

[ 2016-05-14T17:15:26+08:00 ] ::1 /RJGC/boke/TP/index.php/Home/Index/student/p/2.html
INFO: [ app_init ] --START--
INFO: Run Behavior\BuildLiteBehavior [ RunTime:0.000019s ]
INFO: [ app_init ] --END-- [ RunTime:0.000530s ]
INFO: [ app_begin ] --START--
INFO: Run Behavior\ReadHtmlCacheBehavior [ RunTime:0.000785s ]
INFO: [ app_begin ] --END-- [ RunTime:0.000870s ]
SQL: SHOW COLUMNS FROM `book_errasy` [ RunTime:0.0118s ]
NOTIC: [2] Missing argument 1 for Think\Model::where(), called in D:\WWW\RJGC\boke\TP\Application\Home\Controller\IndexController.class.php on line 154 and defined D:\WWW\RJGC\boke\TP\ThinkPHP\Library\Think\Model.class.php 第 1777 行.
NOTIC: [8] Undefined variable: where D:\WWW\RJGC\boke\TP\ThinkPHP\Library\Think\Model.class.php 第 1785 行.
NOTIC: [8] Undefined variable: where D:\WWW\RJGC\boke\TP\ThinkPHP\Library\Think\Model.class.php 第 1788 行.
NOTIC: [8] Undefined variable: where D:\WWW\RJGC\boke\TP\ThinkPHP\Library\Think\Model.class.php 第 1796 行.
NOTIC: [8] Undefined offset: 0 D:\WWW\RJGC\boke\TP\ThinkPHP\Library\Think\Model.class.php 第 222 行.
SQL: SELECT * FROM `book_errasy` INNER JOIN book_errasy_fb on book_errasy.s_id=book_errasy_fb.s_id  LIMIT 5,5   [ RunTime:0.0018s ]
NOTIC: [2] Missing argument 1 for Think\Model::where(), called in D:\WWW\RJGC\boke\TP\Application\Home\Controller\IndexController.class.php on line 157 and defined D:\WWW\RJGC\boke\TP\ThinkPHP\Library\Think\Model.class.php 第 1777 行.
NOTIC: [8] Undefined variable: where D:\WWW\RJGC\boke\TP\ThinkPHP\Library\Think\Model.class.php 第 1785 行.
NOTIC: [8] Undefined variable: where D:\WWW\RJGC\boke\TP\ThinkPHP\Library\Think\Model.class.php 第 1788 行.
NOTIC: [8] Undefined variable: where D:\WWW\RJGC\boke\TP\ThinkPHP\Library\Think\Model.class.php 第 1796 行.
SQL: SELECT COUNT(*) AS tp_count FROM `book_errasy` LIMIT 1   [ RunTime:0.0006s ]
SQL: SELECT * FROM `book_errasy` INNER JOIN book_errasy_fb on book_errasy.s_id=book_errasy_fb.s_id  ORDER BY id desc LIMIT 6   [ RunTime:0.0118s ]
SQL: SELECT * FROM `book_errasy` WHERE ( id in(7,8,9,10,11) )  [ RunTime:0.0013s ]
SQL: SELECT * FROM `book_errasy` ORDER BY id desc LIMIT 5   [ RunTime:0.0011s ]
SQL: SELECT * FROM `book_errasy` ORDER BY rand() LIMIT 5   [ RunTime:0.0140s ]
INFO: [ view_parse ] --START--
INFO: [ template_filter ] --START--
INFO: Run Behavior\ContentReplaceBehavior [ RunTime:0.000238s ]
INFO: [ template_filter ] --END-- [ RunTime:0.000505s ]
INFO: Run Behavior\ParseTemplateBehavior [ RunTime:0.046259s ]
INFO: [ view_parse ] --END-- [ RunTime:0.046596s ]
INFO: [ view_filter ] --START--
INFO: Run Behavior\WriteHtmlCacheBehavior [ RunTime:0.001930s ]
INFO: [ view_filter ] --END-- [ RunTime:0.002159s ]
INFO: [ app_end ] --START--
INFO: Run Behavior\ShowPageTraceBehavior [ RunTime:0.002357s ]
INFO: [ app_end ] --END-- [ RunTime:0.002720s ]

[ 2016-05-14T17:15:42+08:00 ] ::1 /RJGC/boke/TP/index.php/Home/Index/student/p/3.html
INFO: [ app_init ] --START--
INFO: Run Behavior\BuildLiteBehavior [ RunTime:0.000018s ]
INFO: [ app_init ] --END-- [ RunTime:0.000517s ]
INFO: [ app_begin ] --START--
INFO: Run Behavior\ReadHtmlCacheBehavior [ RunTime:0.000783s ]
INFO: [ app_begin ] --END-- [ RunTime:0.000860s ]
SQL: SHOW COLUMNS FROM `book_errasy` [ RunTime:0.0114s ]
NOTIC: [2] Missing argument 1 for Think\Model::where(), called in D:\WWW\RJGC\boke\TP\Application\Home\Controller\IndexController.class.php on line 154 and defined D:\WWW\RJGC\boke\TP\ThinkPHP\Library\Think\Model.class.php 第 1777 行.
NOTIC: [8] Undefined variable: where D:\WWW\RJGC\boke\TP\ThinkPHP\Library\Think\Model.class.php 第 1785 行.
NOTIC: [8] Undefined variable: where D:\WWW\RJGC\boke\TP\ThinkPHP\Library\Think\Model.class.php 第 1788 行.
NOTIC: [8] Undefined variable: where D:\WWW\RJGC\boke\TP\ThinkPHP\Library\Think\Model.class.php 第 1796 行.
NOTIC: [8] Undefined offset: 0 D:\WWW\RJGC\boke\TP\ThinkPHP\Library\Think\Model.class.php 第 222 行.
SQL: SELECT * FROM `book_errasy` INNER JOIN book_errasy_fb on book_errasy.s_id=book_errasy_fb.s_id  LIMIT 10,5   [ RunTime:0.0024s ]
NOTIC: [2] Missing argument 1 for Think\Model::where(), called in D:\WWW\RJGC\boke\TP\Application\Home\Controller\IndexController.class.php on line 157 and defined D:\WWW\RJGC\boke\TP\ThinkPHP\Library\Think\Model.class.php 第 1777 行.
NOTIC: [8] Undefined variable: where D:\WWW\RJGC\boke\TP\ThinkPHP\Library\Think\Model.class.php 第 1785 行.
NOTIC: [8] Undefined variable: where D:\WWW\RJGC\boke\TP\ThinkPHP\Library\Think\Model.class.php 第 1788 行.
NOTIC: [8] Undefined variable: where D:\WWW\RJGC\boke\TP\ThinkPHP\Library\Think\Model.class.php 第 1796 行.
SQL: SELECT COUNT(*) AS tp_count FROM `book_errasy` LIMIT 1   [ RunTime:0.0009s ]
SQL: SELECT * FROM `book_errasy` INNER JOIN book_errasy_fb on book_errasy.s_id=book_errasy_fb.s_id  ORDER BY id desc LIMIT 6   [ RunTime:0.0121s ]
SQL: SELECT * FROM `book_errasy` WHERE ( id in(7,8,9,10,11) )  [ RunTime:0.0012s ]
SQL: SELECT * FROM `book_errasy` ORDER BY id desc LIMIT 5   [ RunTime:0.0010s ]
SQL: SELECT * FROM `book_errasy` ORDER BY rand() LIMIT 5   [ RunTime:0.0126s ]
INFO: [ view_parse ] --START--
INFO: [ template_filter ] --START--
INFO: Run Behavior\ContentReplaceBehavior [ RunTime:0.000153s ]
INFO: [ template_filter ] --END-- [ RunTime:0.000295s ]
INFO: Run Behavior\ParseTemplateBehavior [ RunTime:0.038047s ]
INFO: [ view_parse ] --END-- [ RunTime:0.038231s ]
INFO: [ view_filter ] --START--
INFO: Run Behavior\WriteHtmlCacheBehavior [ RunTime:0.000924s ]
INFO: [ view_filter ] --END-- [ RunTime:0.001042s ]
INFO: [ app_end ] --START--
INFO: Run Behavior\ShowPageTraceBehavior [ RunTime:0.001608s ]
INFO: [ app_end ] --END-- [ RunTime:0.001739s ]

[ 2016-05-14T17:15:46+08:00 ] ::1 /RJGC/boke/TP/index.php/Home/Index/read?id=18
INFO: [ app_init ] --START--
INFO: Run Behavior\BuildLiteBehavior [ RunTime:0.000061s ]
INFO: [ app_init ] --END-- [ RunTime:0.001309s ]
INFO: [ app_begin ] --START--
INFO: Run Behavior\ReadHtmlCacheBehavior [ RunTime:0.000842s ]
INFO: [ app_begin ] --END-- [ RunTime:0.000926s ]
SQL: SHOW COLUMNS FROM `book_comment` [ RunTime:0.0118s ]
SQL: SELECT `c_id` FROM `book_comment` WHERE ( c_id='18' ) ORDER BY c_id desc LIMIT 5   [ RunTime:0.0007s ]
SQL: SHOW COLUMNS FROM `book_errasy` [ RunTime:0.0124s ]
SQL: SELECT `click` FROM `book_errasy` WHERE ( id='18' ) LIMIT 1   [ RunTime:0.0009s ]
SQL: UPDATE `book_errasy` SET `click`='14' WHERE ( id='18' ) [ RunTime:0.0008s ]
SQL: SELECT * FROM `book_errasy` INNER JOIN book_errasy_fb on book_errasy.s_id=book_errasy_fb.s_id  WHERE ( id='18' ) LIMIT 1   [ RunTime:0.0016s ]
SQL: SELECT * FROM `book_comment` WHERE ( c_id in(18) ) ORDER BY c_id asc  [ RunTime:0.0010s ]
SQL: SELECT * FROM `book_errasy` INNER JOIN book_errasy_fb on book_errasy.s_id=book_errasy_fb.s_id  ORDER BY id desc LIMIT 6   [ RunTime:0.0095s ]
SQL: SELECT * FROM `book_errasy` WHERE ( id in(7,8,9,10,11) )  [ RunTime:0.0010s ]
SQL: SELECT * FROM `book_errasy` ORDER BY id desc LIMIT 5   [ RunTime:0.0008s ]
SQL: SELECT * FROM `book_errasy` ORDER BY rand() LIMIT 5   [ RunTime:0.0067s ]
INFO: [ view_parse ] --START--
INFO: [ template_filter ] --START--
INFO: Run Behavior\ContentReplaceBehavior [ RunTime:0.000128s ]
INFO: [ template_filter ] --END-- [ RunTime:0.000254s ]
INFO: Run Behavior\ParseTemplateBehavior [ RunTime:0.025123s ]
INFO: [ view_parse ] --END-- [ RunTime:0.025267s ]
INFO: [ view_filter ] --START--
INFO: Run Behavior\WriteHtmlCacheBehavior [ RunTime:0.001031s ]
INFO: [ view_filter ] --END-- [ RunTime:0.001144s ]
INFO: [ app_end ] --START--
INFO: Run Behavior\ShowPageTraceBehavior [ RunTime:0.001385s ]
INFO: [ app_end ] --END-- [ RunTime:0.001514s ]

[ 2016-05-14T17:16:03+08:00 ] ::1 /RJGC/boke/TP/index.php/Home/Index/read.html?id=19
INFO: [ app_init ] --START--
INFO: Run Behavior\BuildLiteBehavior [ RunTime:0.000034s ]
INFO: [ app_init ] --END-- [ RunTime:0.000979s ]
INFO: [ app_begin ] --START--
INFO: Run Behavior\ReadHtmlCacheBehavior [ RunTime:0.000758s ]
INFO: [ app_begin ] --END-- [ RunTime:0.000839s ]
SQL: SHOW COLUMNS FROM `book_comment` [ RunTime:0.0109s ]
SQL: SELECT `c_id` FROM `book_comment` WHERE ( c_id='19' ) ORDER BY c_id desc LIMIT 5   [ RunTime:0.0008s ]
SQL: SHOW COLUMNS FROM `book_errasy` [ RunTime:0.0103s ]
SQL: SELECT `click` FROM `book_errasy` WHERE ( id='19' ) LIMIT 1   [ RunTime:0.0009s ]
SQL: UPDATE `book_errasy` SET `click`='1' WHERE ( id='19' ) [ RunTime:0.0008s ]
SQL: SELECT * FROM `book_errasy` INNER JOIN book_errasy_fb on book_errasy.s_id=book_errasy_fb.s_id  WHERE ( id='19' ) LIMIT 1   [ RunTime:0.0008s ]
SQL: SELECT * FROM `book_comment` WHERE ( c_id in(19) ) ORDER BY c_id asc  [ RunTime:0.0007s ]
SQL: SELECT * FROM `book_errasy` INNER JOIN book_errasy_fb on book_errasy.s_id=book_errasy_fb.s_id  ORDER BY id desc LIMIT 6   [ RunTime:0.0148s ]
SQL: SELECT * FROM `book_errasy` WHERE ( id in(7,8,9,10,11) )  [ RunTime:0.0012s ]
SQL: SELECT * FROM `book_errasy` ORDER BY id desc LIMIT 5   [ RunTime:0.0015s ]
SQL: SELECT * FROM `book_errasy` ORDER BY rand() LIMIT 5   [ RunTime:0.0122s ]
INFO: [ view_parse ] --START--
INFO: [ template_filter ] --START--
INFO: Run Behavior\ContentReplaceBehavior [ RunTime:0.000126s ]
INFO: [ template_filter ] --END-- [ RunTime:0.000251s ]
INFO: Run Behavior\ParseTemplateBehavior [ RunTime:0.033412s ]
INFO: [ view_parse ] --END-- [ RunTime:0.033602s ]
INFO: [ view_filter ] --START--
INFO: Run Behavior\WriteHtmlCacheBehavior [ RunTime:0.001220s ]
INFO: [ view_filter ] --END-- [ RunTime:0.001383s ]
INFO: [ app_end ] --START--
INFO: Run Behavior\ShowPageTraceBehavior [ RunTime:0.002193s ]
INFO: [ app_end ] --END-- [ RunTime:0.002435s ]

[ 2016-05-14T17:16:22+08:00 ] ::1 /RJGC/boke/TP/index.php/Home/Index/read.html?id=9
INFO: [ app_init ] --START--
INFO: Run Behavior\BuildLiteBehavior [ RunTime:0.000027s ]
INFO: [ app_init ] --END-- [ RunTime:0.000825s ]
INFO: [ app_begin ] --START--
INFO: Run Behavior\ReadHtmlCacheBehavior [ RunTime:0.000716s ]
INFO: [ app_begin ] --END-- [ RunTime:0.000794s ]
SQL: SHOW COLUMNS FROM `book_comment` [ RunTime:0.0099s ]
SQL: SELECT `c_id` FROM `book_comment` WHERE ( c_id='9' ) ORDER BY c_id desc LIMIT 5   [ RunTime:0.0008s ]
SQL: SHOW COLUMNS FROM `book_errasy` [ RunTime:0.0118s ]
SQL: SELECT `click` FROM `book_errasy` WHERE ( id='9' ) LIMIT 1   [ RunTime:0.0018s ]
SQL: UPDATE `book_errasy` SET `click`='6' WHERE ( id='9' ) [ RunTime:0.0010s ]
SQL: SELECT * FROM `book_errasy` INNER JOIN book_errasy_fb on book_errasy.s_id=book_errasy_fb.s_id  WHERE ( id='9' ) LIMIT 1   [ RunTime:0.0011s ]
SQL: SELECT * FROM `book_comment` WHERE ( c_id in(9) ) ORDER BY c_id asc  [ RunTime:0.0008s ]
SQL: SELECT * FROM `book_errasy` INNER JOIN book_errasy_fb on book_errasy.s_id=book_errasy_fb.s_id  ORDER BY id desc LIMIT 6   [ RunTime:0.0125s ]
SQL: SELECT * FROM `book_errasy` WHERE ( id in(7,8,9,10,11) )  [ RunTime:0.0012s ]
SQL: SELECT * FROM `book_errasy` ORDER BY id desc LIMIT 5   [ RunTime:0.0014s ]
SQL: SELECT * FROM `book_errasy` ORDER BY rand() LIMIT 5   [ RunTime:0.0114s ]
INFO: [ view_parse ] --START--
INFO: [ template_filter ] --START--
INFO: Run Behavior\ContentReplaceBehavior [ RunTime:0.000219s ]
INFO: [ template_filter ] --END-- [ RunTime:0.000420s ]
INFO: Run Behavior\ParseTemplateBehavior [ RunTime:0.052539s ]
INFO: [ view_parse ] --END-- [ RunTime:0.052784s ]
INFO: [ view_filter ] --START--
INFO: Run Behavior\WriteHtmlCacheBehavior [ RunTime:0.001593s ]
INFO: [ view_filter ] --END-- [ RunTime:0.001731s ]
INFO: [ app_end ] --START--
INFO: Run Behavior\ShowPageTraceBehavior [ RunTime:0.001462s ]
INFO: [ app_end ] --END-- [ RunTime:0.001647s ]

[ 2016-05-14T17:16:37+08:00 ] ::1 /RJGC/boke/TP/index.php/Home/Index/read.html?id=19
INFO: [ app_init ] --START--
INFO: Run Behavior\BuildLiteBehavior [ RunTime:0.000070s ]
INFO: [ app_init ] --END-- [ RunTime:0.001834s ]
INFO: [ app_begin ] --START--
INFO: Run Behavior\ReadHtmlCacheBehavior [ RunTime:0.001039s ]
INFO: [ app_begin ] --END-- [ RunTime:0.001148s ]
SQL: SHOW COLUMNS FROM `book_comment` [ RunTime:0.0113s ]
SQL: SELECT `c_id` FROM `book_comment` WHERE ( c_id='19' ) ORDER BY c_id desc LIMIT 5   [ RunTime:0.0009s ]
SQL: SHOW COLUMNS FROM `book_errasy` [ RunTime:0.0114s ]
SQL: SELECT `click` FROM `book_errasy` WHERE ( id='19' ) LIMIT 1   [ RunTime:0.0008s ]
SQL: UPDATE `book_errasy` SET `click`='2' WHERE ( id='19' ) [ RunTime:0.0007s ]
SQL: SELECT * FROM `book_errasy` INNER JOIN book_errasy_fb on book_errasy.s_id=book_errasy_fb.s_id  WHERE ( id='19' ) LIMIT 1   [ RunTime:0.0009s ]
SQL: SELECT * FROM `book_comment` WHERE ( c_id in(19) ) ORDER BY c_id asc  [ RunTime:0.0008s ]
SQL: SELECT * FROM `book_errasy` INNER JOIN book_errasy_fb on book_errasy.s_id=book_errasy_fb.s_id  ORDER BY id desc LIMIT 6   [ RunTime:0.0140s ]
SQL: SELECT * FROM `book_errasy` WHERE ( id in(7,8,9,10,11) )  [ RunTime:0.0012s ]
SQL: SELECT * FROM `book_errasy` ORDER BY id desc LIMIT 5   [ RunTime:0.0010s ]
SQL: SELECT * FROM `book_errasy` ORDER BY rand() LIMIT 5   [ RunTime:0.0122s ]
INFO: [ view_parse ] --START--
INFO: [ template_filter ] --START--
INFO: Run Behavior\ContentReplaceBehavior [ RunTime:0.000144s ]
INFO: [ template_filter ] --END-- [ RunTime:0.000359s ]
INFO: Run Behavior\ParseTemplateBehavior [ RunTime:0.046715s ]
INFO: [ view_parse ] --END-- [ RunTime:0.046886s ]
INFO: [ view_filter ] --START--
INFO: Run Behavior\WriteHtmlCacheBehavior [ RunTime:0.000920s ]
INFO: [ view_filter ] --END-- [ RunTime:0.001029s ]
INFO: [ app_end ] --START--
INFO: Run Behavior\ShowPageTraceBehavior [ RunTime:0.001254s ]
INFO: [ app_end ] --END-- [ RunTime:0.001373s ]

[ 2016-05-14T17:16:38+08:00 ] ::1 /RJGC/boke/TP/index.php/Home/Index/read.html?id=19
INFO: [ app_init ] --START--
INFO: Run Behavior\BuildLiteBehavior [ RunTime:0.000035s ]
INFO: [ app_init ] --END-- [ RunTime:0.001003s ]
INFO: [ app_begin ] --START--
INFO: Run Behavior\ReadHtmlCacheBehavior [ RunTime:0.001356s ]
INFO: [ app_begin ] --END-- [ RunTime:0.001499s ]
SQL: SHOW COLUMNS FROM `book_comment` [ RunTime:0.0115s ]
SQL: SELECT `c_id` FROM `book_comment` WHERE ( c_id='19' ) ORDER BY c_id desc LIMIT 5   [ RunTime:0.0007s ]
SQL: SHOW COLUMNS FROM `book_errasy` [ RunTime:0.0123s ]
SQL: SELECT `click` FROM `book_errasy` WHERE ( id='19' ) LIMIT 1   [ RunTime:0.0008s ]
SQL: UPDATE `book_errasy` SET `click`='3' WHERE ( id='19' ) [ RunTime:0.0007s ]
SQL: SELECT * FROM `book_errasy` INNER JOIN book_errasy_fb on book_errasy.s_id=book_errasy_fb.s_id  WHERE ( id='19' ) LIMIT 1   [ RunTime:0.0008s ]
SQL: SELECT * FROM `book_comment` WHERE ( c_id in(19) ) ORDER BY c_id asc  [ RunTime:0.0009s ]
SQL: SELECT * FROM `book_errasy` INNER JOIN book_errasy_fb on book_errasy.s_id=book_errasy_fb.s_id  ORDER BY id desc LIMIT 6   [ RunTime:0.0110s ]
SQL: SELECT * FROM `book_errasy` WHERE ( id in(7,8,9,10,11) )  [ RunTime:0.0013s ]
SQL: SELECT * FROM `book_errasy` ORDER BY id desc LIMIT 5   [ RunTime:0.0010s ]
SQL: SELECT * FROM `book_errasy` ORDER BY rand() LIMIT 5   [ RunTime:0.0104s ]
INFO: [ view_parse ] --START--
INFO: [ template_filter ] --START--
INFO: Run Behavior\ContentReplaceBehavior [ RunTime:0.000337s ]
INFO: [ template_filter ] --END-- [ RunTime:0.000625s ]
INFO: Run Behavior\ParseTemplateBehavior [ RunTime:0.051259s ]
INFO: [ view_parse ] --END-- [ RunTime:0.051488s ]
INFO: [ view_filter ] --START--
INFO: Run Behavior\WriteHtmlCacheBehavior [ RunTime:0.001195s ]
INFO: [ view_filter ] --END-- [ RunTime:0.001360s ]
INFO: [ app_end ] --START--
INFO: Run Behavior\ShowPageTraceBehavior [ RunTime:0.001989s ]
INFO: [ app_end ] --END-- [ RunTime:0.002181s ]

[ 2016-05-14T17:16:47+08:00 ] ::1 /RJGC/boke/TP/index.php/Home/Photo/xc.html
INFO: [ app_init ] --START--
INFO: Run Behavior\BuildLiteBehavior [ RunTime:0.000021s ]
INFO: [ app_init ] --END-- [ RunTime:0.000526s ]
INFO: [ app_begin ] --START--
INFO: Run Behavior\ReadHtmlCacheBehavior [ RunTime:0.000662s ]
INFO: [ app_begin ] --END-- [ RunTime:0.000740s ]
SQL: SHOW COLUMNS FROM `book_photo` [ RunTime:0.0596s ]
SQL: SELECT * FROM `book_photo` ORDER BY id asc LIMIT 0,20   [ RunTime:0.0358s ]
SQL: SELECT COUNT(*) AS tp_count FROM `book_photo` LIMIT 1   [ RunTime:0.0013s ]
INFO: [ view_parse ] --START--
INFO: [ template_filter ] --START--
INFO: Run Behavior\ContentReplaceBehavior [ RunTime:0.000301s ]
INFO: [ template_filter ] --END-- [ RunTime:0.000611s ]
INFO: Run Behavior\ParseTemplateBehavior [ RunTime:0.118130s ]
INFO: [ view_parse ] --END-- [ RunTime:0.118369s ]
INFO: [ view_filter ] --START--
INFO: Run Behavior\WriteHtmlCacheBehavior [ RunTime:0.001474s ]
INFO: [ view_filter ] --END-- [ RunTime:0.001658s ]
INFO: [ app_end ] --START--
INFO: Run Behavior\ShowPageTraceBehavior [ RunTime:0.002840s ]
INFO: [ app_end ] --END-- [ RunTime:0.003442s ]

[ 2016-05-14T17:16:57+08:00 ] ::1 /RJGC/boke/TP/index.php/Home/Leave/leave.html
INFO: [ app_init ] --START--
INFO: Run Behavior\BuildLiteBehavior [ RunTime:0.000020s ]
INFO: [ app_init ] --END-- [ RunTime:0.000650s ]
INFO: [ app_begin ] --START--
INFO: Run Behavior\ReadHtmlCacheBehavior [ RunTime:0.000768s ]
INFO: [ app_begin ] --END-- [ RunTime:0.000847s ]
SQL: SHOW COLUMNS FROM `book_leave` [ RunTime:0.0112s ]
SQL: SELECT `id` FROM `book_leave` ORDER BY id desc LIMIT 10   [ RunTime:0.0008s ]
SQL: SELECT * FROM `book_leave` WHERE ( id in(61,60,59,58,57,56,55,54,53,51) ) ORDER BY id asc  [ RunTime:0.0013s ]
SQL: SHOW COLUMNS FROM `book_errasy` [ RunTime:0.0105s ]
SQL: SELECT * FROM `book_errasy` INNER JOIN book_errasy_fb on book_errasy.s_id=book_errasy_fb.s_id  ORDER BY id desc LIMIT 6   [ RunTime:0.0139s ]
SQL: SELECT * FROM `book_errasy` WHERE ( id in(7,8,9,10,11) )  [ RunTime:0.0030s ]
SQL: SELECT * FROM `book_errasy` ORDER BY id desc LIMIT 5   [ RunTime:0.0011s ]
SQL: SELECT * FROM `book_errasy` ORDER BY rand() LIMIT 5   [ RunTime:0.0115s ]
INFO: [ view_parse ] --START--
INFO: [ template_filter ] --START--
INFO: Run Behavior\ContentReplaceBehavior [ RunTime:0.000289s ]
INFO: [ template_filter ] --END-- [ RunTime:0.000547s ]
INFO: Run Behavior\ParseTemplateBehavior [ RunTime:0.088527s ]
INFO: [ view_parse ] --END-- [ RunTime:0.088799s ]
INFO: [ view_filter ] --START--
INFO: Run Behavior\WriteHtmlCacheBehavior [ RunTime:0.001042s ]
INFO: [ view_filter ] --END-- [ RunTime:0.001161s ]
INFO: [ app_end ] --START--
INFO: Run Behavior\ShowPageTraceBehavior [ RunTime:0.001586s ]
INFO: [ app_end ] --END-- [ RunTime:0.001754s ]

[ 2016-05-14T17:17:08+08:00 ] ::1 /RJGC/boke/TP/index.php/Home/Leave/leave_cha.html
INFO: [ app_init ] --START--
INFO: Run Behavior\BuildLiteBehavior [ RunTime:0.000019s ]
INFO: [ app_init ] --END-- [ RunTime:0.000477s ]
INFO: [ app_begin ] --START--
INFO: Run Behavior\ReadHtmlCacheBehavior [ RunTime:0.000669s ]
INFO: [ app_begin ] --END-- [ RunTime:0.000739s ]
SQL: SHOW COLUMNS FROM `book_leave` [ RunTime:0.0090s ]
NOTIC: [8] Use of undefined constant 游客 - assumed '游客' D:\WWW\RJGC\boke\TP\Application\Home\Controller\LeaveController.class.php 第 50 行.
SQL: INSERT INTO `book_leave` (`name`,`nr`,`time`) VALUES ('游客','发货好好','2016-05-14 17:17:08') [ RunTime:0.0010s ]
INFO: [ app_end ] --START--
INFO: Run Behavior\ShowPageTraceBehavior [ RunTime:0.002375s ]
INFO: [ app_end ] --END-- [ RunTime:0.002647s ]

