[ 2016-04-09T11:03:04+08:00 ] ::1 /boke/TP/index.php
INFO: [ app_init ] --START--
INFO: Run Behavior\BuildLiteBehavior [ RunTime:0.000158s ]
INFO: [ app_init ] --END-- [ RunTime:0.003481s ]
INFO: [ app_begin ] --START--
INFO: Run Behavior\ReadHtmlCacheBehavior [ RunTime:0.002852s ]
INFO: [ app_begin ] --END-- [ RunTime:0.003124s ]
SQL: SHOW COLUMNS FROM `book_errasy` [ RunTime:0.0807s ]
SQL: SELECT * FROM `book_errasy` INNER JOIN book_errasy_fb on book_errasy.s_id=book_errasy_fb.s_id   [ RunTime:0.0124s ]
INFO: [ view_parse ] --START--
INFO: [ template_filter ] --START--
INFO: Run Behavior\ContentReplaceBehavior [ RunTime:0.000219s ]
INFO: [ template_filter ] --END-- [ RunTime:0.000441s ]
INFO: Run Behavior\ParseTemplateBehavior [ RunTime:0.074653s ]
INFO: [ view_parse ] --END-- [ RunTime:0.075009s ]
INFO: [ view_filter ] --START--
INFO: Run Behavior\WriteHtmlCacheBehavior [ RunTime:0.014191s ]
INFO: [ view_filter ] --END-- [ RunTime:0.014483s ]
INFO: [ app_end ] --START--
INFO: Run Behavior\ShowPageTraceBehavior [ RunTime:0.062574s ]
INFO: [ app_end ] --END-- [ RunTime:0.062921s ]

[ 2016-04-09T11:03:07+08:00 ] ::1 /boke/TP/index.php/Home/Index/about
INFO: [ app_init ] --START--
INFO: Run Behavior\BuildLiteBehavior [ RunTime:0.000052s ]
INFO: [ app_init ] --END-- [ RunTime:0.001421s ]
INFO: [ app_begin ] --START--
INFO: Run Behavior\ReadHtmlCacheBehavior [ RunTime:0.002466s ]
INFO: [ app_begin ] --END-- [ RunTime:0.002797s ]
SQL: SHOW COLUMNS FROM `book_news` [ RunTime:0.1837s ]
SQL: SELECT * FROM `book_news`  [ RunTime:0.0281s ]
INFO: [ view_parse ] --START--
INFO: [ template_filter ] --START--
INFO: Run Behavior\ContentReplaceBehavior [ RunTime:0.000192s ]
INFO: [ template_filter ] --END-- [ RunTime:0.000423s ]
INFO: Run Behavior\ParseTemplateBehavior [ RunTime:0.030314s ]
INFO: [ view_parse ] --END-- [ RunTime:0.030835s ]
INFO: [ view_filter ] --START--
INFO: Run Behavior\WriteHtmlCacheBehavior [ RunTime:0.003881s ]
INFO: [ view_filter ] --END-- [ RunTime:0.004513s ]
INFO: [ app_end ] --START--
INFO: Run Behavior\ShowPageTraceBehavior [ RunTime:0.004786s ]
INFO: [ app_end ] --END-- [ RunTime:0.005227s ]

[ 2016-04-09T11:03:12+08:00 ] ::1 /boke/TP/index.php/Home/Index/riji.html
INFO: [ app_init ] --START--
INFO: Run Behavior\BuildLiteBehavior [ RunTime:0.000083s ]
INFO: [ app_init ] --END-- [ RunTime:0.003740s ]
INFO: [ app_begin ] --START--
INFO: Run Behavior\ReadHtmlCacheBehavior [ RunTime:0.002418s ]
INFO: [ app_begin ] --END-- [ RunTime:0.002662s ]
SQL: SHOW COLUMNS FROM `book_shuoshuo` [ RunTime:0.1096s ]
SQL: SELECT * FROM `book_shuoshuo`  [ RunTime:0.0021s ]
INFO: [ view_parse ] --START--
INFO: [ template_filter ] --START--
INFO: Run Behavior\ContentReplaceBehavior [ RunTime:0.000228s ]
INFO: [ template_filter ] --END-- [ RunTime:0.000438s ]
INFO: Run Behavior\ParseTemplateBehavior [ RunTime:0.033548s ]
INFO: [ view_parse ] --END-- [ RunTime:0.033887s ]
INFO: [ view_filter ] --START--
INFO: Run Behavior\WriteHtmlCacheBehavior [ RunTime:0.001934s ]
INFO: [ view_filter ] --END-- [ RunTime:0.002185s ]
INFO: [ app_end ] --START--
INFO: Run Behavior\ShowPageTraceBehavior [ RunTime:0.003368s ]
INFO: [ app_end ] --END-- [ RunTime:0.003702s ]

[ 2016-04-09T11:03:16+08:00 ] ::1 /boke/TP/index.php/Home/Index/index.html
INFO: [ app_init ] --START--
INFO: Run Behavior\BuildLiteBehavior [ RunTime:0.000059s ]
INFO: [ app_init ] --END-- [ RunTime:0.001989s ]
INFO: [ app_begin ] --START--
INFO: Run Behavior\ReadHtmlCacheBehavior [ RunTime:0.004096s ]
INFO: [ app_begin ] --END-- [ RunTime:0.006374s ]
SQL: SHOW COLUMNS FROM `book_errasy` [ RunTime:0.0099s ]
SQL: SELECT * FROM `book_errasy` INNER JOIN book_errasy_fb on book_errasy.s_id=book_errasy_fb.s_id   [ RunTime:0.0018s ]
INFO: [ view_parse ] --START--
INFO: [ template_filter ] --START--
INFO: Run Behavior\ContentReplaceBehavior [ RunTime:0.000221s ]
INFO: [ template_filter ] --END-- [ RunTime:0.000444s ]
INFO: Run Behavior\ParseTemplateBehavior [ RunTime:0.029206s ]
INFO: [ view_parse ] --END-- [ RunTime:0.029712s ]
INFO: [ view_filter ] --START--
INFO: Run Behavior\WriteHtmlCacheBehavior [ RunTime:0.003456s ]
INFO: [ view_filter ] --END-- [ RunTime:0.005436s ]
INFO: [ app_end ] --START--
INFO: Run Behavior\ShowPageTraceBehavior [ RunTime:0.003972s ]
INFO: [ app_end ] --END-- [ RunTime:0.004568s ]

[ 2016-04-09T11:03:25+08:00 ] ::1 /boke/TP/index.php/Home/Index/read?id=1
INFO: [ app_init ] --START--
INFO: Run Behavior\BuildLiteBehavior [ RunTime:0.000056s ]
INFO: [ app_init ] --END-- [ RunTime:0.001522s ]
INFO: [ app_begin ] --START--
INFO: Run Behavior\ReadHtmlCacheBehavior [ RunTime:0.003832s ]
INFO: [ app_begin ] --END-- [ RunTime:0.004137s ]
SQL: SHOW COLUMNS FROM `book_errasy` [ RunTime:0.0122s ]
SQL: SELECT * FROM `book_errasy` INNER JOIN book_errasy_fb on book_errasy.s_id=book_errasy_fb.s_id  LIMIT 1   [ RunTime:0.0016s ]
INFO: [ view_parse ] --START--
INFO: [ template_filter ] --START--
INFO: Run Behavior\ContentReplaceBehavior [ RunTime:0.000119s ]
INFO: [ template_filter ] --END-- [ RunTime:0.000318s ]
INFO: Run Behavior\ParseTemplateBehavior [ RunTime:0.021704s ]
INFO: [ view_parse ] --END-- [ RunTime:0.022101s ]
INFO: [ view_filter ] --START--
INFO: Run Behavior\WriteHtmlCacheBehavior [ RunTime:0.002299s ]
INFO: [ view_filter ] --END-- [ RunTime:0.002556s ]
INFO: [ app_end ] --START--
INFO: Run Behavior\ShowPageTraceBehavior [ RunTime:0.002361s ]
INFO: [ app_end ] --END-- [ RunTime:0.002563s ]

[ 2016-04-09T13:08:55+08:00 ] ::1 /boke/TP/index.php/Home/Index/read?id=1
INFO: [ app_init ] --START--
INFO: Run Behavior\BuildLiteBehavior [ RunTime:0.000160s ]
INFO: [ app_init ] --END-- [ RunTime:0.003018s ]
INFO: [ app_begin ] --START--
INFO: Run Behavior\ReadHtmlCacheBehavior [ RunTime:0.003495s ]
INFO: [ app_begin ] --END-- [ RunTime:0.003797s ]
SQL: SHOW COLUMNS FROM `book_errasy` [ RunTime:0.0732s ]
SQL: SELECT * FROM `book_errasy` INNER JOIN book_errasy_fb on book_errasy.s_id=book_errasy_fb.s_id  LIMIT 1   [ RunTime:0.0108s ]
INFO: [ view_parse ] --START--
INFO: [ template_filter ] --START--
INFO: Run Behavior\ContentReplaceBehavior [ RunTime:0.000125s ]
INFO: [ template_filter ] --END-- [ RunTime:0.000342s ]
INFO: Run Behavior\ParseTemplateBehavior [ RunTime:0.074028s ]
INFO: [ view_parse ] --END-- [ RunTime:0.074510s ]
INFO: [ view_filter ] --START--
INFO: Run Behavior\WriteHtmlCacheBehavior [ RunTime:0.016485s ]
INFO: [ view_filter ] --END-- [ RunTime:0.016975s ]
INFO: [ app_end ] --START--
INFO: Run Behavior\ShowPageTraceBehavior [ RunTime:0.004015s ]
INFO: [ app_end ] --END-- [ RunTime:0.004344s ]

[ 2016-04-09T13:19:53+08:00 ] ::1 /boke/TP/index.php/Home/Index/xc.html
INFO: [ app_init ] --START--
INFO: Run Behavior\BuildLiteBehavior [ RunTime:0.000059s ]
INFO: [ app_init ] --END-- [ RunTime:0.001599s ]
INFO: [ app_begin ] --START--
INFO: Run Behavior\ReadHtmlCacheBehavior [ RunTime:0.002301s ]
INFO: [ app_begin ] --END-- [ RunTime:0.002544s ]
INFO: [ view_parse ] --START--
INFO: [ template_filter ] --START--
INFO: Run Behavior\ContentReplaceBehavior [ RunTime:0.000357s ]
INFO: [ template_filter ] --END-- [ RunTime:0.000602s ]
INFO: Run Behavior\ParseTemplateBehavior [ RunTime:0.062233s ]
INFO: [ view_parse ] --END-- [ RunTime:0.062656s ]
INFO: [ view_filter ] --START--
INFO: Run Behavior\WriteHtmlCacheBehavior [ RunTime:0.001843s ]
INFO: [ view_filter ] --END-- [ RunTime:0.002141s ]
INFO: [ app_end ] --START--
INFO: Run Behavior\ShowPageTraceBehavior [ RunTime:0.005022s ]
INFO: [ app_end ] --END-- [ RunTime:0.005542s ]

[ 2016-04-09T13:19:59+08:00 ] ::1 /boke/TP/index.php/Home/Index/index.html
INFO: [ app_init ] --START--
INFO: Run Behavior\BuildLiteBehavior [ RunTime:0.000052s ]
INFO: [ app_init ] --END-- [ RunTime:0.001477s ]
INFO: [ app_begin ] --START--
INFO: Run Behavior\ReadHtmlCacheBehavior [ RunTime:0.002471s ]
INFO: [ app_begin ] --END-- [ RunTime:0.002826s ]
SQL: SHOW COLUMNS FROM `book_errasy` [ RunTime:0.0178s ]
SQL: SELECT * FROM `book_errasy` INNER JOIN book_errasy_fb on book_errasy.s_id=book_errasy_fb.s_id   [ RunTime:0.0023s ]
INFO: [ view_parse ] --START--
INFO: [ template_filter ] --START--
INFO: Run Behavior\ContentReplaceBehavior [ RunTime:0.000372s ]
INFO: [ template_filter ] --END-- [ RunTime:0.000774s ]
INFO: Run Behavior\ParseTemplateBehavior [ RunTime:0.075589s ]
INFO: [ view_parse ] --END-- [ RunTime:0.075951s ]
INFO: [ view_filter ] --START--
INFO: Run Behavior\WriteHtmlCacheBehavior [ RunTime:0.002913s ]
INFO: [ view_filter ] --END-- [ RunTime:0.003261s ]
INFO: [ app_end ] --START--
INFO: Run Behavior\ShowPageTraceBehavior [ RunTime:0.010561s ]
INFO: [ app_end ] --END-- [ RunTime:0.011034s ]

[ 2016-04-09T13:20:06+08:00 ] ::1 /boke/TP/index.php/Home/Index/about
INFO: [ app_init ] --START--
INFO: Run Behavior\BuildLiteBehavior [ RunTime:0.000176s ]
INFO: [ app_init ] --END-- [ RunTime:0.004376s ]
INFO: [ app_begin ] --START--
INFO: Run Behavior\ReadHtmlCacheBehavior [ RunTime:0.004347s ]
INFO: [ app_begin ] --END-- [ RunTime:0.004756s ]
SQL: SHOW COLUMNS FROM `book_news` [ RunTime:0.0811s ]
SQL: SELECT * FROM `book_news`  [ RunTime:0.0458s ]
INFO: [ view_parse ] --START--
INFO: [ template_filter ] --START--
INFO: Run Behavior\ContentReplaceBehavior [ RunTime:0.000352s ]
INFO: [ template_filter ] --END-- [ RunTime:0.000782s ]
INFO: Run Behavior\ParseTemplateBehavior [ RunTime:0.048872s ]
INFO: [ view_parse ] --END-- [ RunTime:0.049204s ]
INFO: [ view_filter ] --START--
INFO: Run Behavior\WriteHtmlCacheBehavior [ RunTime:0.002292s ]
INFO: [ view_filter ] --END-- [ RunTime:0.002600s ]
INFO: [ app_end ] --START--
INFO: Run Behavior\ShowPageTraceBehavior [ RunTime:0.003342s ]
INFO: [ app_end ] --END-- [ RunTime:0.003699s ]

[ 2016-04-09T13:20:11+08:00 ] ::1 /boke/TP/index.php/Home/Index/shuo.html
INFO: [ app_init ] --START--
INFO: Run Behavior\BuildLiteBehavior [ RunTime:0.000059s ]
INFO: [ app_init ] --END-- [ RunTime:0.001734s ]
INFO: [ app_begin ] --START--
INFO: Run Behavior\ReadHtmlCacheBehavior [ RunTime:0.003390s ]
INFO: [ app_begin ] --END-- [ RunTime:0.003808s ]
SQL: SHOW COLUMNS FROM `book_shuoshuo` [ RunTime:0.0716s ]
SQL: SELECT * FROM `book_shuoshuo`  [ RunTime:0.0020s ]
INFO: [ view_parse ] --START--
INFO: [ template_filter ] --START--
INFO: Run Behavior\ContentReplaceBehavior [ RunTime:0.000262s ]
INFO: [ template_filter ] --END-- [ RunTime:0.000644s ]
INFO: Run Behavior\ParseTemplateBehavior [ RunTime:0.046296s ]
INFO: [ view_parse ] --END-- [ RunTime:0.046765s ]
INFO: [ view_filter ] --START--
INFO: Run Behavior\WriteHtmlCacheBehavior [ RunTime:0.002642s ]
INFO: [ view_filter ] --END-- [ RunTime:0.002984s ]
INFO: [ app_end ] --START--
INFO: Run Behavior\ShowPageTraceBehavior [ RunTime:0.003539s ]
INFO: [ app_end ] --END-- [ RunTime:0.003964s ]

[ 2016-04-09T13:20:14+08:00 ] ::1 /boke/TP/index.php/Home/Index/index.html
INFO: [ app_init ] --START--
INFO: Run Behavior\BuildLiteBehavior [ RunTime:0.000146s ]
INFO: [ app_init ] --END-- [ RunTime:0.005121s ]
INFO: [ app_begin ] --START--
INFO: Run Behavior\ReadHtmlCacheBehavior [ RunTime:0.004404s ]
INFO: [ app_begin ] --END-- [ RunTime:0.005282s ]
SQL: SHOW COLUMNS FROM `book_errasy` [ RunTime:0.0147s ]
SQL: SELECT * FROM `book_errasy` INNER JOIN book_errasy_fb on book_errasy.s_id=book_errasy_fb.s_id   [ RunTime:0.0024s ]
INFO: [ view_parse ] --START--
INFO: [ template_filter ] --START--
INFO: Run Behavior\ContentReplaceBehavior [ RunTime:0.000453s ]
INFO: [ template_filter ] --END-- [ RunTime:0.001071s ]
INFO: Run Behavior\ParseTemplateBehavior [ RunTime:0.045197s ]
INFO: [ view_parse ] --END-- [ RunTime:0.045598s ]
INFO: [ view_filter ] --START--
INFO: Run Behavior\WriteHtmlCacheBehavior [ RunTime:0.002277s ]
INFO: [ view_filter ] --END-- [ RunTime:0.002607s ]
INFO: [ app_end ] --START--
INFO: Run Behavior\ShowPageTraceBehavior [ RunTime:0.004857s ]
INFO: [ app_end ] --END-- [ RunTime:0.005344s ]

[ 2016-04-09T13:20:18+08:00 ] ::1 /boke/TP/index.php/Home/Index/read?id=1
INFO: [ app_init ] --START--
INFO: Run Behavior\BuildLiteBehavior [ RunTime:0.000104s ]
INFO: [ app_init ] --END-- [ RunTime:0.008210s ]
INFO: [ app_begin ] --START--
INFO: Run Behavior\ReadHtmlCacheBehavior [ RunTime:0.004450s ]
INFO: [ app_begin ] --END-- [ RunTime:0.004818s ]
SQL: SHOW COLUMNS FROM `book_errasy` [ RunTime:0.0115s ]
SQL: SELECT * FROM `book_errasy` INNER JOIN book_errasy_fb on book_errasy.s_id=book_errasy_fb.s_id  LIMIT 1   [ RunTime:0.0014s ]
INFO: [ view_parse ] --START--
INFO: [ template_filter ] --START--
INFO: Run Behavior\ContentReplaceBehavior [ RunTime:0.000189s ]
INFO: [ template_filter ] --END-- [ RunTime:0.000488s ]
INFO: Run Behavior\ParseTemplateBehavior [ RunTime:0.027724s ]
INFO: [ view_parse ] --END-- [ RunTime:0.028106s ]
INFO: [ view_filter ] --START--
INFO: Run Behavior\WriteHtmlCacheBehavior [ RunTime:0.002155s ]
INFO: [ view_filter ] --END-- [ RunTime:0.002430s ]
INFO: [ app_end ] --START--
INFO: Run Behavior\ShowPageTraceBehavior [ RunTime:0.003580s ]
INFO: [ app_end ] --END-- [ RunTime:0.003976s ]

[ 2016-04-09T13:23:11+08:00 ] ::1 /boke/TP/index.php/Home/Index/xc.html
INFO: [ app_init ] --START--
INFO: Run Behavior\BuildLiteBehavior [ RunTime:0.000053s ]
INFO: [ app_init ] --END-- [ RunTime:0.001608s ]
INFO: [ app_begin ] --START--
INFO: Run Behavior\ReadHtmlCacheBehavior [ RunTime:0.001996s ]
INFO: [ app_begin ] --END-- [ RunTime:0.002214s ]
INFO: [ view_parse ] --START--
INFO: [ template_filter ] --START--
INFO: Run Behavior\ContentReplaceBehavior [ RunTime:0.000349s ]
INFO: [ template_filter ] --END-- [ RunTime:0.000623s ]
INFO: Run Behavior\ParseTemplateBehavior [ RunTime:0.029675s ]
INFO: [ view_parse ] --END-- [ RunTime:0.030048s ]
INFO: [ view_filter ] --START--
INFO: Run Behavior\WriteHtmlCacheBehavior [ RunTime:0.002202s ]
INFO: [ view_filter ] --END-- [ RunTime:0.002507s ]
INFO: [ app_end ] --START--
INFO: Run Behavior\ShowPageTraceBehavior [ RunTime:0.003905s ]
INFO: [ app_end ] --END-- [ RunTime:0.004318s ]

[ 2016-04-09T13:23:13+08:00 ] ::1 /boke/TP/index.php/Home/Index/images/photo/8.jpg
INFO: [ app_init ] --START--
INFO: Run Behavior\BuildLiteBehavior [ RunTime:0.000076s ]
INFO: [ app_init ] --END-- [ RunTime:0.002159s ]

[ 2016-04-09T13:23:16+08:00 ] ::1 /boke/TP/index.php/Home/Index/learn.html
INFO: [ app_init ] --START--
INFO: Run Behavior\BuildLiteBehavior [ RunTime:0.000052s ]
INFO: [ app_init ] --END-- [ RunTime:0.001358s ]
INFO: [ app_begin ] --START--
INFO: Run Behavior\ReadHtmlCacheBehavior [ RunTime:0.003191s ]
INFO: [ app_begin ] --END-- [ RunTime:0.003563s ]
INFO: [ view_parse ] --START--
INFO: [ template_filter ] --START--
INFO: Run Behavior\ContentReplaceBehavior [ RunTime:0.000266s ]
INFO: [ template_filter ] --END-- [ RunTime:0.000506s ]
INFO: Run Behavior\ParseTemplateBehavior [ RunTime:0.046815s ]
INFO: [ view_parse ] --END-- [ RunTime:0.047305s ]
INFO: [ view_filter ] --START--
INFO: Run Behavior\WriteHtmlCacheBehavior [ RunTime:0.002790s ]
INFO: [ view_filter ] --END-- [ RunTime:0.003150s ]
INFO: [ app_end ] --START--
INFO: Run Behavior\ShowPageTraceBehavior [ RunTime:0.003961s ]
INFO: [ app_end ] --END-- [ RunTime:0.004372s ]

[ 2016-04-09T13:23:17+08:00 ] ::1 /boke/TP/index.php/Home/Index/images/my.jpg
INFO: [ app_init ] --START--
INFO: Run Behavior\BuildLiteBehavior [ RunTime:0.000056s ]
INFO: [ app_init ] --END-- [ RunTime:0.001733s ]

[ 2016-04-09T13:34:50+08:00 ] ::1 /boke/TP/index.php/Home/Index/index.html
INFO: [ app_init ] --START--
INFO: Run Behavior\BuildLiteBehavior [ RunTime:0.000086s ]
INFO: [ app_init ] --END-- [ RunTime:0.001651s ]
INFO: [ app_begin ] --START--
INFO: Run Behavior\ReadHtmlCacheBehavior [ RunTime:0.002771s ]
INFO: [ app_begin ] --END-- [ RunTime:0.003208s ]
SQL: SHOW COLUMNS FROM `book_errasy` [ RunTime:0.0111s ]
SQL: SELECT * FROM `book_errasy` INNER JOIN book_errasy_fb on book_errasy.s_id=book_errasy_fb.s_id   [ RunTime:0.0039s ]
INFO: [ view_parse ] --START--
INFO: [ template_filter ] --START--
INFO: Run Behavior\ContentReplaceBehavior [ RunTime:0.000217s ]
INFO: [ template_filter ] --END-- [ RunTime:0.000419s ]
INFO: Run Behavior\ParseTemplateBehavior [ RunTime:0.031183s ]
INFO: [ view_parse ] --END-- [ RunTime:0.031493s ]
INFO: [ view_filter ] --START--
INFO: Run Behavior\WriteHtmlCacheBehavior [ RunTime:0.001707s ]
INFO: [ view_filter ] --END-- [ RunTime:0.001920s ]
INFO: [ app_end ] --START--
INFO: Run Behavior\ShowPageTraceBehavior [ RunTime:0.003047s ]
INFO: [ app_end ] --END-- [ RunTime:0.003408s ]

[ 2016-04-09T13:39:23+08:00 ] ::1 /boke/TP/index.php/Home/Index/shuo
INFO: [ app_init ] --START--
INFO: Run Behavior\BuildLiteBehavior [ RunTime:0.000089s ]
INFO: [ app_init ] --END-- [ RunTime:0.002240s ]
INFO: [ app_begin ] --START--
INFO: Run Behavior\ReadHtmlCacheBehavior [ RunTime:0.006342s ]
INFO: [ app_begin ] --END-- [ RunTime:0.006660s ]
SQL: SHOW COLUMNS FROM `book_shuoshuo` [ RunTime:0.0148s ]
SQL: SELECT * FROM `book_shuoshuo`  [ RunTime:0.0012s ]
INFO: [ view_parse ] --START--
INFO: [ template_filter ] --START--
INFO: Run Behavior\ContentReplaceBehavior [ RunTime:0.000179s ]
INFO: [ template_filter ] --END-- [ RunTime:0.000431s ]
INFO: Run Behavior\ParseTemplateBehavior [ RunTime:0.031212s ]
INFO: [ view_parse ] --END-- [ RunTime:0.031652s ]
INFO: [ view_filter ] --START--
INFO: Run Behavior\WriteHtmlCacheBehavior [ RunTime:0.002885s ]
INFO: [ view_filter ] --END-- [ RunTime:0.003343s ]
INFO: [ app_end ] --START--
INFO: Run Behavior\ShowPageTraceBehavior [ RunTime:0.004505s ]
INFO: [ app_end ] --END-- [ RunTime:0.005105s ]

[ 2016-04-09T13:39:26+08:00 ] ::1 /boke/TP/index.php/Home/Index/guestbook.html
INFO: [ app_init ] --START--
INFO: Run Behavior\BuildLiteBehavior [ RunTime:0.000093s ]
INFO: [ app_init ] --END-- [ RunTime:0.002438s ]
INFO: [ app_begin ] --START--
INFO: Run Behavior\ReadHtmlCacheBehavior [ RunTime:0.003190s ]
INFO: [ app_begin ] --END-- [ RunTime:0.003550s ]
INFO: [ view_parse ] --START--
INFO: [ template_filter ] --START--
INFO: Run Behavior\ContentReplaceBehavior [ RunTime:0.000306s ]
INFO: [ template_filter ] --END-- [ RunTime:0.000660s ]
INFO: Run Behavior\ParseTemplateBehavior [ RunTime:0.097840s ]
INFO: [ view_parse ] --END-- [ RunTime:0.098237s ]
INFO: [ view_filter ] --START--
INFO: Run Behavior\WriteHtmlCacheBehavior [ RunTime:0.002390s ]
INFO: [ view_filter ] --END-- [ RunTime:0.002794s ]
INFO: [ app_end ] --START--
INFO: Run Behavior\ShowPageTraceBehavior [ RunTime:0.004046s ]
INFO: [ app_end ] --END-- [ RunTime:0.004379s ]

[ 2016-04-09T13:39:26+08:00 ] ::1 /boke/TP/index.php/Home/Index/images/my.jpg
INFO: [ app_init ] --START--
INFO: Run Behavior\BuildLiteBehavior [ RunTime:0.000082s ]
INFO: [ app_init ] --END-- [ RunTime:0.002174s ]

[ 2016-04-09T13:39:30+08:00 ] ::1 /boke/TP/index.php/Home/Index/about.html
INFO: [ app_init ] --START--
INFO: Run Behavior\BuildLiteBehavior [ RunTime:0.000056s ]
INFO: [ app_init ] --END-- [ RunTime:0.002012s ]
INFO: [ app_begin ] --START--
INFO: Run Behavior\ReadHtmlCacheBehavior [ RunTime:0.003357s ]
INFO: [ app_begin ] --END-- [ RunTime:0.003734s ]
SQL: SHOW COLUMNS FROM `book_news` [ RunTime:0.0166s ]
SQL: SELECT * FROM `book_news`  [ RunTime:0.0019s ]
INFO: [ view_parse ] --START--
INFO: [ template_filter ] --START--
INFO: Run Behavior\ContentReplaceBehavior [ RunTime:0.000828s ]
INFO: [ template_filter ] --END-- [ RunTime:0.001205s ]
INFO: Run Behavior\ParseTemplateBehavior [ RunTime:0.030859s ]
INFO: [ view_parse ] --END-- [ RunTime:0.031222s ]
INFO: [ view_filter ] --START--
INFO: Run Behavior\WriteHtmlCacheBehavior [ RunTime:0.002051s ]
INFO: [ view_filter ] --END-- [ RunTime:0.002347s ]
INFO: [ app_end ] --START--
INFO: Run Behavior\ShowPageTraceBehavior [ RunTime:0.003198s ]
INFO: [ app_end ] --END-- [ RunTime:0.003497s ]

[ 2016-04-09T13:39:31+08:00 ] ::1 /boke/TP/index.php/Home/Index/shuo.html
INFO: [ app_init ] --START--
INFO: Run Behavior\BuildLiteBehavior [ RunTime:0.000073s ]
INFO: [ app_init ] --END-- [ RunTime:0.002087s ]
INFO: [ app_begin ] --START--
INFO: Run Behavior\ReadHtmlCacheBehavior [ RunTime:0.004910s ]
INFO: [ app_begin ] --END-- [ RunTime:0.005329s ]
SQL: SHOW COLUMNS FROM `book_shuoshuo` [ RunTime:0.0126s ]
SQL: SELECT * FROM `book_shuoshuo`  [ RunTime:0.0014s ]
INFO: [ view_parse ] --START--
INFO: [ template_filter ] --START--
INFO: Run Behavior\ContentReplaceBehavior [ RunTime:0.000164s ]
INFO: [ template_filter ] --END-- [ RunTime:0.000373s ]
INFO: Run Behavior\ParseTemplateBehavior [ RunTime:0.028318s ]
INFO: [ view_parse ] --END-- [ RunTime:0.028675s ]
INFO: [ view_filter ] --START--
INFO: Run Behavior\WriteHtmlCacheBehavior [ RunTime:0.002321s ]
INFO: [ view_filter ] --END-- [ RunTime:0.002587s ]
INFO: [ app_end ] --START--
INFO: Run Behavior\ShowPageTraceBehavior [ RunTime:0.005105s ]
INFO: [ app_end ] --END-- [ RunTime:0.005615s ]

[ 2016-04-09T13:39:36+08:00 ] ::1 /boke/TP/index.php/Home/Index/riji
INFO: [ app_init ] --START--
INFO: Run Behavior\BuildLiteBehavior [ RunTime:0.000053s ]
INFO: [ app_init ] --END-- [ RunTime:0.001752s ]
INFO: [ app_begin ] --START--
INFO: Run Behavior\ReadHtmlCacheBehavior [ RunTime:0.003077s ]
INFO: [ app_begin ] --END-- [ RunTime:0.003446s ]
SQL: SHOW COLUMNS FROM `book_shuoshuo` [ RunTime:0.0138s ]
SQL: SELECT * FROM `book_shuoshuo`  [ RunTime:0.0014s ]
INFO: [ view_parse ] --START--
INFO: [ template_filter ] --START--
INFO: Run Behavior\ContentReplaceBehavior [ RunTime:0.000206s ]
INFO: [ template_filter ] --END-- [ RunTime:0.000453s ]
INFO: Run Behavior\ParseTemplateBehavior [ RunTime:0.045873s ]
INFO: [ view_parse ] --END-- [ RunTime:0.046259s ]
INFO: [ view_filter ] --START--
INFO: Run Behavior\WriteHtmlCacheBehavior [ RunTime:0.003142s ]
INFO: [ view_filter ] --END-- [ RunTime:0.003563s ]
INFO: [ app_end ] --START--
INFO: Run Behavior\ShowPageTraceBehavior [ RunTime:0.004152s ]
INFO: [ app_end ] --END-- [ RunTime:0.004632s ]

[ 2016-04-09T13:39:41+08:00 ] ::1 /boke/TP/index.php/Home/Index/learn.html
INFO: [ app_init ] --START--
INFO: Run Behavior\BuildLiteBehavior [ RunTime:0.000079s ]
INFO: [ app_init ] --END-- [ RunTime:0.002161s ]
INFO: [ app_begin ] --START--
INFO: Run Behavior\ReadHtmlCacheBehavior [ RunTime:0.002321s ]
INFO: [ app_begin ] --END-- [ RunTime:0.002571s ]
INFO: [ view_parse ] --START--
INFO: [ template_filter ] --START--
INFO: Run Behavior\ContentReplaceBehavior [ RunTime:0.000273s ]
INFO: [ template_filter ] --END-- [ RunTime:0.000522s ]
INFO: Run Behavior\ParseTemplateBehavior [ RunTime:0.036198s ]
INFO: [ view_parse ] --END-- [ RunTime:0.036570s ]
INFO: [ view_filter ] --START--
INFO: Run Behavior\WriteHtmlCacheBehavior [ RunTime:0.002479s ]
INFO: [ view_filter ] --END-- [ RunTime:0.002775s ]
INFO: [ app_end ] --START--
INFO: Run Behavior\ShowPageTraceBehavior [ RunTime:0.004032s ]
INFO: [ app_end ] --END-- [ RunTime:0.007405s ]

[ 2016-04-09T13:39:41+08:00 ] ::1 /boke/TP/index.php/Home/Index/images/my.jpg
INFO: [ app_init ] --START--
INFO: Run Behavior\BuildLiteBehavior [ RunTime:0.000051s ]
INFO: [ app_init ] --END-- [ RunTime:0.001367s ]

[ 2016-04-09T13:39:51+08:00 ] ::1 /boke/TP/index.php/Home/Index/index.html
INFO: [ app_init ] --START--
INFO: Run Behavior\BuildLiteBehavior [ RunTime:0.000050s ]
INFO: [ app_init ] --END-- [ RunTime:0.001521s ]
INFO: [ app_begin ] --START--
INFO: Run Behavior\ReadHtmlCacheBehavior [ RunTime:0.002501s ]
INFO: [ app_begin ] --END-- [ RunTime:0.002777s ]
SQL: SHOW COLUMNS FROM `book_errasy` [ RunTime:0.0129s ]
SQL: SELECT * FROM `book_errasy` INNER JOIN book_errasy_fb on book_errasy.s_id=book_errasy_fb.s_id   [ RunTime:0.0018s ]
INFO: [ view_parse ] --START--
INFO: [ template_filter ] --START--
INFO: Run Behavior\ContentReplaceBehavior [ RunTime:0.000267s ]
INFO: [ template_filter ] --END-- [ RunTime:0.000553s ]
INFO: Run Behavior\ParseTemplateBehavior [ RunTime:0.033717s ]
INFO: [ view_parse ] --END-- [ RunTime:0.034140s ]
INFO: [ view_filter ] --START--
INFO: Run Behavior\WriteHtmlCacheBehavior [ RunTime:0.002916s ]
INFO: [ view_filter ] --END-- [ RunTime:0.003346s ]
INFO: [ app_end ] --START--
INFO: Run Behavior\ShowPageTraceBehavior [ RunTime:0.005362s ]
INFO: [ app_end ] --END-- [ RunTime:0.006016s ]

[ 2016-04-09T14:47:49+08:00 ] ::1 /boke/TP/index.php/Home
INFO: [ app_init ] --START--
INFO: Run Behavior\BuildLiteBehavior [ RunTime:0.000114s ]
INFO: [ app_init ] --END-- [ RunTime:0.002859s ]
INFO: [ app_begin ] --START--
INFO: Run Behavior\ReadHtmlCacheBehavior [ RunTime:0.008876s ]
INFO: [ app_begin ] --END-- [ RunTime:0.009482s ]
SQL: SHOW COLUMNS FROM `book_errasy` [ RunTime:0.0149s ]
SQL: SELECT * FROM `book_errasy` INNER JOIN book_errasy_fb on book_errasy.s_id=book_errasy_fb.s_id   [ RunTime:0.0072s ]
INFO: [ view_parse ] --START--
INFO: [ template_filter ] --START--
INFO: Run Behavior\ContentReplaceBehavior [ RunTime:0.000227s ]
INFO: [ template_filter ] --END-- [ RunTime:0.000457s ]
INFO: Run Behavior\ParseTemplateBehavior [ RunTime:0.034957s ]
INFO: [ view_parse ] --END-- [ RunTime:0.035357s ]
INFO: [ view_filter ] --START--
INFO: Run Behavior\WriteHtmlCacheBehavior [ RunTime:0.002712s ]
INFO: [ view_filter ] --END-- [ RunTime:0.003052s ]
INFO: [ app_end ] --START--
INFO: Run Behavior\ShowPageTraceBehavior [ RunTime:0.004340s ]
INFO: [ app_end ] --END-- [ RunTime:0.004809s ]

[ 2016-04-09T14:54:09+08:00 ] ::1 /boke/TP/index.php
INFO: [ app_init ] --START--
INFO: Run Behavior\BuildLiteBehavior [ RunTime:0.000074s ]
INFO: [ app_init ] --END-- [ RunTime:0.004565s ]
INFO: [ app_begin ] --START--
INFO: Run Behavior\ReadHtmlCacheBehavior [ RunTime:0.003851s ]
INFO: [ app_begin ] --END-- [ RunTime:0.004389s ]
SQL: SHOW COLUMNS FROM `book_errasy` [ RunTime:0.0144s ]
SQL: SELECT * FROM `book_errasy` INNER JOIN book_errasy_fb on book_errasy.s_id=book_errasy_fb.s_id   [ RunTime:0.0022s ]
INFO: [ view_parse ] --START--
INFO: [ template_filter ] --START--
INFO: Run Behavior\ContentReplaceBehavior [ RunTime:0.000378s ]
INFO: [ template_filter ] --END-- [ RunTime:0.000752s ]
INFO: Run Behavior\ParseTemplateBehavior [ RunTime:0.045813s ]
INFO: [ view_parse ] --END-- [ RunTime:0.046277s ]
INFO: [ view_filter ] --START--
INFO: Run Behavior\WriteHtmlCacheBehavior [ RunTime:0.003142s ]
INFO: [ view_filter ] --END-- [ RunTime:0.003577s ]
INFO: [ app_end ] --START--
INFO: Run Behavior\ShowPageTraceBehavior [ RunTime:0.004172s ]
INFO: [ app_end ] --END-- [ RunTime:0.004713s ]

[ 2016-04-09T15:06:53+08:00 ] ::1 /boke/TP/index.php
INFO: [ app_init ] --START--
INFO: Run Behavior\BuildLiteBehavior [ RunTime:0.000111s ]
INFO: [ app_init ] --END-- [ RunTime:0.003153s ]
INFO: [ app_begin ] --START--
INFO: Run Behavior\ReadHtmlCacheBehavior [ RunTime:0.003717s ]
INFO: [ app_begin ] --END-- [ RunTime:0.004083s ]
SQL: SHOW COLUMNS FROM `book_errasy` [ RunTime:0.0111s ]
SQL: SELECT * FROM `book_errasy` INNER JOIN book_errasy_fb on book_errasy.s_id=book_errasy_fb.s_id   [ RunTime:0.0031s ]
INFO: [ view_parse ] --START--
INFO: [ template_filter ] --START--
INFO: Run Behavior\ContentReplaceBehavior [ RunTime:0.000432s ]
INFO: [ template_filter ] --END-- [ RunTime:0.000950s ]
INFO: Run Behavior\ParseTemplateBehavior [ RunTime:0.040158s ]
INFO: [ view_parse ] --END-- [ RunTime:0.040684s ]
INFO: [ view_filter ] --START--
INFO: Run Behavior\WriteHtmlCacheBehavior [ RunTime:0.006354s ]
INFO: [ view_filter ] --END-- [ RunTime:0.006847s ]
INFO: [ app_end ] --START--
INFO: Run Behavior\ShowPageTraceBehavior [ RunTime:0.004590s ]
INFO: [ app_end ] --END-- [ RunTime:0.005035s ]

[ 2016-04-09T15:08:32+08:00 ] ::1 /boke/TP/index.php/Home/Index/shuo
INFO: [ app_init ] --START--
INFO: Run Behavior\BuildLiteBehavior [ RunTime:0.000052s ]
INFO: [ app_init ] --END-- [ RunTime:0.002035s ]
INFO: [ app_begin ] --START--
INFO: Run Behavior\ReadHtmlCacheBehavior [ RunTime:0.002071s ]
INFO: [ app_begin ] --END-- [ RunTime:0.002283s ]
SQL: SHOW COLUMNS FROM `book_shuoshuo` [ RunTime:0.0119s ]
SQL: SELECT * FROM `book_shuoshuo`  [ RunTime:0.0016s ]
INFO: [ view_parse ] --START--
INFO: [ template_filter ] --START--
INFO: Run Behavior\ContentReplaceBehavior [ RunTime:0.000191s ]
INFO: [ template_filter ] --END-- [ RunTime:0.000438s ]
INFO: Run Behavior\ParseTemplateBehavior [ RunTime:0.024505s ]
INFO: [ view_parse ] --END-- [ RunTime:0.024888s ]
INFO: [ view_filter ] --START--
INFO: Run Behavior\WriteHtmlCacheBehavior [ RunTime:0.001565s ]
INFO: [ view_filter ] --END-- [ RunTime:0.001777s ]
INFO: [ app_end ] --START--
INFO: Run Behavior\ShowPageTraceBehavior [ RunTime:0.002667s ]
INFO: [ app_end ] --END-- [ RunTime:0.002992s ]

[ 2016-04-09T15:08:37+08:00 ] ::1 /boke/TP/index.php/Home/Index/riji
INFO: [ app_init ] --START--
INFO: Run Behavior\BuildLiteBehavior [ RunTime:0.000054s ]
INFO: [ app_init ] --END-- [ RunTime:0.001544s ]
INFO: [ app_begin ] --START--
INFO: Run Behavior\ReadHtmlCacheBehavior [ RunTime:0.002055s ]
INFO: [ app_begin ] --END-- [ RunTime:0.002266s ]
SQL: SHOW COLUMNS FROM `book_shuoshuo` [ RunTime:0.0103s ]
SQL: SELECT * FROM `book_shuoshuo`  [ RunTime:0.0011s ]
INFO: [ view_parse ] --START--
INFO: [ template_filter ] --START--
INFO: Run Behavior\ContentReplaceBehavior [ RunTime:0.000200s ]
INFO: [ template_filter ] --END-- [ RunTime:0.000399s ]
INFO: Run Behavior\ParseTemplateBehavior [ RunTime:0.027619s ]
INFO: [ view_parse ] --END-- [ RunTime:0.027997s ]
INFO: [ view_filter ] --START--
INFO: Run Behavior\WriteHtmlCacheBehavior [ RunTime:0.002106s ]
INFO: [ view_filter ] --END-- [ RunTime:0.002408s ]
INFO: [ app_end ] --START--
INFO: Run Behavior\ShowPageTraceBehavior [ RunTime:0.007783s ]
INFO: [ app_end ] --END-- [ RunTime:0.008429s ]

[ 2016-04-09T15:09:44+08:00 ] ::1 /boke/TP/index.php/Home/Index/index.html
INFO: [ app_init ] --START--
INFO: Run Behavior\BuildLiteBehavior [ RunTime:0.000051s ]
INFO: [ app_init ] --END-- [ RunTime:0.001560s ]
INFO: [ app_begin ] --START--
INFO: Run Behavior\ReadHtmlCacheBehavior [ RunTime:0.002308s ]
INFO: [ app_begin ] --END-- [ RunTime:0.002539s ]
SQL: SHOW COLUMNS FROM `book_errasy` [ RunTime:0.0093s ]
SQL: SELECT * FROM `book_errasy` INNER JOIN book_errasy_fb on book_errasy.s_id=book_errasy_fb.s_id   [ RunTime:0.0030s ]
INFO: [ view_parse ] --START--
INFO: [ template_filter ] --START--
INFO: Run Behavior\ContentReplaceBehavior [ RunTime:0.000219s ]
INFO: [ template_filter ] --END-- [ RunTime:0.000440s ]
INFO: Run Behavior\ParseTemplateBehavior [ RunTime:0.032062s ]
INFO: [ view_parse ] --END-- [ RunTime:0.032496s ]
INFO: [ view_filter ] --START--
INFO: Run Behavior\WriteHtmlCacheBehavior [ RunTime:0.003065s ]
INFO: [ view_filter ] --END-- [ RunTime:0.003409s ]
INFO: [ app_end ] --START--
INFO: Run Behavior\ShowPageTraceBehavior [ RunTime:0.003840s ]
INFO: [ app_end ] --END-- [ RunTime:0.004285s ]

[ 2016-04-09T15:10:45+08:00 ] ::1 /boke/TP/index.php/Home/Index/learn.html
INFO: [ app_init ] --START--
INFO: Run Behavior\BuildLiteBehavior [ RunTime:0.000075s ]
INFO: [ app_init ] --END-- [ RunTime:0.002212s ]
INFO: [ app_begin ] --START--
INFO: Run Behavior\ReadHtmlCacheBehavior [ RunTime:0.002471s ]
INFO: [ app_begin ] --END-- [ RunTime:0.002765s ]
INFO: [ view_parse ] --START--
INFO: [ template_filter ] --START--
INFO: Run Behavior\ContentReplaceBehavior [ RunTime:0.000272s ]
INFO: [ template_filter ] --END-- [ RunTime:0.000528s ]
INFO: Run Behavior\ParseTemplateBehavior [ RunTime:0.037661s ]
INFO: [ view_parse ] --END-- [ RunTime:0.037961s ]
INFO: [ view_filter ] --START--
INFO: Run Behavior\WriteHtmlCacheBehavior [ RunTime:0.001478s ]
INFO: [ view_filter ] --END-- [ RunTime:0.001697s ]
INFO: [ app_end ] --START--
INFO: Run Behavior\ShowPageTraceBehavior [ RunTime:0.012801s ]
INFO: [ app_end ] --END-- [ RunTime:0.014250s ]

[ 2016-04-09T15:10:45+08:00 ] ::1 /boke/TP/index.php/Home/Index/images/my.jpg
INFO: [ app_init ] --START--
INFO: Run Behavior\BuildLiteBehavior [ RunTime:0.000063s ]
INFO: [ app_init ] --END-- [ RunTime:0.001791s ]

[ 2016-04-09T15:10:49+08:00 ] ::1 /boke/TP/index.php/Home/Index/guestbook.html
INFO: [ app_init ] --START--
INFO: Run Behavior\BuildLiteBehavior [ RunTime:0.000056s ]
INFO: [ app_init ] --END-- [ RunTime:0.002346s ]
INFO: [ app_begin ] --START--
INFO: Run Behavior\ReadHtmlCacheBehavior [ RunTime:0.002070s ]
INFO: [ app_begin ] --END-- [ RunTime:0.002300s ]
INFO: [ view_parse ] --START--
INFO: [ template_filter ] --START--
INFO: Run Behavior\ContentReplaceBehavior [ RunTime:0.000298s ]
INFO: [ template_filter ] --END-- [ RunTime:0.000656s ]
INFO: Run Behavior\ParseTemplateBehavior [ RunTime:0.042218s ]
INFO: [ view_parse ] --END-- [ RunTime:0.042555s ]
INFO: [ view_filter ] --START--
INFO: Run Behavior\WriteHtmlCacheBehavior [ RunTime:0.002045s ]
INFO: [ view_filter ] --END-- [ RunTime:0.002362s ]
INFO: [ app_end ] --START--
INFO: Run Behavior\ShowPageTraceBehavior [ RunTime:0.003174s ]
INFO: [ app_end ] --END-- [ RunTime:0.003481s ]

[ 2016-04-09T15:10:49+08:00 ] ::1 /boke/TP/index.php/Home/Index/images/my.jpg
INFO: [ app_init ] --START--
INFO: Run Behavior\BuildLiteBehavior [ RunTime:0.000077s ]
INFO: [ app_init ] --END-- [ RunTime:0.004896s ]

[ 2016-04-09T15:10:50+08:00 ] ::1 /boke/TP/index.php/Home/Index/learn.html
INFO: [ app_init ] --START--
INFO: Run Behavior\BuildLiteBehavior [ RunTime:0.000076s ]
INFO: [ app_init ] --END-- [ RunTime:0.002449s ]
INFO: [ app_begin ] --START--
INFO: Run Behavior\ReadHtmlCacheBehavior [ RunTime:0.002093s ]
INFO: [ app_begin ] --END-- [ RunTime:0.002329s ]
INFO: [ view_parse ] --START--
INFO: [ template_filter ] --START--
INFO: Run Behavior\ContentReplaceBehavior [ RunTime:0.000463s ]
INFO: [ template_filter ] --END-- [ RunTime:0.000851s ]
INFO: Run Behavior\ParseTemplateBehavior [ RunTime:0.042729s ]
INFO: [ view_parse ] --END-- [ RunTime:0.042994s ]
INFO: [ view_filter ] --START--
INFO: Run Behavior\WriteHtmlCacheBehavior [ RunTime:0.001611s ]
INFO: [ view_filter ] --END-- [ RunTime:0.001822s ]
INFO: [ app_end ] --START--
INFO: Run Behavior\ShowPageTraceBehavior [ RunTime:0.004656s ]
INFO: [ app_end ] --END-- [ RunTime:0.009570s ]

[ 2016-04-09T15:10:50+08:00 ] ::1 /boke/TP/index.php/Home/Index/images/my.jpg
INFO: [ app_init ] --START--
INFO: Run Behavior\BuildLiteBehavior [ RunTime:0.000089s ]
INFO: [ app_init ] --END-- [ RunTime:0.002810s ]

[ 2016-04-09T15:10:52+08:00 ] ::1 /boke/TP/index.php/Home/Index/xc.html
INFO: [ app_init ] --START--
INFO: Run Behavior\BuildLiteBehavior [ RunTime:0.000081s ]
INFO: [ app_init ] --END-- [ RunTime:0.002287s ]
INFO: [ app_begin ] --START--
INFO: Run Behavior\ReadHtmlCacheBehavior [ RunTime:0.010731s ]
INFO: [ app_begin ] --END-- [ RunTime:0.011167s ]
INFO: [ view_parse ] --START--
INFO: [ template_filter ] --START--
INFO: Run Behavior\ContentReplaceBehavior [ RunTime:0.000578s ]
INFO: [ template_filter ] --END-- [ RunTime:0.001254s ]
INFO: Run Behavior\ParseTemplateBehavior [ RunTime:0.042529s ]
INFO: [ view_parse ] --END-- [ RunTime:0.042868s ]
INFO: [ view_filter ] --START--
INFO: Run Behavior\WriteHtmlCacheBehavior [ RunTime:0.001498s ]
INFO: [ view_filter ] --END-- [ RunTime:0.001710s ]
INFO: [ app_end ] --START--
INFO: Run Behavior\ShowPageTraceBehavior [ RunTime:0.016609s ]
INFO: [ app_end ] --END-- [ RunTime:0.017133s ]

[ 2016-04-09T15:10:54+08:00 ] ::1 /boke/TP/index.php/Home/Index/riji.html
INFO: [ app_init ] --START--
INFO: Run Behavior\BuildLiteBehavior [ RunTime:0.000066s ]
INFO: [ app_init ] --END-- [ RunTime:0.001656s ]
INFO: [ app_begin ] --START--
INFO: Run Behavior\ReadHtmlCacheBehavior [ RunTime:0.002109s ]
INFO: [ app_begin ] --END-- [ RunTime:0.002350s ]
SQL: SHOW COLUMNS FROM `book_shuoshuo` [ RunTime:0.0138s ]
SQL: SELECT * FROM `book_shuoshuo`  [ RunTime:0.0012s ]
INFO: [ view_parse ] --START--
INFO: [ template_filter ] --START--
INFO: Run Behavior\ContentReplaceBehavior [ RunTime:0.000356s ]
INFO: [ template_filter ] --END-- [ RunTime:0.000820s ]
INFO: Run Behavior\ParseTemplateBehavior [ RunTime:0.040202s ]
INFO: [ view_parse ] --END-- [ RunTime:0.040606s ]
INFO: [ view_filter ] --START--
INFO: Run Behavior\WriteHtmlCacheBehavior [ RunTime:0.002328s ]
INFO: [ view_filter ] --END-- [ RunTime:0.002697s ]
INFO: [ app_end ] --START--
INFO: Run Behavior\ShowPageTraceBehavior [ RunTime:0.007686s ]
INFO: [ app_end ] --END-- [ RunTime:0.008142s ]

[ 2016-04-09T15:10:56+08:00 ] ::1 /boke/TP/index.php/Home/Index/index.html
INFO: [ app_init ] --START--
INFO: Run Behavior\BuildLiteBehavior [ RunTime:0.000080s ]
INFO: [ app_init ] --END-- [ RunTime:0.002723s ]
INFO: [ app_begin ] --START--
INFO: Run Behavior\ReadHtmlCacheBehavior [ RunTime:0.004907s ]
INFO: [ app_begin ] --END-- [ RunTime:0.005675s ]
SQL: SHOW COLUMNS FROM `book_errasy` [ RunTime:0.0150s ]
SQL: SELECT * FROM `book_errasy` INNER JOIN book_errasy_fb on book_errasy.s_id=book_errasy_fb.s_id   [ RunTime:0.0024s ]
INFO: [ view_parse ] --START--
INFO: [ template_filter ] --START--
INFO: Run Behavior\ContentReplaceBehavior [ RunTime:0.000371s ]
INFO: [ template_filter ] --END-- [ RunTime:0.000750s ]
INFO: Run Behavior\ParseTemplateBehavior [ RunTime:0.047627s ]
INFO: [ view_parse ] --END-- [ RunTime:0.048049s ]
INFO: [ view_filter ] --START--
INFO: Run Behavior\WriteHtmlCacheBehavior [ RunTime:0.001938s ]
INFO: [ view_filter ] --END-- [ RunTime:0.002213s ]
INFO: [ app_end ] --START--
INFO: Run Behavior\ShowPageTraceBehavior [ RunTime:0.004358s ]
INFO: [ app_end ] --END-- [ RunTime:0.005301s ]

[ 2016-04-09T15:11:19+08:00 ] ::1 /boke/TP/index.php/Home/Index/learn.html
INFO: [ app_init ] --START--
INFO: Run Behavior\BuildLiteBehavior [ RunTime:0.000097s ]
INFO: [ app_init ] --END-- [ RunTime:0.004665s ]
INFO: [ app_begin ] --START--
INFO: Run Behavior\ReadHtmlCacheBehavior [ RunTime:0.002412s ]
INFO: [ app_begin ] --END-- [ RunTime:0.002650s ]
INFO: [ view_parse ] --START--
INFO: [ template_filter ] --START--
INFO: Run Behavior\ContentReplaceBehavior [ RunTime:0.000338s ]
INFO: [ template_filter ] --END-- [ RunTime:0.000779s ]
INFO: Run Behavior\ParseTemplateBehavior [ RunTime:0.044539s ]
INFO: [ view_parse ] --END-- [ RunTime:0.045626s ]
INFO: [ view_filter ] --START--
INFO: Run Behavior\WriteHtmlCacheBehavior [ RunTime:0.003019s ]
INFO: [ view_filter ] --END-- [ RunTime:0.003470s ]
INFO: [ app_end ] --START--
INFO: Run Behavior\ShowPageTraceBehavior [ RunTime:0.003796s ]
INFO: [ app_end ] --END-- [ RunTime:0.004267s ]

[ 2016-04-09T15:11:20+08:00 ] ::1 /boke/TP/index.php/Home/Index/images/my.jpg
INFO: [ app_init ] --START--
INFO: Run Behavior\BuildLiteBehavior [ RunTime:0.000099s ]
INFO: [ app_init ] --END-- [ RunTime:0.002362s ]

[ 2016-04-09T15:11:39+08:00 ] ::1 /boke/TP/index.php/Home/Index/index.html
INFO: [ app_init ] --START--
INFO: Run Behavior\BuildLiteBehavior [ RunTime:0.000089s ]
INFO: [ app_init ] --END-- [ RunTime:0.001650s ]
INFO: [ app_begin ] --START--
INFO: Run Behavior\ReadHtmlCacheBehavior [ RunTime:0.003551s ]
INFO: [ app_begin ] --END-- [ RunTime:0.004023s ]
SQL: SHOW COLUMNS FROM `book_errasy` [ RunTime:0.0122s ]
SQL: SELECT * FROM `book_errasy` INNER JOIN book_errasy_fb on book_errasy.s_id=book_errasy_fb.s_id   [ RunTime:0.0019s ]
INFO: [ view_parse ] --START--
INFO: [ template_filter ] --START--
INFO: Run Behavior\ContentReplaceBehavior [ RunTime:0.000469s ]
INFO: [ template_filter ] --END-- [ RunTime:0.000836s ]
INFO: Run Behavior\ParseTemplateBehavior [ RunTime:0.050061s ]
INFO: [ view_parse ] --END-- [ RunTime:0.050517s ]
INFO: [ view_filter ] --START--
INFO: Run Behavior\WriteHtmlCacheBehavior [ RunTime:0.003102s ]
INFO: [ view_filter ] --END-- [ RunTime:0.003492s ]
INFO: [ app_end ] --START--
INFO: Run Behavior\ShowPageTraceBehavior [ RunTime:0.011190s ]
INFO: [ app_end ] --END-- [ RunTime:0.011663s ]

[ 2016-04-09T15:13:08+08:00 ] ::1 /boke/TP/index.php/Home/Index/shuo
INFO: [ app_init ] --START--
INFO: Run Behavior\BuildLiteBehavior [ RunTime:0.000073s ]
INFO: [ app_init ] --END-- [ RunTime:0.002144s ]
INFO: [ app_begin ] --START--
INFO: Run Behavior\ReadHtmlCacheBehavior [ RunTime:0.003461s ]
INFO: [ app_begin ] --END-- [ RunTime:0.004214s ]
SQL: SHOW COLUMNS FROM `book_shuoshuo` [ RunTime:0.0105s ]
SQL: SELECT * FROM `book_shuoshuo`  [ RunTime:0.0014s ]
INFO: [ view_parse ] --START--
INFO: [ template_filter ] --START--
INFO: Run Behavior\ContentReplaceBehavior [ RunTime:0.000584s ]
INFO: [ template_filter ] --END-- [ RunTime:0.001248s ]
INFO: Run Behavior\ParseTemplateBehavior [ RunTime:0.032958s ]
INFO: [ view_parse ] --END-- [ RunTime:0.033406s ]
INFO: [ view_filter ] --START--
INFO: Run Behavior\WriteHtmlCacheBehavior [ RunTime:0.002736s ]
INFO: [ view_filter ] --END-- [ RunTime:0.003080s ]
INFO: [ app_end ] --START--
INFO: Run Behavior\ShowPageTraceBehavior [ RunTime:0.003869s ]
INFO: [ app_end ] --END-- [ RunTime:0.004178s ]

[ 2016-04-09T15:13:25+08:00 ] ::1 /boke/TP/index.php/Home/Index/learn.html
INFO: [ app_init ] --START--
INFO: Run Behavior\BuildLiteBehavior [ RunTime:0.000129s ]
INFO: [ app_init ] --END-- [ RunTime:0.002445s ]
INFO: [ app_begin ] --START--
INFO: Run Behavior\ReadHtmlCacheBehavior [ RunTime:0.002526s ]
INFO: [ app_begin ] --END-- [ RunTime:0.002798s ]
INFO: [ view_parse ] --START--
INFO: [ template_filter ] --START--
INFO: Run Behavior\ContentReplaceBehavior [ RunTime:0.000452s ]
INFO: [ template_filter ] --END-- [ RunTime:0.000899s ]
INFO: Run Behavior\ParseTemplateBehavior [ RunTime:0.040125s ]
INFO: [ view_parse ] --END-- [ RunTime:0.040641s ]
INFO: [ view_filter ] --START--
INFO: Run Behavior\WriteHtmlCacheBehavior [ RunTime:0.002941s ]
INFO: [ view_filter ] --END-- [ RunTime:0.003331s ]
INFO: [ app_end ] --START--
INFO: Run Behavior\ShowPageTraceBehavior [ RunTime:0.013476s ]
INFO: [ app_end ] --END-- [ RunTime:0.013960s ]

[ 2016-04-09T15:13:25+08:00 ] ::1 /boke/TP/index.php/Home/Index/images/my.jpg
INFO: [ app_init ] --START--
INFO: Run Behavior\BuildLiteBehavior [ RunTime:0.000092s ]
INFO: [ app_init ] --END-- [ RunTime:0.003678s ]

[ 2016-04-09T15:13:50+08:00 ] ::1 /boke/TP/index.php/Home/Index/index.html
INFO: [ app_init ] --START--
INFO: Run Behavior\BuildLiteBehavior [ RunTime:0.000083s ]
INFO: [ app_init ] --END-- [ RunTime:0.002119s ]
INFO: [ app_begin ] --START--
INFO: Run Behavior\ReadHtmlCacheBehavior [ RunTime:0.005790s ]
INFO: [ app_begin ] --END-- [ RunTime:0.006205s ]
SQL: SHOW COLUMNS FROM `book_errasy` [ RunTime:0.0174s ]
SQL: SELECT * FROM `book_errasy` INNER JOIN book_errasy_fb on book_errasy.s_id=book_errasy_fb.s_id   [ RunTime:0.0043s ]
INFO: [ view_parse ] --START--
INFO: [ template_filter ] --START--
INFO: Run Behavior\ContentReplaceBehavior [ RunTime:0.000269s ]
INFO: [ template_filter ] --END-- [ RunTime:0.000532s ]
INFO: Run Behavior\ParseTemplateBehavior [ RunTime:0.039756s ]
INFO: [ view_parse ] --END-- [ RunTime:0.040177s ]
INFO: [ view_filter ] --START--
INFO: Run Behavior\WriteHtmlCacheBehavior [ RunTime:0.002368s ]
INFO: [ view_filter ] --END-- [ RunTime:0.002715s ]
INFO: [ app_end ] --START--
INFO: Run Behavior\ShowPageTraceBehavior [ RunTime:0.004115s ]
INFO: [ app_end ] --END-- [ RunTime:0.005964s ]

[ 2016-04-09T15:14:06+08:00 ] ::1 /boke/TP/index.php/Home/Index/riji.html
INFO: [ app_init ] --START--
INFO: Run Behavior\BuildLiteBehavior [ RunTime:0.000053s ]
INFO: [ app_init ] --END-- [ RunTime:0.001432s ]
INFO: [ app_begin ] --START--
INFO: Run Behavior\ReadHtmlCacheBehavior [ RunTime:0.002976s ]
INFO: [ app_begin ] --END-- [ RunTime:0.003306s ]
SQL: SHOW COLUMNS FROM `book_shuoshuo` [ RunTime:0.0134s ]
SQL: SELECT * FROM `book_shuoshuo`  [ RunTime:0.0013s ]
INFO: [ view_parse ] --START--
INFO: [ template_filter ] --START--
INFO: Run Behavior\ContentReplaceBehavior [ RunTime:0.000369s ]
INFO: [ template_filter ] --END-- [ RunTime:0.000789s ]
INFO: Run Behavior\ParseTemplateBehavior [ RunTime:0.038341s ]
INFO: [ view_parse ] --END-- [ RunTime:0.038726s ]
INFO: [ view_filter ] --START--
INFO: Run Behavior\WriteHtmlCacheBehavior [ RunTime:0.002030s ]
INFO: [ view_filter ] --END-- [ RunTime:0.002332s ]
INFO: [ app_end ] --START--
INFO: Run Behavior\ShowPageTraceBehavior [ RunTime:0.004182s ]
INFO: [ app_end ] --END-- [ RunTime:0.004565s ]

[ 2016-04-09T15:15:32+08:00 ] ::1 /boke/TP/index.php/Home/Index/riji.html
INFO: [ app_init ] --START--
INFO: Run Behavior\BuildLiteBehavior [ RunTime:0.000077s ]
INFO: [ app_init ] --END-- [ RunTime:0.002576s ]
INFO: [ app_begin ] --START--
INFO: Run Behavior\ReadHtmlCacheBehavior [ RunTime:0.002373s ]
INFO: [ app_begin ] --END-- [ RunTime:0.002627s ]
SQL: SHOW COLUMNS FROM `book_shuoshuo` [ RunTime:0.0123s ]
SQL: SELECT * FROM `book_shuoshuo`  [ RunTime:0.0012s ]
INFO: [ view_parse ] --START--
INFO: [ template_filter ] --START--
INFO: Run Behavior\ContentReplaceBehavior [ RunTime:0.000330s ]
INFO: [ template_filter ] --END-- [ RunTime:0.001167s ]
INFO: Run Behavior\ParseTemplateBehavior [ RunTime:0.030482s ]
INFO: [ view_parse ] --END-- [ RunTime:0.030972s ]
INFO: [ view_filter ] --START--
INFO: Run Behavior\WriteHtmlCacheBehavior [ RunTime:0.002668s ]
INFO: [ view_filter ] --END-- [ RunTime:0.003097s ]
INFO: [ app_end ] --START--
INFO: Run Behavior\ShowPageTraceBehavior [ RunTime:0.007429s ]
INFO: [ app_end ] --END-- [ RunTime:0.008136s ]

[ 2016-04-09T15:17:13+08:00 ] ::1 /boke/TP/index.php/Home/Index/riji.html
INFO: [ app_init ] --START--
INFO: Run Behavior\BuildLiteBehavior [ RunTime:0.000059s ]
INFO: [ app_init ] --END-- [ RunTime:0.001619s ]
INFO: [ app_begin ] --START--
INFO: Run Behavior\ReadHtmlCacheBehavior [ RunTime:0.005598s ]
INFO: [ app_begin ] --END-- [ RunTime:0.005955s ]
SQL: SHOW COLUMNS FROM `book_shuoshuo` [ RunTime:0.0151s ]
SQL: SELECT * FROM `book_shuoshuo`  [ RunTime:0.0020s ]
INFO: [ view_parse ] --START--
INFO: [ template_filter ] --START--
INFO: Run Behavior\ContentReplaceBehavior [ RunTime:0.000215s ]
INFO: [ template_filter ] --END-- [ RunTime:0.000452s ]
INFO: Run Behavior\ParseTemplateBehavior [ RunTime:0.031342s ]
INFO: [ view_parse ] --END-- [ RunTime:0.031743s ]
INFO: [ view_filter ] --START--
INFO: Run Behavior\WriteHtmlCacheBehavior [ RunTime:0.001991s ]
INFO: [ view_filter ] --END-- [ RunTime:0.002308s ]
INFO: [ app_end ] --START--
INFO: Run Behavior\ShowPageTraceBehavior [ RunTime:0.004482s ]
INFO: [ app_end ] --END-- [ RunTime:0.004909s ]

[ 2016-04-09T15:19:01+08:00 ] ::1 /boke/TP/index.php/Home/Index/guestbook.html
INFO: [ app_init ] --START--
INFO: Run Behavior\BuildLiteBehavior [ RunTime:0.000066s ]
INFO: [ app_init ] --END-- [ RunTime:0.001902s ]
INFO: [ app_begin ] --START--
INFO: Run Behavior\ReadHtmlCacheBehavior [ RunTime:0.003339s ]
INFO: [ app_begin ] --END-- [ RunTime:0.003658s ]
INFO: [ view_parse ] --START--
INFO: [ template_filter ] --START--
INFO: Run Behavior\ContentReplaceBehavior [ RunTime:0.000223s ]
INFO: [ template_filter ] --END-- [ RunTime:0.000630s ]
INFO: Run Behavior\ParseTemplateBehavior [ RunTime:0.031742s ]
INFO: [ view_parse ] --END-- [ RunTime:0.032196s ]
INFO: [ view_filter ] --START--
INFO: Run Behavior\WriteHtmlCacheBehavior [ RunTime:0.002143s ]
INFO: [ view_filter ] --END-- [ RunTime:0.002446s ]
INFO: [ app_end ] --START--
INFO: Run Behavior\ShowPageTraceBehavior [ RunTime:0.003159s ]
INFO: [ app_end ] --END-- [ RunTime:0.003502s ]

[ 2016-04-09T15:19:01+08:00 ] ::1 /boke/TP/index.php/Home/Index/images/my.jpg
INFO: [ app_init ] --START--
INFO: Run Behavior\BuildLiteBehavior [ RunTime:0.000079s ]
INFO: [ app_init ] --END-- [ RunTime:0.002255s ]

[ 2016-04-09T15:19:04+08:00 ] ::1 /boke/TP/index.php/Home/Index/learn.html
INFO: [ app_init ] --START--
INFO: Run Behavior\BuildLiteBehavior [ RunTime:0.000076s ]
INFO: [ app_init ] --END-- [ RunTime:0.001982s ]
INFO: [ app_begin ] --START--
INFO: Run Behavior\ReadHtmlCacheBehavior [ RunTime:0.004397s ]
INFO: [ app_begin ] --END-- [ RunTime:0.004733s ]
INFO: [ view_parse ] --START--
INFO: [ template_filter ] --START--
INFO: Run Behavior\ContentReplaceBehavior [ RunTime:0.000283s ]
INFO: [ template_filter ] --END-- [ RunTime:0.000620s ]
INFO: Run Behavior\ParseTemplateBehavior [ RunTime:0.042560s ]
INFO: [ view_parse ] --END-- [ RunTime:0.042933s ]
INFO: [ view_filter ] --START--
INFO: Run Behavior\WriteHtmlCacheBehavior [ RunTime:0.002086s ]
INFO: [ view_filter ] --END-- [ RunTime:0.002397s ]
INFO: [ app_end ] --START--
INFO: Run Behavior\ShowPageTraceBehavior [ RunTime:0.003540s ]
INFO: [ app_end ] --END-- [ RunTime:0.003925s ]

[ 2016-04-09T15:19:04+08:00 ] ::1 /boke/TP/index.php/Home/Index/images/my.jpg
INFO: [ app_init ] --START--
INFO: Run Behavior\BuildLiteBehavior [ RunTime:0.000076s ]
INFO: [ app_init ] --END-- [ RunTime:0.002078s ]

[ 2016-04-09T15:19:06+08:00 ] ::1 /boke/TP/index.php/Home/Index/guestbook.html
INFO: [ app_init ] --START--
INFO: Run Behavior\BuildLiteBehavior [ RunTime:0.000794s ]
INFO: [ app_init ] --END-- [ RunTime:0.003584s ]
INFO: [ app_begin ] --START--
INFO: Run Behavior\ReadHtmlCacheBehavior [ RunTime:0.002958s ]
INFO: [ app_begin ] --END-- [ RunTime:0.003302s ]
INFO: [ view_parse ] --START--
INFO: [ template_filter ] --START--
INFO: Run Behavior\ContentReplaceBehavior [ RunTime:0.000325s ]
INFO: [ template_filter ] --END-- [ RunTime:0.000706s ]
INFO: Run Behavior\ParseTemplateBehavior [ RunTime:0.039031s ]
INFO: [ view_parse ] --END-- [ RunTime:0.039438s ]
INFO: [ view_filter ] --START--
INFO: Run Behavior\WriteHtmlCacheBehavior [ RunTime:0.002748s ]
INFO: [ view_filter ] --END-- [ RunTime:0.003130s ]
INFO: [ app_end ] --START--
INFO: Run Behavior\ShowPageTraceBehavior [ RunTime:0.003921s ]
INFO: [ app_end ] --END-- [ RunTime:0.004567s ]

[ 2016-04-09T15:19:06+08:00 ] ::1 /boke/TP/index.php/Home/Index/images/my.jpg
INFO: [ app_init ] --START--
INFO: Run Behavior\BuildLiteBehavior [ RunTime:0.000127s ]
INFO: [ app_init ] --END-- [ RunTime:0.008849s ]

[ 2016-04-09T15:19:12+08:00 ] ::1 /boke/TP/index.php/Home/Index/index.html
INFO: [ app_init ] --START--
INFO: Run Behavior\BuildLiteBehavior [ RunTime:0.000073s ]
INFO: [ app_init ] --END-- [ RunTime:0.002466s ]
INFO: [ app_begin ] --START--
INFO: Run Behavior\ReadHtmlCacheBehavior [ RunTime:0.002763s ]
INFO: [ app_begin ] --END-- [ RunTime:0.003104s ]
SQL: SHOW COLUMNS FROM `book_errasy` [ RunTime:0.0131s ]
SQL: SELECT * FROM `book_errasy` INNER JOIN book_errasy_fb on book_errasy.s_id=book_errasy_fb.s_id   [ RunTime:0.0028s ]
INFO: [ view_parse ] --START--
INFO: [ template_filter ] --START--
INFO: Run Behavior\ContentReplaceBehavior [ RunTime:0.000223s ]
INFO: [ template_filter ] --END-- [ RunTime:0.000463s ]
INFO: Run Behavior\ParseTemplateBehavior [ RunTime:0.038437s ]
INFO: [ view_parse ] --END-- [ RunTime:0.038898s ]
INFO: [ view_filter ] --START--
INFO: Run Behavior\WriteHtmlCacheBehavior [ RunTime:0.002526s ]
INFO: [ view_filter ] --END-- [ RunTime:0.002842s ]
INFO: [ app_end ] --START--
INFO: Run Behavior\ShowPageTraceBehavior [ RunTime:0.003296s ]
INFO: [ app_end ] --END-- [ RunTime:0.003657s ]

[ 2016-04-09T15:23:31+08:00 ] ::1 /boke/TP/index.php/Home/Index/guestbook.html
INFO: [ app_init ] --START--
INFO: Run Behavior\BuildLiteBehavior [ RunTime:0.000057s ]
INFO: [ app_init ] --END-- [ RunTime:0.001649s ]
INFO: [ app_begin ] --START--
INFO: Run Behavior\ReadHtmlCacheBehavior [ RunTime:0.003253s ]
INFO: [ app_begin ] --END-- [ RunTime:0.003686s ]
INFO: [ view_parse ] --START--
INFO: [ template_filter ] --START--
INFO: Run Behavior\ContentReplaceBehavior [ RunTime:0.000299s ]
INFO: [ template_filter ] --END-- [ RunTime:0.000632s ]
INFO: Run Behavior\ParseTemplateBehavior [ RunTime:0.035179s ]
INFO: [ view_parse ] --END-- [ RunTime:0.035537s ]
INFO: [ view_filter ] --START--
INFO: Run Behavior\WriteHtmlCacheBehavior [ RunTime:0.002150s ]
INFO: [ view_filter ] --END-- [ RunTime:0.002475s ]
INFO: [ app_end ] --START--
INFO: Run Behavior\ShowPageTraceBehavior [ RunTime:0.003002s ]
INFO: [ app_end ] --END-- [ RunTime:0.003365s ]

[ 2016-04-09T15:23:31+08:00 ] ::1 /boke/TP/index.php/Home/Index/images/my.jpg
INFO: [ app_init ] --START--
INFO: Run Behavior\BuildLiteBehavior [ RunTime:0.000072s ]
INFO: [ app_init ] --END-- [ RunTime:0.002084s ]

[ 2016-04-09T15:23:47+08:00 ] ::1 /boke/TP/index.php/Home/Index/index.html
INFO: [ app_init ] --START--
INFO: Run Behavior\BuildLiteBehavior [ RunTime:0.000121s ]
INFO: [ app_init ] --END-- [ RunTime:0.004218s ]
INFO: [ app_begin ] --START--
INFO: Run Behavior\ReadHtmlCacheBehavior [ RunTime:0.005453s ]
INFO: [ app_begin ] --END-- [ RunTime:0.005999s ]
SQL: SHOW COLUMNS FROM `book_errasy` [ RunTime:0.0128s ]
SQL: SELECT * FROM `book_errasy` INNER JOIN book_errasy_fb on book_errasy.s_id=book_errasy_fb.s_id   [ RunTime:0.0020s ]
INFO: [ view_parse ] --START--
INFO: [ template_filter ] --START--
INFO: Run Behavior\ContentReplaceBehavior [ RunTime:0.000275s ]
INFO: [ template_filter ] --END-- [ RunTime:0.000540s ]
INFO: Run Behavior\ParseTemplateBehavior [ RunTime:0.033172s ]
INFO: [ view_parse ] --END-- [ RunTime:0.033517s ]
INFO: [ view_filter ] --START--
INFO: Run Behavior\WriteHtmlCacheBehavior [ RunTime:0.001896s ]
INFO: [ view_filter ] --END-- [ RunTime:0.002135s ]
INFO: [ app_end ] --START--
INFO: Run Behavior\ShowPageTraceBehavior [ RunTime:0.006057s ]
INFO: [ app_end ] --END-- [ RunTime:0.006504s ]

[ 2016-04-09T15:24:03+08:00 ] ::1 /boke/TP/index.php/Home/Index/guestbook.html
INFO: [ app_init ] --START--
INFO: Run Behavior\BuildLiteBehavior [ RunTime:0.000265s ]
INFO: [ app_init ] --END-- [ RunTime:0.002299s ]
INFO: [ app_begin ] --START--
INFO: Run Behavior\ReadHtmlCacheBehavior [ RunTime:0.002904s ]
INFO: [ app_begin ] --END-- [ RunTime:0.003208s ]
INFO: [ view_parse ] --START--
INFO: [ template_filter ] --START--
INFO: Run Behavior\ContentReplaceBehavior [ RunTime:0.000191s ]
INFO: [ template_filter ] --END-- [ RunTime:0.000457s ]
INFO: Run Behavior\ParseTemplateBehavior [ RunTime:0.031918s ]
INFO: [ view_parse ] --END-- [ RunTime:0.032258s ]
INFO: [ view_filter ] --START--
INFO: Run Behavior\WriteHtmlCacheBehavior [ RunTime:0.002716s ]
INFO: [ view_filter ] --END-- [ RunTime:0.003095s ]
INFO: [ app_end ] --START--
INFO: Run Behavior\ShowPageTraceBehavior [ RunTime:0.002804s ]
INFO: [ app_end ] --END-- [ RunTime:0.003156s ]

[ 2016-04-09T15:24:03+08:00 ] ::1 /boke/TP/index.php/Home/Index/images/my.jpg
INFO: [ app_init ] --START--
INFO: Run Behavior\BuildLiteBehavior [ RunTime:0.000101s ]
INFO: [ app_init ] --END-- [ RunTime:0.003516s ]

[ 2016-04-09T15:24:34+08:00 ] ::1 /boke/TP/index.php/Home/Index/about.html
INFO: [ app_init ] --START--
INFO: Run Behavior\BuildLiteBehavior [ RunTime:0.000052s ]
INFO: [ app_init ] --END-- [ RunTime:0.001452s ]
INFO: [ app_begin ] --START--
INFO: Run Behavior\ReadHtmlCacheBehavior [ RunTime:0.002020s ]
INFO: [ app_begin ] --END-- [ RunTime:0.002242s ]
SQL: SHOW COLUMNS FROM `book_news` [ RunTime:0.0136s ]
SQL: SELECT * FROM `book_news`  [ RunTime:0.0012s ]
INFO: [ view_parse ] --START--
INFO: [ template_filter ] --START--
INFO: Run Behavior\ContentReplaceBehavior [ RunTime:0.000198s ]
INFO: [ template_filter ] --END-- [ RunTime:0.000451s ]
INFO: Run Behavior\ParseTemplateBehavior [ RunTime:0.030415s ]
INFO: [ view_parse ] --END-- [ RunTime:0.030775s ]
INFO: [ view_filter ] --START--
INFO: Run Behavior\WriteHtmlCacheBehavior [ RunTime:0.002149s ]
INFO: [ view_filter ] --END-- [ RunTime:0.002483s ]
INFO: [ app_end ] --START--
INFO: Run Behavior\ShowPageTraceBehavior [ RunTime:0.003163s ]
INFO: [ app_end ] --END-- [ RunTime:0.003492s ]

[ 2016-04-09T15:24:36+08:00 ] ::1 /boke/TP/index.php/Home/Index/shuo.html
INFO: [ app_init ] --START--
INFO: Run Behavior\BuildLiteBehavior [ RunTime:0.000084s ]
INFO: [ app_init ] --END-- [ RunTime:0.002168s ]
INFO: [ app_begin ] --START--
INFO: Run Behavior\ReadHtmlCacheBehavior [ RunTime:0.003421s ]
INFO: [ app_begin ] --END-- [ RunTime:0.003837s ]
SQL: SHOW COLUMNS FROM `book_shuoshuo` [ RunTime:0.0121s ]
SQL: SELECT * FROM `book_shuoshuo`  [ RunTime:0.0020s ]
INFO: [ view_parse ] --START--
INFO: [ template_filter ] --START--
INFO: Run Behavior\ContentReplaceBehavior [ RunTime:0.000259s ]
INFO: [ template_filter ] --END-- [ RunTime:0.000584s ]
INFO: Run Behavior\ParseTemplateBehavior [ RunTime:0.031766s ]
INFO: [ view_parse ] --END-- [ RunTime:0.032147s ]
INFO: [ view_filter ] --START--
INFO: Run Behavior\WriteHtmlCacheBehavior [ RunTime:0.001954s ]
INFO: [ view_filter ] --END-- [ RunTime:0.002268s ]
INFO: [ app_end ] --START--
INFO: Run Behavior\ShowPageTraceBehavior [ RunTime:0.003043s ]
INFO: [ app_end ] --END-- [ RunTime:0.003355s ]

[ 2016-04-09T15:25:12+08:00 ] ::1 /boke/TP/index.php/Home/Index/riji
INFO: [ app_init ] --START--
INFO: Run Behavior\BuildLiteBehavior [ RunTime:0.000196s ]
INFO: [ app_init ] --END-- [ RunTime:0.002828s ]
INFO: [ app_begin ] --START--
INFO: Run Behavior\ReadHtmlCacheBehavior [ RunTime:0.003137s ]
INFO: [ app_begin ] --END-- [ RunTime:0.003899s ]
SQL: SHOW COLUMNS FROM `book_shuoshuo` [ RunTime:0.0116s ]
SQL: SELECT * FROM `book_shuoshuo`  [ RunTime:0.0014s ]
INFO: [ view_parse ] --START--
INFO: [ template_filter ] --START--
INFO: Run Behavior\ContentReplaceBehavior [ RunTime:0.000213s ]
INFO: [ template_filter ] --END-- [ RunTime:0.000449s ]
INFO: Run Behavior\ParseTemplateBehavior [ RunTime:0.037579s ]
INFO: [ view_parse ] --END-- [ RunTime:0.037923s ]
INFO: [ view_filter ] --START--
INFO: Run Behavior\WriteHtmlCacheBehavior [ RunTime:0.001491s ]
INFO: [ view_filter ] --END-- [ RunTime:0.001697s ]
INFO: [ app_end ] --START--
INFO: Run Behavior\ShowPageTraceBehavior [ RunTime:0.003879s ]
INFO: [ app_end ] --END-- [ RunTime:0.004304s ]

[ 2016-04-09T15:25:22+08:00 ] ::1 /boke/TP/index.php/Home/Index/learn.html
INFO: [ app_init ] --START--
INFO: Run Behavior\BuildLiteBehavior [ RunTime:0.000066s ]
INFO: [ app_init ] --END-- [ RunTime:0.002139s ]
INFO: [ app_begin ] --START--
INFO: Run Behavior\ReadHtmlCacheBehavior [ RunTime:0.002777s ]
INFO: [ app_begin ] --END-- [ RunTime:0.003082s ]
INFO: [ view_parse ] --START--
INFO: [ template_filter ] --START--
INFO: Run Behavior\ContentReplaceBehavior [ RunTime:0.000368s ]
INFO: [ template_filter ] --END-- [ RunTime:0.000837s ]
INFO: Run Behavior\ParseTemplateBehavior [ RunTime:0.041469s ]
INFO: [ view_parse ] --END-- [ RunTime:0.041860s ]
INFO: [ view_filter ] --START--
INFO: Run Behavior\WriteHtmlCacheBehavior [ RunTime:0.001825s ]
INFO: [ view_filter ] --END-- [ RunTime:0.002090s ]
INFO: [ app_end ] --START--
INFO: Run Behavior\ShowPageTraceBehavior [ RunTime:0.004093s ]
INFO: [ app_end ] --END-- [ RunTime:0.004683s ]

[ 2016-04-09T15:25:22+08:00 ] ::1 /boke/TP/index.php/Home/Index/images/my.jpg
INFO: [ app_init ] --START--
INFO: Run Behavior\BuildLiteBehavior [ RunTime:0.000054s ]
INFO: [ app_init ] --END-- [ RunTime:0.001952s ]

[ 2016-04-09T15:29:37+08:00 ] ::1 /boke/TP/index.php/Home/Index/guestbook.html
INFO: [ app_init ] --START--
INFO: Run Behavior\BuildLiteBehavior [ RunTime:0.000093s ]
INFO: [ app_init ] --END-- [ RunTime:0.001932s ]
INFO: [ app_begin ] --START--
INFO: Run Behavior\ReadHtmlCacheBehavior [ RunTime:0.003893s ]
INFO: [ app_begin ] --END-- [ RunTime:0.004197s ]
INFO: [ view_parse ] --START--
INFO: [ template_filter ] --START--
INFO: Run Behavior\ContentReplaceBehavior [ RunTime:0.000306s ]
INFO: [ template_filter ] --END-- [ RunTime:0.000644s ]
INFO: Run Behavior\ParseTemplateBehavior [ RunTime:0.036178s ]
INFO: [ view_parse ] --END-- [ RunTime:0.036548s ]
INFO: [ view_filter ] --START--
INFO: Run Behavior\WriteHtmlCacheBehavior [ RunTime:0.003087s ]
INFO: [ view_filter ] --END-- [ RunTime:0.003441s ]
INFO: [ app_end ] --START--
INFO: Run Behavior\ShowPageTraceBehavior [ RunTime:0.003652s ]
INFO: [ app_end ] --END-- [ RunTime:0.003996s ]

[ 2016-04-09T15:29:37+08:00 ] ::1 /boke/TP/index.php/Home/Index/images/my.jpg
INFO: [ app_init ] --START--
INFO: Run Behavior\BuildLiteBehavior [ RunTime:0.000080s ]
INFO: [ app_init ] --END-- [ RunTime:0.003077s ]

[ 2016-04-09T15:31:29+08:00 ] ::1 /boke/TP/index.php/Home/Index/learn.html
INFO: [ app_init ] --START--
INFO: Run Behavior\BuildLiteBehavior [ RunTime:0.000054s ]
INFO: [ app_init ] --END-- [ RunTime:0.001781s ]
INFO: [ app_begin ] --START--
INFO: Run Behavior\ReadHtmlCacheBehavior [ RunTime:0.002107s ]
INFO: [ app_begin ] --END-- [ RunTime:0.002328s ]
INFO: [ view_parse ] --START--
INFO: [ template_filter ] --START--
INFO: Run Behavior\ContentReplaceBehavior [ RunTime:0.001100s ]
INFO: [ template_filter ] --END-- [ RunTime:0.001700s ]
INFO: Run Behavior\ParseTemplateBehavior [ RunTime:0.034560s ]
INFO: [ view_parse ] --END-- [ RunTime:0.035019s ]
INFO: [ view_filter ] --START--
INFO: Run Behavior\WriteHtmlCacheBehavior [ RunTime:0.002033s ]
INFO: [ view_filter ] --END-- [ RunTime:0.002292s ]
INFO: [ app_end ] --START--
INFO: Run Behavior\ShowPageTraceBehavior [ RunTime:0.007632s ]
INFO: [ app_end ] --END-- [ RunTime:0.008107s ]

[ 2016-04-09T15:31:29+08:00 ] ::1 /boke/TP/index.php/Home/Index/images/my.jpg
INFO: [ app_init ] --START--
INFO: Run Behavior\BuildLiteBehavior [ RunTime:0.000063s ]
INFO: [ app_init ] --END-- [ RunTime:0.001520s ]

[ 2016-04-09T15:31:36+08:00 ] ::1 /boke/TP/index.php/Home/Index/guestbook.html
INFO: [ app_init ] --START--
INFO: Run Behavior\BuildLiteBehavior [ RunTime:0.000051s ]
INFO: [ app_init ] --END-- [ RunTime:0.001383s ]
INFO: [ app_begin ] --START--
INFO: Run Behavior\ReadHtmlCacheBehavior [ RunTime:0.007267s ]
INFO: [ app_begin ] --END-- [ RunTime:0.007637s ]
INFO: [ view_parse ] --START--
INFO: [ template_filter ] --START--
INFO: Run Behavior\ContentReplaceBehavior [ RunTime:0.000283s ]
INFO: [ template_filter ] --END-- [ RunTime:0.000638s ]
INFO: Run Behavior\ParseTemplateBehavior [ RunTime:0.032530s ]
INFO: [ view_parse ] --END-- [ RunTime:0.032858s ]
INFO: [ view_filter ] --START--
INFO: Run Behavior\WriteHtmlCacheBehavior [ RunTime:0.002441s ]
INFO: [ view_filter ] --END-- [ RunTime:0.002733s ]
INFO: [ app_end ] --START--
INFO: Run Behavior\ShowPageTraceBehavior [ RunTime:0.003619s ]
INFO: [ app_end ] --END-- [ RunTime:0.004053s ]

[ 2016-04-09T15:31:37+08:00 ] ::1 /boke/TP/index.php/Home/Index/images/my.jpg
INFO: [ app_init ] --START--
INFO: Run Behavior\BuildLiteBehavior [ RunTime:0.000113s ]
INFO: [ app_init ] --END-- [ RunTime:0.002660s ]

[ 2016-04-09T15:32:11+08:00 ] ::1 /boke/TP/index.php/Home/Index/learn.html
INFO: [ app_init ] --START--
INFO: Run Behavior\BuildLiteBehavior [ RunTime:0.000086s ]
INFO: [ app_init ] --END-- [ RunTime:0.002869s ]
INFO: [ app_begin ] --START--
INFO: Run Behavior\ReadHtmlCacheBehavior [ RunTime:0.003858s ]
INFO: [ app_begin ] --END-- [ RunTime:0.006917s ]
INFO: [ view_parse ] --START--
INFO: [ template_filter ] --START--
INFO: Run Behavior\ContentReplaceBehavior [ RunTime:0.000563s ]
INFO: [ template_filter ] --END-- [ RunTime:0.001008s ]
INFO: Run Behavior\ParseTemplateBehavior [ RunTime:0.040505s ]
INFO: [ view_parse ] --END-- [ RunTime:0.041174s ]
INFO: [ view_filter ] --START--
INFO: Run Behavior\WriteHtmlCacheBehavior [ RunTime:0.003122s ]
INFO: [ view_filter ] --END-- [ RunTime:0.003547s ]
INFO: [ app_end ] --START--
INFO: Run Behavior\ShowPageTraceBehavior [ RunTime:0.003752s ]
INFO: [ app_end ] --END-- [ RunTime:0.004146s ]

[ 2016-04-09T15:32:12+08:00 ] ::1 /boke/TP/index.php/Home/Index/images/my.jpg
INFO: [ app_init ] --START--
INFO: Run Behavior\BuildLiteBehavior [ RunTime:0.000094s ]
INFO: [ app_init ] --END-- [ RunTime:0.002939s ]

[ 2016-04-09T15:32:13+08:00 ] ::1 /boke/TP/index.php/Home/Index/guestbook.html
INFO: [ app_init ] --START--
INFO: Run Behavior\BuildLiteBehavior [ RunTime:0.000050s ]
INFO: [ app_init ] --END-- [ RunTime:0.001449s ]
INFO: [ app_begin ] --START--
INFO: Run Behavior\ReadHtmlCacheBehavior [ RunTime:0.002973s ]
INFO: [ app_begin ] --END-- [ RunTime:0.003261s ]
INFO: [ view_parse ] --START--
INFO: [ template_filter ] --START--
INFO: Run Behavior\ContentReplaceBehavior [ RunTime:0.000189s ]
INFO: [ template_filter ] --END-- [ RunTime:0.000421s ]
INFO: Run Behavior\ParseTemplateBehavior [ RunTime:0.035563s ]
INFO: [ view_parse ] --END-- [ RunTime:0.035926s ]
INFO: [ view_filter ] --START--
INFO: Run Behavior\WriteHtmlCacheBehavior [ RunTime:0.002070s ]
INFO: [ view_filter ] --END-- [ RunTime:0.002372s ]
INFO: [ app_end ] --START--
INFO: Run Behavior\ShowPageTraceBehavior [ RunTime:0.003133s ]
INFO: [ app_end ] --END-- [ RunTime:0.003489s ]

[ 2016-04-09T15:32:13+08:00 ] ::1 /boke/TP/index.php/Home/Index/images/my.jpg
INFO: [ app_init ] --START--
INFO: Run Behavior\BuildLiteBehavior [ RunTime:0.000072s ]
INFO: [ app_init ] --END-- [ RunTime:0.002087s ]

[ 2016-04-09T15:32:15+08:00 ] ::1 /boke/TP/index.php/Home/Index/learn.html
INFO: [ app_init ] --START--
INFO: Run Behavior\BuildLiteBehavior [ RunTime:0.000053s ]
INFO: [ app_init ] --END-- [ RunTime:0.001386s ]
INFO: [ app_begin ] --START--
INFO: Run Behavior\ReadHtmlCacheBehavior [ RunTime:0.002086s ]
INFO: [ app_begin ] --END-- [ RunTime:0.002317s ]
INFO: [ view_parse ] --START--
INFO: [ template_filter ] --START--
INFO: Run Behavior\ContentReplaceBehavior [ RunTime:0.000435s ]
INFO: [ template_filter ] --END-- [ RunTime:0.000759s ]
INFO: Run Behavior\ParseTemplateBehavior [ RunTime:0.042429s ]
INFO: [ view_parse ] --END-- [ RunTime:0.042786s ]
INFO: [ view_filter ] --START--
INFO: Run Behavior\WriteHtmlCacheBehavior [ RunTime:0.002091s ]
INFO: [ view_filter ] --END-- [ RunTime:0.002400s ]
INFO: [ app_end ] --START--
INFO: Run Behavior\ShowPageTraceBehavior [ RunTime:0.004435s ]
INFO: [ app_end ] --END-- [ RunTime:0.004935s ]

[ 2016-04-09T15:32:16+08:00 ] ::1 /boke/TP/index.php/Home/Index/images/my.jpg
INFO: [ app_init ] --START--
INFO: Run Behavior\BuildLiteBehavior [ RunTime:0.000134s ]
INFO: [ app_init ] --END-- [ RunTime:0.002716s ]

[ 2016-04-09T15:32:18+08:00 ] ::1 /boke/TP/index.php/Home/Index/guestbook.html
INFO: [ app_init ] --START--
INFO: Run Behavior\BuildLiteBehavior [ RunTime:0.000082s ]
INFO: [ app_init ] --END-- [ RunTime:0.001773s ]
INFO: [ app_begin ] --START--
INFO: Run Behavior\ReadHtmlCacheBehavior [ RunTime:0.003938s ]
INFO: [ app_begin ] --END-- [ RunTime:0.004577s ]
INFO: [ view_parse ] --START--
INFO: [ template_filter ] --START--
INFO: Run Behavior\ContentReplaceBehavior [ RunTime:0.000302s ]
INFO: [ template_filter ] --END-- [ RunTime:0.000638s ]
INFO: Run Behavior\ParseTemplateBehavior [ RunTime:0.038457s ]
INFO: [ view_parse ] --END-- [ RunTime:0.038880s ]
INFO: [ view_filter ] --START--
INFO: Run Behavior\WriteHtmlCacheBehavior [ RunTime:0.002311s ]
INFO: [ view_filter ] --END-- [ RunTime:0.002638s ]
INFO: [ app_end ] --START--
INFO: Run Behavior\ShowPageTraceBehavior [ RunTime:0.003041s ]
INFO: [ app_end ] --END-- [ RunTime:0.003371s ]

[ 2016-04-09T15:32:18+08:00 ] ::1 /boke/TP/index.php/Home/Index/images/my.jpg
INFO: [ app_init ] --START--
INFO: Run Behavior\BuildLiteBehavior [ RunTime:0.000096s ]
INFO: [ app_init ] --END-- [ RunTime:0.002352s ]

[ 2016-04-09T15:35:59+08:00 ] ::1 /boke/TP/index.php/Home/Index/guestbook.html
INFO: [ app_init ] --START--
INFO: Run Behavior\BuildLiteBehavior [ RunTime:0.000107s ]
INFO: [ app_init ] --END-- [ RunTime:0.002503s ]
INFO: [ app_begin ] --START--
INFO: Run Behavior\ReadHtmlCacheBehavior [ RunTime:0.003910s ]
INFO: [ app_begin ] --END-- [ RunTime:0.004298s ]
INFO: [ view_parse ] --START--
INFO: [ template_filter ] --START--
INFO: Run Behavior\ContentReplaceBehavior [ RunTime:0.000193s ]
INFO: [ template_filter ] --END-- [ RunTime:0.000428s ]
INFO: Run Behavior\ParseTemplateBehavior [ RunTime:0.028702s ]
INFO: [ view_parse ] --END-- [ RunTime:0.029038s ]
INFO: [ view_filter ] --START--
INFO: Run Behavior\WriteHtmlCacheBehavior [ RunTime:0.003331s ]
INFO: [ view_filter ] --END-- [ RunTime:0.003793s ]
INFO: [ app_end ] --START--
INFO: Run Behavior\ShowPageTraceBehavior [ RunTime:0.004303s ]
INFO: [ app_end ] --END-- [ RunTime:0.006159s ]

[ 2016-04-09T15:35:59+08:00 ] ::1 /boke/TP/index.php/Home/Index/images/my.jpg
INFO: [ app_init ] --START--
INFO: Run Behavior\BuildLiteBehavior [ RunTime:0.003012s ]
INFO: [ app_init ] --END-- [ RunTime:0.005079s ]

[ 2016-04-09T15:36:08+08:00 ] ::1 /boke/TP/index.php/Home/Index/learn.html
INFO: [ app_init ] --START--
INFO: Run Behavior\BuildLiteBehavior [ RunTime:0.000108s ]
INFO: [ app_init ] --END-- [ RunTime:0.003497s ]
INFO: [ app_begin ] --START--
INFO: Run Behavior\ReadHtmlCacheBehavior [ RunTime:0.002311s ]
INFO: [ app_begin ] --END-- [ RunTime:0.002547s ]
INFO: [ view_parse ] --START--
INFO: [ template_filter ] --START--
INFO: Run Behavior\ContentReplaceBehavior [ RunTime:0.000272s ]
INFO: [ template_filter ] --END-- [ RunTime:0.000522s ]
INFO: Run Behavior\ParseTemplateBehavior [ RunTime:0.032295s ]
INFO: [ view_parse ] --END-- [ RunTime:0.032607s ]
INFO: [ view_filter ] --START--
INFO: Run Behavior\WriteHtmlCacheBehavior [ RunTime:0.002221s ]
INFO: [ view_filter ] --END-- [ RunTime:0.002530s ]
INFO: [ app_end ] --START--
INFO: Run Behavior\ShowPageTraceBehavior [ RunTime:0.004100s ]
INFO: [ app_end ] --END-- [ RunTime:0.004549s ]

[ 2016-04-09T15:36:08+08:00 ] ::1 /boke/TP/index.php/Home/Index/images/my.jpg
INFO: [ app_init ] --START--
INFO: Run Behavior\BuildLiteBehavior [ RunTime:0.000080s ]
INFO: [ app_init ] --END-- [ RunTime:0.002069s ]

[ 2016-04-09T15:36:14+08:00 ] ::1 /boke/TP/index.php/Home/Index/shuo.html
INFO: [ app_init ] --START--
INFO: Run Behavior\BuildLiteBehavior [ RunTime:0.000053s ]
INFO: [ app_init ] --END-- [ RunTime:0.001412s ]
INFO: [ app_begin ] --START--
INFO: Run Behavior\ReadHtmlCacheBehavior [ RunTime:0.002525s ]
INFO: [ app_begin ] --END-- [ RunTime:0.002797s ]
SQL: SHOW COLUMNS FROM `book_shuoshuo` [ RunTime:0.0136s ]
SQL: SELECT * FROM `book_shuoshuo`  [ RunTime:0.0012s ]
INFO: [ view_parse ] --START--
INFO: [ template_filter ] --START--
INFO: Run Behavior\ContentReplaceBehavior [ RunTime:0.000171s ]
INFO: [ template_filter ] --END-- [ RunTime:0.000405s ]
INFO: Run Behavior\ParseTemplateBehavior [ RunTime:0.028476s ]
INFO: [ view_parse ] --END-- [ RunTime:0.028817s ]
INFO: [ view_filter ] --START--
INFO: Run Behavior\WriteHtmlCacheBehavior [ RunTime:0.001662s ]
INFO: [ view_filter ] --END-- [ RunTime:0.001914s ]
INFO: [ app_end ] --START--
INFO: Run Behavior\ShowPageTraceBehavior [ RunTime:0.002795s ]
INFO: [ app_end ] --END-- [ RunTime:0.003002s ]

[ 2016-04-09T15:36:51+08:00 ] ::1 /boke/TP/index.php/Home/Index/shuo
INFO: [ app_init ] --START--
INFO: Run Behavior\BuildLiteBehavior [ RunTime:0.000052s ]
INFO: [ app_init ] --END-- [ RunTime:0.001446s ]
INFO: [ app_begin ] --START--
INFO: Run Behavior\ReadHtmlCacheBehavior [ RunTime:0.001986s ]
INFO: [ app_begin ] --END-- [ RunTime:0.002224s ]
SQL: SHOW COLUMNS FROM `book_shuoshuo` [ RunTime:0.0140s ]
SQL: SELECT * FROM `book_shuoshuo`  [ RunTime:0.0020s ]
INFO: [ view_parse ] --START--
INFO: [ template_filter ] --START--
INFO: Run Behavior\ContentReplaceBehavior [ RunTime:0.000481s ]
INFO: [ template_filter ] --END-- [ RunTime:0.000873s ]
INFO: Run Behavior\ParseTemplateBehavior [ RunTime:0.031414s ]
INFO: [ view_parse ] --END-- [ RunTime:0.031833s ]
INFO: [ view_filter ] --START--
INFO: Run Behavior\WriteHtmlCacheBehavior [ RunTime:0.002373s ]
INFO: [ view_filter ] --END-- [ RunTime:0.002691s ]
INFO: [ app_end ] --START--
INFO: Run Behavior\ShowPageTraceBehavior [ RunTime:0.003293s ]
INFO: [ app_end ] --END-- [ RunTime:0.003603s ]

[ 2016-04-09T15:37:24+08:00 ] ::1 /boke/TP/index.php/Home/Index/riji
INFO: [ app_init ] --START--
INFO: Run Behavior\BuildLiteBehavior [ RunTime:0.000070s ]
INFO: [ app_init ] --END-- [ RunTime:0.002496s ]
INFO: [ app_begin ] --START--
INFO: Run Behavior\ReadHtmlCacheBehavior [ RunTime:0.006438s ]
INFO: [ app_begin ] --END-- [ RunTime:0.006811s ]
SQL: SHOW COLUMNS FROM `book_shuoshuo` [ RunTime:0.0127s ]
SQL: SELECT * FROM `book_shuoshuo`  [ RunTime:0.0015s ]
INFO: [ view_parse ] --START--
INFO: [ template_filter ] --START--
INFO: Run Behavior\ContentReplaceBehavior [ RunTime:0.000345s ]
INFO: [ template_filter ] --END-- [ RunTime:0.000757s ]
INFO: Run Behavior\ParseTemplateBehavior [ RunTime:0.031954s ]
INFO: [ view_parse ] --END-- [ RunTime:0.032327s ]
INFO: [ view_filter ] --START--
INFO: Run Behavior\WriteHtmlCacheBehavior [ RunTime:0.002077s ]
INFO: [ view_filter ] --END-- [ RunTime:0.002413s ]
INFO: [ app_end ] --START--
INFO: Run Behavior\ShowPageTraceBehavior [ RunTime:0.003758s ]
INFO: [ app_end ] --END-- [ RunTime:0.004181s ]

[ 2016-04-09T15:38:07+08:00 ] ::1 /boke/TP/index.php/Home/Index/learn.html
INFO: [ app_init ] --START--
INFO: Run Behavior\BuildLiteBehavior [ RunTime:0.000088s ]
INFO: [ app_init ] --END-- [ RunTime:0.003133s ]
INFO: [ app_begin ] --START--
INFO: Run Behavior\ReadHtmlCacheBehavior [ RunTime:0.002098s ]
INFO: [ app_begin ] --END-- [ RunTime:0.002326s ]
INFO: [ view_parse ] --START--
INFO: [ template_filter ] --START--
INFO: Run Behavior\ContentReplaceBehavior [ RunTime:0.000264s ]
INFO: [ template_filter ] --END-- [ RunTime:0.000495s ]
INFO: Run Behavior\ParseTemplateBehavior [ RunTime:0.028429s ]
INFO: [ view_parse ] --END-- [ RunTime:0.028721s ]
INFO: [ view_filter ] --START--
INFO: Run Behavior\WriteHtmlCacheBehavior [ RunTime:0.002219s ]
INFO: [ view_filter ] --END-- [ RunTime:0.002487s ]
INFO: [ app_end ] --START--
INFO: Run Behavior\ShowPageTraceBehavior [ RunTime:0.008846s ]
INFO: [ app_end ] --END-- [ RunTime:0.009230s ]

[ 2016-04-09T15:38:07+08:00 ] ::1 /boke/TP/index.php/Home/Index/images/my.jpg
INFO: [ app_init ] --START--
INFO: Run Behavior\BuildLiteBehavior [ RunTime:0.000077s ]
INFO: [ app_init ] --END-- [ RunTime:0.002186s ]

