[ 2016-10-21T12:07:36+08:00 ] 127.0.0.1 /
INFO: [ app_init ] --START--
INFO: Run Behavior\BuildLiteBehavior [ RunTime:0.000015s ]
INFO: [ app_init ] --END-- [ RunTime:0.000789s ]
INFO: [ app_begin ] --START--
INFO: Run Behavior\ReadHtmlCacheBehavior [ RunTime:0.000855s ]
INFO: [ app_begin ] --END-- [ RunTime:0.000909s ]
SQL: SHOW COLUMNS FROM `book_errasy` [ RunTime:0.0659s ]
SQL: SELECT * FROM `book_errasy` INNER JOIN book_errasy_fb on book_errasy.s_id=book_errasy_fb.s_id  WHERE ( 1 and book_errasy.bt like '%%' ) ORDER BY id desc LIMIT 6   [ RunTime:0.0574s ]
SQL: SELECT * FROM `book_errasy` INNER JOIN book_errasy_fb on book_errasy.s_id=book_errasy_fb.s_id  ORDER BY id desc LIMIT 6   [ RunTime:0.0141s ]
SQL: SELECT * FROM `book_errasy` WHERE ( id in(7,8,9,10,11) )  [ RunTime:0.0006s ]
SQL: SELECT * FROM `book_errasy` ORDER BY id desc LIMIT 5   [ RunTime:0.0013s ]
SQL: SELECT * FROM `book_errasy` ORDER BY rand() LIMIT 5   [ RunTime:0.0126s ]
INFO: [ view_parse ] --START--
INFO: [ template_filter ] --START--
INFO: Run Behavior\ContentReplaceBehavior [ RunTime:0.000067s ]
INFO: [ template_filter ] --END-- [ RunTime:0.000123s ]
INFO: Run Behavior\ParseTemplateBehavior [ RunTime:0.106934s ]
INFO: [ view_parse ] --END-- [ RunTime:0.107066s ]
INFO: [ view_filter ] --START--
INFO: Run Behavior\WriteHtmlCacheBehavior [ RunTime:0.014882s ]
INFO: [ view_filter ] --END-- [ RunTime:0.014947s ]
INFO: [ app_end ] --START--
INFO: Run Behavior\ShowPageTraceBehavior [ RunTime:0.008437s ]
INFO: [ app_end ] --END-- [ RunTime:0.008503s ]

[ 2016-10-21T13:44:01+08:00 ] 127.0.0.1 /
INFO: [ app_init ] --START--
INFO: Run Behavior\BuildLiteBehavior [ RunTime:0.000014s ]
INFO: [ app_init ] --END-- [ RunTime:0.000631s ]
INFO: [ app_begin ] --START--
INFO: Run Behavior\ReadHtmlCacheBehavior [ RunTime:0.000662s ]
INFO: [ app_begin ] --END-- [ RunTime:0.000717s ]
SQL: SHOW COLUMNS FROM `book_errasy` [ RunTime:0.0119s ]
SQL: SELECT * FROM `book_errasy` INNER JOIN book_errasy_fb on book_errasy.s_id=book_errasy_fb.s_id  WHERE ( 1 and book_errasy.bt like '%%' ) ORDER BY id desc LIMIT 6   [ RunTime:0.0129s ]
SQL: SELECT * FROM `book_errasy` INNER JOIN book_errasy_fb on book_errasy.s_id=book_errasy_fb.s_id  ORDER BY id desc LIMIT 6   [ RunTime:0.0111s ]
SQL: SELECT * FROM `book_errasy` WHERE ( id in(7,8,9,10,11) )  [ RunTime:0.0005s ]
SQL: SELECT * FROM `book_errasy` ORDER BY id desc LIMIT 5   [ RunTime:0.0010s ]
SQL: SELECT * FROM `book_errasy` ORDER BY rand() LIMIT 5   [ RunTime:0.0103s ]
INFO: [ view_parse ] --START--
INFO: [ template_filter ] --START--
INFO: Run Behavior\ContentReplaceBehavior [ RunTime:0.000060s ]
INFO: [ template_filter ] --END-- [ RunTime:0.000107s ]
INFO: Run Behavior\ParseTemplateBehavior [ RunTime:0.014332s ]
INFO: [ view_parse ] --END-- [ RunTime:0.014380s ]
INFO: [ view_filter ] --START--
INFO: Run Behavior\WriteHtmlCacheBehavior [ RunTime:0.000406s ]
INFO: [ view_filter ] --END-- [ RunTime:0.000438s ]
INFO: [ app_end ] --START--
INFO: Run Behavior\ShowPageTraceBehavior [ RunTime:0.000820s ]
INFO: [ app_end ] --END-- [ RunTime:0.000882s ]

[ 2016-10-21T13:44:07+08:00 ] 127.0.0.1 /index.php/Home/Index/about.html
INFO: [ app_init ] --START--
INFO: Run Behavior\BuildLiteBehavior [ RunTime:0.000027s ]
INFO: [ app_init ] --END-- [ RunTime:0.000767s ]
INFO: [ app_begin ] --START--
INFO: Run Behavior\ReadHtmlCacheBehavior [ RunTime:0.001028s ]
INFO: [ app_begin ] --END-- [ RunTime:0.001122s ]
SQL: SHOW COLUMNS FROM `book_news` [ RunTime:0.0398s ]
SQL: SELECT * FROM `book_news`  [ RunTime:0.0010s ]
SQL: SHOW COLUMNS FROM `book_errasy` [ RunTime:0.0207s ]
SQL: SELECT * FROM `book_errasy` INNER JOIN book_errasy_fb on book_errasy.s_id=book_errasy_fb.s_id  ORDER BY id desc LIMIT 6   [ RunTime:0.0169s ]
SQL: SELECT * FROM `book_errasy` WHERE ( id in(7,8,9,10,11) )  [ RunTime:0.0005s ]
SQL: SELECT * FROM `book_errasy` ORDER BY id desc LIMIT 5   [ RunTime:0.0011s ]
SQL: SELECT * FROM `book_errasy` ORDER BY rand() LIMIT 5   [ RunTime:0.0111s ]
INFO: [ view_parse ] --START--
INFO: [ template_filter ] --START--
INFO: Run Behavior\ContentReplaceBehavior [ RunTime:0.000059s ]
INFO: [ template_filter ] --END-- [ RunTime:0.000107s ]
INFO: Run Behavior\ParseTemplateBehavior [ RunTime:0.042755s ]
INFO: [ view_parse ] --END-- [ RunTime:0.042823s ]
INFO: [ view_filter ] --START--
INFO: Run Behavior\WriteHtmlCacheBehavior [ RunTime:0.000465s ]
INFO: [ view_filter ] --END-- [ RunTime:0.000510s ]
INFO: [ app_end ] --START--
INFO: Run Behavior\ShowPageTraceBehavior [ RunTime:0.000641s ]
INFO: [ app_end ] --END-- [ RunTime:0.000690s ]

[ 2016-10-21T13:44:10+08:00 ] 127.0.0.1 /index.php/Home/Index/index.html
INFO: [ app_init ] --START--
INFO: Run Behavior\BuildLiteBehavior [ RunTime:0.000012s ]
INFO: [ app_init ] --END-- [ RunTime:0.000390s ]
INFO: [ app_begin ] --START--
INFO: Run Behavior\ReadHtmlCacheBehavior [ RunTime:0.000565s ]
INFO: [ app_begin ] --END-- [ RunTime:0.000619s ]
SQL: SHOW COLUMNS FROM `book_errasy` [ RunTime:0.0090s ]
SQL: SELECT * FROM `book_errasy` INNER JOIN book_errasy_fb on book_errasy.s_id=book_errasy_fb.s_id  WHERE ( 1 and book_errasy.bt like '%%' ) ORDER BY id desc LIMIT 6   [ RunTime:0.0107s ]
SQL: SELECT * FROM `book_errasy` INNER JOIN book_errasy_fb on book_errasy.s_id=book_errasy_fb.s_id  ORDER BY id desc LIMIT 6   [ RunTime:0.0102s ]
SQL: SELECT * FROM `book_errasy` WHERE ( id in(7,8,9,10,11) )  [ RunTime:0.0005s ]
SQL: SELECT * FROM `book_errasy` ORDER BY id desc LIMIT 5   [ RunTime:0.0010s ]
SQL: SELECT * FROM `book_errasy` ORDER BY rand() LIMIT 5   [ RunTime:0.0089s ]
INFO: [ view_parse ] --START--
INFO: [ template_filter ] --START--
INFO: Run Behavior\ContentReplaceBehavior [ RunTime:0.000059s ]
INFO: [ template_filter ] --END-- [ RunTime:0.000105s ]
INFO: Run Behavior\ParseTemplateBehavior [ RunTime:0.012817s ]
INFO: [ view_parse ] --END-- [ RunTime:0.012889s ]
INFO: [ view_filter ] --START--
INFO: Run Behavior\WriteHtmlCacheBehavior [ RunTime:0.000429s ]
INFO: [ view_filter ] --END-- [ RunTime:0.000471s ]
INFO: [ app_end ] --START--
INFO: Run Behavior\ShowPageTraceBehavior [ RunTime:0.000819s ]
INFO: [ app_end ] --END-- [ RunTime:0.000879s ]

[ 2016-10-21T13:58:35+08:00 ] ::1 /boke/admin/
INFO: [ app_init ] --START--
INFO: Run Behavior\BuildLiteBehavior [ RunTime:0.000016s ]
INFO: [ app_init ] --END-- [ RunTime:0.000551s ]
INFO: [ app_begin ] --START--
INFO: Run Behavior\ReadHtmlCacheBehavior [ RunTime:0.001905s ]
INFO: [ app_begin ] --END-- [ RunTime:0.001991s ]
SQL: SHOW COLUMNS FROM `book_errasy` [ RunTime:0.0266s ]
SQL: SELECT * FROM `book_errasy` INNER JOIN book_errasy_fb on book_errasy.s_id=book_errasy_fb.s_id  WHERE ( 1 and book_errasy.bt like '%%' ) ORDER BY id desc LIMIT 6   [ RunTime:0.0165s ]
SQL: SELECT * FROM `book_errasy` INNER JOIN book_errasy_fb on book_errasy.s_id=book_errasy_fb.s_id  ORDER BY id desc LIMIT 6   [ RunTime:0.0139s ]
SQL: SELECT * FROM `book_errasy` WHERE ( id in(7,8,9,10,11) )  [ RunTime:0.0006s ]
SQL: SELECT * FROM `book_errasy` ORDER BY id desc LIMIT 5   [ RunTime:0.0012s ]
SQL: SELECT * FROM `book_errasy` ORDER BY rand() LIMIT 5   [ RunTime:0.0096s ]
INFO: [ view_parse ] --START--
INFO: [ template_filter ] --START--
INFO: Run Behavior\ContentReplaceBehavior [ RunTime:0.000061s ]
INFO: [ template_filter ] --END-- [ RunTime:0.000099s ]
INFO: Run Behavior\ParseTemplateBehavior [ RunTime:0.021538s ]
INFO: [ view_parse ] --END-- [ RunTime:0.021586s ]
INFO: [ view_filter ] --START--
INFO: Run Behavior\WriteHtmlCacheBehavior [ RunTime:0.000415s ]
INFO: [ view_filter ] --END-- [ RunTime:0.000443s ]
INFO: [ app_end ] --START--
INFO: Run Behavior\ShowPageTraceBehavior [ RunTime:0.000655s ]
INFO: [ app_end ] --END-- [ RunTime:0.000714s ]

[ 2016-10-21T17:50:15+08:00 ] ::1 /boke/admin/index.php/
INFO: [ app_init ] --START--
INFO: Run Behavior\BuildLiteBehavior [ RunTime:0.000018s ]
INFO: [ app_init ] --END-- [ RunTime:0.000444s ]
INFO: [ app_begin ] --START--
INFO: Run Behavior\ReadHtmlCacheBehavior [ RunTime:0.000797s ]
INFO: [ app_begin ] --END-- [ RunTime:0.000884s ]
SQL: SHOW COLUMNS FROM `book_errasy` [ RunTime:0.0113s ]
SQL: SELECT * FROM `book_errasy` INNER JOIN book_errasy_fb on book_errasy.s_id=book_errasy_fb.s_id  WHERE ( 1 and book_errasy.bt like '%%' ) ORDER BY id desc LIMIT 6   [ RunTime:0.0024s ]
SQL: SELECT * FROM `book_errasy` INNER JOIN book_errasy_fb on book_errasy.s_id=book_errasy_fb.s_id  ORDER BY id desc LIMIT 6   [ RunTime:0.0013s ]
SQL: SELECT * FROM `book_errasy` WHERE ( id in(7,8,9,10,11) )  [ RunTime:0.0005s ]
SQL: SELECT * FROM `book_errasy` ORDER BY id desc LIMIT 5   [ RunTime:0.0006s ]
SQL: SELECT * FROM `book_errasy` ORDER BY rand() LIMIT 5   [ RunTime:0.0114s ]
INFO: [ view_parse ] --START--
INFO: [ template_filter ] --START--
INFO: Run Behavior\ContentReplaceBehavior [ RunTime:0.000079s ]
INFO: [ template_filter ] --END-- [ RunTime:0.000140s ]
INFO: Run Behavior\ParseTemplateBehavior [ RunTime:0.014683s ]
INFO: [ view_parse ] --END-- [ RunTime:0.014746s ]
INFO: [ view_filter ] --START--
INFO: Run Behavior\WriteHtmlCacheBehavior [ RunTime:0.000453s ]
INFO: [ view_filter ] --END-- [ RunTime:0.000489s ]
INFO: [ app_end ] --START--
INFO: Run Behavior\ShowPageTraceBehavior [ RunTime:0.000840s ]
INFO: [ app_end ] --END-- [ RunTime:0.000906s ]

