[ 2016-10-24T08:17:08+08:00 ] 127.0.0.1 /boke/admin/
INFO: [ app_init ] --START--
INFO: Run Behavior\BuildLiteBehavior [ RunTime:0.000021s ]
INFO: [ app_init ] --END-- [ RunTime:0.000918s ]
INFO: [ app_begin ] --START--
INFO: Run Behavior\ReadHtmlCacheBehavior [ RunTime:0.001066s ]
INFO: [ app_begin ] --END-- [ RunTime:0.001149s ]
SQL: SHOW COLUMNS FROM `book_errasy` [ RunTime:0.0467s ]
SQL: SELECT * FROM `book_errasy` INNER JOIN book_errasy_fb on book_errasy.s_id=book_errasy_fb.s_id  WHERE ( 1 and book_errasy.bt like '%%' ) ORDER BY id desc LIMIT 6   [ RunTime:0.0246s ]
SQL: SELECT * FROM `book_errasy` INNER JOIN book_errasy_fb on book_errasy.s_id=book_errasy_fb.s_id  ORDER BY id desc LIMIT 6   [ RunTime:0.0043s ]
SQL: SELECT * FROM `book_errasy` WHERE ( id in(7,8,9,10,11) )  [ RunTime:0.0011s ]
SQL: SELECT * FROM `book_errasy` ORDER BY id desc LIMIT 5   [ RunTime:0.0025s ]
SQL: SELECT * FROM `book_errasy` ORDER BY rand() LIMIT 5   [ RunTime:0.0123s ]
INFO: [ view_parse ] --START--
INFO: [ template_filter ] --START--
INFO: Run Behavior\ContentReplaceBehavior [ RunTime:0.000111s ]
INFO: [ template_filter ] --END-- [ RunTime:0.000181s ]
NOTIC: [8] Undefined variable: name D:\WWW\boke\admin\Application\Runtime\Cache\Home\2a94b8bda04ff446dcedd42276fc99ee.php 第 35 行.
INFO: Run Behavior\ParseTemplateBehavior [ RunTime:0.044582s ]
INFO: [ view_parse ] --END-- [ RunTime:0.044665s ]
INFO: [ view_filter ] --START--
INFO: Run Behavior\WriteHtmlCacheBehavior [ RunTime:0.000686s ]
INFO: [ view_filter ] --END-- [ RunTime:0.000738s ]
INFO: [ app_end ] --START--
INFO: Run Behavior\ShowPageTraceBehavior [ RunTime:0.001260s ]
INFO: [ app_end ] --END-- [ RunTime:0.001339s ]

[ 2016-10-24T08:17:16+08:00 ] ::1 /boke/admin/index.php/Home/Index/read?id=46
INFO: [ app_init ] --START--
INFO: Run Behavior\BuildLiteBehavior [ RunTime:0.000012s ]
INFO: [ app_init ] --END-- [ RunTime:0.000517s ]
INFO: [ app_begin ] --START--
INFO: Run Behavior\ReadHtmlCacheBehavior [ RunTime:0.000592s ]
INFO: [ app_begin ] --END-- [ RunTime:0.000641s ]
SQL: SHOW COLUMNS FROM `book_comment` [ RunTime:0.0394s ]
SQL: SELECT `c_id` FROM `book_comment` WHERE ( h_id='46' ) ORDER BY c_id desc LIMIT 50   [ RunTime:0.0014s ]
SQL: SHOW COLUMNS FROM `book_comment` [ RunTime:0.0099s ]
SQL: SELECT * FROM book_comment as bc INNER JOIN book_user as bu on bu.user_id=bc.user_id  WHERE ( c_id in(78,77,76,56,55,54,53,52,51,50,49,48,47,46,45,44,43,42,41,40,39,38,37,36,35,34) ) ORDER BY c_id asc  [ RunTime:0.0317s ]
SQL: SHOW COLUMNS FROM `book_errasy` [ RunTime:0.0100s ]
SQL: SELECT `click` FROM `book_errasy` WHERE ( id='46' ) LIMIT 1   [ RunTime:0.0008s ]
SQL: UPDATE `book_errasy` SET `click`='291' WHERE ( id='46' ) [ RunTime:0.0010s ]
SQL: SELECT * FROM `book_errasy` INNER JOIN book_errasy_fb on book_errasy.s_id=book_errasy_fb.s_id  WHERE ( id='46' ) LIMIT 1   [ RunTime:0.0009s ]
SQL: SELECT * FROM `book_errasy` INNER JOIN book_errasy_fb on book_errasy.s_id=book_errasy_fb.s_id  ORDER BY id desc LIMIT 6   [ RunTime:0.0028s ]
SQL: SELECT * FROM `book_errasy` WHERE ( id in(7,8,9,10,11) )  [ RunTime:0.0013s ]
SQL: SELECT * FROM `book_errasy` ORDER BY id desc LIMIT 5   [ RunTime:0.0034s ]
SQL: SELECT * FROM `book_errasy` ORDER BY rand() LIMIT 5   [ RunTime:0.0077s ]
INFO: [ view_parse ] --START--
INFO: [ template_filter ] --START--
INFO: Run Behavior\ContentReplaceBehavior [ RunTime:0.000148s ]
INFO: [ template_filter ] --END-- [ RunTime:0.000222s ]
INFO: Run Behavior\ParseTemplateBehavior [ RunTime:0.018388s ]
INFO: [ view_parse ] --END-- [ RunTime:0.018454s ]
INFO: [ view_filter ] --START--
INFO: Run Behavior\WriteHtmlCacheBehavior [ RunTime:0.000597s ]
INFO: [ view_filter ] --END-- [ RunTime:0.000650s ]
INFO: [ app_end ] --START--
INFO: Run Behavior\ShowPageTraceBehavior [ RunTime:0.001527s ]
INFO: [ app_end ] --END-- [ RunTime:0.001684s ]

[ 2016-10-24T08:17:20+08:00 ] ::1 /boke/admin/index.php/Home/Index/read?id=43
INFO: [ app_init ] --START--
INFO: Run Behavior\BuildLiteBehavior [ RunTime:0.000011s ]
INFO: [ app_init ] --END-- [ RunTime:0.000450s ]
INFO: [ app_begin ] --START--
INFO: Run Behavior\ReadHtmlCacheBehavior [ RunTime:0.000520s ]
INFO: [ app_begin ] --END-- [ RunTime:0.000568s ]
SQL: SHOW COLUMNS FROM `book_comment` [ RunTime:0.0082s ]
SQL: SELECT `c_id` FROM `book_comment` WHERE ( h_id='43' ) ORDER BY c_id desc LIMIT 50   [ RunTime:0.0007s ]
SQL: SHOW COLUMNS FROM `book_comment` [ RunTime:0.0089s ]
SQL: SELECT * FROM book_comment as bc INNER JOIN book_user as bu on bu.user_id=bc.user_id  WHERE ( c_id in(57) ) ORDER BY c_id asc  [ RunTime:0.0009s ]
SQL: SHOW COLUMNS FROM `book_errasy` [ RunTime:0.0077s ]
SQL: SELECT `click` FROM `book_errasy` WHERE ( id='43' ) LIMIT 1   [ RunTime:0.0003s ]
SQL: UPDATE `book_errasy` SET `click`='164' WHERE ( id='43' ) [ RunTime:0.0004s ]
SQL: SELECT * FROM `book_errasy` INNER JOIN book_errasy_fb on book_errasy.s_id=book_errasy_fb.s_id  WHERE ( id='43' ) LIMIT 1   [ RunTime:0.0005s ]
SQL: SELECT * FROM `book_errasy` INNER JOIN book_errasy_fb on book_errasy.s_id=book_errasy_fb.s_id  ORDER BY id desc LIMIT 6   [ RunTime:0.0011s ]
SQL: SELECT * FROM `book_errasy` WHERE ( id in(7,8,9,10,11) )  [ RunTime:0.0004s ]
SQL: SELECT * FROM `book_errasy` ORDER BY id desc LIMIT 5   [ RunTime:0.0009s ]
SQL: SELECT * FROM `book_errasy` ORDER BY rand() LIMIT 5   [ RunTime:0.0050s ]
INFO: [ view_parse ] --START--
INFO: [ template_filter ] --START--
INFO: Run Behavior\ContentReplaceBehavior [ RunTime:0.000111s ]
INFO: [ template_filter ] --END-- [ RunTime:0.000156s ]
INFO: Run Behavior\ParseTemplateBehavior [ RunTime:0.012952s ]
INFO: [ view_parse ] --END-- [ RunTime:0.013011s ]
INFO: [ view_filter ] --START--
INFO: Run Behavior\WriteHtmlCacheBehavior [ RunTime:0.000470s ]
INFO: [ view_filter ] --END-- [ RunTime:0.000509s ]
INFO: [ app_end ] --START--
INFO: Run Behavior\ShowPageTraceBehavior [ RunTime:0.000822s ]
INFO: [ app_end ] --END-- [ RunTime:0.000893s ]

[ 2016-10-24T13:26:24+08:00 ] ::1 /boke/admin/
INFO: [ app_init ] --START--
INFO: Run Behavior\BuildLiteBehavior [ RunTime:0.000013s ]
INFO: [ app_init ] --END-- [ RunTime:0.000521s ]
INFO: [ app_begin ] --START--
INFO: Run Behavior\ReadHtmlCacheBehavior [ RunTime:0.000551s ]
INFO: [ app_begin ] --END-- [ RunTime:0.000593s ]
SQL: SHOW COLUMNS FROM `book_errasy` [ RunTime:0.0184s ]
SQL: SELECT * FROM `book_errasy` INNER JOIN book_errasy_fb on book_errasy.s_id=book_errasy_fb.s_id  WHERE ( 1 and book_errasy.bt like '%%' ) ORDER BY id desc LIMIT 6   [ RunTime:0.0027s ]
SQL: SELECT * FROM `book_errasy` INNER JOIN book_errasy_fb on book_errasy.s_id=book_errasy_fb.s_id  ORDER BY id desc LIMIT 6   [ RunTime:0.0012s ]
SQL: SELECT * FROM `book_errasy` WHERE ( id in(7,8,9,10,11) )  [ RunTime:0.0005s ]
SQL: SELECT * FROM `book_errasy` ORDER BY id desc LIMIT 5   [ RunTime:0.0011s ]
SQL: SELECT * FROM `book_errasy` ORDER BY rand() LIMIT 5   [ RunTime:0.0067s ]
INFO: [ view_parse ] --START--
INFO: [ template_filter ] --START--
INFO: Run Behavior\ContentReplaceBehavior [ RunTime:0.000069s ]
INFO: [ template_filter ] --END-- [ RunTime:0.000112s ]
NOTIC: [8] Undefined variable: name D:\WWW\boke\admin\Application\Runtime\Cache\Home\2a94b8bda04ff446dcedd42276fc99ee.php 第 35 行.
INFO: Run Behavior\ParseTemplateBehavior [ RunTime:0.026632s ]
INFO: [ view_parse ] --END-- [ RunTime:0.026689s ]
INFO: [ view_filter ] --START--
INFO: Run Behavior\WriteHtmlCacheBehavior [ RunTime:0.000538s ]
INFO: [ view_filter ] --END-- [ RunTime:0.000569s ]
INFO: [ app_end ] --START--
INFO: Run Behavior\ShowPageTraceBehavior [ RunTime:0.000710s ]
INFO: [ app_end ] --END-- [ RunTime:0.000753s ]

[ 2016-10-24T13:26:36+08:00 ] ::1 /boke/admin/index.php/Home/Index/about.html
INFO: [ app_init ] --START--
INFO: Run Behavior\BuildLiteBehavior [ RunTime:0.000015s ]
INFO: [ app_init ] --END-- [ RunTime:0.000665s ]
INFO: [ app_begin ] --START--
INFO: Run Behavior\ReadHtmlCacheBehavior [ RunTime:0.000572s ]
INFO: [ app_begin ] --END-- [ RunTime:0.000617s ]
SQL: SHOW COLUMNS FROM `book_news` [ RunTime:0.0586s ]
SQL: SELECT * FROM `book_news`  [ RunTime:0.0008s ]
SQL: SHOW COLUMNS FROM `book_errasy` [ RunTime:0.0117s ]
SQL: SELECT * FROM `book_errasy` INNER JOIN book_errasy_fb on book_errasy.s_id=book_errasy_fb.s_id  ORDER BY id desc LIMIT 6   [ RunTime:0.0022s ]
SQL: SELECT * FROM `book_errasy` WHERE ( id in(7,8,9,10,11) )  [ RunTime:0.0006s ]
SQL: SELECT * FROM `book_errasy` ORDER BY id desc LIMIT 5   [ RunTime:0.0014s ]
SQL: SELECT * FROM `book_errasy` ORDER BY rand() LIMIT 5   [ RunTime:0.0094s ]
INFO: [ view_parse ] --START--
INFO: [ template_filter ] --START--
INFO: Run Behavior\ContentReplaceBehavior [ RunTime:0.000053s ]
INFO: [ template_filter ] --END-- [ RunTime:0.000093s ]
NOTIC: [8] Undefined variable: name D:\WWW\boke\admin\Application\Runtime\Cache\Home\09ccd45952ce225a1a2986a81cc5705c.php 第 25 行.
INFO: Run Behavior\ParseTemplateBehavior [ RunTime:0.031337s ]
INFO: [ view_parse ] --END-- [ RunTime:0.031399s ]
INFO: [ view_filter ] --START--
INFO: Run Behavior\WriteHtmlCacheBehavior [ RunTime:0.000402s ]
INFO: [ view_filter ] --END-- [ RunTime:0.000443s ]
INFO: [ app_end ] --START--
INFO: Run Behavior\ShowPageTraceBehavior [ RunTime:0.000687s ]
INFO: [ app_end ] --END-- [ RunTime:0.000740s ]

[ 2016-10-24T15:00:39+08:00 ] ::1 /boke/admin/
INFO: [ app_init ] --START--
INFO: Run Behavior\BuildLiteBehavior [ RunTime:0.000015s ]
INFO: [ app_init ] --END-- [ RunTime:0.000641s ]
INFO: [ app_begin ] --START--
INFO: Run Behavior\ReadHtmlCacheBehavior [ RunTime:0.001277s ]
INFO: [ app_begin ] --END-- [ RunTime:0.001366s ]
SQL: SHOW COLUMNS FROM `book_errasy` [ RunTime:0.0076s ]
SQL: SELECT * FROM `book_errasy` INNER JOIN book_errasy_fb on book_errasy.s_id=book_errasy_fb.s_id  WHERE ( 1 and book_errasy.bt like '%%' ) ORDER BY id desc LIMIT 6   [ RunTime:0.0028s ]
SQL: SELECT * FROM `book_errasy` INNER JOIN book_errasy_fb on book_errasy.s_id=book_errasy_fb.s_id  ORDER BY id desc LIMIT 6   [ RunTime:0.0014s ]
SQL: SELECT * FROM `book_errasy` WHERE ( id in(7,8,9,10,11) )  [ RunTime:0.0005s ]
SQL: SELECT * FROM `book_errasy` ORDER BY id desc LIMIT 5   [ RunTime:0.0009s ]
SQL: SELECT * FROM `book_errasy` ORDER BY rand() LIMIT 5   [ RunTime:0.0081s ]
INFO: [ view_parse ] --START--
INFO: [ template_filter ] --START--
INFO: Run Behavior\ContentReplaceBehavior [ RunTime:0.000071s ]
INFO: [ template_filter ] --END-- [ RunTime:0.000115s ]
NOTIC: [8] Undefined variable: name D:\WWW\boke\admin\Application\Runtime\Cache\Home\2a94b8bda04ff446dcedd42276fc99ee.php 第 35 行.
INFO: Run Behavior\ParseTemplateBehavior [ RunTime:0.014766s ]
INFO: [ view_parse ] --END-- [ RunTime:0.014812s ]
INFO: [ view_filter ] --START--
INFO: Run Behavior\WriteHtmlCacheBehavior [ RunTime:0.000339s ]
INFO: [ view_filter ] --END-- [ RunTime:0.000365s ]
INFO: [ app_end ] --START--
INFO: Run Behavior\ShowPageTraceBehavior [ RunTime:0.000600s ]
INFO: [ app_end ] --END-- [ RunTime:0.000642s ]

[ 2016-10-24T15:07:14+08:00 ] ::1 /boke/admin/index.php/Home/Index/index.html
INFO: [ app_init ] --START--
INFO: Run Behavior\BuildLiteBehavior [ RunTime:0.000012s ]
INFO: [ app_init ] --END-- [ RunTime:0.000530s ]
INFO: [ app_begin ] --START--
INFO: Run Behavior\ReadHtmlCacheBehavior [ RunTime:0.000616s ]
INFO: [ app_begin ] --END-- [ RunTime:0.000660s ]
SQL: SHOW COLUMNS FROM `book_errasy` [ RunTime:0.0047s ]
SQL: SELECT * FROM `book_errasy` INNER JOIN book_errasy_fb on book_errasy.s_id=book_errasy_fb.s_id  WHERE ( 1 and book_errasy.bt like '%%' ) ORDER BY id desc LIMIT 6   [ RunTime:0.0012s ]
SQL: SELECT * FROM `book_errasy` INNER JOIN book_errasy_fb on book_errasy.s_id=book_errasy_fb.s_id  ORDER BY id desc LIMIT 6   [ RunTime:0.0010s ]
SQL: SELECT * FROM `book_errasy` WHERE ( id in(7,8,9,10,11) )  [ RunTime:0.0006s ]
SQL: SELECT * FROM `book_errasy` ORDER BY id desc LIMIT 5   [ RunTime:0.0013s ]
SQL: SELECT * FROM `book_errasy` ORDER BY rand() LIMIT 5   [ RunTime:0.0065s ]
INFO: [ view_parse ] --START--
INFO: [ template_filter ] --START--
INFO: Run Behavior\ContentReplaceBehavior [ RunTime:0.000063s ]
INFO: [ template_filter ] --END-- [ RunTime:0.000103s ]
NOTIC: [8] Undefined variable: name D:\WWW\boke\admin\Application\Runtime\Cache\Home\2a94b8bda04ff446dcedd42276fc99ee.php 第 35 行.
INFO: Run Behavior\ParseTemplateBehavior [ RunTime:0.011833s ]
INFO: [ view_parse ] --END-- [ RunTime:0.011872s ]
INFO: [ view_filter ] --START--
INFO: Run Behavior\WriteHtmlCacheBehavior [ RunTime:0.000424s ]
INFO: [ view_filter ] --END-- [ RunTime:0.000466s ]
INFO: [ app_end ] --START--
INFO: Run Behavior\ShowPageTraceBehavior [ RunTime:0.000772s ]
INFO: [ app_end ] --END-- [ RunTime:0.000818s ]

[ 2016-10-24T15:09:11+08:00 ] ::1 /boke/admin/index.php/Home/Index/read?id=43
INFO: [ app_init ] --START--
INFO: Run Behavior\BuildLiteBehavior [ RunTime:0.000013s ]
INFO: [ app_init ] --END-- [ RunTime:0.000613s ]
INFO: [ app_begin ] --START--
INFO: Run Behavior\ReadHtmlCacheBehavior [ RunTime:0.000792s ]
INFO: [ app_begin ] --END-- [ RunTime:0.000845s ]
SQL: SHOW COLUMNS FROM `book_comment` [ RunTime:0.0058s ]
SQL: SELECT `c_id` FROM `book_comment` WHERE ( h_id='43' ) ORDER BY c_id desc LIMIT 50   [ RunTime:0.0004s ]
SQL: SHOW COLUMNS FROM `book_comment` [ RunTime:0.0049s ]
SQL: SELECT * FROM book_comment as bc INNER JOIN book_user as bu on bu.user_id=bc.user_id  WHERE ( c_id in(57) ) ORDER BY c_id asc  [ RunTime:0.0018s ]
SQL: SHOW COLUMNS FROM `book_errasy` [ RunTime:0.0052s ]
SQL: SELECT `click` FROM `book_errasy` WHERE ( id='43' ) LIMIT 1   [ RunTime:0.0003s ]
SQL: UPDATE `book_errasy` SET `click`='165' WHERE ( id='43' ) [ RunTime:0.0005s ]
SQL: SELECT * FROM `book_errasy` INNER JOIN book_errasy_fb on book_errasy.s_id=book_errasy_fb.s_id  WHERE ( id='43' ) LIMIT 1   [ RunTime:0.0005s ]
SQL: SELECT * FROM `book_errasy` INNER JOIN book_errasy_fb on book_errasy.s_id=book_errasy_fb.s_id  ORDER BY id desc LIMIT 6   [ RunTime:0.0011s ]
SQL: SELECT * FROM `book_errasy` WHERE ( id in(7,8,9,10,11) )  [ RunTime:0.0004s ]
SQL: SELECT * FROM `book_errasy` ORDER BY id desc LIMIT 5   [ RunTime:0.0009s ]
SQL: SELECT * FROM `book_errasy` ORDER BY rand() LIMIT 5   [ RunTime:0.0064s ]
INFO: [ view_parse ] --START--
INFO: [ template_filter ] --START--
INFO: Run Behavior\ContentReplaceBehavior [ RunTime:0.000094s ]
INFO: [ template_filter ] --END-- [ RunTime:0.000134s ]
INFO: Run Behavior\ParseTemplateBehavior [ RunTime:0.022401s ]
INFO: [ view_parse ] --END-- [ RunTime:0.022455s ]
INFO: [ view_filter ] --START--
INFO: Run Behavior\WriteHtmlCacheBehavior [ RunTime:0.000459s ]
INFO: [ view_filter ] --END-- [ RunTime:0.000496s ]
INFO: [ app_end ] --START--
INFO: Run Behavior\ShowPageTraceBehavior [ RunTime:0.000870s ]
INFO: [ app_end ] --END-- [ RunTime:0.000930s ]

[ 2016-10-24T15:09:24+08:00 ] ::1 /boke/admin/index.php/Home/Index/read?id=46
INFO: [ app_init ] --START--
INFO: Run Behavior\BuildLiteBehavior [ RunTime:0.000013s ]
INFO: [ app_init ] --END-- [ RunTime:0.000472s ]
INFO: [ app_begin ] --START--
INFO: Run Behavior\ReadHtmlCacheBehavior [ RunTime:0.000789s ]
INFO: [ app_begin ] --END-- [ RunTime:0.000874s ]
SQL: SHOW COLUMNS FROM `book_comment` [ RunTime:0.0051s ]
SQL: SELECT `c_id` FROM `book_comment` WHERE ( h_id='46' ) ORDER BY c_id desc LIMIT 50   [ RunTime:0.0005s ]
SQL: SHOW COLUMNS FROM `book_comment` [ RunTime:0.0048s ]
SQL: SELECT * FROM book_comment as bc INNER JOIN book_user as bu on bu.user_id=bc.user_id  WHERE ( c_id in(78,77,76,56,55,54,53,52,51,50,49,48,47,46,45,44,43,42,41,40,39,38,37,36,35,34) ) ORDER BY c_id asc  [ RunTime:0.0009s ]
SQL: SHOW COLUMNS FROM `book_errasy` [ RunTime:0.0054s ]
SQL: SELECT `click` FROM `book_errasy` WHERE ( id='46' ) LIMIT 1   [ RunTime:0.0004s ]
SQL: UPDATE `book_errasy` SET `click`='292' WHERE ( id='46' ) [ RunTime:0.0004s ]
SQL: SELECT * FROM `book_errasy` INNER JOIN book_errasy_fb on book_errasy.s_id=book_errasy_fb.s_id  WHERE ( id='46' ) LIMIT 1   [ RunTime:0.0004s ]
SQL: SELECT * FROM `book_errasy` INNER JOIN book_errasy_fb on book_errasy.s_id=book_errasy_fb.s_id  ORDER BY id desc LIMIT 6   [ RunTime:0.0011s ]
SQL: SELECT * FROM `book_errasy` WHERE ( id in(7,8,9,10,11) )  [ RunTime:0.0005s ]
SQL: SELECT * FROM `book_errasy` ORDER BY id desc LIMIT 5   [ RunTime:0.0015s ]
SQL: SELECT * FROM `book_errasy` ORDER BY rand() LIMIT 5   [ RunTime:0.0057s ]
INFO: [ view_parse ] --START--
INFO: [ template_filter ] --START--
INFO: Run Behavior\ContentReplaceBehavior [ RunTime:0.000112s ]
INFO: [ template_filter ] --END-- [ RunTime:0.000169s ]
INFO: Run Behavior\ParseTemplateBehavior [ RunTime:0.012418s ]
INFO: [ view_parse ] --END-- [ RunTime:0.012459s ]
INFO: [ view_filter ] --START--
INFO: Run Behavior\WriteHtmlCacheBehavior [ RunTime:0.000393s ]
INFO: [ view_filter ] --END-- [ RunTime:0.000426s ]
INFO: [ app_end ] --START--
INFO: Run Behavior\ShowPageTraceBehavior [ RunTime:0.000744s ]
INFO: [ app_end ] --END-- [ RunTime:0.000798s ]

[ 2016-10-24T15:09:30+08:00 ] ::1 /boke/admin/index.php/Home/Index/read?id=42
INFO: [ app_init ] --START--
INFO: Run Behavior\BuildLiteBehavior [ RunTime:0.000013s ]
INFO: [ app_init ] --END-- [ RunTime:0.000494s ]
INFO: [ app_begin ] --START--
INFO: Run Behavior\ReadHtmlCacheBehavior [ RunTime:0.000875s ]
INFO: [ app_begin ] --END-- [ RunTime:0.000957s ]
SQL: SHOW COLUMNS FROM `book_comment` [ RunTime:0.0045s ]
SQL: SELECT `c_id` FROM `book_comment` WHERE ( h_id='42' ) ORDER BY c_id desc LIMIT 50   [ RunTime:0.0006s ]
NOTIC: [2] implode(): Invalid arguments passed D:\WWW\boke\admin\Application\Home\Controller\IndexController.class.php 第 112 行.
SQL: SHOW COLUMNS FROM `book_errasy` [ RunTime:0.0046s ]
SQL: SELECT `click` FROM `book_errasy` WHERE ( id='42' ) LIMIT 1   [ RunTime:0.0004s ]
SQL: UPDATE `book_errasy` SET `click`='6' WHERE ( id='42' ) [ RunTime:0.0004s ]
SQL: SELECT * FROM `book_errasy` INNER JOIN book_errasy_fb on book_errasy.s_id=book_errasy_fb.s_id  WHERE ( id='42' ) LIMIT 1   [ RunTime:0.0007s ]
NOTIC: [8] Undefined variable: commintData D:\WWW\boke\admin\Application\Home\Controller\IndexController.class.php 第 126 行.
SQL: SELECT * FROM `book_errasy` INNER JOIN book_errasy_fb on book_errasy.s_id=book_errasy_fb.s_id  ORDER BY id desc LIMIT 6   [ RunTime:0.0010s ]
SQL: SELECT * FROM `book_errasy` WHERE ( id in(7,8,9,10,11) )  [ RunTime:0.0004s ]
SQL: SELECT * FROM `book_errasy` ORDER BY id desc LIMIT 5   [ RunTime:0.0011s ]
SQL: SELECT * FROM `book_errasy` ORDER BY rand() LIMIT 5   [ RunTime:0.0059s ]
INFO: [ view_parse ] --START--
INFO: [ template_filter ] --START--
INFO: Run Behavior\ContentReplaceBehavior [ RunTime:0.000087s ]
INFO: [ template_filter ] --END-- [ RunTime:0.000125s ]
INFO: Run Behavior\ParseTemplateBehavior [ RunTime:0.011918s ]
INFO: [ view_parse ] --END-- [ RunTime:0.011968s ]
INFO: [ view_filter ] --START--
INFO: Run Behavior\WriteHtmlCacheBehavior [ RunTime:0.000439s ]
INFO: [ view_filter ] --END-- [ RunTime:0.000471s ]
INFO: [ app_end ] --START--
INFO: Run Behavior\ShowPageTraceBehavior [ RunTime:0.000666s ]
INFO: [ app_end ] --END-- [ RunTime:0.000726s ]

[ 2016-10-24T15:09:31+08:00 ] ::1 /boke/admin/index.php/Home/Index/images/default/ico_plain.gif
INFO: [ app_init ] --START--
INFO: Run Behavior\BuildLiteBehavior [ RunTime:0.000016s ]
INFO: [ app_init ] --END-- [ RunTime:0.000619s ]

[ 2016-10-24T15:09:32+08:00 ] ::1 /boke/admin/index.php/Home/Index/images/default/ico_copy.gif
INFO: [ app_init ] --START--
INFO: Run Behavior\BuildLiteBehavior [ RunTime:0.000012s ]
INFO: [ app_init ] --END-- [ RunTime:0.000375s ]

[ 2016-10-24T15:09:42+08:00 ] ::1 /boke/admin/index.php/Home/Index/read?id=46
INFO: [ app_init ] --START--
INFO: Run Behavior\BuildLiteBehavior [ RunTime:0.000018s ]
INFO: [ app_init ] --END-- [ RunTime:0.000537s ]
INFO: [ app_begin ] --START--
INFO: Run Behavior\ReadHtmlCacheBehavior [ RunTime:0.000704s ]
INFO: [ app_begin ] --END-- [ RunTime:0.000766s ]
SQL: SHOW COLUMNS FROM `book_comment` [ RunTime:0.0053s ]
SQL: SELECT `c_id` FROM `book_comment` WHERE ( h_id='46' ) ORDER BY c_id desc LIMIT 50   [ RunTime:0.0005s ]
SQL: SHOW COLUMNS FROM `book_comment` [ RunTime:0.0046s ]
SQL: SELECT * FROM book_comment as bc INNER JOIN book_user as bu on bu.user_id=bc.user_id  WHERE ( c_id in(78,77,76,56,55,54,53,52,51,50,49,48,47,46,45,44,43,42,41,40,39,38,37,36,35,34) ) ORDER BY c_id asc  [ RunTime:0.0008s ]
SQL: SHOW COLUMNS FROM `book_errasy` [ RunTime:0.0051s ]
SQL: SELECT `click` FROM `book_errasy` WHERE ( id='46' ) LIMIT 1   [ RunTime:0.0004s ]
SQL: UPDATE `book_errasy` SET `click`='293' WHERE ( id='46' ) [ RunTime:0.0003s ]
SQL: SELECT * FROM `book_errasy` INNER JOIN book_errasy_fb on book_errasy.s_id=book_errasy_fb.s_id  WHERE ( id='46' ) LIMIT 1   [ RunTime:0.0004s ]
SQL: SELECT * FROM `book_errasy` INNER JOIN book_errasy_fb on book_errasy.s_id=book_errasy_fb.s_id  ORDER BY id desc LIMIT 6   [ RunTime:0.0010s ]
SQL: SELECT * FROM `book_errasy` WHERE ( id in(7,8,9,10,11) )  [ RunTime:0.0004s ]
SQL: SELECT * FROM `book_errasy` ORDER BY id desc LIMIT 5   [ RunTime:0.0008s ]
SQL: SELECT * FROM `book_errasy` ORDER BY rand() LIMIT 5   [ RunTime:0.0050s ]
INFO: [ view_parse ] --START--
INFO: [ template_filter ] --START--
INFO: Run Behavior\ContentReplaceBehavior [ RunTime:0.000092s ]
INFO: [ template_filter ] --END-- [ RunTime:0.000136s ]
INFO: Run Behavior\ParseTemplateBehavior [ RunTime:0.012758s ]
INFO: [ view_parse ] --END-- [ RunTime:0.012801s ]
INFO: [ view_filter ] --START--
INFO: Run Behavior\WriteHtmlCacheBehavior [ RunTime:0.000443s ]
INFO: [ view_filter ] --END-- [ RunTime:0.000476s ]
INFO: [ app_end ] --START--
INFO: Run Behavior\ShowPageTraceBehavior [ RunTime:0.000702s ]
INFO: [ app_end ] --END-- [ RunTime:0.000756s ]

[ 2016-10-24T15:11:00+08:00 ] ::1 /boke/admin/index.php/Home/Index/read?id=46
INFO: [ app_init ] --START--
INFO: Run Behavior\BuildLiteBehavior [ RunTime:0.000016s ]
INFO: [ app_init ] --END-- [ RunTime:0.000540s ]
INFO: [ app_begin ] --START--
INFO: Run Behavior\ReadHtmlCacheBehavior [ RunTime:0.000731s ]
INFO: [ app_begin ] --END-- [ RunTime:0.000806s ]
SQL: SHOW COLUMNS FROM `book_comment` [ RunTime:0.0052s ]
SQL: SELECT `c_id` FROM `book_comment` WHERE ( h_id='46' ) ORDER BY c_id desc LIMIT 50   [ RunTime:0.0005s ]
SQL: SHOW COLUMNS FROM `book_comment` [ RunTime:0.0051s ]
SQL: SELECT * FROM book_comment as bc INNER JOIN book_user as bu on bu.user_id=bc.user_id  WHERE ( c_id in(78,77,76,56,55,54,53,52,51,50,49,48,47,46,45,44,43,42,41,40,39,38,37,36,35,34) ) ORDER BY c_id asc  [ RunTime:0.0009s ]
SQL: SHOW COLUMNS FROM `book_errasy` [ RunTime:0.0063s ]
SQL: SELECT `click` FROM `book_errasy` WHERE ( id='46' ) LIMIT 1   [ RunTime:0.0004s ]
SQL: UPDATE `book_errasy` SET `click`='294' WHERE ( id='46' ) [ RunTime:0.0003s ]
SQL: SELECT * FROM `book_errasy` INNER JOIN book_errasy_fb on book_errasy.s_id=book_errasy_fb.s_id  WHERE ( id='46' ) LIMIT 1   [ RunTime:0.0003s ]
SQL: SELECT * FROM `book_errasy` INNER JOIN book_errasy_fb on book_errasy.s_id=book_errasy_fb.s_id  ORDER BY id desc LIMIT 6   [ RunTime:0.0010s ]
SQL: SELECT * FROM `book_errasy` WHERE ( id in(7,8,9,10,11) )  [ RunTime:0.0004s ]
SQL: SELECT * FROM `book_errasy` ORDER BY id desc LIMIT 5   [ RunTime:0.0009s ]
SQL: SELECT * FROM `book_errasy` ORDER BY rand() LIMIT 5   [ RunTime:0.0064s ]
INFO: [ view_parse ] --START--
INFO: [ template_filter ] --START--
INFO: Run Behavior\ContentReplaceBehavior [ RunTime:0.000106s ]
INFO: [ template_filter ] --END-- [ RunTime:0.000162s ]
INFO: Run Behavior\ParseTemplateBehavior [ RunTime:0.012511s ]
INFO: [ view_parse ] --END-- [ RunTime:0.012563s ]
INFO: [ view_filter ] --START--
INFO: Run Behavior\WriteHtmlCacheBehavior [ RunTime:0.000402s ]
INFO: [ view_filter ] --END-- [ RunTime:0.000435s ]
INFO: [ app_end ] --START--
INFO: Run Behavior\ShowPageTraceBehavior [ RunTime:0.000746s ]
INFO: [ app_end ] --END-- [ RunTime:0.000802s ]

[ 2016-10-24T15:14:26+08:00 ] ::1 /boke/admin/index.php/Home/Diary/diary.html
INFO: [ app_init ] --START--
INFO: Run Behavior\BuildLiteBehavior [ RunTime:0.000018s ]
INFO: [ app_init ] --END-- [ RunTime:0.000522s ]
INFO: [ app_begin ] --START--
INFO: Run Behavior\ReadHtmlCacheBehavior [ RunTime:0.000586s ]
INFO: [ app_begin ] --END-- [ RunTime:0.000632s ]
SQL: SHOW COLUMNS FROM `book_shuoshuo` [ RunTime:0.0061s ]
NOTIC: [2] Missing argument 1 for Think\Model::where(), called in D:\WWW\boke\admin\Application\Home\Controller\DiaryController.class.php on line 22 and defined D:\WWW\boke\admin\ThinkPHP\Library\Think\Model.class.php 第 1777 行.
NOTIC: [8] Undefined variable: where D:\WWW\boke\admin\ThinkPHP\Library\Think\Model.class.php 第 1785 行.
NOTIC: [8] Undefined variable: where D:\WWW\boke\admin\ThinkPHP\Library\Think\Model.class.php 第 1788 行.
NOTIC: [8] Undefined variable: where D:\WWW\boke\admin\ThinkPHP\Library\Think\Model.class.php 第 1796 行.
SQL: SELECT * FROM `book_shuoshuo` ORDER BY id desc LIMIT 0,5   [ RunTime:0.0005s ]
NOTIC: [2] Missing argument 1 for Think\Model::where(), called in D:\WWW\boke\admin\Application\Home\Controller\DiaryController.class.php on line 25 and defined D:\WWW\boke\admin\ThinkPHP\Library\Think\Model.class.php 第 1777 行.
NOTIC: [8] Undefined variable: where D:\WWW\boke\admin\ThinkPHP\Library\Think\Model.class.php 第 1785 行.
NOTIC: [8] Undefined variable: where D:\WWW\boke\admin\ThinkPHP\Library\Think\Model.class.php 第 1788 行.
NOTIC: [8] Undefined variable: where D:\WWW\boke\admin\ThinkPHP\Library\Think\Model.class.php 第 1796 行.
SQL: SELECT COUNT(*) AS tp_count FROM `book_shuoshuo` LIMIT 1   [ RunTime:0.0002s ]
SQL: SHOW COLUMNS FROM `book_errasy` [ RunTime:0.0046s ]
SQL: SELECT * FROM `book_errasy` INNER JOIN book_errasy_fb on book_errasy.s_id=book_errasy_fb.s_id  ORDER BY id desc LIMIT 6   [ RunTime:0.0012s ]
SQL: SELECT * FROM `book_errasy` WHERE ( id in(7,8,9,10,11) )  [ RunTime:0.0005s ]
SQL: SELECT * FROM `book_errasy` ORDER BY id desc LIMIT 5   [ RunTime:0.0013s ]
SQL: SELECT * FROM `book_errasy` ORDER BY rand() LIMIT 5   [ RunTime:0.0071s ]
INFO: [ view_parse ] --START--
INFO: [ template_filter ] --START--
INFO: Run Behavior\ContentReplaceBehavior [ RunTime:0.000096s ]
INFO: [ template_filter ] --END-- [ RunTime:0.000162s ]
NOTIC: [8] Undefined variable: name D:\WWW\boke\admin\Application\Runtime\Cache\Home\9c4bd3dc09f25e7733d26aa6a9cc4cbd.php 第 26 行.
INFO: Run Behavior\ParseTemplateBehavior [ RunTime:0.040772s ]
INFO: [ view_parse ] --END-- [ RunTime:0.040811s ]
INFO: [ view_filter ] --START--
INFO: Run Behavior\WriteHtmlCacheBehavior [ RunTime:0.000662s ]
INFO: [ view_filter ] --END-- [ RunTime:0.000721s ]
INFO: [ app_end ] --START--
INFO: Run Behavior\ShowPageTraceBehavior [ RunTime:0.000835s ]
INFO: [ app_end ] --END-- [ RunTime:0.001068s ]

[ 2016-10-24T15:14:27+08:00 ] ::1 /boke/admin/
INFO: [ app_init ] --START--
INFO: Run Behavior\BuildLiteBehavior [ RunTime:0.000013s ]
INFO: [ app_init ] --END-- [ RunTime:0.000413s ]
INFO: [ app_begin ] --START--
INFO: Run Behavior\ReadHtmlCacheBehavior [ RunTime:0.000487s ]
INFO: [ app_begin ] --END-- [ RunTime:0.000533s ]
SQL: SHOW COLUMNS FROM `book_errasy` [ RunTime:0.0069s ]
SQL: SELECT * FROM `book_errasy` INNER JOIN book_errasy_fb on book_errasy.s_id=book_errasy_fb.s_id  WHERE ( 1 and book_errasy.bt like '%%' ) ORDER BY id desc LIMIT 6   [ RunTime:0.0011s ]
SQL: SELECT * FROM `book_errasy` INNER JOIN book_errasy_fb on book_errasy.s_id=book_errasy_fb.s_id  ORDER BY id desc LIMIT 6   [ RunTime:0.0013s ]
SQL: SELECT * FROM `book_errasy` WHERE ( id in(7,8,9,10,11) )  [ RunTime:0.0004s ]
SQL: SELECT * FROM `book_errasy` ORDER BY id desc LIMIT 5   [ RunTime:0.0010s ]
SQL: SELECT * FROM `book_errasy` ORDER BY rand() LIMIT 5   [ RunTime:0.0081s ]
INFO: [ view_parse ] --START--
INFO: [ template_filter ] --START--
INFO: Run Behavior\ContentReplaceBehavior [ RunTime:0.000098s ]
INFO: [ template_filter ] --END-- [ RunTime:0.000163s ]
NOTIC: [8] Undefined variable: name D:\WWW\boke\admin\Application\Runtime\Cache\Home\2a94b8bda04ff446dcedd42276fc99ee.php 第 35 行.
INFO: Run Behavior\ParseTemplateBehavior [ RunTime:0.019486s ]
INFO: [ view_parse ] --END-- [ RunTime:0.019560s ]
INFO: [ view_filter ] --START--
INFO: Run Behavior\WriteHtmlCacheBehavior [ RunTime:0.000590s ]
INFO: [ view_filter ] --END-- [ RunTime:0.000650s ]
INFO: [ app_end ] --START--
INFO: Run Behavior\ShowPageTraceBehavior [ RunTime:0.000871s ]
INFO: [ app_end ] --END-- [ RunTime:0.000940s ]

[ 2016-10-24T15:14:33+08:00 ] ::1 /boke/admin/index.php/Home/Diary/diary/p/2.html
INFO: [ app_init ] --START--
INFO: Run Behavior\BuildLiteBehavior [ RunTime:0.000014s ]
INFO: [ app_init ] --END-- [ RunTime:0.000491s ]
INFO: [ app_begin ] --START--
INFO: Run Behavior\ReadHtmlCacheBehavior [ RunTime:0.000596s ]
INFO: [ app_begin ] --END-- [ RunTime:0.000654s ]
SQL: SHOW COLUMNS FROM `book_shuoshuo` [ RunTime:0.0051s ]
NOTIC: [2] Missing argument 1 for Think\Model::where(), called in D:\WWW\boke\admin\Application\Home\Controller\DiaryController.class.php on line 22 and defined D:\WWW\boke\admin\ThinkPHP\Library\Think\Model.class.php 第 1777 行.
NOTIC: [8] Undefined variable: where D:\WWW\boke\admin\ThinkPHP\Library\Think\Model.class.php 第 1785 行.
NOTIC: [8] Undefined variable: where D:\WWW\boke\admin\ThinkPHP\Library\Think\Model.class.php 第 1788 行.
NOTIC: [8] Undefined variable: where D:\WWW\boke\admin\ThinkPHP\Library\Think\Model.class.php 第 1796 行.
SQL: SELECT * FROM `book_shuoshuo` ORDER BY id desc LIMIT 5,5   [ RunTime:0.0005s ]
NOTIC: [2] Missing argument 1 for Think\Model::where(), called in D:\WWW\boke\admin\Application\Home\Controller\DiaryController.class.php on line 25 and defined D:\WWW\boke\admin\ThinkPHP\Library\Think\Model.class.php 第 1777 行.
NOTIC: [8] Undefined variable: where D:\WWW\boke\admin\ThinkPHP\Library\Think\Model.class.php 第 1785 行.
NOTIC: [8] Undefined variable: where D:\WWW\boke\admin\ThinkPHP\Library\Think\Model.class.php 第 1788 行.
NOTIC: [8] Undefined variable: where D:\WWW\boke\admin\ThinkPHP\Library\Think\Model.class.php 第 1796 行.
SQL: SELECT COUNT(*) AS tp_count FROM `book_shuoshuo` LIMIT 1   [ RunTime:0.0003s ]
SQL: SHOW COLUMNS FROM `book_errasy` [ RunTime:0.0052s ]
SQL: SELECT * FROM `book_errasy` INNER JOIN book_errasy_fb on book_errasy.s_id=book_errasy_fb.s_id  ORDER BY id desc LIMIT 6   [ RunTime:0.0011s ]
SQL: SELECT * FROM `book_errasy` WHERE ( id in(7,8,9,10,11) )  [ RunTime:0.0004s ]
SQL: SELECT * FROM `book_errasy` ORDER BY id desc LIMIT 5   [ RunTime:0.0009s ]
SQL: SELECT * FROM `book_errasy` ORDER BY rand() LIMIT 5   [ RunTime:0.0071s ]
INFO: [ view_parse ] --START--
INFO: [ template_filter ] --START--
INFO: Run Behavior\ContentReplaceBehavior [ RunTime:0.000059s ]
INFO: [ template_filter ] --END-- [ RunTime:0.000097s ]
NOTIC: [8] Undefined variable: name D:\WWW\boke\admin\Application\Runtime\Cache\Home\9c4bd3dc09f25e7733d26aa6a9cc4cbd.php 第 26 行.
INFO: Run Behavior\ParseTemplateBehavior [ RunTime:0.009797s ]
INFO: [ view_parse ] --END-- [ RunTime:0.009854s ]
INFO: [ view_filter ] --START--
INFO: Run Behavior\WriteHtmlCacheBehavior [ RunTime:0.000460s ]
INFO: [ view_filter ] --END-- [ RunTime:0.000495s ]
INFO: [ app_end ] --START--
INFO: Run Behavior\ShowPageTraceBehavior [ RunTime:0.000764s ]
INFO: [ app_end ] --END-- [ RunTime:0.000818s ]

[ 2016-10-24T15:14:37+08:00 ] ::1 /boke/admin/index.php/Home/Diary/diary.html
INFO: [ app_init ] --START--
INFO: Run Behavior\BuildLiteBehavior [ RunTime:0.000014s ]
INFO: [ app_init ] --END-- [ RunTime:0.000468s ]
INFO: [ app_begin ] --START--
INFO: Run Behavior\ReadHtmlCacheBehavior [ RunTime:0.000587s ]
INFO: [ app_begin ] --END-- [ RunTime:0.000641s ]
SQL: SHOW COLUMNS FROM `book_shuoshuo` [ RunTime:0.0043s ]
NOTIC: [2] Missing argument 1 for Think\Model::where(), called in D:\WWW\boke\admin\Application\Home\Controller\DiaryController.class.php on line 22 and defined D:\WWW\boke\admin\ThinkPHP\Library\Think\Model.class.php 第 1777 行.
NOTIC: [8] Undefined variable: where D:\WWW\boke\admin\ThinkPHP\Library\Think\Model.class.php 第 1785 行.
NOTIC: [8] Undefined variable: where D:\WWW\boke\admin\ThinkPHP\Library\Think\Model.class.php 第 1788 行.
NOTIC: [8] Undefined variable: where D:\WWW\boke\admin\ThinkPHP\Library\Think\Model.class.php 第 1796 行.
SQL: SELECT * FROM `book_shuoshuo` ORDER BY id desc LIMIT 0,5   [ RunTime:0.0005s ]
NOTIC: [2] Missing argument 1 for Think\Model::where(), called in D:\WWW\boke\admin\Application\Home\Controller\DiaryController.class.php on line 25 and defined D:\WWW\boke\admin\ThinkPHP\Library\Think\Model.class.php 第 1777 行.
NOTIC: [8] Undefined variable: where D:\WWW\boke\admin\ThinkPHP\Library\Think\Model.class.php 第 1785 行.
NOTIC: [8] Undefined variable: where D:\WWW\boke\admin\ThinkPHP\Library\Think\Model.class.php 第 1788 行.
NOTIC: [8] Undefined variable: where D:\WWW\boke\admin\ThinkPHP\Library\Think\Model.class.php 第 1796 行.
SQL: SELECT COUNT(*) AS tp_count FROM `book_shuoshuo` LIMIT 1   [ RunTime:0.0003s ]
SQL: SHOW COLUMNS FROM `book_errasy` [ RunTime:0.0054s ]
SQL: SELECT * FROM `book_errasy` INNER JOIN book_errasy_fb on book_errasy.s_id=book_errasy_fb.s_id  ORDER BY id desc LIMIT 6   [ RunTime:0.0013s ]
SQL: SELECT * FROM `book_errasy` WHERE ( id in(7,8,9,10,11) )  [ RunTime:0.0006s ]
SQL: SELECT * FROM `book_errasy` ORDER BY id desc LIMIT 5   [ RunTime:0.0011s ]
SQL: SELECT * FROM `book_errasy` ORDER BY rand() LIMIT 5   [ RunTime:0.0071s ]
INFO: [ view_parse ] --START--
INFO: [ template_filter ] --START--
INFO: Run Behavior\ContentReplaceBehavior [ RunTime:0.000059s ]
INFO: [ template_filter ] --END-- [ RunTime:0.000096s ]
NOTIC: [8] Undefined variable: name D:\WWW\boke\admin\Application\Runtime\Cache\Home\9c4bd3dc09f25e7733d26aa6a9cc4cbd.php 第 26 行.
INFO: Run Behavior\ParseTemplateBehavior [ RunTime:0.010620s ]
INFO: [ view_parse ] --END-- [ RunTime:0.010672s ]
INFO: [ view_filter ] --START--
INFO: Run Behavior\WriteHtmlCacheBehavior [ RunTime:0.000416s ]
INFO: [ view_filter ] --END-- [ RunTime:0.000450s ]
INFO: [ app_end ] --START--
INFO: Run Behavior\ShowPageTraceBehavior [ RunTime:0.000632s ]
INFO: [ app_end ] --END-- [ RunTime:0.000692s ]

[ 2016-10-24T15:14:38+08:00 ] ::1 /boke/admin/
INFO: [ app_init ] --START--
INFO: Run Behavior\BuildLiteBehavior [ RunTime:0.000025s ]
INFO: [ app_init ] --END-- [ RunTime:0.000992s ]
INFO: [ app_begin ] --START--
INFO: Run Behavior\ReadHtmlCacheBehavior [ RunTime:0.000650s ]
INFO: [ app_begin ] --END-- [ RunTime:0.000721s ]
SQL: SHOW COLUMNS FROM `book_errasy` [ RunTime:0.0069s ]
SQL: SELECT * FROM `book_errasy` INNER JOIN book_errasy_fb on book_errasy.s_id=book_errasy_fb.s_id  WHERE ( 1 and book_errasy.bt like '%%' ) ORDER BY id desc LIMIT 6   [ RunTime:0.0027s ]
SQL: SELECT * FROM `book_errasy` INNER JOIN book_errasy_fb on book_errasy.s_id=book_errasy_fb.s_id  ORDER BY id desc LIMIT 6   [ RunTime:0.0012s ]
SQL: SELECT * FROM `book_errasy` WHERE ( id in(7,8,9,10,11) )  [ RunTime:0.0006s ]
SQL: SELECT * FROM `book_errasy` ORDER BY id desc LIMIT 5   [ RunTime:0.0012s ]
SQL: SELECT * FROM `book_errasy` ORDER BY rand() LIMIT 5   [ RunTime:0.0080s ]
INFO: [ view_parse ] --START--
INFO: [ template_filter ] --START--
INFO: Run Behavior\ContentReplaceBehavior [ RunTime:0.000112s ]
INFO: [ template_filter ] --END-- [ RunTime:0.000184s ]
NOTIC: [8] Undefined variable: name D:\WWW\boke\admin\Application\Runtime\Cache\Home\2a94b8bda04ff446dcedd42276fc99ee.php 第 35 行.
INFO: Run Behavior\ParseTemplateBehavior [ RunTime:0.018823s ]
INFO: [ view_parse ] --END-- [ RunTime:0.019087s ]
INFO: [ view_filter ] --START--
INFO: Run Behavior\WriteHtmlCacheBehavior [ RunTime:0.000966s ]
INFO: [ view_filter ] --END-- [ RunTime:0.001058s ]
INFO: [ app_end ] --START--
INFO: Run Behavior\ShowPageTraceBehavior [ RunTime:0.000784s ]
INFO: [ app_end ] --END-- [ RunTime:0.000855s ]

[ 2016-10-24T15:14:40+08:00 ] ::1 /boke/admin/index.php/Home/Diary/diary/p/2.html
INFO: [ app_init ] --START--
INFO: Run Behavior\BuildLiteBehavior [ RunTime:0.000015s ]
INFO: [ app_init ] --END-- [ RunTime:0.000500s ]
INFO: [ app_begin ] --START--
INFO: Run Behavior\ReadHtmlCacheBehavior [ RunTime:0.000570s ]
INFO: [ app_begin ] --END-- [ RunTime:0.000623s ]
SQL: SHOW COLUMNS FROM `book_shuoshuo` [ RunTime:0.0046s ]
NOTIC: [2] Missing argument 1 for Think\Model::where(), called in D:\WWW\boke\admin\Application\Home\Controller\DiaryController.class.php on line 22 and defined D:\WWW\boke\admin\ThinkPHP\Library\Think\Model.class.php 第 1777 行.
NOTIC: [8] Undefined variable: where D:\WWW\boke\admin\ThinkPHP\Library\Think\Model.class.php 第 1785 行.
NOTIC: [8] Undefined variable: where D:\WWW\boke\admin\ThinkPHP\Library\Think\Model.class.php 第 1788 行.
NOTIC: [8] Undefined variable: where D:\WWW\boke\admin\ThinkPHP\Library\Think\Model.class.php 第 1796 行.
SQL: SELECT * FROM `book_shuoshuo` ORDER BY id desc LIMIT 5,5   [ RunTime:0.0004s ]
NOTIC: [2] Missing argument 1 for Think\Model::where(), called in D:\WWW\boke\admin\Application\Home\Controller\DiaryController.class.php on line 25 and defined D:\WWW\boke\admin\ThinkPHP\Library\Think\Model.class.php 第 1777 行.
NOTIC: [8] Undefined variable: where D:\WWW\boke\admin\ThinkPHP\Library\Think\Model.class.php 第 1785 行.
NOTIC: [8] Undefined variable: where D:\WWW\boke\admin\ThinkPHP\Library\Think\Model.class.php 第 1788 行.
NOTIC: [8] Undefined variable: where D:\WWW\boke\admin\ThinkPHP\Library\Think\Model.class.php 第 1796 行.
SQL: SELECT COUNT(*) AS tp_count FROM `book_shuoshuo` LIMIT 1   [ RunTime:0.0002s ]
SQL: SHOW COLUMNS FROM `book_errasy` [ RunTime:0.0044s ]
SQL: SELECT * FROM `book_errasy` INNER JOIN book_errasy_fb on book_errasy.s_id=book_errasy_fb.s_id  ORDER BY id desc LIMIT 6   [ RunTime:0.0012s ]
SQL: SELECT * FROM `book_errasy` WHERE ( id in(7,8,9,10,11) )  [ RunTime:0.0005s ]
SQL: SELECT * FROM `book_errasy` ORDER BY id desc LIMIT 5   [ RunTime:0.0014s ]
SQL: SELECT * FROM `book_errasy` ORDER BY rand() LIMIT 5   [ RunTime:0.0064s ]
INFO: [ view_parse ] --START--
INFO: [ template_filter ] --START--
INFO: Run Behavior\ContentReplaceBehavior [ RunTime:0.000083s ]
INFO: [ template_filter ] --END-- [ RunTime:0.000140s ]
NOTIC: [8] Undefined variable: name D:\WWW\boke\admin\Application\Runtime\Cache\Home\9c4bd3dc09f25e7733d26aa6a9cc4cbd.php 第 26 行.
INFO: Run Behavior\ParseTemplateBehavior [ RunTime:0.011177s ]
INFO: [ view_parse ] --END-- [ RunTime:0.011225s ]
INFO: [ view_filter ] --START--
INFO: Run Behavior\WriteHtmlCacheBehavior [ RunTime:0.000375s ]
INFO: [ view_filter ] --END-- [ RunTime:0.000405s ]
INFO: [ app_end ] --START--
INFO: Run Behavior\ShowPageTraceBehavior [ RunTime:0.000679s ]
INFO: [ app_end ] --END-- [ RunTime:0.000738s ]

[ 2016-10-24T15:15:32+08:00 ] ::1 /boke/admin/index.php/Home/Index/student.html
INFO: [ app_init ] --START--
INFO: Run Behavior\BuildLiteBehavior [ RunTime:0.000012s ]
INFO: [ app_init ] --END-- [ RunTime:0.000449s ]
INFO: [ app_begin ] --START--
INFO: Run Behavior\ReadHtmlCacheBehavior [ RunTime:0.000477s ]
INFO: [ app_begin ] --END-- [ RunTime:0.000525s ]
SQL: SHOW COLUMNS FROM `book_errasy` [ RunTime:0.0043s ]
NOTIC: [2] Missing argument 1 for Think\Model::where(), called in D:\WWW\boke\admin\Application\Home\Controller\IndexController.class.php on line 192 and defined D:\WWW\boke\admin\ThinkPHP\Library\Think\Model.class.php 第 1777 行.
NOTIC: [8] Undefined variable: where D:\WWW\boke\admin\ThinkPHP\Library\Think\Model.class.php 第 1785 行.
NOTIC: [8] Undefined variable: where D:\WWW\boke\admin\ThinkPHP\Library\Think\Model.class.php 第 1788 行.
NOTIC: [8] Undefined variable: where D:\WWW\boke\admin\ThinkPHP\Library\Think\Model.class.php 第 1796 行.
SQL: SELECT * FROM `book_errasy` INNER JOIN book_errasy_fb on book_errasy.s_id=book_errasy_fb.s_id  ORDER BY id desc LIMIT 0,6   [ RunTime:0.0010s ]
NOTIC: [2] Missing argument 1 for Think\Model::where(), called in D:\WWW\boke\admin\Application\Home\Controller\IndexController.class.php on line 194 and defined D:\WWW\boke\admin\ThinkPHP\Library\Think\Model.class.php 第 1777 行.
NOTIC: [8] Undefined variable: where D:\WWW\boke\admin\ThinkPHP\Library\Think\Model.class.php 第 1785 行.
NOTIC: [8] Undefined variable: where D:\WWW\boke\admin\ThinkPHP\Library\Think\Model.class.php 第 1788 行.
NOTIC: [8] Undefined variable: where D:\WWW\boke\admin\ThinkPHP\Library\Think\Model.class.php 第 1796 行.
SQL: SELECT COUNT(*) AS tp_count FROM `book_errasy` LIMIT 1   [ RunTime:0.0002s ]
SQL: SELECT * FROM `book_errasy` INNER JOIN book_errasy_fb on book_errasy.s_id=book_errasy_fb.s_id  ORDER BY id desc LIMIT 6   [ RunTime:0.0012s ]
SQL: SELECT * FROM `book_errasy` WHERE ( id in(7,8,9,10,11) )  [ RunTime:0.0004s ]
SQL: SELECT * FROM `book_errasy` ORDER BY id desc LIMIT 5   [ RunTime:0.0010s ]
SQL: SELECT * FROM `book_errasy` ORDER BY rand() LIMIT 5   [ RunTime:0.0075s ]
INFO: [ view_parse ] --START--
INFO: [ template_filter ] --START--
INFO: Run Behavior\ContentReplaceBehavior [ RunTime:0.000067s ]
INFO: [ template_filter ] --END-- [ RunTime:0.000106s ]
NOTIC: [8] Undefined variable: name D:\WWW\boke\admin\Application\Runtime\Cache\Home\81ff9fdd127e4f55be5a6c725b998cff.php 第 38 行.
INFO: Run Behavior\ParseTemplateBehavior [ RunTime:0.068819s ]
INFO: [ view_parse ] --END-- [ RunTime:0.068861s ]
INFO: [ view_filter ] --START--
INFO: Run Behavior\WriteHtmlCacheBehavior [ RunTime:0.000309s ]
INFO: [ view_filter ] --END-- [ RunTime:0.000337s ]
INFO: [ app_end ] --START--
INFO: Run Behavior\ShowPageTraceBehavior [ RunTime:0.000534s ]
INFO: [ app_end ] --END-- [ RunTime:0.000576s ]

[ 2016-10-24T15:15:35+08:00 ] ::1 /boke/admin/index.php/Home/Photo/photo.html
INFO: [ app_init ] --START--
INFO: Run Behavior\BuildLiteBehavior [ RunTime:0.000019s ]
INFO: [ app_init ] --END-- [ RunTime:0.000713s ]
INFO: [ app_begin ] --START--
INFO: Run Behavior\ReadHtmlCacheBehavior [ RunTime:0.000780s ]
INFO: [ app_begin ] --END-- [ RunTime:0.000854s ]
SQL: SHOW COLUMNS FROM `book_photo` [ RunTime:0.0042s ]
SQL: SELECT * FROM `book_photo` ORDER BY id asc LIMIT 0,20   [ RunTime:0.0005s ]
SQL: SELECT COUNT(*) AS tp_count FROM `book_photo` LIMIT 1   [ RunTime:0.0002s ]
INFO: [ view_parse ] --START--
INFO: [ template_filter ] --START--
INFO: Run Behavior\ContentReplaceBehavior [ RunTime:0.000054s ]
INFO: [ template_filter ] --END-- [ RunTime:0.000096s ]
NOTIC: [8] Undefined variable: name D:\WWW\boke\admin\Application\Runtime\Cache\Home\1bfe351ca043fed194c0b742f0579d3d.php 第 28 行.
INFO: Run Behavior\ParseTemplateBehavior [ RunTime:0.082577s ]
INFO: [ view_parse ] --END-- [ RunTime:0.082627s ]
INFO: [ view_filter ] --START--
INFO: Run Behavior\WriteHtmlCacheBehavior [ RunTime:0.000395s ]
INFO: [ view_filter ] --END-- [ RunTime:0.000433s ]
INFO: [ app_end ] --START--
INFO: Run Behavior\ShowPageTraceBehavior [ RunTime:0.001241s ]
INFO: [ app_end ] --END-- [ RunTime:0.001324s ]

[ 2016-10-24T15:16:01+08:00 ] ::1 /boke/admin/index.php/Home/Index/student.html
INFO: [ app_init ] --START--
INFO: Run Behavior\BuildLiteBehavior [ RunTime:0.000013s ]
INFO: [ app_init ] --END-- [ RunTime:0.000437s ]
INFO: [ app_begin ] --START--
INFO: Run Behavior\ReadHtmlCacheBehavior [ RunTime:0.000663s ]
INFO: [ app_begin ] --END-- [ RunTime:0.000728s ]
SQL: SHOW COLUMNS FROM `book_errasy` [ RunTime:0.0052s ]
NOTIC: [2] Missing argument 1 for Think\Model::where(), called in D:\WWW\boke\admin\Application\Home\Controller\IndexController.class.php on line 192 and defined D:\WWW\boke\admin\ThinkPHP\Library\Think\Model.class.php 第 1777 行.
NOTIC: [8] Undefined variable: where D:\WWW\boke\admin\ThinkPHP\Library\Think\Model.class.php 第 1785 行.
NOTIC: [8] Undefined variable: where D:\WWW\boke\admin\ThinkPHP\Library\Think\Model.class.php 第 1788 行.
NOTIC: [8] Undefined variable: where D:\WWW\boke\admin\ThinkPHP\Library\Think\Model.class.php 第 1796 行.
SQL: SELECT * FROM `book_errasy` INNER JOIN book_errasy_fb on book_errasy.s_id=book_errasy_fb.s_id  ORDER BY id desc LIMIT 0,6   [ RunTime:0.0012s ]
NOTIC: [2] Missing argument 1 for Think\Model::where(), called in D:\WWW\boke\admin\Application\Home\Controller\IndexController.class.php on line 194 and defined D:\WWW\boke\admin\ThinkPHP\Library\Think\Model.class.php 第 1777 行.
NOTIC: [8] Undefined variable: where D:\WWW\boke\admin\ThinkPHP\Library\Think\Model.class.php 第 1785 行.
NOTIC: [8] Undefined variable: where D:\WWW\boke\admin\ThinkPHP\Library\Think\Model.class.php 第 1788 行.
NOTIC: [8] Undefined variable: where D:\WWW\boke\admin\ThinkPHP\Library\Think\Model.class.php 第 1796 行.
SQL: SELECT COUNT(*) AS tp_count FROM `book_errasy` LIMIT 1   [ RunTime:0.0003s ]
SQL: SELECT * FROM `book_errasy` INNER JOIN book_errasy_fb on book_errasy.s_id=book_errasy_fb.s_id  ORDER BY id desc LIMIT 6   [ RunTime:0.0010s ]
SQL: SELECT * FROM `book_errasy` WHERE ( id in(7,8,9,10,11) )  [ RunTime:0.0006s ]
SQL: SELECT * FROM `book_errasy` ORDER BY id desc LIMIT 5   [ RunTime:0.0014s ]
SQL: SELECT * FROM `book_errasy` ORDER BY rand() LIMIT 5   [ RunTime:0.0062s ]
INFO: [ view_parse ] --START--
INFO: [ template_filter ] --START--
INFO: Run Behavior\ContentReplaceBehavior [ RunTime:0.000066s ]
INFO: [ template_filter ] --END-- [ RunTime:0.000108s ]
NOTIC: [8] Undefined variable: name D:\WWW\boke\admin\Application\Runtime\Cache\Home\81ff9fdd127e4f55be5a6c725b998cff.php 第 38 行.
INFO: Run Behavior\ParseTemplateBehavior [ RunTime:0.010420s ]
INFO: [ view_parse ] --END-- [ RunTime:0.010485s ]
INFO: [ view_filter ] --START--
INFO: Run Behavior\WriteHtmlCacheBehavior [ RunTime:0.000425s ]
INFO: [ view_filter ] --END-- [ RunTime:0.000470s ]
INFO: [ app_end ] --START--
INFO: Run Behavior\ShowPageTraceBehavior [ RunTime:0.000646s ]
INFO: [ app_end ] --END-- [ RunTime:0.000702s ]

[ 2016-10-24T15:16:04+08:00 ] ::1 /boke/admin/index.php/Home/Leave/leave.html
INFO: [ app_init ] --START--
INFO: Run Behavior\BuildLiteBehavior [ RunTime:0.000012s ]
INFO: [ app_init ] --END-- [ RunTime:0.000484s ]
INFO: [ app_begin ] --START--
INFO: Run Behavior\ReadHtmlCacheBehavior [ RunTime:0.000754s ]
INFO: [ app_begin ] --END-- [ RunTime:0.000865s ]
SQL: SHOW COLUMNS FROM `book_leave` [ RunTime:0.0046s ]
SQL: SELECT `id` FROM `book_leave` ORDER BY id desc LIMIT 10   [ RunTime:0.0004s ]
SQL: SELECT * FROM `book_leave` WHERE ( id in(68,67,66,65,64,63,62,61,56,55) ) ORDER BY id asc  [ RunTime:0.0005s ]
SQL: SHOW COLUMNS FROM `book_errasy` [ RunTime:0.0047s ]
SQL: SELECT * FROM `book_errasy` INNER JOIN book_errasy_fb on book_errasy.s_id=book_errasy_fb.s_id  ORDER BY id desc LIMIT 6   [ RunTime:0.0010s ]
SQL: SELECT * FROM `book_errasy` WHERE ( id in(7,8,9,10,11) )  [ RunTime:0.0005s ]
SQL: SELECT * FROM `book_errasy` ORDER BY id desc LIMIT 5   [ RunTime:0.0011s ]
SQL: SELECT * FROM `book_errasy` ORDER BY rand() LIMIT 5   [ RunTime:0.0057s ]
INFO: [ view_parse ] --START--
INFO: [ template_filter ] --START--
INFO: Run Behavior\ContentReplaceBehavior [ RunTime:0.000148s ]
INFO: [ template_filter ] --END-- [ RunTime:0.000239s ]
NOTIC: [8] Undefined variable: name D:\WWW\boke\admin\Application\Runtime\Cache\Home\b298529c8450dc704b1b67ade191ecbf.php 第 29 行.
INFO: Run Behavior\ParseTemplateBehavior [ RunTime:0.061590s ]
INFO: [ view_parse ] --END-- [ RunTime:0.061657s ]
INFO: [ view_filter ] --START--
INFO: Run Behavior\WriteHtmlCacheBehavior [ RunTime:0.000552s ]
INFO: [ view_filter ] --END-- [ RunTime:0.000601s ]
INFO: [ app_end ] --START--
INFO: Run Behavior\ShowPageTraceBehavior [ RunTime:0.000858s ]
INFO: [ app_end ] --END-- [ RunTime:0.000916s ]

[ 2016-10-24T17:35:34+08:00 ] ::1 /boke/admin/index.php/Home/Index/index.html
INFO: [ app_init ] --START--
INFO: Run Behavior\BuildLiteBehavior [ RunTime:0.000012s ]
INFO: [ app_init ] --END-- [ RunTime:0.000592s ]
INFO: [ app_begin ] --START--
INFO: Run Behavior\ReadHtmlCacheBehavior [ RunTime:0.000780s ]
INFO: [ app_begin ] --END-- [ RunTime:0.000897s ]
SQL: SHOW COLUMNS FROM `book_errasy` [ RunTime:0.0063s ]
SQL: SELECT * FROM `book_errasy` INNER JOIN book_errasy_fb on book_errasy.s_id=book_errasy_fb.s_id  WHERE ( 1 and book_errasy.bt like '%%' ) ORDER BY id desc LIMIT 6   [ RunTime:0.0027s ]
SQL: SELECT * FROM `book_errasy` INNER JOIN book_errasy_fb on book_errasy.s_id=book_errasy_fb.s_id  ORDER BY id desc LIMIT 6   [ RunTime:0.0015s ]
SQL: SELECT * FROM `book_errasy` WHERE ( id in(7,8,9,10,11) )  [ RunTime:0.0005s ]
SQL: SELECT * FROM `book_errasy` ORDER BY id desc LIMIT 5   [ RunTime:0.0009s ]
SQL: SELECT * FROM `book_errasy` ORDER BY rand() LIMIT 5   [ RunTime:0.0053s ]
INFO: [ view_parse ] --START--
INFO: [ template_filter ] --START--
INFO: Run Behavior\ContentReplaceBehavior [ RunTime:0.000066s ]
INFO: [ template_filter ] --END-- [ RunTime:0.000106s ]
NOTIC: [8] Undefined variable: name D:\WWW\boke\admin\Application\Runtime\Cache\Home\2a94b8bda04ff446dcedd42276fc99ee.php 第 35 行.
INFO: Run Behavior\ParseTemplateBehavior [ RunTime:0.021475s ]
INFO: [ view_parse ] --END-- [ RunTime:0.021520s ]
INFO: [ view_filter ] --START--
INFO: Run Behavior\WriteHtmlCacheBehavior [ RunTime:0.000541s ]
INFO: [ view_filter ] --END-- [ RunTime:0.000601s ]
INFO: [ app_end ] --START--
INFO: Run Behavior\ShowPageTraceBehavior [ RunTime:0.002765s ]
INFO: [ app_end ] --END-- [ RunTime:0.002859s ]

[ 2016-10-24T19:30:52+08:00 ] ::1 /boke/admin/
INFO: [ app_init ] --START--
INFO: Run Behavior\BuildLiteBehavior [ RunTime:0.000016s ]
INFO: [ app_init ] --END-- [ RunTime:0.000574s ]
INFO: [ app_begin ] --START--
INFO: Run Behavior\ReadHtmlCacheBehavior [ RunTime:0.000543s ]
INFO: [ app_begin ] --END-- [ RunTime:0.000600s ]
SQL: SHOW COLUMNS FROM `book_errasy` [ RunTime:0.0074s ]
SQL: SELECT * FROM `book_errasy` INNER JOIN book_errasy_fb on book_errasy.s_id=book_errasy_fb.s_id  WHERE ( 1 and book_errasy.bt like '%%' ) ORDER BY id desc LIMIT 6   [ RunTime:0.0017s ]
SQL: SELECT * FROM `book_errasy` INNER JOIN book_errasy_fb on book_errasy.s_id=book_errasy_fb.s_id  ORDER BY id desc LIMIT 6   [ RunTime:0.0014s ]
SQL: SELECT * FROM `book_errasy` WHERE ( id in(7,8,9,10,11) )  [ RunTime:0.0005s ]
SQL: SELECT * FROM `book_errasy` ORDER BY id desc LIMIT 5   [ RunTime:0.0012s ]
SQL: SELECT * FROM `book_errasy` ORDER BY rand() LIMIT 5   [ RunTime:0.0075s ]
INFO: [ view_parse ] --START--
INFO: [ template_filter ] --START--
INFO: Run Behavior\ContentReplaceBehavior [ RunTime:0.000112s ]
INFO: [ template_filter ] --END-- [ RunTime:0.000171s ]
NOTIC: [8] Undefined variable: name D:\WWW\boke\admin\Application\Runtime\Cache\Home\2a94b8bda04ff446dcedd42276fc99ee.php 第 35 行.
INFO: Run Behavior\ParseTemplateBehavior [ RunTime:0.012803s ]
INFO: [ view_parse ] --END-- [ RunTime:0.012850s ]
INFO: [ view_filter ] --START--
INFO: Run Behavior\WriteHtmlCacheBehavior [ RunTime:0.000308s ]
INFO: [ view_filter ] --END-- [ RunTime:0.000338s ]
INFO: [ app_end ] --START--
INFO: Run Behavior\ShowPageTraceBehavior [ RunTime:0.000497s ]
INFO: [ app_end ] --END-- [ RunTime:0.000533s ]

