[ 2016-04-09T14:04:45+08:00 ] ::1 /boke/TP/css/common.css
INFO: [ app_init ] --START--
INFO: Run Behavior\BuildLiteBehavior [ RunTime:0.000085s ]
INFO: [ app_init ] --END-- [ RunTime:0.002178s ]
ERR: 无法加载模块:Css

[ 2016-04-09T14:04:45+08:00 ] ::1 /boke/TP/css/main.css
INFO: [ app_init ] --START--
INFO: Run Behavior\BuildLiteBehavior [ RunTime:0.000071s ]
INFO: [ app_init ] --END-- [ RunTime:0.002047s ]
ERR: 无法加载模块:Css

[ 2016-04-09T14:04:45+08:00 ] ::1 /boke/TP/js/libs/modernizr.min.js
INFO: [ app_init ] --START--
INFO: Run Behavior\BuildLiteBehavior [ RunTime:0.000083s ]
INFO: [ app_init ] --END-- [ RunTime:0.002567s ]
ERR: 无法加载模块:Js

[ 2016-04-09T14:05:14+08:00 ] ::1 /boke/TP/css/common.css
INFO: [ app_init ] --START--
INFO: Run Behavior\BuildLiteBehavior [ RunTime:0.000072s ]
INFO: [ app_init ] --END-- [ RunTime:0.002031s ]
ERR: 无法加载模块:Css

[ 2016-04-09T14:05:14+08:00 ] ::1 /boke/TP/css/main.css
INFO: [ app_init ] --START--
INFO: Run Behavior\BuildLiteBehavior [ RunTime:0.000083s ]
INFO: [ app_init ] --END-- [ RunTime:0.002331s ]
ERR: 无法加载模块:Css

[ 2016-04-09T14:05:14+08:00 ] ::1 /boke/TP/js/libs/modernizr.min.js
INFO: [ app_init ] --START--
INFO: Run Behavior\BuildLiteBehavior [ RunTime:0.000110s ]
INFO: [ app_init ] --END-- [ RunTime:0.004647s ]
ERR: 无法加载模块:Js

[ 2016-04-09T14:06:31+08:00 ] ::1 /boke/TP/css/admin_login.css
INFO: [ app_init ] --START--
INFO: Run Behavior\BuildLiteBehavior [ RunTime:0.000055s ]
INFO: [ app_init ] --END-- [ RunTime:0.002446s ]
ERR: 无法加载模块:Css

