[ 2016-04-20T21:02:46+08:00 ] ::1 /boke/TP/index.php/Admin/
INFO: [ app_init ] --START--
INFO: Run Behavior\BuildLiteBehavior [ RunTime:0.000055s ]
INFO: [ app_init ] --END-- [ RunTime:0.001294s ]
INFO: [ app_begin ] --START--
INFO: Run Behavior\ReadHtmlCacheBehavior [ RunTime:0.004986s ]
INFO: [ app_begin ] --END-- [ RunTime:0.005597s ]

[ 2016-04-20T21:02:49+08:00 ] ::1 /boke/TP/index.php/Admin/Login/login.html
INFO: [ app_init ] --START--
INFO: Run Behavior\BuildLiteBehavior [ RunTime:0.000140s ]
INFO: [ app_init ] --END-- [ RunTime:0.002254s ]
INFO: [ app_begin ] --START--
INFO: Run Behavior\ReadHtmlCacheBehavior [ RunTime:0.002060s ]
INFO: [ app_begin ] --END-- [ RunTime:0.002376s ]
INFO: [ view_parse ] --START--
INFO: [ template_filter ] --START--
INFO: Run Behavior\ContentReplaceBehavior [ RunTime:0.000364s ]
INFO: [ template_filter ] --END-- [ RunTime:0.000718s ]
INFO: Run Behavior\ParseTemplateBehavior [ RunTime:0.091142s ]
INFO: [ view_parse ] --END-- [ RunTime:0.091455s ]
INFO: [ view_filter ] --START--
INFO: Run Behavior\WriteHtmlCacheBehavior [ RunTime:0.002195s ]
INFO: [ view_filter ] --END-- [ RunTime:0.002443s ]
INFO: [ app_end ] --START--
INFO: Run Behavior\ShowPageTraceBehavior [ RunTime:0.004688s ]
INFO: [ app_end ] --END-- [ RunTime:0.004990s ]

[ 2016-04-20T21:02:56+08:00 ] ::1 /boke/TP/index.php/Admin/Login/user_login
INFO: [ app_init ] --START--
INFO: Run Behavior\BuildLiteBehavior [ RunTime:0.000074s ]
INFO: [ app_init ] --END-- [ RunTime:0.001370s ]
INFO: [ app_begin ] --START--
INFO: Run Behavior\ReadHtmlCacheBehavior [ RunTime:0.002141s ]
INFO: [ app_begin ] --END-- [ RunTime:0.002379s ]
SQL: SHOW COLUMNS FROM `book_login` [ RunTime:0.1428s ]
SQL: SELECT * FROM `book_login` WHERE ( username='秦林慧' ) LIMIT 1   [ RunTime:0.0031s ]
SQL: SHOW COLUMNS FROM `book_login_role` [ RunTime:0.0559s ]
SQL: SELECT `role_id` FROM `book_login_role` WHERE ( r_id='1' )  [ RunTime:0.0013s ]
SQL: SHOW COLUMNS FROM `book_role_node` [ RunTime:0.0537s ]
SQL: SELECT * FROM `book_role_node` INNER JOIN book_node on book_role_node.node_id=book_node.node_id  WHERE ( role_id in(1) )  [ RunTime:0.0363s ]

[ 2016-04-20T21:02:57+08:00 ] ::1 /boke/TP/index.php/Admin/Index/index.html
INFO: [ app_init ] --START--
INFO: Run Behavior\BuildLiteBehavior [ RunTime:0.000074s ]
INFO: [ app_init ] --END-- [ RunTime:0.001397s ]
INFO: [ app_begin ] --START--
INFO: Run Behavior\ReadHtmlCacheBehavior [ RunTime:0.008673s ]
INFO: [ app_begin ] --END-- [ RunTime:0.009221s ]
INFO: [ view_parse ] --START--
INFO: [ template_filter ] --START--
INFO: Run Behavior\ContentReplaceBehavior [ RunTime:0.000197s ]
INFO: [ template_filter ] --END-- [ RunTime:0.000422s ]
INFO: Run Behavior\ParseTemplateBehavior [ RunTime:0.261158s ]
INFO: [ view_parse ] --END-- [ RunTime:0.261818s ]
INFO: [ view_filter ] --START--
INFO: Run Behavior\WriteHtmlCacheBehavior [ RunTime:0.010356s ]
INFO: [ view_filter ] --END-- [ RunTime:0.010659s ]
INFO: [ app_end ] --START--
INFO: Run Behavior\ShowPageTraceBehavior [ RunTime:0.006916s ]
INFO: [ app_end ] --END-- [ RunTime:0.007266s ]

[ 2016-04-20T21:03:03+08:00 ] ::1 /boke/TP/index.php/Admin/Limits/login_show.html
INFO: [ app_init ] --START--
INFO: Run Behavior\BuildLiteBehavior [ RunTime:0.000044s ]
INFO: [ app_init ] --END-- [ RunTime:0.001249s ]
INFO: [ app_begin ] --START--
INFO: Run Behavior\ReadHtmlCacheBehavior [ RunTime:0.004052s ]
INFO: [ app_begin ] --END-- [ RunTime:0.004372s ]
SQL: SHOW COLUMNS FROM `book_login` [ RunTime:0.0135s ]
SQL: SELECT * FROM `book_login`  [ RunTime:0.0025s ]
INFO: [ view_parse ] --START--
INFO: [ template_filter ] --START--
INFO: Run Behavior\ContentReplaceBehavior [ RunTime:0.000412s ]
INFO: [ template_filter ] --END-- [ RunTime:0.000970s ]
NOTIC: [8] Undefined variable: page D:\WWW\boke\TP\Application\Runtime\Cache\Admin\dbedbd599ce91e47638caa57866c8f84.php 第 102 行.
INFO: Run Behavior\ParseTemplateBehavior [ RunTime:0.166386s ]
INFO: [ view_parse ] --END-- [ RunTime:0.166652s ]
INFO: [ view_filter ] --START--
INFO: Run Behavior\WriteHtmlCacheBehavior [ RunTime:0.001174s ]
INFO: [ view_filter ] --END-- [ RunTime:0.001335s ]
INFO: [ app_end ] --START--
INFO: Run Behavior\ShowPageTraceBehavior [ RunTime:0.001909s ]
INFO: [ app_end ] --END-- [ RunTime:0.002089s ]

[ 2016-04-20T21:03:45+08:00 ] ::1 /boke/TP/index.php/Admin/Limits/login_add
INFO: [ app_init ] --START--
INFO: Run Behavior\BuildLiteBehavior [ RunTime:0.000078s ]
INFO: [ app_init ] --END-- [ RunTime:0.006161s ]
INFO: [ app_begin ] --START--
INFO: Run Behavior\ReadHtmlCacheBehavior [ RunTime:0.001839s ]
INFO: [ app_begin ] --END-- [ RunTime:0.002065s ]
SQL: SHOW COLUMNS FROM `book_role` [ RunTime:0.0127s ]
SQL: SELECT * FROM `book_role`  [ RunTime:0.0022s ]
INFO: [ view_parse ] --START--
INFO: [ template_filter ] --START--
INFO: Run Behavior\ContentReplaceBehavior [ RunTime:0.000411s ]
INFO: [ template_filter ] --END-- [ RunTime:0.001939s ]
INFO: Run Behavior\ParseTemplateBehavior [ RunTime:0.134852s ]
INFO: [ view_parse ] --END-- [ RunTime:0.135382s ]
INFO: [ view_filter ] --START--
INFO: Run Behavior\WriteHtmlCacheBehavior [ RunTime:0.002363s ]
INFO: [ view_filter ] --END-- [ RunTime:0.002658s ]
INFO: [ app_end ] --START--
INFO: Run Behavior\ShowPageTraceBehavior [ RunTime:0.002962s ]
INFO: [ app_end ] --END-- [ RunTime:0.003212s ]

[ 2016-04-20T21:04:31+08:00 ] ::1 /boke/TP/index.php/Admin/Limits/role.html
INFO: [ app_init ] --START--
INFO: Run Behavior\BuildLiteBehavior [ RunTime:0.000050s ]
INFO: [ app_init ] --END-- [ RunTime:0.001156s ]
INFO: [ app_begin ] --START--
INFO: Run Behavior\ReadHtmlCacheBehavior [ RunTime:0.001534s ]
INFO: [ app_begin ] --END-- [ RunTime:0.001755s ]
SQL: SHOW COLUMNS FROM `book_role` [ RunTime:0.0588s ]
SQL: SELECT * FROM `book_role`  [ RunTime:0.0015s ]
INFO: [ view_parse ] --START--
INFO: [ template_filter ] --START--
INFO: Run Behavior\ContentReplaceBehavior [ RunTime:0.000147s ]
INFO: [ template_filter ] --END-- [ RunTime:0.000298s ]
NOTIC: [8] Undefined variable: page D:\WWW\boke\TP\Application\Runtime\Cache\Admin\966b65895833c4b60a3d421e99f4ebd6.php 第 99 行.
INFO: Run Behavior\ParseTemplateBehavior [ RunTime:0.159361s ]
INFO: [ view_parse ] --END-- [ RunTime:0.159718s ]
INFO: [ view_filter ] --START--
INFO: Run Behavior\WriteHtmlCacheBehavior [ RunTime:0.000822s ]
INFO: [ view_filter ] --END-- [ RunTime:0.000941s ]
INFO: [ app_end ] --START--
INFO: Run Behavior\ShowPageTraceBehavior [ RunTime:0.002232s ]
INFO: [ app_end ] --END-- [ RunTime:0.002443s ]

[ 2016-04-20T21:04:38+08:00 ] ::1 /boke/TP/index.php/Admin/Limits/login_show.html
INFO: [ app_init ] --START--
INFO: Run Behavior\BuildLiteBehavior [ RunTime:0.000076s ]
INFO: [ app_init ] --END-- [ RunTime:0.011818s ]
INFO: [ app_begin ] --START--
INFO: Run Behavior\ReadHtmlCacheBehavior [ RunTime:0.002840s ]
INFO: [ app_begin ] --END-- [ RunTime:0.003081s ]
SQL: SHOW COLUMNS FROM `book_login` [ RunTime:0.0373s ]
SQL: SELECT * FROM `book_login`  [ RunTime:0.0022s ]
INFO: [ view_parse ] --START--
INFO: [ template_filter ] --START--
INFO: Run Behavior\ContentReplaceBehavior [ RunTime:0.000883s ]
INFO: [ template_filter ] --END-- [ RunTime:0.005119s ]
NOTIC: [8] Undefined variable: page D:\WWW\boke\TP\Application\Runtime\Cache\Admin\dbedbd599ce91e47638caa57866c8f84.php 第 102 行.
INFO: Run Behavior\ParseTemplateBehavior [ RunTime:0.108208s ]
INFO: [ view_parse ] --END-- [ RunTime:0.109675s ]
INFO: [ view_filter ] --START--
INFO: Run Behavior\WriteHtmlCacheBehavior [ RunTime:0.002057s ]
INFO: [ view_filter ] --END-- [ RunTime:0.002431s ]
INFO: [ app_end ] --START--
INFO: Run Behavior\ShowPageTraceBehavior [ RunTime:0.002771s ]
INFO: [ app_end ] --END-- [ RunTime:0.003012s ]

[ 2016-04-20T21:04:41+08:00 ] ::1 /boke/TP/index.php/Admin/Limits/login_add
INFO: [ app_init ] --START--
INFO: Run Behavior\BuildLiteBehavior [ RunTime:0.000052s ]
INFO: [ app_init ] --END-- [ RunTime:0.001247s ]
INFO: [ app_begin ] --START--
INFO: Run Behavior\ReadHtmlCacheBehavior [ RunTime:0.001424s ]
INFO: [ app_begin ] --END-- [ RunTime:0.001591s ]
SQL: SHOW COLUMNS FROM `book_role` [ RunTime:0.0117s ]
SQL: SELECT * FROM `book_role`  [ RunTime:0.0020s ]
INFO: [ view_parse ] --START--
INFO: [ template_filter ] --START--
INFO: Run Behavior\ContentReplaceBehavior [ RunTime:0.000241s ]
INFO: [ template_filter ] --END-- [ RunTime:0.000587s ]
INFO: Run Behavior\ParseTemplateBehavior [ RunTime:0.090259s ]
INFO: [ view_parse ] --END-- [ RunTime:0.090730s ]
INFO: [ view_filter ] --START--
INFO: Run Behavior\WriteHtmlCacheBehavior [ RunTime:0.002081s ]
INFO: [ view_filter ] --END-- [ RunTime:0.002315s ]
INFO: [ app_end ] --START--
INFO: Run Behavior\ShowPageTraceBehavior [ RunTime:0.002512s ]
INFO: [ app_end ] --END-- [ RunTime:0.003121s ]

[ 2016-04-20T22:03:28+08:00 ] ::1 /boke/TP/index.php/Admin/Limits/role.html
INFO: [ app_init ] --START--
INFO: Run Behavior\BuildLiteBehavior [ RunTime:0.000053s ]
INFO: [ app_init ] --END-- [ RunTime:0.002210s ]
INFO: [ app_begin ] --START--
INFO: Run Behavior\ReadHtmlCacheBehavior [ RunTime:0.002378s ]
INFO: [ app_begin ] --END-- [ RunTime:0.002722s ]
SQL: SHOW COLUMNS FROM `book_role` [ RunTime:0.0097s ]
SQL: SELECT * FROM `book_role`  [ RunTime:0.0008s ]
INFO: [ view_parse ] --START--
INFO: [ template_filter ] --START--
INFO: Run Behavior\ContentReplaceBehavior [ RunTime:0.000211s ]
INFO: [ template_filter ] --END-- [ RunTime:0.000465s ]
NOTIC: [8] Undefined variable: page D:\WWW\boke\TP\Application\Runtime\Cache\Admin\966b65895833c4b60a3d421e99f4ebd6.php 第 99 行.
INFO: Run Behavior\ParseTemplateBehavior [ RunTime:0.035844s ]
INFO: [ view_parse ] --END-- [ RunTime:0.036047s ]
INFO: [ view_filter ] --START--
INFO: Run Behavior\WriteHtmlCacheBehavior [ RunTime:0.001577s ]
INFO: [ view_filter ] --END-- [ RunTime:0.001745s ]
INFO: [ app_end ] --START--
INFO: Run Behavior\ShowPageTraceBehavior [ RunTime:0.002286s ]
INFO: [ app_end ] --END-- [ RunTime:0.002462s ]

[ 2016-04-20T22:03:34+08:00 ] ::1 /boke/TP/index.php/Admin/Limits/role_add
INFO: [ app_init ] --START--
INFO: Run Behavior\BuildLiteBehavior [ RunTime:0.000061s ]
INFO: [ app_init ] --END-- [ RunTime:0.001554s ]
INFO: [ app_begin ] --START--
INFO: Run Behavior\ReadHtmlCacheBehavior [ RunTime:0.002123s ]
INFO: [ app_begin ] --END-- [ RunTime:0.002339s ]
SQL: SHOW COLUMNS FROM `book_node` [ RunTime:0.0119s ]
SQL: SELECT * FROM `book_node`  [ RunTime:0.0012s ]
SQL: SELECT * FROM `book_node` WHERE ( pid=0 )  [ RunTime:0.0008s ]
SQL: SELECT * FROM `book_node` WHERE ( pid=2 )  [ RunTime:0.0007s ]
SQL: SELECT * FROM `book_node` WHERE ( pid=4 )  [ RunTime:0.0007s ]
SQL: SELECT * FROM `book_node` WHERE ( pid=14 )  [ RunTime:0.0007s ]
SQL: SELECT * FROM `book_node` WHERE ( pid=22 )  [ RunTime:0.0008s ]
SQL: SELECT * FROM `book_node` WHERE ( pid=27 )  [ RunTime:0.0008s ]
SQL: SELECT * FROM `book_node` WHERE ( pid=29 )  [ RunTime:0.0007s ]
SQL: SELECT * FROM `book_node` WHERE ( pid=33 )  [ RunTime:0.0007s ]
SQL: SELECT * FROM `book_node` WHERE ( pid=37 )  [ RunTime:0.0009s ]
SQL: SELECT * FROM `book_node` WHERE ( pid=39 )  [ RunTime:0.0008s ]
INFO: [ view_parse ] --START--
INFO: [ template_filter ] --START--
INFO: Run Behavior\ContentReplaceBehavior [ RunTime:0.000324s ]
INFO: [ template_filter ] --END-- [ RunTime:0.000606s ]
INFO: Run Behavior\ParseTemplateBehavior [ RunTime:0.087660s ]
INFO: [ view_parse ] --END-- [ RunTime:0.087889s ]
INFO: [ view_filter ] --START--
INFO: Run Behavior\WriteHtmlCacheBehavior [ RunTime:0.001522s ]
INFO: [ view_filter ] --END-- [ RunTime:0.001712s ]
INFO: [ app_end ] --START--
INFO: Run Behavior\ShowPageTraceBehavior [ RunTime:0.007226s ]
INFO: [ app_end ] --END-- [ RunTime:0.007587s ]

[ 2016-04-20T22:11:55+08:00 ] ::1 /boke/TP/index.php/Admin/Limits/role.html
INFO: [ app_init ] --START--
INFO: Run Behavior\BuildLiteBehavior [ RunTime:0.000101s ]
INFO: [ app_init ] --END-- [ RunTime:0.001626s ]
INFO: [ app_begin ] --START--
INFO: Run Behavior\ReadHtmlCacheBehavior [ RunTime:0.002098s ]
INFO: [ app_begin ] --END-- [ RunTime:0.002322s ]
SQL: SHOW COLUMNS FROM `book_role` [ RunTime:0.0102s ]
SQL: SELECT * FROM `book_role`  [ RunTime:0.0008s ]
INFO: [ view_parse ] --START--
INFO: [ template_filter ] --START--
INFO: Run Behavior\ContentReplaceBehavior [ RunTime:0.000216s ]
INFO: [ template_filter ] --END-- [ RunTime:0.000468s ]
NOTIC: [8] Undefined variable: page D:\WWW\boke\TP\Application\Runtime\Cache\Admin\966b65895833c4b60a3d421e99f4ebd6.php 第 99 行.
INFO: Run Behavior\ParseTemplateBehavior [ RunTime:0.032903s ]
INFO: [ view_parse ] --END-- [ RunTime:0.033110s ]
INFO: [ view_filter ] --START--
INFO: Run Behavior\WriteHtmlCacheBehavior [ RunTime:0.002445s ]
INFO: [ view_filter ] --END-- [ RunTime:0.002708s ]
INFO: [ app_end ] --START--
INFO: Run Behavior\ShowPageTraceBehavior [ RunTime:0.009725s ]
INFO: [ app_end ] --END-- [ RunTime:0.009997s ]

[ 2016-04-20T22:12:02+08:00 ] ::1 /boke/TP/index.php/Admin/Limits/role_add
INFO: [ app_init ] --START--
INFO: Run Behavior\BuildLiteBehavior [ RunTime:0.000046s ]
INFO: [ app_init ] --END-- [ RunTime:0.001143s ]
INFO: [ app_begin ] --START--
INFO: Run Behavior\ReadHtmlCacheBehavior [ RunTime:0.002353s ]
INFO: [ app_begin ] --END-- [ RunTime:0.002772s ]
SQL: SHOW COLUMNS FROM `book_node` [ RunTime:0.0090s ]
SQL: SELECT * FROM `book_node`  [ RunTime:0.0011s ]
SQL: SELECT * FROM `book_node` WHERE ( pid=0 )  [ RunTime:0.0008s ]
SQL: SELECT * FROM `book_node` WHERE ( pid=2 )  [ RunTime:0.0011s ]
SQL: SELECT * FROM `book_node` WHERE ( pid=4 )  [ RunTime:0.0008s ]
SQL: SELECT * FROM `book_node` WHERE ( pid=14 )  [ RunTime:0.0008s ]
SQL: SELECT * FROM `book_node` WHERE ( pid=22 )  [ RunTime:0.0007s ]
SQL: SELECT * FROM `book_node` WHERE ( pid=27 )  [ RunTime:0.0007s ]
SQL: SELECT * FROM `book_node` WHERE ( pid=29 )  [ RunTime:0.0007s ]
SQL: SELECT * FROM `book_node` WHERE ( pid=33 )  [ RunTime:0.0007s ]
SQL: SELECT * FROM `book_node` WHERE ( pid=37 )  [ RunTime:0.0007s ]
SQL: SELECT * FROM `book_node` WHERE ( pid=39 )  [ RunTime:0.0007s ]
INFO: [ view_parse ] --START--
INFO: [ template_filter ] --START--
INFO: Run Behavior\ContentReplaceBehavior [ RunTime:0.000218s ]
INFO: [ template_filter ] --END-- [ RunTime:0.000443s ]
INFO: Run Behavior\ParseTemplateBehavior [ RunTime:0.038066s ]
INFO: [ view_parse ] --END-- [ RunTime:0.038308s ]
INFO: [ view_filter ] --START--
INFO: Run Behavior\WriteHtmlCacheBehavior [ RunTime:0.001846s ]
INFO: [ view_filter ] --END-- [ RunTime:0.002034s ]
INFO: [ app_end ] --START--
INFO: Run Behavior\ShowPageTraceBehavior [ RunTime:0.002474s ]
INFO: [ app_end ] --END-- [ RunTime:0.002707s ]

[ 2016-04-20T22:14:20+08:00 ] ::1 /boke/TP/index.php/Admin/Limits/role.html
INFO: [ app_init ] --START--
INFO: Run Behavior\BuildLiteBehavior [ RunTime:0.000061s ]
INFO: [ app_init ] --END-- [ RunTime:0.001545s ]
INFO: [ app_begin ] --START--
INFO: Run Behavior\ReadHtmlCacheBehavior [ RunTime:0.003741s ]
INFO: [ app_begin ] --END-- [ RunTime:0.004125s ]
SQL: SHOW COLUMNS FROM `book_role` [ RunTime:0.0109s ]
SQL: SELECT * FROM `book_role`  [ RunTime:0.0009s ]
INFO: [ view_parse ] --START--
INFO: [ template_filter ] --START--
INFO: Run Behavior\ContentReplaceBehavior [ RunTime:0.000321s ]
INFO: [ template_filter ] --END-- [ RunTime:0.000680s ]
NOTIC: [8] Undefined variable: page D:\WWW\boke\TP\Application\Runtime\Cache\Admin\966b65895833c4b60a3d421e99f4ebd6.php 第 99 行.
INFO: Run Behavior\ParseTemplateBehavior [ RunTime:0.033932s ]
INFO: [ view_parse ] --END-- [ RunTime:0.034165s ]
INFO: [ view_filter ] --START--
INFO: Run Behavior\WriteHtmlCacheBehavior [ RunTime:0.004801s ]
INFO: [ view_filter ] --END-- [ RunTime:0.005097s ]
INFO: [ app_end ] --START--
INFO: Run Behavior\ShowPageTraceBehavior [ RunTime:0.002498s ]
INFO: [ app_end ] --END-- [ RunTime:0.002751s ]

[ 2016-04-20T22:22:43+08:00 ] ::1 /boke/TP/index.php/Admin/Limits/role_add
INFO: [ app_init ] --START--
INFO: Run Behavior\BuildLiteBehavior [ RunTime:0.000054s ]
INFO: [ app_init ] --END-- [ RunTime:0.001608s ]
INFO: [ app_begin ] --START--
INFO: Run Behavior\ReadHtmlCacheBehavior [ RunTime:0.005176s ]
INFO: [ app_begin ] --END-- [ RunTime:0.005433s ]
SQL: SHOW COLUMNS FROM `book_node` [ RunTime:0.0090s ]
SQL: SELECT * FROM `book_node`  [ RunTime:0.0011s ]
SQL: SELECT * FROM `book_node` WHERE ( pid=0 )  [ RunTime:0.0008s ]
SQL: SELECT * FROM `book_node` WHERE ( pid=2 )  [ RunTime:0.0007s ]
SQL: SELECT * FROM `book_node` WHERE ( pid=4 )  [ RunTime:0.0008s ]
SQL: SELECT * FROM `book_node` WHERE ( pid=14 )  [ RunTime:0.0009s ]
SQL: SELECT * FROM `book_node` WHERE ( pid=22 )  [ RunTime:0.0008s ]
SQL: SELECT * FROM `book_node` WHERE ( pid=27 )  [ RunTime:0.0008s ]
SQL: SELECT * FROM `book_node` WHERE ( pid=29 )  [ RunTime:0.0010s ]
SQL: SELECT * FROM `book_node` WHERE ( pid=33 )  [ RunTime:0.0008s ]
SQL: SELECT * FROM `book_node` WHERE ( pid=37 )  [ RunTime:0.0009s ]
SQL: SELECT * FROM `book_node` WHERE ( pid=39 )  [ RunTime:0.0008s ]
INFO: [ view_parse ] --START--
INFO: [ template_filter ] --START--
INFO: Run Behavior\ContentReplaceBehavior [ RunTime:0.000224s ]
INFO: [ template_filter ] --END-- [ RunTime:0.000460s ]
INFO: Run Behavior\ParseTemplateBehavior [ RunTime:0.051156s ]
INFO: [ view_parse ] --END-- [ RunTime:0.051541s ]
INFO: [ view_filter ] --START--
INFO: Run Behavior\WriteHtmlCacheBehavior [ RunTime:0.002199s ]
INFO: [ view_filter ] --END-- [ RunTime:0.002555s ]
INFO: [ app_end ] --START--
INFO: Run Behavior\ShowPageTraceBehavior [ RunTime:0.004913s ]
INFO: [ app_end ] --END-- [ RunTime:0.005293s ]

