[ 2016-04-17T14:17:35+08:00 ] ::1 /boke/TP/index.php/Admin/
INFO: [ app_init ] --START--
INFO: Run Behavior\BuildLiteBehavior [ RunTime:0.000026s ]
INFO: [ app_init ] --END-- [ RunTime:0.000560s ]
INFO: [ app_begin ] --START--
INFO: Run Behavior\ReadHtmlCacheBehavior [ RunTime:0.000600s ]
INFO: [ app_begin ] --END-- [ RunTime:0.000693s ]

[ 2016-04-17T14:17:37+08:00 ] ::1 /boke/TP/index.php/Admin/Login/login.html
INFO: [ app_init ] --START--
INFO: Run Behavior\BuildLiteBehavior [ RunTime:0.000028s ]
INFO: [ app_init ] --END-- [ RunTime:0.000669s ]
INFO: [ app_begin ] --START--
INFO: Run Behavior\ReadHtmlCacheBehavior [ RunTime:0.000786s ]
INFO: [ app_begin ] --END-- [ RunTime:0.000902s ]
INFO: [ view_parse ] --START--
INFO: [ template_filter ] --START--
INFO: Run Behavior\ContentReplaceBehavior [ RunTime:0.000103s ]
INFO: [ template_filter ] --END-- [ RunTime:0.000244s ]
INFO: Run Behavior\ParseTemplateBehavior [ RunTime:0.018673s ]
INFO: [ view_parse ] --END-- [ RunTime:0.018810s ]
INFO: [ view_filter ] --START--
INFO: Run Behavior\WriteHtmlCacheBehavior [ RunTime:0.000377s ]
INFO: [ view_filter ] --END-- [ RunTime:0.000482s ]
INFO: [ app_end ] --START--
INFO: Run Behavior\ShowPageTraceBehavior [ RunTime:0.000868s ]
INFO: [ app_end ] --END-- [ RunTime:0.000980s ]

[ 2016-04-17T14:17:42+08:00 ] ::1 /boke/TP/index.php/Admin/Login/user_login
INFO: [ app_init ] --START--
INFO: Run Behavior\BuildLiteBehavior [ RunTime:0.000015s ]
INFO: [ app_init ] --END-- [ RunTime:0.000295s ]
INFO: [ app_begin ] --START--
INFO: Run Behavior\ReadHtmlCacheBehavior [ RunTime:0.000417s ]
INFO: [ app_begin ] --END-- [ RunTime:0.000481s ]
SQL: SHOW COLUMNS FROM `book_login` [ RunTime:0.0781s ]
SQL: SELECT * FROM `book_login` WHERE ( username='秦林慧' ) LIMIT 1   [ RunTime:0.0015s ]
INFO: [ view_parse ] --START--
INFO: [ template_filter ] --START--
INFO: Run Behavior\ContentReplaceBehavior [ RunTime:0.000081s ]
INFO: [ template_filter ] --END-- [ RunTime:0.000207s ]
INFO: Run Behavior\ParseTemplateBehavior [ RunTime:0.021788s ]
INFO: [ view_parse ] --END-- [ RunTime:0.022013s ]
INFO: [ view_filter ] --START--
INFO: Run Behavior\WriteHtmlCacheBehavior [ RunTime:0.000412s ]
INFO: [ view_filter ] --END-- [ RunTime:0.000509s ]

[ 2016-04-17T14:17:50+08:00 ] ::1 /boke/TP/index.php/Admin/Login/user_login
INFO: [ app_init ] --START--
INFO: Run Behavior\BuildLiteBehavior [ RunTime:0.000018s ]
INFO: [ app_init ] --END-- [ RunTime:0.000358s ]
INFO: [ app_begin ] --START--
INFO: Run Behavior\ReadHtmlCacheBehavior [ RunTime:0.001106s ]
INFO: [ app_begin ] --END-- [ RunTime:0.001219s ]
SQL: SHOW COLUMNS FROM `book_login` [ RunTime:0.0031s ]
SQL: SELECT * FROM `book_login` WHERE ( username='秦林慧' ) LIMIT 1   [ RunTime:0.0003s ]
SQL: SHOW COLUMNS FROM `book_login_role` [ RunTime:0.0719s ]
SQL: SELECT `role_id` FROM `book_login_role` WHERE ( r_id='1' )  [ RunTime:0.0008s ]
SQL: SHOW COLUMNS FROM `book_role_node` [ RunTime:0.0444s ]
SQL: SELECT * FROM `book_role_node` INNER JOIN book_node on book_role_node.node_id=book_node.node_id  WHERE ( role_id in(1) )  [ RunTime:0.0352s ]
INFO: [ view_parse ] --START--
INFO: [ template_filter ] --START--
INFO: Run Behavior\ContentReplaceBehavior [ RunTime:0.000104s ]
INFO: [ template_filter ] --END-- [ RunTime:0.000262s ]
INFO: Run Behavior\ParseTemplateBehavior [ RunTime:0.012244s ]
INFO: [ view_parse ] --END-- [ RunTime:0.012481s ]
INFO: [ view_filter ] --START--
INFO: Run Behavior\WriteHtmlCacheBehavior [ RunTime:0.000533s ]
INFO: [ view_filter ] --END-- [ RunTime:0.000658s ]
INFO: [ app_end ] --START--
INFO: Run Behavior\ShowPageTraceBehavior [ RunTime:0.001343s ]
INFO: [ app_end ] --END-- [ RunTime:0.001505s ]

[ 2016-04-17T14:17:51+08:00 ] ::1 /boke/TP/index.php/Admin/Index/index.html
INFO: [ app_init ] --START--
INFO: Run Behavior\BuildLiteBehavior [ RunTime:0.000026s ]
INFO: [ app_init ] --END-- [ RunTime:0.000573s ]
INFO: [ app_begin ] --START--
INFO: Run Behavior\ReadHtmlCacheBehavior [ RunTime:0.000654s ]
INFO: [ app_begin ] --END-- [ RunTime:0.000763s ]
INFO: [ view_parse ] --START--
INFO: [ template_filter ] --START--
INFO: Run Behavior\ContentReplaceBehavior [ RunTime:0.000079s ]
INFO: [ template_filter ] --END-- [ RunTime:0.000180s ]
INFO: Run Behavior\ParseTemplateBehavior [ RunTime:0.021055s ]
INFO: [ view_parse ] --END-- [ RunTime:0.021152s ]
INFO: [ view_filter ] --START--
INFO: Run Behavior\WriteHtmlCacheBehavior [ RunTime:0.000266s ]
INFO: [ view_filter ] --END-- [ RunTime:0.000327s ]
INFO: [ app_end ] --START--
INFO: Run Behavior\ShowPageTraceBehavior [ RunTime:0.000537s ]
INFO: [ app_end ] --END-- [ RunTime:0.000603s ]

[ 2016-04-17T14:17:59+08:00 ] ::1 /boke/TP/index.php/Admin/Limits/role.html
INFO: [ app_init ] --START--
INFO: Run Behavior\BuildLiteBehavior [ RunTime:0.000029s ]
INFO: [ app_init ] --END-- [ RunTime:0.000505s ]
INFO: [ app_begin ] --START--
INFO: Run Behavior\ReadHtmlCacheBehavior [ RunTime:0.000494s ]
INFO: [ app_begin ] --END-- [ RunTime:0.000586s ]
SQL: SHOW COLUMNS FROM `book_role` [ RunTime:0.0629s ]
SQL: SELECT * FROM `book_role`  [ RunTime:0.0004s ]
INFO: [ view_parse ] --START--
INFO: [ template_filter ] --START--
INFO: Run Behavior\ContentReplaceBehavior [ RunTime:0.000088s ]
INFO: [ template_filter ] --END-- [ RunTime:0.000261s ]
NOTIC: [8] Undefined variable: page D:\WWW\boke\TP\Application\Runtime\Cache\Admin\966b65895833c4b60a3d421e99f4ebd6.php 第 99 行.
INFO: Run Behavior\ParseTemplateBehavior [ RunTime:0.020198s ]
INFO: [ view_parse ] --END-- [ RunTime:0.020274s ]
INFO: [ view_filter ] --START--
INFO: Run Behavior\WriteHtmlCacheBehavior [ RunTime:0.000301s ]
INFO: [ view_filter ] --END-- [ RunTime:0.000373s ]
INFO: [ app_end ] --START--
INFO: Run Behavior\ShowPageTraceBehavior [ RunTime:0.000591s ]
INFO: [ app_end ] --END-- [ RunTime:0.000661s ]

[ 2016-04-17T14:18:02+08:00 ] ::1 /boke/TP/index.php/Admin/Limits/node.html
INFO: [ app_init ] --START--
INFO: Run Behavior\BuildLiteBehavior [ RunTime:0.000025s ]
INFO: [ app_init ] --END-- [ RunTime:0.000379s ]
INFO: [ app_begin ] --START--
INFO: Run Behavior\ReadHtmlCacheBehavior [ RunTime:0.000486s ]
INFO: [ app_begin ] --END-- [ RunTime:0.000559s ]
SQL: SHOW COLUMNS FROM `book_node` [ RunTime:0.0034s ]
NOTIC: [8] Undefined index: p D:\WWW\boke\TP\Application\Admin\Controller\LimitsController.class.php 第 297 行.
NOTIC: [8] Undefined index: limit D:\WWW\boke\TP\ThinkPHP\Library\Think\Db\Driver.class.php 第 950 行.
SQL: SELECT * FROM `book_node` LIMIT 0,20   [ RunTime:0.0320s ]
SQL: SELECT COUNT(*) AS tp_count FROM `book_node` LIMIT 1   [ RunTime:0.0003s ]
INFO: [ view_parse ] --START--
INFO: [ template_filter ] --START--
INFO: Run Behavior\ContentReplaceBehavior [ RunTime:0.000087s ]
INFO: [ template_filter ] --END-- [ RunTime:0.000174s ]
INFO: Run Behavior\ParseTemplateBehavior [ RunTime:0.035908s ]
INFO: [ view_parse ] --END-- [ RunTime:0.036026s ]
INFO: [ view_filter ] --START--
INFO: Run Behavior\WriteHtmlCacheBehavior [ RunTime:0.000326s ]
INFO: [ view_filter ] --END-- [ RunTime:0.000398s ]
INFO: [ app_end ] --START--
INFO: Run Behavior\ShowPageTraceBehavior [ RunTime:0.000718s ]
INFO: [ app_end ] --END-- [ RunTime:0.000810s ]

[ 2016-04-17T14:18:04+08:00 ] ::1 /boke/TP/index.php/Admin/Limits/node_add
INFO: [ app_init ] --START--
INFO: Run Behavior\BuildLiteBehavior [ RunTime:0.000017s ]
INFO: [ app_init ] --END-- [ RunTime:0.000351s ]
INFO: [ app_begin ] --START--
INFO: Run Behavior\ReadHtmlCacheBehavior [ RunTime:0.000547s ]
INFO: [ app_begin ] --END-- [ RunTime:0.000634s ]
SQL: SHOW COLUMNS FROM `book_node` [ RunTime:0.0047s ]
SQL: SELECT * FROM `book_node` WHERE ( pid=0 )  [ RunTime:0.0007s ]
SQL: SELECT * FROM `book_node` WHERE ( pid=2 )  [ RunTime:0.0005s ]
SQL: SELECT * FROM `book_node` WHERE ( pid=1 )  [ RunTime:0.0005s ]
SQL: SELECT * FROM `book_node` WHERE ( pid=3 )  [ RunTime:0.0004s ]
SQL: SELECT * FROM `book_node` WHERE ( pid=4 )  [ RunTime:0.0004s ]
SQL: SELECT * FROM `book_node` WHERE ( pid=5 )  [ RunTime:0.0004s ]
SQL: SELECT * FROM `book_node` WHERE ( pid=13 )  [ RunTime:0.0004s ]
SQL: SELECT * FROM `book_node` WHERE ( pid=12 )  [ RunTime:0.0004s ]
SQL: SELECT * FROM `book_node` WHERE ( pid=11 )  [ RunTime:0.0004s ]
SQL: SELECT * FROM `book_node` WHERE ( pid=18 )  [ RunTime:0.0006s ]
SQL: SELECT * FROM `book_node` WHERE ( pid=14 )  [ RunTime:0.0006s ]
SQL: SELECT * FROM `book_node` WHERE ( pid=15 )  [ RunTime:0.0004s ]
SQL: SELECT * FROM `book_node` WHERE ( pid=16 )  [ RunTime:0.0005s ]
SQL: SELECT * FROM `book_node` WHERE ( pid=17 )  [ RunTime:0.0004s ]
SQL: SELECT * FROM `book_node` WHERE ( pid=22 )  [ RunTime:0.0005s ]
SQL: SELECT * FROM `book_node` WHERE ( pid=23 )  [ RunTime:0.0004s ]
SQL: SELECT * FROM `book_node` WHERE ( pid=24 )  [ RunTime:0.0004s ]
SQL: SELECT * FROM `book_node` WHERE ( pid=25 )  [ RunTime:0.0004s ]
SQL: SELECT * FROM `book_node` WHERE ( pid=26 )  [ RunTime:0.0004s ]
SQL: SELECT * FROM `book_node` WHERE ( pid=27 )  [ RunTime:0.0004s ]
SQL: SELECT * FROM `book_node` WHERE ( pid=28 )  [ RunTime:0.0004s ]
SQL: SELECT * FROM `book_node` WHERE ( pid=29 )  [ RunTime:0.0005s ]
SQL: SELECT * FROM `book_node` WHERE ( pid=30 )  [ RunTime:0.0004s ]
SQL: SELECT * FROM `book_node` WHERE ( pid=31 )  [ RunTime:0.0004s ]
SQL: SELECT * FROM `book_node` WHERE ( pid=32 )  [ RunTime:0.0004s ]
SQL: SELECT * FROM `book_node` WHERE ( pid=33 )  [ RunTime:0.0004s ]
SQL: SELECT * FROM `book_node` WHERE ( pid=34 )  [ RunTime:0.0004s ]
SQL: SELECT * FROM `book_node` WHERE ( pid=35 )  [ RunTime:0.0004s ]
SQL: SELECT * FROM `book_node` WHERE ( pid=37 )  [ RunTime:0.0004s ]
SQL: SELECT * FROM `book_node` WHERE ( pid=38 )  [ RunTime:0.0006s ]
SQL: SELECT * FROM `book_node` WHERE ( pid=39 )  [ RunTime:0.0006s ]
SQL: SELECT * FROM `book_node` WHERE ( pid=40 )  [ RunTime:0.0004s ]
SQL: SELECT * FROM `book_node` WHERE ( pid=41 )  [ RunTime:0.0005s ]
INFO: [ view_parse ] --START--
INFO: [ template_filter ] --START--
INFO: Run Behavior\ContentReplaceBehavior [ RunTime:0.000117s ]
INFO: [ template_filter ] --END-- [ RunTime:0.000235s ]
INFO: Run Behavior\ParseTemplateBehavior [ RunTime:0.054602s ]
INFO: [ view_parse ] --END-- [ RunTime:0.054774s ]
INFO: [ view_filter ] --START--
INFO: Run Behavior\WriteHtmlCacheBehavior [ RunTime:0.000523s ]
INFO: [ view_filter ] --END-- [ RunTime:0.000649s ]
INFO: [ app_end ] --START--
INFO: Run Behavior\ShowPageTraceBehavior [ RunTime:0.001265s ]
INFO: [ app_end ] --END-- [ RunTime:0.001447s ]

[ 2016-04-17T14:21:08+08:00 ] ::1 /boke/TP/index.php/Admin/Limits/node.html
INFO: [ app_init ] --START--
INFO: Run Behavior\BuildLiteBehavior [ RunTime:0.000017s ]
INFO: [ app_init ] --END-- [ RunTime:0.000362s ]
INFO: [ app_begin ] --START--
INFO: Run Behavior\ReadHtmlCacheBehavior [ RunTime:0.000548s ]
INFO: [ app_begin ] --END-- [ RunTime:0.000613s ]
SQL: SHOW COLUMNS FROM `book_node` [ RunTime:0.0065s ]
NOTIC: [8] Undefined index: p D:\WWW\boke\TP\Application\Admin\Controller\LimitsController.class.php 第 297 行.
NOTIC: [8] Undefined index: limit D:\WWW\boke\TP\ThinkPHP\Library\Think\Db\Driver.class.php 第 950 行.
SQL: SELECT * FROM `book_node` LIMIT 0,20   [ RunTime:0.0008s ]
SQL: SELECT COUNT(*) AS tp_count FROM `book_node` LIMIT 1   [ RunTime:0.0004s ]
INFO: [ view_parse ] --START--
INFO: [ template_filter ] --START--
INFO: Run Behavior\ContentReplaceBehavior [ RunTime:0.000095s ]
INFO: [ template_filter ] --END-- [ RunTime:0.000204s ]
INFO: Run Behavior\ParseTemplateBehavior [ RunTime:0.019909s ]
INFO: [ view_parse ] --END-- [ RunTime:0.020114s ]
INFO: [ view_filter ] --START--
INFO: Run Behavior\WriteHtmlCacheBehavior [ RunTime:0.001395s ]
INFO: [ view_filter ] --END-- [ RunTime:0.001572s ]
INFO: [ app_end ] --START--
INFO: Run Behavior\ShowPageTraceBehavior [ RunTime:0.002865s ]
INFO: [ app_end ] --END-- [ RunTime:0.003032s ]

[ 2016-04-17T14:21:16+08:00 ] ::1 /boke/TP/index.php/Admin/Limits/login_show.html
INFO: [ app_init ] --START--
INFO: Run Behavior\BuildLiteBehavior [ RunTime:0.000018s ]
INFO: [ app_init ] --END-- [ RunTime:0.000351s ]
INFO: [ app_begin ] --START--
INFO: Run Behavior\ReadHtmlCacheBehavior [ RunTime:0.000475s ]
INFO: [ app_begin ] --END-- [ RunTime:0.000564s ]
SQL: SHOW COLUMNS FROM `book_login` [ RunTime:0.0028s ]
SQL: SELECT * FROM `book_login`  [ RunTime:0.0003s ]
INFO: [ view_parse ] --START--
INFO: [ template_filter ] --START--
INFO: Run Behavior\ContentReplaceBehavior [ RunTime:0.000076s ]
INFO: [ template_filter ] --END-- [ RunTime:0.000152s ]
NOTIC: [8] Undefined variable: page D:\WWW\boke\TP\Application\Runtime\Cache\Admin\dbedbd599ce91e47638caa57866c8f84.php 第 102 行.
INFO: Run Behavior\ParseTemplateBehavior [ RunTime:0.063890s ]
INFO: [ view_parse ] --END-- [ RunTime:0.063963s ]
INFO: [ view_filter ] --START--
INFO: Run Behavior\WriteHtmlCacheBehavior [ RunTime:0.000252s ]
INFO: [ view_filter ] --END-- [ RunTime:0.000307s ]
INFO: [ app_end ] --START--
INFO: Run Behavior\ShowPageTraceBehavior [ RunTime:0.000521s ]
INFO: [ app_end ] --END-- [ RunTime:0.000592s ]

[ 2016-04-17T14:21:18+08:00 ] ::1 /boke/TP/index.php/Admin/Limits/login_add
INFO: [ app_init ] --START--
INFO: Run Behavior\BuildLiteBehavior [ RunTime:0.000019s ]
INFO: [ app_init ] --END-- [ RunTime:0.000393s ]
INFO: [ app_begin ] --START--
INFO: Run Behavior\ReadHtmlCacheBehavior [ RunTime:0.000499s ]
INFO: [ app_begin ] --END-- [ RunTime:0.000575s ]
SQL: SHOW COLUMNS FROM `book_role` [ RunTime:0.0095s ]
SQL: SELECT * FROM `book_role`  [ RunTime:0.0014s ]
INFO: [ view_parse ] --START--
INFO: [ template_filter ] --START--
INFO: Run Behavior\ContentReplaceBehavior [ RunTime:0.000165s ]
INFO: [ template_filter ] --END-- [ RunTime:0.000301s ]
INFO: Run Behavior\ParseTemplateBehavior [ RunTime:0.083091s ]
INFO: [ view_parse ] --END-- [ RunTime:0.083376s ]
INFO: [ view_filter ] --START--
INFO: Run Behavior\WriteHtmlCacheBehavior [ RunTime:0.000520s ]
INFO: [ view_filter ] --END-- [ RunTime:0.000621s ]
INFO: [ app_end ] --START--
INFO: Run Behavior\ShowPageTraceBehavior [ RunTime:0.000945s ]
INFO: [ app_end ] --END-- [ RunTime:0.001053s ]

[ 2016-04-17T18:53:55+08:00 ] ::1 /boke/TP/index.php/Admin/Limits/login_add
INFO: [ app_init ] --START--
INFO: Run Behavior\BuildLiteBehavior [ RunTime:0.000046s ]
INFO: [ app_init ] --END-- [ RunTime:0.000756s ]
INFO: [ app_begin ] --START--
INFO: Run Behavior\ReadHtmlCacheBehavior [ RunTime:0.000813s ]
INFO: [ app_begin ] --END-- [ RunTime:0.000925s ]
SQL: SHOW COLUMNS FROM `book_role` [ RunTime:0.0036s ]
SQL: SELECT * FROM `book_role`  [ RunTime:0.0003s ]
INFO: [ view_parse ] --START--
INFO: [ template_filter ] --START--
INFO: Run Behavior\ContentReplaceBehavior [ RunTime:0.000091s ]
INFO: [ template_filter ] --END-- [ RunTime:0.000181s ]
INFO: Run Behavior\ParseTemplateBehavior [ RunTime:0.013722s ]
INFO: [ view_parse ] --END-- [ RunTime:0.013818s ]
INFO: [ view_filter ] --START--
INFO: Run Behavior\WriteHtmlCacheBehavior [ RunTime:0.000321s ]
INFO: [ view_filter ] --END-- [ RunTime:0.000387s ]
INFO: [ app_end ] --START--
INFO: Run Behavior\ShowPageTraceBehavior [ RunTime:0.000571s ]
INFO: [ app_end ] --END-- [ RunTime:0.000639s ]

[ 2016-04-17T19:05:25+08:00 ] ::1 /boke/TP/index.php/Admin/Photo/photo.html
INFO: [ app_init ] --START--
INFO: Run Behavior\BuildLiteBehavior [ RunTime:0.000022s ]
INFO: [ app_init ] --END-- [ RunTime:0.000614s ]
INFO: [ app_begin ] --START--
INFO: Run Behavior\ReadHtmlCacheBehavior [ RunTime:0.000782s ]
INFO: [ app_begin ] --END-- [ RunTime:0.000904s ]
SQL: SHOW COLUMNS FROM `book_photo` [ RunTime:0.0552s ]
SQL: SELECT * FROM `book_photo` ORDER BY id asc LIMIT 0,20   [ RunTime:0.0258s ]
SQL: SELECT COUNT(*) AS tp_count FROM `book_photo` LIMIT 1   [ RunTime:0.0002s ]
INFO: [ view_parse ] --START--
INFO: [ template_filter ] --START--
INFO: Run Behavior\ContentReplaceBehavior [ RunTime:0.000088s ]
INFO: [ template_filter ] --END-- [ RunTime:0.000166s ]
INFO: Run Behavior\ParseTemplateBehavior [ RunTime:0.011424s ]
INFO: [ view_parse ] --END-- [ RunTime:0.011526s ]
INFO: [ view_filter ] --START--
INFO: Run Behavior\WriteHtmlCacheBehavior [ RunTime:0.000519s ]
INFO: [ view_filter ] --END-- [ RunTime:0.000618s ]
INFO: [ app_end ] --START--
INFO: Run Behavior\ShowPageTraceBehavior [ RunTime:0.000832s ]
INFO: [ app_end ] --END-- [ RunTime:0.000924s ]

[ 2016-04-17T19:06:56+08:00 ] ::1 /boke/TP/index.php/Admin/Photo/photo/p/2.html
INFO: [ app_init ] --START--
INFO: Run Behavior\BuildLiteBehavior [ RunTime:0.000022s ]
INFO: [ app_init ] --END-- [ RunTime:0.000408s ]
INFO: [ app_begin ] --START--
INFO: Run Behavior\ReadHtmlCacheBehavior [ RunTime:0.000547s ]
INFO: [ app_begin ] --END-- [ RunTime:0.000630s ]
SQL: SHOW COLUMNS FROM `book_photo` [ RunTime:0.0071s ]
SQL: SELECT * FROM `book_photo` ORDER BY id asc LIMIT 20,20   [ RunTime:0.0014s ]
SQL: SELECT COUNT(*) AS tp_count FROM `book_photo` LIMIT 1   [ RunTime:0.0004s ]
INFO: [ view_parse ] --START--
INFO: [ template_filter ] --START--
INFO: Run Behavior\ContentReplaceBehavior [ RunTime:0.000156s ]
INFO: [ template_filter ] --END-- [ RunTime:0.000299s ]
INFO: Run Behavior\ParseTemplateBehavior [ RunTime:0.019567s ]
INFO: [ view_parse ] --END-- [ RunTime:0.019757s ]
INFO: [ view_filter ] --START--
INFO: Run Behavior\WriteHtmlCacheBehavior [ RunTime:0.000608s ]
INFO: [ view_filter ] --END-- [ RunTime:0.000735s ]
INFO: [ app_end ] --START--
INFO: Run Behavior\ShowPageTraceBehavior [ RunTime:0.001300s ]
INFO: [ app_end ] --END-- [ RunTime:0.001468s ]

[ 2016-04-17T19:07:31+08:00 ] ::1 /boke/TP/index.php/Admin/Photo/photo/p/3.html
INFO: [ app_init ] --START--
INFO: Run Behavior\BuildLiteBehavior [ RunTime:0.000027s ]
INFO: [ app_init ] --END-- [ RunTime:0.000528s ]
INFO: [ app_begin ] --START--
INFO: Run Behavior\ReadHtmlCacheBehavior [ RunTime:0.002187s ]
INFO: [ app_begin ] --END-- [ RunTime:0.002403s ]
SQL: SHOW COLUMNS FROM `book_photo` [ RunTime:0.0047s ]
SQL: SELECT * FROM `book_photo` ORDER BY id asc LIMIT 40,20   [ RunTime:0.0013s ]
SQL: SELECT COUNT(*) AS tp_count FROM `book_photo` LIMIT 1   [ RunTime:0.0003s ]
INFO: [ view_parse ] --START--
INFO: [ template_filter ] --START--
INFO: Run Behavior\ContentReplaceBehavior [ RunTime:0.000124s ]
INFO: [ template_filter ] --END-- [ RunTime:0.000242s ]
INFO: Run Behavior\ParseTemplateBehavior [ RunTime:0.017661s ]
INFO: [ view_parse ] --END-- [ RunTime:0.017810s ]
INFO: [ view_filter ] --START--
INFO: Run Behavior\WriteHtmlCacheBehavior [ RunTime:0.001028s ]
INFO: [ view_filter ] --END-- [ RunTime:0.001153s ]
INFO: [ app_end ] --START--
INFO: Run Behavior\ShowPageTraceBehavior [ RunTime:0.001139s ]
INFO: [ app_end ] --END-- [ RunTime:0.001264s ]

[ 2016-04-17T20:38:05+08:00 ] ::1 /boke/TP/index.php/Admin/Limits/login_show.html
INFO: [ app_init ] --START--
INFO: Run Behavior\BuildLiteBehavior [ RunTime:0.000026s ]
INFO: [ app_init ] --END-- [ RunTime:0.000889s ]
INFO: [ app_begin ] --START--
INFO: Run Behavior\ReadHtmlCacheBehavior [ RunTime:0.000647s ]
INFO: [ app_begin ] --END-- [ RunTime:0.000721s ]
SQL: SHOW COLUMNS FROM `book_login` [ RunTime:0.0505s ]
SQL: SELECT * FROM `book_login`  [ RunTime:0.0003s ]
INFO: [ view_parse ] --START--
INFO: [ template_filter ] --START--
INFO: Run Behavior\ContentReplaceBehavior [ RunTime:0.000075s ]
INFO: [ template_filter ] --END-- [ RunTime:0.000166s ]
NOTIC: [8] Undefined variable: page D:\WWW\boke\TP\Application\Runtime\Cache\Admin\dbedbd599ce91e47638caa57866c8f84.php 第 102 行.
INFO: Run Behavior\ParseTemplateBehavior [ RunTime:0.029164s ]
INFO: [ view_parse ] --END-- [ RunTime:0.029246s ]
INFO: [ view_filter ] --START--
INFO: Run Behavior\WriteHtmlCacheBehavior [ RunTime:0.000296s ]
INFO: [ view_filter ] --END-- [ RunTime:0.000345s ]
INFO: [ app_end ] --START--
INFO: Run Behavior\ShowPageTraceBehavior [ RunTime:0.000544s ]
INFO: [ app_end ] --END-- [ RunTime:0.000608s ]

[ 2016-04-17T20:38:08+08:00 ] ::1 /boke/TP/index.php/Admin/Limits/login_add
INFO: [ app_init ] --START--
INFO: Run Behavior\BuildLiteBehavior [ RunTime:0.000014s ]
INFO: [ app_init ] --END-- [ RunTime:0.000295s ]
INFO: [ app_begin ] --START--
INFO: Run Behavior\ReadHtmlCacheBehavior [ RunTime:0.000412s ]
INFO: [ app_begin ] --END-- [ RunTime:0.000506s ]
SQL: SHOW COLUMNS FROM `book_role` [ RunTime:0.0188s ]
SQL: SELECT * FROM `book_role`  [ RunTime:0.0006s ]
INFO: [ view_parse ] --START--
INFO: [ template_filter ] --START--
INFO: Run Behavior\ContentReplaceBehavior [ RunTime:0.000116s ]
INFO: [ template_filter ] --END-- [ RunTime:0.000232s ]
INFO: Run Behavior\ParseTemplateBehavior [ RunTime:0.025996s ]
INFO: [ view_parse ] --END-- [ RunTime:0.026139s ]
INFO: [ view_filter ] --START--
INFO: Run Behavior\WriteHtmlCacheBehavior [ RunTime:0.000467s ]
INFO: [ view_filter ] --END-- [ RunTime:0.000565s ]
INFO: [ app_end ] --START--
INFO: Run Behavior\ShowPageTraceBehavior [ RunTime:0.001163s ]
INFO: [ app_end ] --END-- [ RunTime:0.001321s ]

[ 2016-04-17T20:38:14+08:00 ] ::1 /boke/TP/index.php/Admin/Limits/login_add_pro
INFO: [ app_init ] --START--
INFO: Run Behavior\BuildLiteBehavior [ RunTime:0.000015s ]
INFO: [ app_init ] --END-- [ RunTime:0.000318s ]
INFO: [ app_begin ] --START--
INFO: Run Behavior\ReadHtmlCacheBehavior [ RunTime:0.000418s ]
INFO: [ app_begin ] --END-- [ RunTime:0.000479s ]

[ 2016-04-17T20:45:42+08:00 ] ::1 /boke/TP/index.php/Admin/Limits/role.html
INFO: [ app_init ] --START--
INFO: Run Behavior\BuildLiteBehavior [ RunTime:0.000027s ]
INFO: [ app_init ] --END-- [ RunTime:0.000643s ]
INFO: [ app_begin ] --START--
INFO: Run Behavior\ReadHtmlCacheBehavior [ RunTime:0.000997s ]
INFO: [ app_begin ] --END-- [ RunTime:0.001115s ]
SQL: SHOW COLUMNS FROM `book_role` [ RunTime:0.0094s ]
SQL: SELECT * FROM `book_role`  [ RunTime:0.0006s ]
INFO: [ view_parse ] --START--
INFO: [ template_filter ] --START--
INFO: Run Behavior\ContentReplaceBehavior [ RunTime:0.000100s ]
INFO: [ template_filter ] --END-- [ RunTime:0.000204s ]
NOTIC: [8] Undefined variable: page D:\WWW\boke\TP\Application\Runtime\Cache\Admin\966b65895833c4b60a3d421e99f4ebd6.php 第 99 行.
INFO: Run Behavior\ParseTemplateBehavior [ RunTime:0.055539s ]
INFO: [ view_parse ] --END-- [ RunTime:0.055699s ]
INFO: [ view_filter ] --START--
INFO: Run Behavior\WriteHtmlCacheBehavior [ RunTime:0.000640s ]
INFO: [ view_filter ] --END-- [ RunTime:0.000731s ]
INFO: [ app_end ] --START--
INFO: Run Behavior\ShowPageTraceBehavior [ RunTime:0.000904s ]
INFO: [ app_end ] --END-- [ RunTime:0.000994s ]

[ 2016-04-17T20:45:46+08:00 ] ::1 /boke/TP/index.php/Admin/Limits/role_add
INFO: [ app_init ] --START--
INFO: Run Behavior\BuildLiteBehavior [ RunTime:0.000023s ]
INFO: [ app_init ] --END-- [ RunTime:0.001263s ]
INFO: [ app_begin ] --START--
INFO: Run Behavior\ReadHtmlCacheBehavior [ RunTime:0.000565s ]
INFO: [ app_begin ] --END-- [ RunTime:0.000638s ]
SQL: SHOW COLUMNS FROM `book_node` [ RunTime:0.0808s ]
SQL: SELECT * FROM `book_node`  [ RunTime:0.0065s ]
SQL: SELECT * FROM `book_node` WHERE ( pid=0 )  [ RunTime:0.0004s ]
SQL: SELECT * FROM `book_node` WHERE ( pid=2 )  [ RunTime:0.0005s ]
SQL: SELECT * FROM `book_node` WHERE ( pid=4 )  [ RunTime:0.0004s ]
SQL: SELECT * FROM `book_node` WHERE ( pid=14 )  [ RunTime:0.0004s ]
SQL: SELECT * FROM `book_node` WHERE ( pid=22 )  [ RunTime:0.0005s ]
SQL: SELECT * FROM `book_node` WHERE ( pid=27 )  [ RunTime:0.0004s ]
SQL: SELECT * FROM `book_node` WHERE ( pid=29 )  [ RunTime:0.0003s ]
SQL: SELECT * FROM `book_node` WHERE ( pid=33 )  [ RunTime:0.0003s ]
SQL: SELECT * FROM `book_node` WHERE ( pid=37 )  [ RunTime:0.0003s ]
SQL: SELECT * FROM `book_node` WHERE ( pid=39 )  [ RunTime:0.0003s ]
INFO: [ view_parse ] --START--
INFO: [ template_filter ] --START--
INFO: Run Behavior\ContentReplaceBehavior [ RunTime:0.000091s ]
INFO: [ template_filter ] --END-- [ RunTime:0.000178s ]
INFO: Run Behavior\ParseTemplateBehavior [ RunTime:0.027152s ]
INFO: [ view_parse ] --END-- [ RunTime:0.027274s ]
INFO: [ view_filter ] --START--
INFO: Run Behavior\WriteHtmlCacheBehavior [ RunTime:0.000487s ]
INFO: [ view_filter ] --END-- [ RunTime:0.000597s ]
INFO: [ app_end ] --START--
INFO: Run Behavior\ShowPageTraceBehavior [ RunTime:0.001044s ]
INFO: [ app_end ] --END-- [ RunTime:0.001238s ]

