[ 2016-04-19T08:28:03+08:00 ] 127.0.0.1 /boke/TP/index.php/Admin/
INFO: [ app_init ] --START--
INFO: Run Behavior\BuildLiteBehavior [ RunTime:0.000288s ]
INFO: [ app_init ] --END-- [ RunTime:0.002594s ]
INFO: [ app_begin ] --START--
INFO: Run Behavior\ReadHtmlCacheBehavior [ RunTime:0.001555s ]
INFO: [ app_begin ] --END-- [ RunTime:0.001779s ]

[ 2016-04-19T08:28:06+08:00 ] 127.0.0.1 /boke/TP/index.php/Admin/Login/login.html
INFO: [ app_init ] --START--
INFO: Run Behavior\BuildLiteBehavior [ RunTime:0.000046s ]
INFO: [ app_init ] --END-- [ RunTime:0.001016s ]
INFO: [ app_begin ] --START--
INFO: Run Behavior\ReadHtmlCacheBehavior [ RunTime:0.001362s ]
INFO: [ app_begin ] --END-- [ RunTime:0.001568s ]
INFO: [ view_parse ] --START--
INFO: [ template_filter ] --START--
INFO: Run Behavior\ContentReplaceBehavior [ RunTime:0.000164s ]
INFO: [ template_filter ] --END-- [ RunTime:0.000401s ]
INFO: Run Behavior\ParseTemplateBehavior [ RunTime:0.051479s ]
INFO: [ view_parse ] --END-- [ RunTime:0.051747s ]
INFO: [ view_filter ] --START--
INFO: Run Behavior\WriteHtmlCacheBehavior [ RunTime:0.000671s ]
INFO: [ view_filter ] --END-- [ RunTime:0.000828s ]
INFO: [ app_end ] --START--
INFO: Run Behavior\ShowPageTraceBehavior [ RunTime:0.001574s ]
INFO: [ app_end ] --END-- [ RunTime:0.001865s ]

[ 2016-04-19T08:28:52+08:00 ] 127.0.0.1 /boke/TP/index.php/Admin/Login/login.html
INFO: [ app_init ] --START--
INFO: Run Behavior\BuildLiteBehavior [ RunTime:0.000054s ]
INFO: [ app_init ] --END-- [ RunTime:0.001293s ]
INFO: [ app_begin ] --START--
INFO: Run Behavior\ReadHtmlCacheBehavior [ RunTime:0.002353s ]
INFO: [ app_begin ] --END-- [ RunTime:0.002679s ]
INFO: [ view_parse ] --START--
INFO: [ template_filter ] --START--
INFO: Run Behavior\ContentReplaceBehavior [ RunTime:0.000155s ]
INFO: [ template_filter ] --END-- [ RunTime:0.000380s ]
INFO: Run Behavior\ParseTemplateBehavior [ RunTime:0.022711s ]
INFO: [ view_parse ] --END-- [ RunTime:0.023000s ]
INFO: [ view_filter ] --START--
INFO: Run Behavior\WriteHtmlCacheBehavior [ RunTime:0.001073s ]
INFO: [ view_filter ] --END-- [ RunTime:0.001326s ]
INFO: [ app_end ] --START--
INFO: Run Behavior\ShowPageTraceBehavior [ RunTime:0.002189s ]
INFO: [ app_end ] --END-- [ RunTime:0.002490s ]

[ 2016-04-19T08:28:58+08:00 ] 127.0.0.1 /boke/TP/index.php/Admin/Login/user_login
INFO: [ app_init ] --START--
INFO: Run Behavior\BuildLiteBehavior [ RunTime:0.000047s ]
INFO: [ app_init ] --END-- [ RunTime:0.001380s ]
INFO: [ app_begin ] --START--
INFO: Run Behavior\ReadHtmlCacheBehavior [ RunTime:0.002619s ]
INFO: [ app_begin ] --END-- [ RunTime:0.002930s ]
SQL: SHOW COLUMNS FROM `book_login` [ RunTime:0.0896s ]
SQL: SELECT * FROM `book_login` WHERE ( username='秦林慧' ) LIMIT 1   [ RunTime:0.0009s ]
SQL: SHOW COLUMNS FROM `book_login_role` [ RunTime:0.0449s ]
SQL: SELECT `role_id` FROM `book_login_role` WHERE ( r_id='1' )  [ RunTime:0.0009s ]
SQL: SHOW COLUMNS FROM `book_role_node` [ RunTime:0.0458s ]
SQL: SELECT * FROM `book_role_node` INNER JOIN book_node on book_role_node.node_id=book_node.node_id  WHERE ( role_id in(1) )  [ RunTime:0.0344s ]
INFO: [ view_parse ] --START--
INFO: [ template_filter ] --START--
INFO: Run Behavior\ContentReplaceBehavior [ RunTime:0.000128s ]
INFO: [ template_filter ] --END-- [ RunTime:0.000360s ]
INFO: Run Behavior\ParseTemplateBehavior [ RunTime:0.031433s ]
INFO: [ view_parse ] --END-- [ RunTime:0.031773s ]
INFO: [ view_filter ] --START--
INFO: Run Behavior\WriteHtmlCacheBehavior [ RunTime:0.000880s ]
INFO: [ view_filter ] --END-- [ RunTime:0.001105s ]
INFO: [ app_end ] --START--
INFO: Run Behavior\ShowPageTraceBehavior [ RunTime:0.002166s ]
INFO: [ app_end ] --END-- [ RunTime:0.002490s ]

[ 2016-04-19T08:29:00+08:00 ] 127.0.0.1 /boke/TP/index.php/Admin/Login/login.html
INFO: [ app_init ] --START--
INFO: Run Behavior\BuildLiteBehavior [ RunTime:0.000075s ]
INFO: [ app_init ] --END-- [ RunTime:0.001643s ]
INFO: [ app_begin ] --START--
INFO: Run Behavior\ReadHtmlCacheBehavior [ RunTime:0.002609s ]
INFO: [ app_begin ] --END-- [ RunTime:0.003002s ]
INFO: [ view_parse ] --START--
INFO: [ template_filter ] --START--
INFO: Run Behavior\ContentReplaceBehavior [ RunTime:0.000149s ]
INFO: [ template_filter ] --END-- [ RunTime:0.000373s ]
INFO: Run Behavior\ParseTemplateBehavior [ RunTime:0.022768s ]
INFO: [ view_parse ] --END-- [ RunTime:0.023119s ]
INFO: [ view_filter ] --START--
INFO: Run Behavior\WriteHtmlCacheBehavior [ RunTime:0.001071s ]
INFO: [ view_filter ] --END-- [ RunTime:0.001288s ]
INFO: [ app_end ] --START--
INFO: Run Behavior\ShowPageTraceBehavior [ RunTime:0.002097s ]
INFO: [ app_end ] --END-- [ RunTime:0.002380s ]

[ 2016-04-19T08:32:34+08:00 ] 127.0.0.1 /boke/TP/index.php/Admin/Login/user_login
INFO: [ app_init ] --START--
INFO: Run Behavior\BuildLiteBehavior [ RunTime:0.000058s ]
INFO: [ app_init ] --END-- [ RunTime:0.001774s ]
INFO: [ app_begin ] --START--
INFO: Run Behavior\ReadHtmlCacheBehavior [ RunTime:0.002360s ]
INFO: [ app_begin ] --END-- [ RunTime:0.002678s ]
SQL: SHOW COLUMNS FROM `book_login` [ RunTime:0.0100s ]
SQL: SELECT * FROM `book_login` WHERE ( username='秦林慧' ) LIMIT 1   [ RunTime:0.0008s ]
SQL: SHOW COLUMNS FROM `book_login_role` [ RunTime:0.0084s ]
SQL: SELECT `role_id` FROM `book_login_role` WHERE ( r_id='1' )  [ RunTime:0.0008s ]
SQL: SHOW COLUMNS FROM `book_role_node` [ RunTime:0.0121s ]
SQL: SELECT * FROM `book_role_node` INNER JOIN book_node on book_role_node.node_id=book_node.node_id  WHERE ( role_id in(1) )  [ RunTime:0.0010s ]

[ 2016-04-19T08:32:34+08:00 ] 127.0.0.1 /boke/TP/index.php/Admin/Index/index.html
INFO: [ app_init ] --START--
INFO: Run Behavior\BuildLiteBehavior [ RunTime:0.000047s ]
INFO: [ app_init ] --END-- [ RunTime:0.001027s ]
INFO: [ app_begin ] --START--
INFO: Run Behavior\ReadHtmlCacheBehavior [ RunTime:0.001353s ]
INFO: [ app_begin ] --END-- [ RunTime:0.001556s ]
INFO: [ view_parse ] --START--
INFO: [ template_filter ] --START--
INFO: Run Behavior\ContentReplaceBehavior [ RunTime:0.000191s ]
INFO: [ template_filter ] --END-- [ RunTime:0.000526s ]
INFO: Run Behavior\ParseTemplateBehavior [ RunTime:0.058940s ]
INFO: [ view_parse ] --END-- [ RunTime:0.059335s ]
INFO: [ view_filter ] --START--
INFO: Run Behavior\WriteHtmlCacheBehavior [ RunTime:0.001504s ]
INFO: [ view_filter ] --END-- [ RunTime:0.001767s ]
INFO: [ app_end ] --START--
INFO: Run Behavior\ShowPageTraceBehavior [ RunTime:0.004312s ]
INFO: [ app_end ] --END-- [ RunTime:0.004643s ]

[ 2016-04-19T08:32:47+08:00 ] 127.0.0.1 /boke/TP/index.php/Admin/Login/tuichu.html
INFO: [ app_init ] --START--
INFO: Run Behavior\BuildLiteBehavior [ RunTime:0.000057s ]
INFO: [ app_init ] --END-- [ RunTime:0.001424s ]
INFO: [ app_begin ] --START--
INFO: Run Behavior\ReadHtmlCacheBehavior [ RunTime:0.002156s ]
INFO: [ app_begin ] --END-- [ RunTime:0.002707s ]
INFO: [ view_parse ] --START--
INFO: [ template_filter ] --START--
INFO: Run Behavior\ContentReplaceBehavior [ RunTime:0.000191s ]
INFO: [ template_filter ] --END-- [ RunTime:0.000580s ]
INFO: Run Behavior\ParseTemplateBehavior [ RunTime:0.032794s ]
INFO: [ view_parse ] --END-- [ RunTime:0.033158s ]
INFO: [ view_filter ] --START--
INFO: Run Behavior\WriteHtmlCacheBehavior [ RunTime:0.001109s ]
INFO: [ view_filter ] --END-- [ RunTime:0.001427s ]
INFO: [ app_end ] --START--
INFO: Run Behavior\ShowPageTraceBehavior [ RunTime:0.002661s ]
INFO: [ app_end ] --END-- [ RunTime:0.002970s ]

[ 2016-04-19T08:32:48+08:00 ] 127.0.0.1 /boke/TP/index.php/Admin/Login/login.html
INFO: [ app_init ] --START--
INFO: Run Behavior\BuildLiteBehavior [ RunTime:0.000050s ]
INFO: [ app_init ] --END-- [ RunTime:0.001395s ]
INFO: [ app_begin ] --START--
INFO: Run Behavior\ReadHtmlCacheBehavior [ RunTime:0.001694s ]
INFO: [ app_begin ] --END-- [ RunTime:0.001969s ]
INFO: [ view_parse ] --START--
INFO: [ template_filter ] --START--
INFO: Run Behavior\ContentReplaceBehavior [ RunTime:0.000159s ]
INFO: [ template_filter ] --END-- [ RunTime:0.000380s ]
INFO: Run Behavior\ParseTemplateBehavior [ RunTime:0.023684s ]
INFO: [ view_parse ] --END-- [ RunTime:0.024045s ]
INFO: [ view_filter ] --START--
INFO: Run Behavior\WriteHtmlCacheBehavior [ RunTime:0.001142s ]
INFO: [ view_filter ] --END-- [ RunTime:0.001405s ]
INFO: [ app_end ] --START--
INFO: Run Behavior\ShowPageTraceBehavior [ RunTime:0.001914s ]
INFO: [ app_end ] --END-- [ RunTime:0.002165s ]

[ 2016-04-19T08:32:54+08:00 ] 127.0.0.1 /boke/TP/index.php/Admin/Login/user_login
INFO: [ app_init ] --START--
INFO: Run Behavior\BuildLiteBehavior [ RunTime:0.000046s ]
INFO: [ app_init ] --END-- [ RunTime:0.001049s ]
INFO: [ app_begin ] --START--
INFO: Run Behavior\ReadHtmlCacheBehavior [ RunTime:0.001525s ]
INFO: [ app_begin ] --END-- [ RunTime:0.001743s ]
SQL: SHOW COLUMNS FROM `book_login` [ RunTime:0.0125s ]
SQL: SELECT * FROM `book_login` WHERE ( username='秦林慧' ) LIMIT 1   [ RunTime:0.0015s ]
SQL: SHOW COLUMNS FROM `book_login_role` [ RunTime:0.0140s ]
SQL: SELECT `role_id` FROM `book_login_role` WHERE ( r_id='1' )  [ RunTime:0.0016s ]
SQL: SHOW COLUMNS FROM `book_role_node` [ RunTime:0.0120s ]
SQL: SELECT * FROM `book_role_node` INNER JOIN book_node on book_role_node.node_id=book_node.node_id  WHERE ( role_id in(1) )  [ RunTime:0.0010s ]

[ 2016-04-19T08:32:54+08:00 ] 127.0.0.1 /boke/TP/index.php/Admin/Index/index.html
INFO: [ app_init ] --START--
INFO: Run Behavior\BuildLiteBehavior [ RunTime:0.000047s ]
INFO: [ app_init ] --END-- [ RunTime:0.001157s ]
INFO: [ app_begin ] --START--
INFO: Run Behavior\ReadHtmlCacheBehavior [ RunTime:0.002237s ]
INFO: [ app_begin ] --END-- [ RunTime:0.002542s ]
INFO: [ view_parse ] --START--
INFO: [ template_filter ] --START--
INFO: Run Behavior\ContentReplaceBehavior [ RunTime:0.000246s ]
INFO: [ template_filter ] --END-- [ RunTime:0.000465s ]
INFO: Run Behavior\ParseTemplateBehavior [ RunTime:0.029136s ]
INFO: [ view_parse ] --END-- [ RunTime:0.029426s ]
INFO: [ view_filter ] --START--
INFO: Run Behavior\WriteHtmlCacheBehavior [ RunTime:0.002395s ]
INFO: [ view_filter ] --END-- [ RunTime:0.002600s ]
INFO: [ app_end ] --START--
INFO: Run Behavior\ShowPageTraceBehavior [ RunTime:0.001735s ]
INFO: [ app_end ] --END-- [ RunTime:0.001937s ]

[ 2016-04-19T08:33:10+08:00 ] 127.0.0.1 /boke/TP/index.php/Admin/Login/tuichu.html
INFO: [ app_init ] --START--
INFO: Run Behavior\BuildLiteBehavior [ RunTime:0.000049s ]
INFO: [ app_init ] --END-- [ RunTime:0.001378s ]
INFO: [ app_begin ] --START--
INFO: Run Behavior\ReadHtmlCacheBehavior [ RunTime:0.002544s ]
INFO: [ app_begin ] --END-- [ RunTime:0.002853s ]
INFO: [ view_parse ] --START--
INFO: [ template_filter ] --START--
INFO: Run Behavior\ContentReplaceBehavior [ RunTime:0.000129s ]
INFO: [ template_filter ] --END-- [ RunTime:0.000340s ]
INFO: Run Behavior\ParseTemplateBehavior [ RunTime:0.037221s ]
INFO: [ view_parse ] --END-- [ RunTime:0.037587s ]
INFO: [ view_filter ] --START--
INFO: Run Behavior\WriteHtmlCacheBehavior [ RunTime:0.002320s ]
INFO: [ view_filter ] --END-- [ RunTime:0.002628s ]
INFO: [ app_end ] --START--
INFO: Run Behavior\ShowPageTraceBehavior [ RunTime:0.002337s ]
INFO: [ app_end ] --END-- [ RunTime:0.002636s ]

[ 2016-04-19T08:33:11+08:00 ] 127.0.0.1 /boke/TP/index.php/Admin/Login/login.html
INFO: [ app_init ] --START--
INFO: Run Behavior\BuildLiteBehavior [ RunTime:0.000084s ]
INFO: [ app_init ] --END-- [ RunTime:0.002362s ]
INFO: [ app_begin ] --START--
INFO: Run Behavior\ReadHtmlCacheBehavior [ RunTime:0.003065s ]
INFO: [ app_begin ] --END-- [ RunTime:0.003480s ]
INFO: [ view_parse ] --START--
INFO: [ template_filter ] --START--
INFO: Run Behavior\ContentReplaceBehavior [ RunTime:0.000247s ]
INFO: [ template_filter ] --END-- [ RunTime:0.000695s ]
INFO: Run Behavior\ParseTemplateBehavior [ RunTime:0.027451s ]
INFO: [ view_parse ] --END-- [ RunTime:0.027772s ]
INFO: [ view_filter ] --START--
INFO: Run Behavior\WriteHtmlCacheBehavior [ RunTime:0.000911s ]
INFO: [ view_filter ] --END-- [ RunTime:0.001140s ]
INFO: [ app_end ] --START--
INFO: Run Behavior\ShowPageTraceBehavior [ RunTime:0.004276s ]
INFO: [ app_end ] --END-- [ RunTime:0.004621s ]

[ 2016-04-19T08:33:16+08:00 ] 127.0.0.1 /boke/TP/index.php/Admin/Login/user_login
INFO: [ app_init ] --START--
INFO: Run Behavior\BuildLiteBehavior [ RunTime:0.000059s ]
INFO: [ app_init ] --END-- [ RunTime:0.001360s ]
INFO: [ app_begin ] --START--
INFO: Run Behavior\ReadHtmlCacheBehavior [ RunTime:0.002402s ]
INFO: [ app_begin ] --END-- [ RunTime:0.002769s ]
SQL: SHOW COLUMNS FROM `book_login` [ RunTime:0.0093s ]
SQL: SELECT * FROM `book_login` WHERE ( username='秦林慧' ) LIMIT 1   [ RunTime:0.0009s ]
SQL: SHOW COLUMNS FROM `book_login_role` [ RunTime:0.0092s ]
SQL: SELECT `role_id` FROM `book_login_role` WHERE ( r_id='1' )  [ RunTime:0.0008s ]
SQL: SHOW COLUMNS FROM `book_role_node` [ RunTime:0.0096s ]
SQL: SELECT * FROM `book_role_node` INNER JOIN book_node on book_role_node.node_id=book_node.node_id  WHERE ( role_id in(1) )  [ RunTime:0.0017s ]

[ 2016-04-19T08:33:19+08:00 ] 127.0.0.1 /boke/TP/index.php/Admin/Index/index.html
INFO: [ app_init ] --START--
INFO: Run Behavior\BuildLiteBehavior [ RunTime:0.000046s ]
INFO: [ app_init ] --END-- [ RunTime:0.001009s ]
INFO: [ app_begin ] --START--
INFO: Run Behavior\ReadHtmlCacheBehavior [ RunTime:0.002797s ]
INFO: [ app_begin ] --END-- [ RunTime:0.003105s ]
INFO: [ view_parse ] --START--
INFO: [ template_filter ] --START--
INFO: Run Behavior\ContentReplaceBehavior [ RunTime:0.000192s ]
INFO: [ template_filter ] --END-- [ RunTime:0.000441s ]
INFO: Run Behavior\ParseTemplateBehavior [ RunTime:0.039068s ]
INFO: [ view_parse ] --END-- [ RunTime:0.039304s ]
INFO: [ view_filter ] --START--
INFO: Run Behavior\WriteHtmlCacheBehavior [ RunTime:0.000746s ]
INFO: [ view_filter ] --END-- [ RunTime:0.000908s ]
INFO: [ app_end ] --START--
INFO: Run Behavior\ShowPageTraceBehavior [ RunTime:0.001468s ]
INFO: [ app_end ] --END-- [ RunTime:0.001736s ]

[ 2016-04-19T08:33:27+08:00 ] 127.0.0.1 /boke/TP/index.php/Admin/Login/tuichu.html
INFO: [ app_init ] --START--
INFO: Run Behavior\BuildLiteBehavior [ RunTime:0.000081s ]
INFO: [ app_init ] --END-- [ RunTime:0.002056s ]
INFO: [ app_begin ] --START--
INFO: Run Behavior\ReadHtmlCacheBehavior [ RunTime:0.001587s ]
INFO: [ app_begin ] --END-- [ RunTime:0.001902s ]
INFO: [ view_parse ] --START--
INFO: [ template_filter ] --START--
INFO: Run Behavior\ContentReplaceBehavior [ RunTime:0.000252s ]
INFO: [ template_filter ] --END-- [ RunTime:0.000563s ]
INFO: Run Behavior\ParseTemplateBehavior [ RunTime:0.028383s ]
INFO: [ view_parse ] --END-- [ RunTime:0.028657s ]
INFO: [ view_filter ] --START--
INFO: Run Behavior\WriteHtmlCacheBehavior [ RunTime:0.001142s ]
INFO: [ view_filter ] --END-- [ RunTime:0.001368s ]
INFO: [ app_end ] --START--
INFO: Run Behavior\ShowPageTraceBehavior [ RunTime:0.001897s ]
INFO: [ app_end ] --END-- [ RunTime:0.002198s ]

[ 2016-04-19T08:33:29+08:00 ] 127.0.0.1 /boke/TP/index.php/Admin/Login/login.html
INFO: [ app_init ] --START--
INFO: Run Behavior\BuildLiteBehavior [ RunTime:0.000053s ]
INFO: [ app_init ] --END-- [ RunTime:0.001370s ]
INFO: [ app_begin ] --START--
INFO: Run Behavior\ReadHtmlCacheBehavior [ RunTime:0.001964s ]
INFO: [ app_begin ] --END-- [ RunTime:0.002224s ]
INFO: [ view_parse ] --START--
INFO: [ template_filter ] --START--
INFO: Run Behavior\ContentReplaceBehavior [ RunTime:0.000177s ]
INFO: [ template_filter ] --END-- [ RunTime:0.000406s ]
INFO: Run Behavior\ParseTemplateBehavior [ RunTime:0.028364s ]
INFO: [ view_parse ] --END-- [ RunTime:0.028628s ]
INFO: [ view_filter ] --START--
INFO: Run Behavior\WriteHtmlCacheBehavior [ RunTime:0.000741s ]
INFO: [ view_filter ] --END-- [ RunTime:0.000898s ]
INFO: [ app_end ] --START--
INFO: Run Behavior\ShowPageTraceBehavior [ RunTime:0.001528s ]
INFO: [ app_end ] --END-- [ RunTime:0.001709s ]

[ 2016-04-19T08:33:35+08:00 ] 127.0.0.1 /boke/TP/index.php/Admin/Login/user_login
INFO: [ app_init ] --START--
INFO: Run Behavior\BuildLiteBehavior [ RunTime:0.000049s ]
INFO: [ app_init ] --END-- [ RunTime:0.001046s ]
INFO: [ app_begin ] --START--
INFO: Run Behavior\ReadHtmlCacheBehavior [ RunTime:0.001364s ]
INFO: [ app_begin ] --END-- [ RunTime:0.001645s ]
SQL: SHOW COLUMNS FROM `book_login` [ RunTime:0.0110s ]
SQL: SELECT * FROM `book_login` WHERE ( username='秦林慧' ) LIMIT 1   [ RunTime:0.0010s ]
SQL: SHOW COLUMNS FROM `book_login_role` [ RunTime:0.0082s ]
SQL: SELECT `role_id` FROM `book_login_role` WHERE ( r_id='1' )  [ RunTime:0.0008s ]
SQL: SHOW COLUMNS FROM `book_role_node` [ RunTime:0.0106s ]
SQL: SELECT * FROM `book_role_node` INNER JOIN book_node on book_role_node.node_id=book_node.node_id  WHERE ( role_id in(1) )  [ RunTime:0.0009s ]

[ 2016-04-19T08:33:35+08:00 ] 127.0.0.1 /boke/TP/index.php/Admin/Index/index.html
INFO: [ app_init ] --START--
INFO: Run Behavior\BuildLiteBehavior [ RunTime:0.000059s ]
INFO: [ app_init ] --END-- [ RunTime:0.001041s ]
INFO: [ app_begin ] --START--
INFO: Run Behavior\ReadHtmlCacheBehavior [ RunTime:0.004711s ]
INFO: [ app_begin ] --END-- [ RunTime:0.004964s ]
INFO: [ view_parse ] --START--
INFO: [ template_filter ] --START--
INFO: Run Behavior\ContentReplaceBehavior [ RunTime:0.000240s ]
INFO: [ template_filter ] --END-- [ RunTime:0.000540s ]
INFO: Run Behavior\ParseTemplateBehavior [ RunTime:0.032358s ]
INFO: [ view_parse ] --END-- [ RunTime:0.032720s ]
INFO: [ view_filter ] --START--
INFO: Run Behavior\WriteHtmlCacheBehavior [ RunTime:0.000821s ]
INFO: [ view_filter ] --END-- [ RunTime:0.000997s ]
INFO: [ app_end ] --START--
INFO: Run Behavior\ShowPageTraceBehavior [ RunTime:0.001430s ]
INFO: [ app_end ] --END-- [ RunTime:0.001622s ]

[ 2016-04-19T08:33:52+08:00 ] 127.0.0.1 /boke/TP/index.php/Admin/Login/tuichu.html
INFO: [ app_init ] --START--
INFO: Run Behavior\BuildLiteBehavior [ RunTime:0.000048s ]
INFO: [ app_init ] --END-- [ RunTime:0.001267s ]
INFO: [ app_begin ] --START--
INFO: Run Behavior\ReadHtmlCacheBehavior [ RunTime:0.002361s ]
INFO: [ app_begin ] --END-- [ RunTime:0.002912s ]
INFO: [ view_parse ] --START--
INFO: [ template_filter ] --START--
INFO: Run Behavior\ContentReplaceBehavior [ RunTime:0.000130s ]
INFO: [ template_filter ] --END-- [ RunTime:0.000350s ]
INFO: Run Behavior\ParseTemplateBehavior [ RunTime:0.021842s ]
INFO: [ view_parse ] --END-- [ RunTime:0.022491s ]
INFO: [ view_filter ] --START--
INFO: Run Behavior\WriteHtmlCacheBehavior [ RunTime:0.001066s ]
INFO: [ view_filter ] --END-- [ RunTime:0.001354s ]
INFO: [ app_end ] --START--
INFO: Run Behavior\ShowPageTraceBehavior [ RunTime:0.001646s ]
INFO: [ app_end ] --END-- [ RunTime:0.001890s ]

[ 2016-04-19T08:33:53+08:00 ] 127.0.0.1 /boke/TP/index.php/Admin/Login/login.html
INFO: [ app_init ] --START--
INFO: Run Behavior\BuildLiteBehavior [ RunTime:0.000069s ]
INFO: [ app_init ] --END-- [ RunTime:0.001494s ]
INFO: [ app_begin ] --START--
INFO: Run Behavior\ReadHtmlCacheBehavior [ RunTime:0.002087s ]
INFO: [ app_begin ] --END-- [ RunTime:0.002417s ]
INFO: [ view_parse ] --START--
INFO: [ template_filter ] --START--
INFO: Run Behavior\ContentReplaceBehavior [ RunTime:0.000148s ]
INFO: [ template_filter ] --END-- [ RunTime:0.000365s ]
INFO: Run Behavior\ParseTemplateBehavior [ RunTime:0.022065s ]
INFO: [ view_parse ] --END-- [ RunTime:0.022354s ]
INFO: [ view_filter ] --START--
INFO: Run Behavior\WriteHtmlCacheBehavior [ RunTime:0.001077s ]
INFO: [ view_filter ] --END-- [ RunTime:0.001295s ]
INFO: [ app_end ] --START--
INFO: Run Behavior\ShowPageTraceBehavior [ RunTime:0.003055s ]
INFO: [ app_end ] --END-- [ RunTime:0.003829s ]

[ 2016-04-19T08:33:58+08:00 ] 127.0.0.1 /boke/TP/index.php/Admin/Login/user_login
INFO: [ app_init ] --START--
INFO: Run Behavior\BuildLiteBehavior [ RunTime:0.000048s ]
INFO: [ app_init ] --END-- [ RunTime:0.001018s ]
INFO: [ app_begin ] --START--
INFO: Run Behavior\ReadHtmlCacheBehavior [ RunTime:0.001421s ]
INFO: [ app_begin ] --END-- [ RunTime:0.001664s ]
SQL: SHOW COLUMNS FROM `book_login` [ RunTime:0.0107s ]
SQL: SELECT * FROM `book_login` WHERE ( username='秦林慧' ) LIMIT 1   [ RunTime:0.0008s ]
SQL: SHOW COLUMNS FROM `book_login_role` [ RunTime:0.0092s ]
SQL: SELECT `role_id` FROM `book_login_role` WHERE ( r_id='1' )  [ RunTime:0.0011s ]
SQL: SHOW COLUMNS FROM `book_role_node` [ RunTime:0.0092s ]
SQL: SELECT * FROM `book_role_node` INNER JOIN book_node on book_role_node.node_id=book_node.node_id  WHERE ( role_id in(1) )  [ RunTime:0.0009s ]

[ 2016-04-19T08:33:59+08:00 ] 127.0.0.1 /boke/TP/index.php/Admin/Index/index.html
INFO: [ app_init ] --START--
INFO: Run Behavior\BuildLiteBehavior [ RunTime:0.000062s ]
INFO: [ app_init ] --END-- [ RunTime:0.001129s ]
INFO: [ app_begin ] --START--
INFO: Run Behavior\ReadHtmlCacheBehavior [ RunTime:0.001517s ]
INFO: [ app_begin ] --END-- [ RunTime:0.001756s ]
INFO: [ view_parse ] --START--
INFO: [ template_filter ] --START--
INFO: Run Behavior\ContentReplaceBehavior [ RunTime:0.000194s ]
INFO: [ template_filter ] --END-- [ RunTime:0.000401s ]
INFO: Run Behavior\ParseTemplateBehavior [ RunTime:0.026788s ]
INFO: [ view_parse ] --END-- [ RunTime:0.027083s ]
INFO: [ view_filter ] --START--
INFO: Run Behavior\WriteHtmlCacheBehavior [ RunTime:0.000877s ]
INFO: [ view_filter ] --END-- [ RunTime:0.001045s ]
INFO: [ app_end ] --START--
INFO: Run Behavior\ShowPageTraceBehavior [ RunTime:0.001778s ]
INFO: [ app_end ] --END-- [ RunTime:0.001973s ]

[ 2016-04-19T08:34:03+08:00 ] 127.0.0.1 /boke/TP/index.php/Admin/Login/tuichu.html
INFO: [ app_init ] --START--
INFO: Run Behavior\BuildLiteBehavior [ RunTime:0.000074s ]
INFO: [ app_init ] --END-- [ RunTime:0.001716s ]
INFO: [ app_begin ] --START--
INFO: Run Behavior\ReadHtmlCacheBehavior [ RunTime:0.002187s ]
INFO: [ app_begin ] --END-- [ RunTime:0.003662s ]
INFO: [ view_parse ] --START--
INFO: [ template_filter ] --START--
INFO: Run Behavior\ContentReplaceBehavior [ RunTime:0.000198s ]
INFO: [ template_filter ] --END-- [ RunTime:0.000480s ]
INFO: Run Behavior\ParseTemplateBehavior [ RunTime:0.021998s ]
INFO: [ view_parse ] --END-- [ RunTime:0.022223s ]
INFO: [ view_filter ] --START--
INFO: Run Behavior\WriteHtmlCacheBehavior [ RunTime:0.000908s ]
INFO: [ view_filter ] --END-- [ RunTime:0.001165s ]
INFO: [ app_end ] --START--
INFO: Run Behavior\ShowPageTraceBehavior [ RunTime:0.002437s ]
INFO: [ app_end ] --END-- [ RunTime:0.002766s ]

[ 2016-04-19T08:34:05+08:00 ] 127.0.0.1 /boke/TP/index.php/Admin/Login/login.html
INFO: [ app_init ] --START--
INFO: Run Behavior\BuildLiteBehavior [ RunTime:0.000075s ]
INFO: [ app_init ] --END-- [ RunTime:0.001711s ]
INFO: [ app_begin ] --START--
INFO: Run Behavior\ReadHtmlCacheBehavior [ RunTime:0.002954s ]
INFO: [ app_begin ] --END-- [ RunTime:0.003559s ]
INFO: [ view_parse ] --START--
INFO: [ template_filter ] --START--
INFO: Run Behavior\ContentReplaceBehavior [ RunTime:0.000381s ]
INFO: [ template_filter ] --END-- [ RunTime:0.000870s ]
INFO: Run Behavior\ParseTemplateBehavior [ RunTime:0.027555s ]
INFO: [ view_parse ] --END-- [ RunTime:0.027914s ]
INFO: [ view_filter ] --START--
INFO: Run Behavior\WriteHtmlCacheBehavior [ RunTime:0.001286s ]
INFO: [ view_filter ] --END-- [ RunTime:0.001585s ]
INFO: [ app_end ] --START--
INFO: Run Behavior\ShowPageTraceBehavior [ RunTime:0.001755s ]
INFO: [ app_end ] --END-- [ RunTime:0.001995s ]

[ 2016-04-19T08:47:29+08:00 ] 127.0.0.1 /boke/TP/index.php/Admin/Login/user_login
INFO: [ app_init ] --START--
INFO: Run Behavior\BuildLiteBehavior [ RunTime:0.000081s ]
INFO: [ app_init ] --END-- [ RunTime:0.004745s ]
INFO: [ app_begin ] --START--
INFO: Run Behavior\ReadHtmlCacheBehavior [ RunTime:0.008341s ]
INFO: [ app_begin ] --END-- [ RunTime:0.009032s ]
SQL: SHOW COLUMNS FROM `book_login` [ RunTime:0.0250s ]
SQL: SELECT * FROM `book_login` WHERE ( username='秦林慧' ) LIMIT 1   [ RunTime:0.0011s ]
SQL: SHOW COLUMNS FROM `book_login_role` [ RunTime:0.0147s ]
SQL: SELECT `role_id` FROM `book_login_role` WHERE ( r_id='1' )  [ RunTime:0.0008s ]
SQL: SHOW COLUMNS FROM `book_role_node` [ RunTime:0.0142s ]
SQL: SELECT * FROM `book_role_node` INNER JOIN book_node on book_role_node.node_id=book_node.node_id  WHERE ( role_id in(1) )  [ RunTime:0.0012s ]

[ 2016-04-19T08:47:29+08:00 ] 127.0.0.1 /boke/TP/index.php/Admin/Index/index.html
INFO: [ app_init ] --START--
INFO: Run Behavior\BuildLiteBehavior [ RunTime:0.000052s ]
INFO: [ app_init ] --END-- [ RunTime:0.001508s ]
INFO: [ app_begin ] --START--
INFO: Run Behavior\ReadHtmlCacheBehavior [ RunTime:0.004815s ]
INFO: [ app_begin ] --END-- [ RunTime:0.006364s ]
INFO: [ view_parse ] --START--
INFO: [ template_filter ] --START--
INFO: Run Behavior\ContentReplaceBehavior [ RunTime:0.000196s ]
INFO: [ template_filter ] --END-- [ RunTime:0.000408s ]
INFO: Run Behavior\ParseTemplateBehavior [ RunTime:0.102352s ]
INFO: [ view_parse ] --END-- [ RunTime:0.102643s ]
INFO: [ view_filter ] --START--
INFO: Run Behavior\WriteHtmlCacheBehavior [ RunTime:0.018402s ]
INFO: [ view_filter ] --END-- [ RunTime:0.018829s ]
INFO: [ app_end ] --START--
INFO: Run Behavior\ShowPageTraceBehavior [ RunTime:0.004449s ]
INFO: [ app_end ] --END-- [ RunTime:0.004824s ]

[ 2016-04-19T21:27:51+08:00 ] ::1 /boke/TP/index.php/Admin/
INFO: [ app_init ] --START--
INFO: Run Behavior\BuildLiteBehavior [ RunTime:0.000082s ]
INFO: [ app_init ] --END-- [ RunTime:0.003453s ]
INFO: [ app_begin ] --START--
INFO: Run Behavior\ReadHtmlCacheBehavior [ RunTime:0.010303s ]
INFO: [ app_begin ] --END-- [ RunTime:0.060576s ]

[ 2016-04-19T21:27:54+08:00 ] ::1 /boke/TP/index.php/Admin/Login/login.html
INFO: [ app_init ] --START--
INFO: Run Behavior\BuildLiteBehavior [ RunTime:0.000044s ]
INFO: [ app_init ] --END-- [ RunTime:0.001068s ]
INFO: [ app_begin ] --START--
INFO: Run Behavior\ReadHtmlCacheBehavior [ RunTime:0.003124s ]
INFO: [ app_begin ] --END-- [ RunTime:0.003575s ]
INFO: [ view_parse ] --START--
INFO: [ template_filter ] --START--
INFO: Run Behavior\ContentReplaceBehavior [ RunTime:0.000250s ]
INFO: [ template_filter ] --END-- [ RunTime:0.000748s ]
INFO: Run Behavior\ParseTemplateBehavior [ RunTime:0.082361s ]
INFO: [ view_parse ] --END-- [ RunTime:0.083005s ]
INFO: [ view_filter ] --START--
INFO: Run Behavior\WriteHtmlCacheBehavior [ RunTime:0.004915s ]
INFO: [ view_filter ] --END-- [ RunTime:0.006552s ]
INFO: [ app_end ] --START--
INFO: Run Behavior\ShowPageTraceBehavior [ RunTime:0.005928s ]
INFO: [ app_end ] --END-- [ RunTime:0.006312s ]

[ 2016-04-19T21:28:03+08:00 ] ::1 /boke/TP/index.php/Admin/Login/user_login
INFO: [ app_init ] --START--
INFO: Run Behavior\BuildLiteBehavior [ RunTime:0.000050s ]
INFO: [ app_init ] --END-- [ RunTime:0.001275s ]
INFO: [ app_begin ] --START--
INFO: Run Behavior\ReadHtmlCacheBehavior [ RunTime:0.003765s ]
INFO: [ app_begin ] --END-- [ RunTime:0.004114s ]
SQL: SHOW COLUMNS FROM `book_login` [ RunTime:0.0875s ]
SQL: SELECT * FROM `book_login` WHERE ( username='秦林慧' ) LIMIT 1   [ RunTime:0.0017s ]
INFO: [ view_parse ] --START--
INFO: [ template_filter ] --START--
INFO: Run Behavior\ContentReplaceBehavior [ RunTime:0.000314s ]
INFO: [ template_filter ] --END-- [ RunTime:0.000933s ]
INFO: Run Behavior\ParseTemplateBehavior [ RunTime:0.104128s ]
INFO: [ view_parse ] --END-- [ RunTime:0.104662s ]
INFO: [ view_filter ] --START--
INFO: Run Behavior\WriteHtmlCacheBehavior [ RunTime:0.005990s ]
INFO: [ view_filter ] --END-- [ RunTime:0.006440s ]

[ 2016-04-19T21:28:12+08:00 ] ::1 /boke/TP/index.php/Admin/Login/user_login
INFO: [ app_init ] --START--
INFO: Run Behavior\BuildLiteBehavior [ RunTime:0.000063s ]
INFO: [ app_init ] --END-- [ RunTime:0.002197s ]
INFO: [ app_begin ] --START--
INFO: Run Behavior\ReadHtmlCacheBehavior [ RunTime:0.002468s ]
INFO: [ app_begin ] --END-- [ RunTime:0.002821s ]
SQL: SHOW COLUMNS FROM `book_login` [ RunTime:0.0405s ]
SQL: SELECT * FROM `book_login` WHERE ( username='秦林慧' ) LIMIT 1   [ RunTime:0.0018s ]
SQL: SHOW COLUMNS FROM `book_login_role` [ RunTime:0.0476s ]
SQL: SELECT `role_id` FROM `book_login_role` WHERE ( r_id='1' )  [ RunTime:0.0024s ]
SQL: SHOW COLUMNS FROM `book_role_node` [ RunTime:0.0755s ]
SQL: SELECT * FROM `book_role_node` INNER JOIN book_node on book_role_node.node_id=book_node.node_id  WHERE ( role_id in(1) )  [ RunTime:0.0019s ]

[ 2016-04-19T21:28:12+08:00 ] ::1 /boke/TP/index.php/Admin/Index/index.html
INFO: [ app_init ] --START--
INFO: Run Behavior\BuildLiteBehavior [ RunTime:0.000048s ]
INFO: [ app_init ] --END-- [ RunTime:0.001162s ]
INFO: [ app_begin ] --START--
INFO: Run Behavior\ReadHtmlCacheBehavior [ RunTime:0.005967s ]
INFO: [ app_begin ] --END-- [ RunTime:0.006561s ]
INFO: [ view_parse ] --START--
INFO: [ template_filter ] --START--
INFO: Run Behavior\ContentReplaceBehavior [ RunTime:0.000364s ]
INFO: [ template_filter ] --END-- [ RunTime:0.000704s ]
INFO: Run Behavior\ParseTemplateBehavior [ RunTime:0.223180s ]
INFO: [ view_parse ] --END-- [ RunTime:0.260247s ]
INFO: [ view_filter ] --START--
INFO: Run Behavior\WriteHtmlCacheBehavior [ RunTime:0.005440s ]
INFO: [ view_filter ] --END-- [ RunTime:0.006237s ]
INFO: [ app_end ] --START--
INFO: Run Behavior\ShowPageTraceBehavior [ RunTime:0.009700s ]
INFO: [ app_end ] --END-- [ RunTime:0.067695s ]

[ 2016-04-19T21:28:18+08:00 ] ::1 /boke/TP/index.php/Admin/Limits/role.html
INFO: [ app_init ] --START--
INFO: Run Behavior\BuildLiteBehavior [ RunTime:0.000125s ]
INFO: [ app_init ] --END-- [ RunTime:0.002538s ]
INFO: [ app_begin ] --START--
INFO: Run Behavior\ReadHtmlCacheBehavior [ RunTime:0.003463s ]
INFO: [ app_begin ] --END-- [ RunTime:0.003822s ]
SQL: SHOW COLUMNS FROM `book_role` [ RunTime:0.0471s ]
SQL: SELECT * FROM `book_role`  [ RunTime:0.0006s ]
INFO: [ view_parse ] --START--
INFO: [ template_filter ] --START--
INFO: Run Behavior\ContentReplaceBehavior [ RunTime:0.000327s ]
INFO: [ template_filter ] --END-- [ RunTime:0.000671s ]
NOTIC: [8] Undefined variable: page D:\WWW\boke\TP\Application\Runtime\Cache\Admin\966b65895833c4b60a3d421e99f4ebd6.php 第 99 行.
INFO: Run Behavior\ParseTemplateBehavior [ RunTime:0.050694s ]
INFO: [ view_parse ] --END-- [ RunTime:0.050931s ]
INFO: [ view_filter ] --START--
INFO: Run Behavior\WriteHtmlCacheBehavior [ RunTime:0.002350s ]
INFO: [ view_filter ] --END-- [ RunTime:0.002645s ]
INFO: [ app_end ] --START--
INFO: Run Behavior\ShowPageTraceBehavior [ RunTime:0.003312s ]
INFO: [ app_end ] --END-- [ RunTime:0.004146s ]

[ 2016-04-19T21:28:23+08:00 ] ::1 /boke/TP/index.php/Admin/Limits/node.html
INFO: [ app_init ] --START--
INFO: Run Behavior\BuildLiteBehavior [ RunTime:0.001151s ]
INFO: [ app_init ] --END-- [ RunTime:0.006789s ]
INFO: [ app_begin ] --START--
INFO: Run Behavior\ReadHtmlCacheBehavior [ RunTime:0.006393s ]
INFO: [ app_begin ] --END-- [ RunTime:0.007012s ]
SQL: SHOW COLUMNS FROM `book_node` [ RunTime:0.0093s ]
NOTIC: [8] Undefined index: p D:\WWW\boke\TP\Application\Admin\Controller\LimitsController.class.php 第 294 行.
NOTIC: [8] Undefined index: limit D:\WWW\boke\TP\ThinkPHP\Library\Think\Db\Driver.class.php 第 950 行.
SQL: SELECT * FROM `book_node` LIMIT 0,20   [ RunTime:0.0009s ]
SQL: SELECT COUNT(*) AS tp_count FROM `book_node` LIMIT 1   [ RunTime:0.0005s ]
INFO: [ view_parse ] --START--
INFO: [ template_filter ] --START--
INFO: Run Behavior\ContentReplaceBehavior [ RunTime:0.000149s ]
INFO: [ template_filter ] --END-- [ RunTime:0.000317s ]
INFO: Run Behavior\ParseTemplateBehavior [ RunTime:0.077154s ]
INFO: [ view_parse ] --END-- [ RunTime:0.077402s ]
INFO: [ view_filter ] --START--
INFO: Run Behavior\WriteHtmlCacheBehavior [ RunTime:0.001221s ]
INFO: [ view_filter ] --END-- [ RunTime:0.001349s ]
INFO: [ app_end ] --START--
INFO: Run Behavior\ShowPageTraceBehavior [ RunTime:0.002093s ]
INFO: [ app_end ] --END-- [ RunTime:0.002270s ]

[ 2016-04-19T21:28:27+08:00 ] ::1 /boke/TP/index.php/Admin/Limits/node_add
INFO: [ app_init ] --START--
INFO: Run Behavior\BuildLiteBehavior [ RunTime:0.000330s ]
INFO: [ app_init ] --END-- [ RunTime:0.002789s ]
INFO: [ app_begin ] --START--
INFO: Run Behavior\ReadHtmlCacheBehavior [ RunTime:0.071205s ]
INFO: [ app_begin ] --END-- [ RunTime:0.072174s ]
SQL: SHOW COLUMNS FROM `book_node` [ RunTime:0.0636s ]
SQL: SELECT * FROM `book_node`  [ RunTime:0.0019s ]
INFO: [ view_parse ] --START--
INFO: [ template_filter ] --START--
INFO: Run Behavior\ContentReplaceBehavior [ RunTime:0.000472s ]
INFO: [ template_filter ] --END-- [ RunTime:0.001136s ]
INFO: Run Behavior\ParseTemplateBehavior [ RunTime:0.089362s ]
INFO: [ view_parse ] --END-- [ RunTime:0.089872s ]
INFO: [ view_filter ] --START--
INFO: Run Behavior\WriteHtmlCacheBehavior [ RunTime:0.011598s ]
INFO: [ view_filter ] --END-- [ RunTime:0.012072s ]
INFO: [ app_end ] --START--
INFO: Run Behavior\ShowPageTraceBehavior [ RunTime:0.014252s ]
INFO: [ app_end ] --END-- [ RunTime:0.015295s ]

[ 2016-04-19T21:29:22+08:00 ] ::1 /boke/TP/index.php/Admin/Limits/role.html
INFO: [ app_init ] --START--
INFO: Run Behavior\BuildLiteBehavior [ RunTime:0.000054s ]
INFO: [ app_init ] --END-- [ RunTime:0.002360s ]
INFO: [ app_begin ] --START--
INFO: Run Behavior\ReadHtmlCacheBehavior [ RunTime:0.004757s ]
INFO: [ app_begin ] --END-- [ RunTime:0.006249s ]
SQL: SHOW COLUMNS FROM `book_role` [ RunTime:0.0277s ]
SQL: SELECT * FROM `book_role`  [ RunTime:0.0012s ]
INFO: [ view_parse ] --START--
INFO: [ template_filter ] --START--
INFO: Run Behavior\ContentReplaceBehavior [ RunTime:0.002852s ]
INFO: [ template_filter ] --END-- [ RunTime:0.007472s ]
NOTIC: [8] Undefined variable: page D:\WWW\boke\TP\Application\Runtime\Cache\Admin\966b65895833c4b60a3d421e99f4ebd6.php 第 99 行.
INFO: Run Behavior\ParseTemplateBehavior [ RunTime:0.241449s ]
INFO: [ view_parse ] --END-- [ RunTime:0.243650s ]
INFO: [ view_filter ] --START--
INFO: Run Behavior\WriteHtmlCacheBehavior [ RunTime:0.030522s ]
INFO: [ view_filter ] --END-- [ RunTime:0.031835s ]
INFO: [ app_end ] --START--
INFO: Run Behavior\ShowPageTraceBehavior [ RunTime:0.062018s ]
INFO: [ app_end ] --END-- [ RunTime:0.062764s ]

[ 2016-04-19T21:29:26+08:00 ] ::1 /boke/TP/index.php/Admin/Limits/role_add
INFO: [ app_init ] --START--
INFO: Run Behavior\BuildLiteBehavior [ RunTime:0.000092s ]
INFO: [ app_init ] --END-- [ RunTime:0.002394s ]
INFO: [ app_begin ] --START--
INFO: Run Behavior\ReadHtmlCacheBehavior [ RunTime:0.052798s ]
INFO: [ app_begin ] --END-- [ RunTime:0.055436s ]
SQL: SHOW COLUMNS FROM `book_node` [ RunTime:0.0585s ]
SQL: SELECT * FROM `book_node`  [ RunTime:0.0026s ]
SQL: SELECT * FROM `book_node` WHERE ( pid=0 )  [ RunTime:0.0032s ]
SQL: SELECT * FROM `book_node` WHERE ( pid=2 )  [ RunTime:0.0020s ]
SQL: SELECT * FROM `book_node` WHERE ( pid=4 )  [ RunTime:0.0029s ]
SQL: SELECT * FROM `book_node` WHERE ( pid=14 )  [ RunTime:0.0027s ]
SQL: SELECT * FROM `book_node` WHERE ( pid=22 )  [ RunTime:0.0021s ]
SQL: SELECT * FROM `book_node` WHERE ( pid=27 )  [ RunTime:0.0015s ]
SQL: SELECT * FROM `book_node` WHERE ( pid=29 )  [ RunTime:0.0010s ]
SQL: SELECT * FROM `book_node` WHERE ( pid=33 )  [ RunTime:0.0027s ]
SQL: SELECT * FROM `book_node` WHERE ( pid=37 )  [ RunTime:0.0028s ]
SQL: SELECT * FROM `book_node` WHERE ( pid=39 )  [ RunTime:0.0056s ]
INFO: [ view_parse ] --START--
INFO: [ template_filter ] --START--
INFO: Run Behavior\ContentReplaceBehavior [ RunTime:0.000428s ]
INFO: [ template_filter ] --END-- [ RunTime:0.000874s ]
INFO: Run Behavior\ParseTemplateBehavior [ RunTime:0.127283s ]
INFO: [ view_parse ] --END-- [ RunTime:0.127754s ]
INFO: [ view_filter ] --START--
INFO: Run Behavior\WriteHtmlCacheBehavior [ RunTime:0.008239s ]
INFO: [ view_filter ] --END-- [ RunTime:0.008831s ]
INFO: [ app_end ] --START--
INFO: Run Behavior\ShowPageTraceBehavior [ RunTime:0.098885s ]
INFO: [ app_end ] --END-- [ RunTime:0.100032s ]

[ 2016-04-19T21:29:30+08:00 ] ::1 /boke/TP/index.php/Admin/Limits/role.html
INFO: [ app_init ] --START--
INFO: Run Behavior\BuildLiteBehavior [ RunTime:0.000089s ]
INFO: [ app_init ] --END-- [ RunTime:0.002956s ]
INFO: [ app_begin ] --START--
INFO: Run Behavior\ReadHtmlCacheBehavior [ RunTime:0.002897s ]
INFO: [ app_begin ] --END-- [ RunTime:0.003168s ]
SQL: SHOW COLUMNS FROM `book_role` [ RunTime:0.0080s ]
SQL: SELECT * FROM `book_role`  [ RunTime:0.0006s ]
INFO: [ view_parse ] --START--
INFO: [ template_filter ] --START--
INFO: Run Behavior\ContentReplaceBehavior [ RunTime:0.000156s ]
INFO: [ template_filter ] --END-- [ RunTime:0.000333s ]
NOTIC: [8] Undefined variable: page D:\WWW\boke\TP\Application\Runtime\Cache\Admin\966b65895833c4b60a3d421e99f4ebd6.php 第 99 行.
INFO: Run Behavior\ParseTemplateBehavior [ RunTime:0.052678s ]
INFO: [ view_parse ] --END-- [ RunTime:0.053068s ]
INFO: [ view_filter ] --START--
INFO: Run Behavior\WriteHtmlCacheBehavior [ RunTime:0.001215s ]
INFO: [ view_filter ] --END-- [ RunTime:0.001398s ]
INFO: [ app_end ] --START--
INFO: Run Behavior\ShowPageTraceBehavior [ RunTime:0.001684s ]
INFO: [ app_end ] --END-- [ RunTime:0.001825s ]

