[ 2016-04-21T09:55:05+08:00 ] ::1 /boke/TP/index.php/Admin/
INFO: [ app_init ] --START--
INFO: Run Behavior\BuildLiteBehavior [ RunTime:0.000015s ]
INFO: [ app_init ] --END-- [ RunTime:0.000403s ]
INFO: [ app_begin ] --START--
INFO: Run Behavior\ReadHtmlCacheBehavior [ RunTime:0.000853s ]
INFO: [ app_begin ] --END-- [ RunTime:0.000959s ]

[ 2016-04-21T09:55:07+08:00 ] ::1 /boke/TP/index.php/Admin/Login/login.html
INFO: [ app_init ] --START--
INFO: Run Behavior\BuildLiteBehavior [ RunTime:0.000030s ]
INFO: [ app_init ] --END-- [ RunTime:0.000868s ]
INFO: [ app_begin ] --START--
INFO: Run Behavior\ReadHtmlCacheBehavior [ RunTime:0.001245s ]
INFO: [ app_begin ] --END-- [ RunTime:0.001369s ]
INFO: [ view_parse ] --START--
INFO: [ template_filter ] --START--
INFO: Run Behavior\ContentReplaceBehavior [ RunTime:0.000090s ]
INFO: [ template_filter ] --END-- [ RunTime:0.000216s ]
INFO: Run Behavior\ParseTemplateBehavior [ RunTime:0.070444s ]
INFO: [ view_parse ] --END-- [ RunTime:0.070630s ]
INFO: [ view_filter ] --START--
INFO: Run Behavior\WriteHtmlCacheBehavior [ RunTime:0.001357s ]
INFO: [ view_filter ] --END-- [ RunTime:0.001477s ]
INFO: [ app_end ] --START--
INFO: Run Behavior\ShowPageTraceBehavior [ RunTime:0.001389s ]
INFO: [ app_end ] --END-- [ RunTime:0.001506s ]

[ 2016-04-21T09:55:12+08:00 ] ::1 /boke/TP/index.php/Admin/Login/user_login
INFO: [ app_init ] --START--
INFO: Run Behavior\BuildLiteBehavior [ RunTime:0.000028s ]
INFO: [ app_init ] --END-- [ RunTime:0.000686s ]
INFO: [ app_begin ] --START--
INFO: Run Behavior\ReadHtmlCacheBehavior [ RunTime:0.001247s ]
INFO: [ app_begin ] --END-- [ RunTime:0.001380s ]
SQL: SHOW COLUMNS FROM `book_login` [ RunTime:0.0426s ]
SQL: SELECT * FROM `book_login` WHERE ( username='秦林慧' ) LIMIT 1   [ RunTime:0.0011s ]
SQL: SHOW COLUMNS FROM `book_login_role` [ RunTime:0.0346s ]
SQL: SELECT `role_id` FROM `book_login_role` WHERE ( r_id='1' )  [ RunTime:0.0008s ]
SQL: SHOW COLUMNS FROM `book_role_node` [ RunTime:0.0355s ]
SQL: SELECT * FROM `book_role_node` INNER JOIN book_node on book_role_node.node_id=book_node.node_id  WHERE ( role_id in(1) )  [ RunTime:0.0123s ]

[ 2016-04-21T09:55:12+08:00 ] ::1 /boke/TP/index.php/Admin/Index/index.html
INFO: [ app_init ] --START--
INFO: Run Behavior\BuildLiteBehavior [ RunTime:0.000036s ]
INFO: [ app_init ] --END-- [ RunTime:0.000727s ]
INFO: [ app_begin ] --START--
INFO: Run Behavior\ReadHtmlCacheBehavior [ RunTime:0.001253s ]
INFO: [ app_begin ] --END-- [ RunTime:0.001378s ]
INFO: [ view_parse ] --START--
INFO: [ template_filter ] --START--
INFO: Run Behavior\ContentReplaceBehavior [ RunTime:0.000062s ]
INFO: [ template_filter ] --END-- [ RunTime:0.000132s ]
INFO: Run Behavior\ParseTemplateBehavior [ RunTime:0.038652s ]
INFO: [ view_parse ] --END-- [ RunTime:0.038745s ]
INFO: [ view_filter ] --START--
INFO: Run Behavior\WriteHtmlCacheBehavior [ RunTime:0.001321s ]
INFO: [ view_filter ] --END-- [ RunTime:0.001473s ]
INFO: [ app_end ] --START--
INFO: Run Behavior\ShowPageTraceBehavior [ RunTime:0.001888s ]
INFO: [ app_end ] --END-- [ RunTime:0.002046s ]

[ 2016-04-21T09:55:16+08:00 ] ::1 /boke/TP/index.php/Admin/Limits/role.html
INFO: [ app_init ] --START--
INFO: Run Behavior\BuildLiteBehavior [ RunTime:0.000017s ]
INFO: [ app_init ] --END-- [ RunTime:0.000391s ]
INFO: [ app_begin ] --START--
INFO: Run Behavior\ReadHtmlCacheBehavior [ RunTime:0.000724s ]
INFO: [ app_begin ] --END-- [ RunTime:0.000805s ]
SQL: SHOW COLUMNS FROM `book_role` [ RunTime:0.0389s ]
SQL: SELECT * FROM `book_role`  [ RunTime:0.0008s ]
INFO: [ view_parse ] --START--
INFO: [ template_filter ] --START--
INFO: Run Behavior\ContentReplaceBehavior [ RunTime:0.000208s ]
INFO: [ template_filter ] --END-- [ RunTime:0.000427s ]
NOTIC: [8] Undefined variable: page D:\WWW\boke\TP\Application\Runtime\Cache\Admin\966b65895833c4b60a3d421e99f4ebd6.php 第 99 行.
INFO: Run Behavior\ParseTemplateBehavior [ RunTime:0.043052s ]
INFO: [ view_parse ] --END-- [ RunTime:0.043206s ]
INFO: [ view_filter ] --START--
INFO: Run Behavior\WriteHtmlCacheBehavior [ RunTime:0.000833s ]
INFO: [ view_filter ] --END-- [ RunTime:0.000928s ]
INFO: [ app_end ] --START--
INFO: Run Behavior\ShowPageTraceBehavior [ RunTime:0.001186s ]
INFO: [ app_end ] --END-- [ RunTime:0.001284s ]

[ 2016-04-21T09:55:19+08:00 ] ::1 /boke/TP/index.php/Admin/Limits/role_add
INFO: [ app_init ] --START--
INFO: Run Behavior\BuildLiteBehavior [ RunTime:0.000019s ]
INFO: [ app_init ] --END-- [ RunTime:0.000427s ]
INFO: [ app_begin ] --START--
INFO: Run Behavior\ReadHtmlCacheBehavior [ RunTime:0.000733s ]
INFO: [ app_begin ] --END-- [ RunTime:0.000814s ]
SQL: SHOW COLUMNS FROM `book_node` [ RunTime:0.0080s ]
SQL: SELECT * FROM `book_node`  [ RunTime:0.0394s ]
SQL: SELECT * FROM `book_node` WHERE ( pid=0 )  [ RunTime:0.0011s ]
SQL: SELECT * FROM `book_node` WHERE ( pid=2 )  [ RunTime:0.0007s ]
SQL: SELECT * FROM `book_node` WHERE ( pid=4 )  [ RunTime:0.0007s ]
SQL: SELECT * FROM `book_node` WHERE ( pid=14 )  [ RunTime:0.0007s ]
SQL: SELECT * FROM `book_node` WHERE ( pid=22 )  [ RunTime:0.0007s ]
SQL: SELECT * FROM `book_node` WHERE ( pid=27 )  [ RunTime:0.0007s ]
SQL: SELECT * FROM `book_node` WHERE ( pid=29 )  [ RunTime:0.0007s ]
SQL: SELECT * FROM `book_node` WHERE ( pid=33 )  [ RunTime:0.0007s ]
SQL: SELECT * FROM `book_node` WHERE ( pid=37 )  [ RunTime:0.0012s ]
SQL: SELECT * FROM `book_node` WHERE ( pid=39 )  [ RunTime:0.0008s ]
INFO: [ view_parse ] --START--
INFO: [ template_filter ] --START--
INFO: Run Behavior\ContentReplaceBehavior [ RunTime:0.000218s ]
INFO: [ template_filter ] --END-- [ RunTime:0.000440s ]
INFO: Run Behavior\ParseTemplateBehavior [ RunTime:0.034871s ]
INFO: [ view_parse ] --END-- [ RunTime:0.035019s ]
INFO: [ view_filter ] --START--
INFO: Run Behavior\WriteHtmlCacheBehavior [ RunTime:0.000638s ]
INFO: [ view_filter ] --END-- [ RunTime:0.000709s ]
INFO: [ app_end ] --START--
INFO: Run Behavior\ShowPageTraceBehavior [ RunTime:0.000946s ]
INFO: [ app_end ] --END-- [ RunTime:0.001039s ]

[ 2016-04-21T11:28:40+08:00 ] ::1 /boke/TP/index.php/Admin/Limits/role_add_pro
INFO: [ app_init ] --START--
INFO: Run Behavior\BuildLiteBehavior [ RunTime:0.000020s ]
INFO: [ app_init ] --END-- [ RunTime:0.000505s ]
INFO: [ app_begin ] --START--
INFO: Run Behavior\ReadHtmlCacheBehavior [ RunTime:0.000942s ]
INFO: [ app_begin ] --END-- [ RunTime:0.001271s ]
ERR: 非法操作:role_add_pro

[ 2016-04-21T13:19:55+08:00 ] ::1 /boke/TP/index.php/Admin/Limits/node.html
INFO: [ app_init ] --START--
INFO: Run Behavior\BuildLiteBehavior [ RunTime:0.000017s ]
INFO: [ app_init ] --END-- [ RunTime:0.000399s ]
INFO: [ app_begin ] --START--
INFO: Run Behavior\ReadHtmlCacheBehavior [ RunTime:0.000725s ]
INFO: [ app_begin ] --END-- [ RunTime:0.000801s ]
SQL: SHOW COLUMNS FROM `book_node` [ RunTime:0.0076s ]
NOTIC: [8] Undefined index: p D:\WWW\boke\TP\Application\Admin\Controller\LimitsController.class.php 第 294 行.
NOTIC: [8] Undefined index: limit D:\WWW\boke\TP\ThinkPHP\Library\Think\Db\Driver.class.php 第 950 行.
SQL: SELECT * FROM `book_node` LIMIT 0,20   [ RunTime:0.0008s ]
SQL: SELECT COUNT(*) AS tp_count FROM `book_node` LIMIT 1   [ RunTime:0.0004s ]
INFO: [ view_parse ] --START--
INFO: [ template_filter ] --START--
INFO: Run Behavior\ContentReplaceBehavior [ RunTime:0.000143s ]
INFO: [ template_filter ] --END-- [ RunTime:0.000288s ]
INFO: Run Behavior\ParseTemplateBehavior [ RunTime:0.050922s ]
INFO: [ view_parse ] --END-- [ RunTime:0.051087s ]
INFO: [ view_filter ] --START--
INFO: Run Behavior\WriteHtmlCacheBehavior [ RunTime:0.001019s ]
INFO: [ view_filter ] --END-- [ RunTime:0.001141s ]
INFO: [ app_end ] --START--
INFO: Run Behavior\ShowPageTraceBehavior [ RunTime:0.001605s ]
INFO: [ app_end ] --END-- [ RunTime:0.001753s ]

[ 2016-04-21T13:25:29+08:00 ] ::1 /boke/TP/index.php/Admin/Limits/node.html
INFO: [ app_init ] --START--
INFO: Run Behavior\BuildLiteBehavior [ RunTime:0.000019s ]
INFO: [ app_init ] --END-- [ RunTime:0.000501s ]
INFO: [ app_begin ] --START--
INFO: Run Behavior\ReadHtmlCacheBehavior [ RunTime:0.000722s ]
INFO: [ app_begin ] --END-- [ RunTime:0.000798s ]
SQL: SHOW COLUMNS FROM `book_node` [ RunTime:0.0090s ]
NOTIC: [8] Undefined index: p D:\WWW\boke\TP\Application\Admin\Controller\LimitsController.class.php 第 294 行.
NOTIC: [8] Undefined index: limit D:\WWW\boke\TP\ThinkPHP\Library\Think\Db\Driver.class.php 第 950 行.
SQL: SELECT * FROM `book_node` LIMIT 0,20   [ RunTime:0.0015s ]
SQL: SELECT COUNT(*) AS tp_count FROM `book_node` LIMIT 1   [ RunTime:0.0006s ]
INFO: [ view_parse ] --START--
INFO: [ template_filter ] --START--
INFO: Run Behavior\ContentReplaceBehavior [ RunTime:0.000191s ]
INFO: [ template_filter ] --END-- [ RunTime:0.000385s ]
INFO: Run Behavior\ParseTemplateBehavior [ RunTime:0.030297s ]
INFO: [ view_parse ] --END-- [ RunTime:0.030491s ]
INFO: [ view_filter ] --START--
INFO: Run Behavior\WriteHtmlCacheBehavior [ RunTime:0.000901s ]
INFO: [ view_filter ] --END-- [ RunTime:0.001001s ]
INFO: [ app_end ] --START--
INFO: Run Behavior\ShowPageTraceBehavior [ RunTime:0.001048s ]
INFO: [ app_end ] --END-- [ RunTime:0.001144s ]

[ 2016-04-21T13:25:36+08:00 ] ::1 /boke/TP/index.php/Admin/Limits/node_add
INFO: [ app_init ] --START--
INFO: Run Behavior\BuildLiteBehavior [ RunTime:0.000018s ]
INFO: [ app_init ] --END-- [ RunTime:0.000389s ]
INFO: [ app_begin ] --START--
INFO: Run Behavior\ReadHtmlCacheBehavior [ RunTime:0.000836s ]
INFO: [ app_begin ] --END-- [ RunTime:0.000926s ]
SQL: SHOW COLUMNS FROM `book_node` [ RunTime:0.0099s ]
SQL: SELECT * FROM `book_node`  [ RunTime:0.0011s ]
INFO: [ view_parse ] --START--
INFO: [ template_filter ] --START--
INFO: Run Behavior\ContentReplaceBehavior [ RunTime:0.000207s ]
INFO: [ template_filter ] --END-- [ RunTime:0.000644s ]
INFO: Run Behavior\ParseTemplateBehavior [ RunTime:0.054892s ]
INFO: [ view_parse ] --END-- [ RunTime:0.055139s ]
INFO: [ view_filter ] --START--
INFO: Run Behavior\WriteHtmlCacheBehavior [ RunTime:0.001482s ]
INFO: [ view_filter ] --END-- [ RunTime:0.001697s ]
INFO: [ app_end ] --START--
INFO: Run Behavior\ShowPageTraceBehavior [ RunTime:0.003247s ]
INFO: [ app_end ] --END-- [ RunTime:0.003667s ]

[ 2016-04-21T17:46:28+08:00 ] ::1 /boke/TP/index.php/Admin/
INFO: [ app_init ] --START--
INFO: Run Behavior\BuildLiteBehavior [ RunTime:0.000026s ]
INFO: [ app_init ] --END-- [ RunTime:0.013181s ]
INFO: [ app_begin ] --START--
INFO: Run Behavior\ReadHtmlCacheBehavior [ RunTime:0.000911s ]
INFO: [ app_begin ] --END-- [ RunTime:0.000989s ]

[ 2016-04-21T17:46:30+08:00 ] ::1 /boke/TP/index.php/Admin/Login/login.html
INFO: [ app_init ] --START--
INFO: Run Behavior\BuildLiteBehavior [ RunTime:0.000018s ]
INFO: [ app_init ] --END-- [ RunTime:0.000400s ]
INFO: [ app_begin ] --START--
INFO: Run Behavior\ReadHtmlCacheBehavior [ RunTime:0.000522s ]
INFO: [ app_begin ] --END-- [ RunTime:0.000584s ]
INFO: [ view_parse ] --START--
INFO: [ template_filter ] --START--
INFO: Run Behavior\ContentReplaceBehavior [ RunTime:0.000060s ]
INFO: [ template_filter ] --END-- [ RunTime:0.000132s ]
INFO: Run Behavior\ParseTemplateBehavior [ RunTime:0.068846s ]
INFO: [ view_parse ] --END-- [ RunTime:0.068974s ]
INFO: [ view_filter ] --START--
INFO: Run Behavior\WriteHtmlCacheBehavior [ RunTime:0.033693s ]
INFO: [ view_filter ] --END-- [ RunTime:0.033795s ]
INFO: [ app_end ] --START--
INFO: Run Behavior\ShowPageTraceBehavior [ RunTime:0.001601s ]
INFO: [ app_end ] --END-- [ RunTime:0.001710s ]

[ 2016-04-21T17:46:36+08:00 ] ::1 /boke/TP/index.php/Admin/Login/user_login
INFO: [ app_init ] --START--
INFO: Run Behavior\BuildLiteBehavior [ RunTime:0.000017s ]
INFO: [ app_init ] --END-- [ RunTime:0.000379s ]
INFO: [ app_begin ] --START--
INFO: Run Behavior\ReadHtmlCacheBehavior [ RunTime:0.000977s ]
INFO: [ app_begin ] --END-- [ RunTime:0.001103s ]
SQL: SHOW COLUMNS FROM `book_login` [ RunTime:0.0118s ]
SQL: SELECT * FROM `book_login` WHERE ( username='秦林慧' ) LIMIT 1   [ RunTime:0.0009s ]
SQL: SHOW COLUMNS FROM `book_login_role` [ RunTime:0.0107s ]
SQL: SELECT `role_id` FROM `book_login_role` WHERE ( r_id='1' )  [ RunTime:0.0011s ]
SQL: SHOW COLUMNS FROM `book_role_node` [ RunTime:0.0044s ]
SQL: SELECT * FROM `book_role_node` INNER JOIN book_node on book_role_node.node_id=book_node.node_id  WHERE ( role_id in(1) )  [ RunTime:0.0005s ]

[ 2016-04-21T17:46:37+08:00 ] ::1 /boke/TP/index.php/Admin/Index/index.html
INFO: [ app_init ] --START--
INFO: Run Behavior\BuildLiteBehavior [ RunTime:0.000022s ]
INFO: [ app_init ] --END-- [ RunTime:0.000521s ]
INFO: [ app_begin ] --START--
INFO: Run Behavior\ReadHtmlCacheBehavior [ RunTime:0.001122s ]
INFO: [ app_begin ] --END-- [ RunTime:0.001291s ]
INFO: [ view_parse ] --START--
INFO: [ template_filter ] --START--
INFO: Run Behavior\ContentReplaceBehavior [ RunTime:0.000093s ]
INFO: [ template_filter ] --END-- [ RunTime:0.000194s ]
INFO: Run Behavior\ParseTemplateBehavior [ RunTime:0.035449s ]
INFO: [ view_parse ] --END-- [ RunTime:0.035569s ]
INFO: [ view_filter ] --START--
INFO: Run Behavior\WriteHtmlCacheBehavior [ RunTime:0.000562s ]
INFO: [ view_filter ] --END-- [ RunTime:0.000643s ]
INFO: [ app_end ] --START--
INFO: Run Behavior\ShowPageTraceBehavior [ RunTime:0.000858s ]
INFO: [ app_end ] --END-- [ RunTime:0.000941s ]

[ 2016-04-21T20:48:32+08:00 ] ::1 /boke/TP/index.php/Admin/Sort/sort.html
INFO: [ app_init ] --START--
INFO: Run Behavior\BuildLiteBehavior [ RunTime:0.000034s ]
INFO: [ app_init ] --END-- [ RunTime:0.000813s ]
INFO: [ app_begin ] --START--
INFO: Run Behavior\ReadHtmlCacheBehavior [ RunTime:0.000637s ]
INFO: [ app_begin ] --END-- [ RunTime:0.000705s ]
SQL: SHOW COLUMNS FROM `book_errasy_fb` [ RunTime:0.0488s ]
SQL: SELECT * FROM `book_errasy_fb`  [ RunTime:0.0005s ]
INFO: [ view_parse ] --START--
INFO: [ template_filter ] --START--
INFO: Run Behavior\ContentReplaceBehavior [ RunTime:0.000122s ]
INFO: [ template_filter ] --END-- [ RunTime:0.000246s ]
NOTIC: [8] Undefined variable: page D:\WWW\boke\TP\Application\Runtime\Cache\Admin\f16d02774d2beb357158162397bb8ea7.php 第 95 行.
INFO: Run Behavior\ParseTemplateBehavior [ RunTime:0.024355s ]
INFO: [ view_parse ] --END-- [ RunTime:0.024495s ]
INFO: [ view_filter ] --START--
INFO: Run Behavior\WriteHtmlCacheBehavior [ RunTime:0.001008s ]
INFO: [ view_filter ] --END-- [ RunTime:0.001141s ]
INFO: [ app_end ] --START--
INFO: Run Behavior\ShowPageTraceBehavior [ RunTime:0.001151s ]
INFO: [ app_end ] --END-- [ RunTime:0.001263s ]

[ 2016-04-21T22:40:21+08:00 ] ::1 /boke/TP/index.php/Admin/Limits/login_show.html
INFO: [ app_init ] --START--
INFO: Run Behavior\BuildLiteBehavior [ RunTime:0.000164s ]
INFO: [ app_init ] --END-- [ RunTime:0.010597s ]
INFO: [ app_begin ] --START--
INFO: Run Behavior\ReadHtmlCacheBehavior [ RunTime:0.021188s ]
INFO: [ app_begin ] --END-- [ RunTime:0.021490s ]
SQL: SHOW COLUMNS FROM `book_login` [ RunTime:0.0663s ]
SQL: SELECT * FROM `book_login`  [ RunTime:0.0008s ]
INFO: [ view_parse ] --START--
INFO: [ template_filter ] --START--
INFO: Run Behavior\ContentReplaceBehavior [ RunTime:0.000211s ]
INFO: [ template_filter ] --END-- [ RunTime:0.000435s ]
NOTIC: [8] Undefined variable: page D:\WWW\boke\TP\Application\Runtime\Cache\Admin\dbedbd599ce91e47638caa57866c8f84.php 第 102 行.
INFO: Run Behavior\ParseTemplateBehavior [ RunTime:0.152646s ]
INFO: [ view_parse ] --END-- [ RunTime:0.152853s ]
INFO: [ view_filter ] --START--
INFO: Run Behavior\WriteHtmlCacheBehavior [ RunTime:0.012441s ]
INFO: [ view_filter ] --END-- [ RunTime:0.012758s ]
INFO: [ app_end ] --START--
INFO: Run Behavior\ShowPageTraceBehavior [ RunTime:0.003022s ]
INFO: [ app_end ] --END-- [ RunTime:0.003209s ]

[ 2016-04-21T22:40:25+08:00 ] ::1 /boke/TP/index.php/Admin/Limits/login_save?id=1
INFO: [ app_init ] --START--
INFO: Run Behavior\BuildLiteBehavior [ RunTime:0.000019s ]
INFO: [ app_init ] --END-- [ RunTime:0.000465s ]
INFO: [ app_begin ] --START--
INFO: Run Behavior\ReadHtmlCacheBehavior [ RunTime:0.000886s ]
INFO: [ app_begin ] --END-- [ RunTime:0.001008s ]
SQL: SHOW COLUMNS FROM `book_login` [ RunTime:0.0110s ]
SQL: SELECT * FROM `book_login` WHERE ( id='1' )  [ RunTime:0.0009s ]
SQL: SHOW COLUMNS FROM `book_role` [ RunTime:0.0683s ]
SQL: SELECT * FROM `book_role`  [ RunTime:0.0008s ]
SQL: SHOW COLUMNS FROM `book_login_role` [ RunTime:0.0182s ]
SQL: SELECT * FROM `book_login_role` WHERE ( r_id='1' )  [ RunTime:0.0008s ]
NOTIC: [8] Undefined index: p D:\WWW\boke\TP\Application\Admin\Controller\LimitsController.class.php 第 87 行.
INFO: [ view_parse ] --START--
INFO: [ template_filter ] --START--
INFO: Run Behavior\ContentReplaceBehavior [ RunTime:0.000219s ]
INFO: [ template_filter ] --END-- [ RunTime:0.000420s ]
NOTIC: [8] Undefined index: p D:\WWW\boke\TP\Application\Runtime\Cache\Admin\3b16fdccae93e14127b126049a2c08a1.php 第 109 行.
NOTIC: [8] Undefined index: p D:\WWW\boke\TP\Application\Runtime\Cache\Admin\3b16fdccae93e14127b126049a2c08a1.php 第 109 行.
NOTIC: [8] Undefined index: p D:\WWW\boke\TP\Application\Runtime\Cache\Admin\3b16fdccae93e14127b126049a2c08a1.php 第 109 行.
NOTIC: [8] Undefined index: p D:\WWW\boke\TP\Application\Runtime\Cache\Admin\3b16fdccae93e14127b126049a2c08a1.php 第 109 行.
INFO: Run Behavior\ParseTemplateBehavior [ RunTime:0.080012s ]
INFO: [ view_parse ] --END-- [ RunTime:0.080286s ]
INFO: [ view_filter ] --START--
INFO: Run Behavior\WriteHtmlCacheBehavior [ RunTime:0.001621s ]
INFO: [ view_filter ] --END-- [ RunTime:0.001790s ]
INFO: [ app_end ] --START--
INFO: Run Behavior\ShowPageTraceBehavior [ RunTime:0.002575s ]
INFO: [ app_end ] --END-- [ RunTime:0.002799s ]

[ 2016-04-21T22:51:20+08:00 ] ::1 /boke/TP/index.php/Admin/Limits/role.html
INFO: [ app_init ] --START--
INFO: Run Behavior\BuildLiteBehavior [ RunTime:0.000047s ]
INFO: [ app_init ] --END-- [ RunTime:0.001152s ]
INFO: [ app_begin ] --START--
INFO: Run Behavior\ReadHtmlCacheBehavior [ RunTime:0.002656s ]
INFO: [ app_begin ] --END-- [ RunTime:0.002927s ]
SQL: SHOW COLUMNS FROM `book_role` [ RunTime:0.0127s ]
SQL: SELECT * FROM `book_role`  [ RunTime:0.0012s ]
INFO: [ view_parse ] --START--
INFO: [ template_filter ] --START--
INFO: Run Behavior\ContentReplaceBehavior [ RunTime:0.000256s ]
INFO: [ template_filter ] --END-- [ RunTime:0.000495s ]
NOTIC: [8] Undefined variable: page D:\WWW\boke\TP\Application\Runtime\Cache\Admin\966b65895833c4b60a3d421e99f4ebd6.php 第 99 行.
INFO: Run Behavior\ParseTemplateBehavior [ RunTime:0.045875s ]
INFO: [ view_parse ] --END-- [ RunTime:0.046152s ]
INFO: [ view_filter ] --START--
INFO: Run Behavior\WriteHtmlCacheBehavior [ RunTime:0.002177s ]
INFO: [ view_filter ] --END-- [ RunTime:0.002426s ]
INFO: [ app_end ] --START--
INFO: Run Behavior\ShowPageTraceBehavior [ RunTime:0.002154s ]
INFO: [ app_end ] --END-- [ RunTime:0.002335s ]

[ 2016-04-21T22:51:24+08:00 ] ::1 /boke/TP/index.php/Admin/Limits/role_save?id=3
INFO: [ app_init ] --START--
INFO: Run Behavior\BuildLiteBehavior [ RunTime:0.000019s ]
INFO: [ app_init ] --END-- [ RunTime:0.000516s ]
INFO: [ app_begin ] --START--
INFO: Run Behavior\ReadHtmlCacheBehavior [ RunTime:0.000736s ]
INFO: [ app_begin ] --END-- [ RunTime:0.000812s ]
SQL: SHOW COLUMNS FROM `book_role` [ RunTime:0.0091s ]
SQL: SELECT * FROM `book_role` WHERE ( role_id='3' )  [ RunTime:0.0010s ]
SQL: SHOW COLUMNS FROM `book_role_node` [ RunTime:0.0697s ]
SQL: SELECT `node_id` FROM `book_role_node` WHERE ( role_id='3' )  [ RunTime:0.0008s ]
SQL: SHOW COLUMNS FROM `book_node` [ RunTime:0.0338s ]
SQL: SELECT * FROM `book_node` WHERE ( pid=0 )  [ RunTime:0.0140s ]
NOTIC: [2] in_array() expects parameter 2 to be array, null given D:\WWW\boke\TP\Application\Admin\Controller\LimitsController.class.php 第 211 行.
SQL: SELECT * FROM `book_node` WHERE ( pid=2 )  [ RunTime:0.0012s ]
NOTIC: [2] in_array() expects parameter 2 to be array, null given D:\WWW\boke\TP\Application\Admin\Controller\LimitsController.class.php 第 222 行.
NOTIC: [2] in_array() expects parameter 2 to be array, null given D:\WWW\boke\TP\Application\Admin\Controller\LimitsController.class.php 第 222 行.
NOTIC: [2] in_array() expects parameter 2 to be array, null given D:\WWW\boke\TP\Application\Admin\Controller\LimitsController.class.php 第 211 行.
SQL: SELECT * FROM `book_node` WHERE ( pid=4 )  [ RunTime:0.0012s ]
NOTIC: [2] in_array() expects parameter 2 to be array, null given D:\WWW\boke\TP\Application\Admin\Controller\LimitsController.class.php 第 222 行.
NOTIC: [2] in_array() expects parameter 2 to be array, null given D:\WWW\boke\TP\Application\Admin\Controller\LimitsController.class.php 第 222 行.
NOTIC: [2] in_array() expects parameter 2 to be array, null given D:\WWW\boke\TP\Application\Admin\Controller\LimitsController.class.php 第 222 行.
NOTIC: [2] in_array() expects parameter 2 to be array, null given D:\WWW\boke\TP\Application\Admin\Controller\LimitsController.class.php 第 222 行.
NOTIC: [2] in_array() expects parameter 2 to be array, null given D:\WWW\boke\TP\Application\Admin\Controller\LimitsController.class.php 第 222 行.
NOTIC: [2] in_array() expects parameter 2 to be array, null given D:\WWW\boke\TP\Application\Admin\Controller\LimitsController.class.php 第 211 行.
SQL: SELECT * FROM `book_node` WHERE ( pid=14 )  [ RunTime:0.0009s ]
NOTIC: [2] in_array() expects parameter 2 to be array, null given D:\WWW\boke\TP\Application\Admin\Controller\LimitsController.class.php 第 222 行.
NOTIC: [2] in_array() expects parameter 2 to be array, null given D:\WWW\boke\TP\Application\Admin\Controller\LimitsController.class.php 第 222 行.
NOTIC: [2] in_array() expects parameter 2 to be array, null given D:\WWW\boke\TP\Application\Admin\Controller\LimitsController.class.php 第 222 行.
NOTIC: [2] in_array() expects parameter 2 to be array, null given D:\WWW\boke\TP\Application\Admin\Controller\LimitsController.class.php 第 211 行.
SQL: SELECT * FROM `book_node` WHERE ( pid=22 )  [ RunTime:0.0009s ]
NOTIC: [2] in_array() expects parameter 2 to be array, null given D:\WWW\boke\TP\Application\Admin\Controller\LimitsController.class.php 第 222 行.
NOTIC: [2] in_array() expects parameter 2 to be array, null given D:\WWW\boke\TP\Application\Admin\Controller\LimitsController.class.php 第 222 行.
NOTIC: [2] in_array() expects parameter 2 to be array, null given D:\WWW\boke\TP\Application\Admin\Controller\LimitsController.class.php 第 222 行.
NOTIC: [2] in_array() expects parameter 2 to be array, null given D:\WWW\boke\TP\Application\Admin\Controller\LimitsController.class.php 第 222 行.
NOTIC: [2] in_array() expects parameter 2 to be array, null given D:\WWW\boke\TP\Application\Admin\Controller\LimitsController.class.php 第 211 行.
SQL: SELECT * FROM `book_node` WHERE ( pid=27 )  [ RunTime:0.0007s ]
NOTIC: [2] in_array() expects parameter 2 to be array, null given D:\WWW\boke\TP\Application\Admin\Controller\LimitsController.class.php 第 222 行.
NOTIC: [2] in_array() expects parameter 2 to be array, null given D:\WWW\boke\TP\Application\Admin\Controller\LimitsController.class.php 第 211 行.
SQL: SELECT * FROM `book_node` WHERE ( pid=29 )  [ RunTime:0.0008s ]
NOTIC: [2] in_array() expects parameter 2 to be array, null given D:\WWW\boke\TP\Application\Admin\Controller\LimitsController.class.php 第 222 行.
NOTIC: [2] in_array() expects parameter 2 to be array, null given D:\WWW\boke\TP\Application\Admin\Controller\LimitsController.class.php 第 222 行.
NOTIC: [2] in_array() expects parameter 2 to be array, null given D:\WWW\boke\TP\Application\Admin\Controller\LimitsController.class.php 第 222 行.
NOTIC: [2] in_array() expects parameter 2 to be array, null given D:\WWW\boke\TP\Application\Admin\Controller\LimitsController.class.php 第 211 行.
SQL: SELECT * FROM `book_node` WHERE ( pid=33 )  [ RunTime:0.0012s ]
NOTIC: [2] in_array() expects parameter 2 to be array, null given D:\WWW\boke\TP\Application\Admin\Controller\LimitsController.class.php 第 222 行.
NOTIC: [2] in_array() expects parameter 2 to be array, null given D:\WWW\boke\TP\Application\Admin\Controller\LimitsController.class.php 第 222 行.
NOTIC: [2] in_array() expects parameter 2 to be array, null given D:\WWW\boke\TP\Application\Admin\Controller\LimitsController.class.php 第 211 行.
SQL: SELECT * FROM `book_node` WHERE ( pid=37 )  [ RunTime:0.0008s ]
NOTIC: [2] in_array() expects parameter 2 to be array, null given D:\WWW\boke\TP\Application\Admin\Controller\LimitsController.class.php 第 222 行.
NOTIC: [2] in_array() expects parameter 2 to be array, null given D:\WWW\boke\TP\Application\Admin\Controller\LimitsController.class.php 第 211 行.
SQL: SELECT * FROM `book_node` WHERE ( pid=39 )  [ RunTime:0.0008s ]
NOTIC: [2] in_array() expects parameter 2 to be array, null given D:\WWW\boke\TP\Application\Admin\Controller\LimitsController.class.php 第 222 行.
NOTIC: [2] in_array() expects parameter 2 to be array, null given D:\WWW\boke\TP\Application\Admin\Controller\LimitsController.class.php 第 222 行.
INFO: [ view_parse ] --START--
INFO: [ template_filter ] --START--
INFO: Run Behavior\ContentReplaceBehavior [ RunTime:0.000213s ]
INFO: [ template_filter ] --END-- [ RunTime:0.000415s ]
NOTIC: [8] Undefined index: p D:\WWW\boke\TP\Application\Runtime\Cache\Admin\8ca2d8541fc13afabfa24b967fc8caf9.php 第 95 行.
NOTIC: [8] Undefined index: p D:\WWW\boke\TP\Application\Runtime\Cache\Admin\8ca2d8541fc13afabfa24b967fc8caf9.php 第 97 行.
NOTIC: [8] Undefined index: p D:\WWW\boke\TP\Application\Runtime\Cache\Admin\8ca2d8541fc13afabfa24b967fc8caf9.php 第 97 行.
NOTIC: [8] Undefined index: p D:\WWW\boke\TP\Application\Runtime\Cache\Admin\8ca2d8541fc13afabfa24b967fc8caf9.php 第 95 行.
NOTIC: [8] Undefined index: p D:\WWW\boke\TP\Application\Runtime\Cache\Admin\8ca2d8541fc13afabfa24b967fc8caf9.php 第 97 行.
NOTIC: [8] Undefined index: p D:\WWW\boke\TP\Application\Runtime\Cache\Admin\8ca2d8541fc13afabfa24b967fc8caf9.php 第 97 行.
NOTIC: [8] Undefined index: p D:\WWW\boke\TP\Application\Runtime\Cache\Admin\8ca2d8541fc13afabfa24b967fc8caf9.php 第 97 行.
NOTIC: [8] Undefined index: p D:\WWW\boke\TP\Application\Runtime\Cache\Admin\8ca2d8541fc13afabfa24b967fc8caf9.php 第 97 行.
NOTIC: [8] Undefined index: p D:\WWW\boke\TP\Application\Runtime\Cache\Admin\8ca2d8541fc13afabfa24b967fc8caf9.php 第 97 行.
NOTIC: [8] Undefined index: p D:\WWW\boke\TP\Application\Runtime\Cache\Admin\8ca2d8541fc13afabfa24b967fc8caf9.php 第 95 行.
NOTIC: [8] Undefined index: p D:\WWW\boke\TP\Application\Runtime\Cache\Admin\8ca2d8541fc13afabfa24b967fc8caf9.php 第 97 行.
NOTIC: [8] Undefined index: p D:\WWW\boke\TP\Application\Runtime\Cache\Admin\8ca2d8541fc13afabfa24b967fc8caf9.php 第 97 行.
NOTIC: [8] Undefined index: p D:\WWW\boke\TP\Application\Runtime\Cache\Admin\8ca2d8541fc13afabfa24b967fc8caf9.php 第 97 行.
NOTIC: [8] Undefined index: p D:\WWW\boke\TP\Application\Runtime\Cache\Admin\8ca2d8541fc13afabfa24b967fc8caf9.php 第 95 行.
NOTIC: [8] Undefined index: p D:\WWW\boke\TP\Application\Runtime\Cache\Admin\8ca2d8541fc13afabfa24b967fc8caf9.php 第 97 行.
NOTIC: [8] Undefined index: p D:\WWW\boke\TP\Application\Runtime\Cache\Admin\8ca2d8541fc13afabfa24b967fc8caf9.php 第 97 行.
NOTIC: [8] Undefined index: p D:\WWW\boke\TP\Application\Runtime\Cache\Admin\8ca2d8541fc13afabfa24b967fc8caf9.php 第 97 行.
NOTIC: [8] Undefined index: p D:\WWW\boke\TP\Application\Runtime\Cache\Admin\8ca2d8541fc13afabfa24b967fc8caf9.php 第 97 行.
NOTIC: [8] Undefined index: p D:\WWW\boke\TP\Application\Runtime\Cache\Admin\8ca2d8541fc13afabfa24b967fc8caf9.php 第 95 行.
NOTIC: [8] Undefined index: p D:\WWW\boke\TP\Application\Runtime\Cache\Admin\8ca2d8541fc13afabfa24b967fc8caf9.php 第 97 行.
NOTIC: [8] Undefined index: p D:\WWW\boke\TP\Application\Runtime\Cache\Admin\8ca2d8541fc13afabfa24b967fc8caf9.php 第 95 行.
NOTIC: [8] Undefined index: p D:\WWW\boke\TP\Application\Runtime\Cache\Admin\8ca2d8541fc13afabfa24b967fc8caf9.php 第 97 行.
NOTIC: [8] Undefined index: p D:\WWW\boke\TP\Application\Runtime\Cache\Admin\8ca2d8541fc13afabfa24b967fc8caf9.php 第 97 行.
NOTIC: [8] Undefined index: p D:\WWW\boke\TP\Application\Runtime\Cache\Admin\8ca2d8541fc13afabfa24b967fc8caf9.php 第 97 行.
NOTIC: [8] Undefined index: p D:\WWW\boke\TP\Application\Runtime\Cache\Admin\8ca2d8541fc13afabfa24b967fc8caf9.php 第 95 行.
NOTIC: [8] Undefined index: p D:\WWW\boke\TP\Application\Runtime\Cache\Admin\8ca2d8541fc13afabfa24b967fc8caf9.php 第 97 行.
NOTIC: [8] Undefined index: p D:\WWW\boke\TP\Application\Runtime\Cache\Admin\8ca2d8541fc13afabfa24b967fc8caf9.php 第 97 行.
NOTIC: [8] Undefined index: p D:\WWW\boke\TP\Application\Runtime\Cache\Admin\8ca2d8541fc13afabfa24b967fc8caf9.php 第 95 行.
NOTIC: [8] Undefined index: p D:\WWW\boke\TP\Application\Runtime\Cache\Admin\8ca2d8541fc13afabfa24b967fc8caf9.php 第 97 行.
NOTIC: [8] Undefined index: p D:\WWW\boke\TP\Application\Runtime\Cache\Admin\8ca2d8541fc13afabfa24b967fc8caf9.php 第 95 行.
NOTIC: [8] Undefined index: p D:\WWW\boke\TP\Application\Runtime\Cache\Admin\8ca2d8541fc13afabfa24b967fc8caf9.php 第 97 行.
NOTIC: [8] Undefined index: p D:\WWW\boke\TP\Application\Runtime\Cache\Admin\8ca2d8541fc13afabfa24b967fc8caf9.php 第 97 行.
INFO: Run Behavior\ParseTemplateBehavior [ RunTime:0.053895s ]
INFO: [ view_parse ] --END-- [ RunTime:0.054131s ]
INFO: [ view_filter ] --START--
INFO: Run Behavior\WriteHtmlCacheBehavior [ RunTime:0.001486s ]
INFO: [ view_filter ] --END-- [ RunTime:0.001646s ]
INFO: [ app_end ] --START--
INFO: Run Behavior\ShowPageTraceBehavior [ RunTime:0.002655s ]
INFO: [ app_end ] --END-- [ RunTime:0.002882s ]

[ 2016-04-21T23:38:07+08:00 ] ::1 /boke/TP/index.php/Admin/Limits/role.html
INFO: [ app_init ] --START--
INFO: Run Behavior\BuildLiteBehavior [ RunTime:0.000017s ]
INFO: [ app_init ] --END-- [ RunTime:0.000466s ]
INFO: [ app_begin ] --START--
INFO: Run Behavior\ReadHtmlCacheBehavior [ RunTime:0.001171s ]
INFO: [ app_begin ] --END-- [ RunTime:0.001290s ]
SQL: SHOW COLUMNS FROM `book_role` [ RunTime:0.0096s ]
SQL: SELECT * FROM `book_role`  [ RunTime:0.0013s ]
INFO: [ view_parse ] --START--
INFO: [ template_filter ] --START--
INFO: Run Behavior\ContentReplaceBehavior [ RunTime:0.000203s ]
INFO: [ template_filter ] --END-- [ RunTime:0.000450s ]
NOTIC: [8] Undefined variable: page D:\WWW\boke\TP\Application\Runtime\Cache\Admin\966b65895833c4b60a3d421e99f4ebd6.php 第 99 行.
INFO: Run Behavior\ParseTemplateBehavior [ RunTime:0.032640s ]
INFO: [ view_parse ] --END-- [ RunTime:0.032932s ]
INFO: [ view_filter ] --START--
INFO: Run Behavior\WriteHtmlCacheBehavior [ RunTime:0.002221s ]
INFO: [ view_filter ] --END-- [ RunTime:0.002478s ]
INFO: [ app_end ] --START--
INFO: Run Behavior\ShowPageTraceBehavior [ RunTime:0.003208s ]
INFO: [ app_end ] --END-- [ RunTime:0.003460s ]

[ 2016-04-21T23:38:10+08:00 ] ::1 /boke/TP/index.php/Admin/Limits/role_save?id=3
INFO: [ app_init ] --START--
INFO: Run Behavior\BuildLiteBehavior [ RunTime:0.000061s ]
INFO: [ app_init ] --END-- [ RunTime:0.000785s ]
INFO: [ app_begin ] --START--
INFO: Run Behavior\ReadHtmlCacheBehavior [ RunTime:0.000762s ]
INFO: [ app_begin ] --END-- [ RunTime:0.000864s ]
SQL: SHOW COLUMNS FROM `book_role` [ RunTime:0.0098s ]
SQL: SELECT * FROM `book_role` WHERE ( role_id='3' )  [ RunTime:0.0009s ]
SQL: SHOW COLUMNS FROM `book_role_node` [ RunTime:0.0093s ]
SQL: SELECT `node_id` FROM `book_role_node` WHERE ( role_id='3' )  [ RunTime:0.0007s ]
SQL: SHOW COLUMNS FROM `book_node` [ RunTime:0.0124s ]
SQL: SELECT * FROM `book_node` WHERE ( pid=0 )  [ RunTime:0.0013s ]
NOTIC: [2] in_array() expects parameter 2 to be array, null given D:\WWW\boke\TP\Application\Admin\Controller\LimitsController.class.php 第 211 行.
SQL: SELECT * FROM `book_node` WHERE ( pid=2 )  [ RunTime:0.0008s ]
NOTIC: [2] in_array() expects parameter 2 to be array, null given D:\WWW\boke\TP\Application\Admin\Controller\LimitsController.class.php 第 222 行.
NOTIC: [2] in_array() expects parameter 2 to be array, null given D:\WWW\boke\TP\Application\Admin\Controller\LimitsController.class.php 第 222 行.
NOTIC: [2] in_array() expects parameter 2 to be array, null given D:\WWW\boke\TP\Application\Admin\Controller\LimitsController.class.php 第 211 行.
SQL: SELECT * FROM `book_node` WHERE ( pid=4 )  [ RunTime:0.0008s ]
NOTIC: [2] in_array() expects parameter 2 to be array, null given D:\WWW\boke\TP\Application\Admin\Controller\LimitsController.class.php 第 222 行.
NOTIC: [2] in_array() expects parameter 2 to be array, null given D:\WWW\boke\TP\Application\Admin\Controller\LimitsController.class.php 第 222 行.
NOTIC: [2] in_array() expects parameter 2 to be array, null given D:\WWW\boke\TP\Application\Admin\Controller\LimitsController.class.php 第 222 行.
NOTIC: [2] in_array() expects parameter 2 to be array, null given D:\WWW\boke\TP\Application\Admin\Controller\LimitsController.class.php 第 222 行.
NOTIC: [2] in_array() expects parameter 2 to be array, null given D:\WWW\boke\TP\Application\Admin\Controller\LimitsController.class.php 第 222 行.
NOTIC: [2] in_array() expects parameter 2 to be array, null given D:\WWW\boke\TP\Application\Admin\Controller\LimitsController.class.php 第 211 行.
SQL: SELECT * FROM `book_node` WHERE ( pid=14 )  [ RunTime:0.0007s ]
NOTIC: [2] in_array() expects parameter 2 to be array, null given D:\WWW\boke\TP\Application\Admin\Controller\LimitsController.class.php 第 222 行.
NOTIC: [2] in_array() expects parameter 2 to be array, null given D:\WWW\boke\TP\Application\Admin\Controller\LimitsController.class.php 第 222 行.
NOTIC: [2] in_array() expects parameter 2 to be array, null given D:\WWW\boke\TP\Application\Admin\Controller\LimitsController.class.php 第 222 行.
NOTIC: [2] in_array() expects parameter 2 to be array, null given D:\WWW\boke\TP\Application\Admin\Controller\LimitsController.class.php 第 211 行.
SQL: SELECT * FROM `book_node` WHERE ( pid=22 )  [ RunTime:0.0007s ]
NOTIC: [2] in_array() expects parameter 2 to be array, null given D:\WWW\boke\TP\Application\Admin\Controller\LimitsController.class.php 第 222 行.
NOTIC: [2] in_array() expects parameter 2 to be array, null given D:\WWW\boke\TP\Application\Admin\Controller\LimitsController.class.php 第 222 行.
NOTIC: [2] in_array() expects parameter 2 to be array, null given D:\WWW\boke\TP\Application\Admin\Controller\LimitsController.class.php 第 222 行.
NOTIC: [2] in_array() expects parameter 2 to be array, null given D:\WWW\boke\TP\Application\Admin\Controller\LimitsController.class.php 第 222 行.
NOTIC: [2] in_array() expects parameter 2 to be array, null given D:\WWW\boke\TP\Application\Admin\Controller\LimitsController.class.php 第 211 行.
SQL: SELECT * FROM `book_node` WHERE ( pid=27 )  [ RunTime:0.0007s ]
NOTIC: [2] in_array() expects parameter 2 to be array, null given D:\WWW\boke\TP\Application\Admin\Controller\LimitsController.class.php 第 222 行.
NOTIC: [2] in_array() expects parameter 2 to be array, null given D:\WWW\boke\TP\Application\Admin\Controller\LimitsController.class.php 第 211 行.
SQL: SELECT * FROM `book_node` WHERE ( pid=29 )  [ RunTime:0.0008s ]
NOTIC: [2] in_array() expects parameter 2 to be array, null given D:\WWW\boke\TP\Application\Admin\Controller\LimitsController.class.php 第 222 行.
NOTIC: [2] in_array() expects parameter 2 to be array, null given D:\WWW\boke\TP\Application\Admin\Controller\LimitsController.class.php 第 222 行.
NOTIC: [2] in_array() expects parameter 2 to be array, null given D:\WWW\boke\TP\Application\Admin\Controller\LimitsController.class.php 第 222 行.
NOTIC: [2] in_array() expects parameter 2 to be array, null given D:\WWW\boke\TP\Application\Admin\Controller\LimitsController.class.php 第 211 行.
SQL: SELECT * FROM `book_node` WHERE ( pid=33 )  [ RunTime:0.0012s ]
NOTIC: [2] in_array() expects parameter 2 to be array, null given D:\WWW\boke\TP\Application\Admin\Controller\LimitsController.class.php 第 222 行.
NOTIC: [2] in_array() expects parameter 2 to be array, null given D:\WWW\boke\TP\Application\Admin\Controller\LimitsController.class.php 第 222 行.
NOTIC: [2] in_array() expects parameter 2 to be array, null given D:\WWW\boke\TP\Application\Admin\Controller\LimitsController.class.php 第 211 行.
SQL: SELECT * FROM `book_node` WHERE ( pid=37 )  [ RunTime:0.0009s ]
NOTIC: [2] in_array() expects parameter 2 to be array, null given D:\WWW\boke\TP\Application\Admin\Controller\LimitsController.class.php 第 222 行.
NOTIC: [2] in_array() expects parameter 2 to be array, null given D:\WWW\boke\TP\Application\Admin\Controller\LimitsController.class.php 第 211 行.
SQL: SELECT * FROM `book_node` WHERE ( pid=39 )  [ RunTime:0.0007s ]
NOTIC: [2] in_array() expects parameter 2 to be array, null given D:\WWW\boke\TP\Application\Admin\Controller\LimitsController.class.php 第 222 行.
NOTIC: [2] in_array() expects parameter 2 to be array, null given D:\WWW\boke\TP\Application\Admin\Controller\LimitsController.class.php 第 222 行.
INFO: [ view_parse ] --START--
INFO: [ template_filter ] --START--
INFO: Run Behavior\ContentReplaceBehavior [ RunTime:0.000341s ]
INFO: [ template_filter ] --END-- [ RunTime:0.000621s ]
NOTIC: [8] Undefined index: p D:\WWW\boke\TP\Application\Runtime\Cache\Admin\8ca2d8541fc13afabfa24b967fc8caf9.php 第 95 行.
NOTIC: [8] Undefined index: p D:\WWW\boke\TP\Application\Runtime\Cache\Admin\8ca2d8541fc13afabfa24b967fc8caf9.php 第 97 行.
NOTIC: [8] Undefined index: p D:\WWW\boke\TP\Application\Runtime\Cache\Admin\8ca2d8541fc13afabfa24b967fc8caf9.php 第 97 行.
NOTIC: [8] Undefined index: p D:\WWW\boke\TP\Application\Runtime\Cache\Admin\8ca2d8541fc13afabfa24b967fc8caf9.php 第 95 行.
NOTIC: [8] Undefined index: p D:\WWW\boke\TP\Application\Runtime\Cache\Admin\8ca2d8541fc13afabfa24b967fc8caf9.php 第 97 行.
NOTIC: [8] Undefined index: p D:\WWW\boke\TP\Application\Runtime\Cache\Admin\8ca2d8541fc13afabfa24b967fc8caf9.php 第 97 行.
NOTIC: [8] Undefined index: p D:\WWW\boke\TP\Application\Runtime\Cache\Admin\8ca2d8541fc13afabfa24b967fc8caf9.php 第 97 行.
NOTIC: [8] Undefined index: p D:\WWW\boke\TP\Application\Runtime\Cache\Admin\8ca2d8541fc13afabfa24b967fc8caf9.php 第 97 行.
NOTIC: [8] Undefined index: p D:\WWW\boke\TP\Application\Runtime\Cache\Admin\8ca2d8541fc13afabfa24b967fc8caf9.php 第 97 行.
NOTIC: [8] Undefined index: p D:\WWW\boke\TP\Application\Runtime\Cache\Admin\8ca2d8541fc13afabfa24b967fc8caf9.php 第 95 行.
NOTIC: [8] Undefined index: p D:\WWW\boke\TP\Application\Runtime\Cache\Admin\8ca2d8541fc13afabfa24b967fc8caf9.php 第 97 行.
NOTIC: [8] Undefined index: p D:\WWW\boke\TP\Application\Runtime\Cache\Admin\8ca2d8541fc13afabfa24b967fc8caf9.php 第 97 行.
NOTIC: [8] Undefined index: p D:\WWW\boke\TP\Application\Runtime\Cache\Admin\8ca2d8541fc13afabfa24b967fc8caf9.php 第 97 行.
NOTIC: [8] Undefined index: p D:\WWW\boke\TP\Application\Runtime\Cache\Admin\8ca2d8541fc13afabfa24b967fc8caf9.php 第 95 行.
NOTIC: [8] Undefined index: p D:\WWW\boke\TP\Application\Runtime\Cache\Admin\8ca2d8541fc13afabfa24b967fc8caf9.php 第 97 行.
NOTIC: [8] Undefined index: p D:\WWW\boke\TP\Application\Runtime\Cache\Admin\8ca2d8541fc13afabfa24b967fc8caf9.php 第 97 行.
NOTIC: [8] Undefined index: p D:\WWW\boke\TP\Application\Runtime\Cache\Admin\8ca2d8541fc13afabfa24b967fc8caf9.php 第 97 行.
NOTIC: [8] Undefined index: p D:\WWW\boke\TP\Application\Runtime\Cache\Admin\8ca2d8541fc13afabfa24b967fc8caf9.php 第 97 行.
NOTIC: [8] Undefined index: p D:\WWW\boke\TP\Application\Runtime\Cache\Admin\8ca2d8541fc13afabfa24b967fc8caf9.php 第 95 行.
NOTIC: [8] Undefined index: p D:\WWW\boke\TP\Application\Runtime\Cache\Admin\8ca2d8541fc13afabfa24b967fc8caf9.php 第 97 行.
NOTIC: [8] Undefined index: p D:\WWW\boke\TP\Application\Runtime\Cache\Admin\8ca2d8541fc13afabfa24b967fc8caf9.php 第 95 行.
NOTIC: [8] Undefined index: p D:\WWW\boke\TP\Application\Runtime\Cache\Admin\8ca2d8541fc13afabfa24b967fc8caf9.php 第 97 行.
NOTIC: [8] Undefined index: p D:\WWW\boke\TP\Application\Runtime\Cache\Admin\8ca2d8541fc13afabfa24b967fc8caf9.php 第 97 行.
NOTIC: [8] Undefined index: p D:\WWW\boke\TP\Application\Runtime\Cache\Admin\8ca2d8541fc13afabfa24b967fc8caf9.php 第 97 行.
NOTIC: [8] Undefined index: p D:\WWW\boke\TP\Application\Runtime\Cache\Admin\8ca2d8541fc13afabfa24b967fc8caf9.php 第 95 行.
NOTIC: [8] Undefined index: p D:\WWW\boke\TP\Application\Runtime\Cache\Admin\8ca2d8541fc13afabfa24b967fc8caf9.php 第 97 行.
NOTIC: [8] Undefined index: p D:\WWW\boke\TP\Application\Runtime\Cache\Admin\8ca2d8541fc13afabfa24b967fc8caf9.php 第 97 行.
NOTIC: [8] Undefined index: p D:\WWW\boke\TP\Application\Runtime\Cache\Admin\8ca2d8541fc13afabfa24b967fc8caf9.php 第 95 行.
NOTIC: [8] Undefined index: p D:\WWW\boke\TP\Application\Runtime\Cache\Admin\8ca2d8541fc13afabfa24b967fc8caf9.php 第 97 行.
NOTIC: [8] Undefined index: p D:\WWW\boke\TP\Application\Runtime\Cache\Admin\8ca2d8541fc13afabfa24b967fc8caf9.php 第 95 行.
NOTIC: [8] Undefined index: p D:\WWW\boke\TP\Application\Runtime\Cache\Admin\8ca2d8541fc13afabfa24b967fc8caf9.php 第 97 行.
NOTIC: [8] Undefined index: p D:\WWW\boke\TP\Application\Runtime\Cache\Admin\8ca2d8541fc13afabfa24b967fc8caf9.php 第 97 行.
INFO: Run Behavior\ParseTemplateBehavior [ RunTime:0.040386s ]
INFO: [ view_parse ] --END-- [ RunTime:0.040629s ]
INFO: [ view_filter ] --START--
INFO: Run Behavior\WriteHtmlCacheBehavior [ RunTime:0.001669s ]
INFO: [ view_filter ] --END-- [ RunTime:0.001935s ]
INFO: [ app_end ] --START--
INFO: Run Behavior\ShowPageTraceBehavior [ RunTime:0.004460s ]
INFO: [ app_end ] --END-- [ RunTime:0.004712s ]

